【登录信息】
*a5b5d04878ef92ec9f2a1ae7db2d2ac6*
`登陆天数: 2天 / 1554天
等级: 132
石头: 324
呼符: 179
体力: 3431.3366666666666 / 138
友情点: 0 / 1325075`
_2024-08-21 08:13:08_
--------
*84683aca936deeb3fefd61a5c117e55b*
`登陆天数: 2天 / 1532天
等级: 130
石头: 1300
呼符: 111
体力: 2711.6633333333334 / 138
友情点: 0 / 1241730`
_2024-08-21 08:13:16_
--------
*6874c97317f44aa8712f2c0c77d4d218*
`登陆天数: 19天 / 1072天
等级: 140
石头: 388
呼符: 59
体力: 386.87333333333333 / 140
友情点: 100 / 367870`
_2024-08-21 08:13:24_
--------
*faad26f616d836768e468e29b71bc2aa*
`登陆天数: 2天 / 1503天
等级: 130
石头: 1484
呼符: 101
体力: 4912.65 / 138
友情点: 0 / 1246050`
_2024-08-21 08:13:32_
--------
*35fbc6cbbb563a0d5605fd0d482ec707*
`登陆天数: 3天 / 1599天
等级: 132
石头: 3969
呼符: 164
体力: 558.6433333333333 / 138
友情点: 0 / 306670`
_2024-08-21 08:13:40_
--------
*823ed9cd51e0b8500cc709c9db83a2f5*
`登陆天数: 2天 / 1493天
等级: 130
石头: 1243
呼符: 85
体力: 7010.503333333333 / 138
友情点: 0 / 1238430`
_2024-08-21 08:13:48_
--------
*aa68f2ee631b12e5f4263cccbc2b4f84*
`登陆天数: 2天 / 1285天
等级: 128
石头: 1578
呼符: 27
体力: 49324.13 / 137
友情点: 0 / 1228570`
_2024-08-21 08:13:56_
--------
*a7ec86a94fed6ee5bc40b5a5f31603ad*
`登陆天数: 2天 / 1505天
等级: 130
石头: 1945
呼符: 95
体力: 17397.12 / 138
友情点: 0 / 1243535`
_2024-08-21 08:14:04_
--------
*bbf383f98d451f7ee9a8fe3ea80d8581*
`登陆天数: 1天 / 1259天
等级: 130
石头: 418
呼符: 109
体力: 3328.4866666666667 / 138
友情点: 0 / 1134650`
_2024-08-21 08:14:12_
--------
*6952ab84039f401d88fdace3995567c3*
`登陆天数: 43天 / 1610天
等级: 128
石头: 4738
呼符: 151
体力: 12269.72 / 137
友情点: 0 / 1296505`
_2024-08-21 08:14:20_
--------
*f4190598ed5a11b432712f1a3492fc95*
`登陆天数: 43天 / 1596天
等级: 129
石头: 4725
呼符: 151
体力: 51.66 / 138
友情点: 0 / 1293915`
_2024-08-21 08:14:28_
--------
*8499833a8d0db047b863753fa1cc6a33*
`登陆天数: 17天 / 1673天
等级: 129
石头: 4167
呼符: 19
体力: 13893.443333333333 / 138
友情点: 0 / 1392070`
_2024-08-21 08:14:35_
--------
