【登录信息】
*a5b5d04878ef92ec9f2a1ae7db2d2ac6*
`登陆天数: 3天 / 1555天
等级: 132
石头: 324
呼符: 179
体力: 3568.306666666667 / 138
友情点: 0 / 1325075`
*連続ログイン3日目
※ログインが途切れるか、7日到達すると
1日目から再開されます*
`叡智の業火 X 1
8月交換券(2024) X 1
`*ＢＢプレゼンツ☆セレブサマー・エクスペリエンス！ 開幕記念 ログインボーナス*
*開催期間中、1日1回 最大78回 ログインボーナスをプレゼント！*
`白銀の果実 X 1
`_2024-08-21 19:37:58_
--------
*84683aca936deeb3fefd61a5c117e55b*
`登陆天数: 3天 / 1533天
等级: 130
石头: 1300
呼符: 111
体力: 2848.633333333333 / 138
友情点: 0 / 1241730`
*連続ログイン3日目
※ログインが途切れるか、7日到達すると
1日目から再開されます*
`叡智の業火 X 1
8月交換券(2024) X 1
`*ＢＢプレゼンツ☆セレブサマー・エクスペリエンス！ 開幕記念 ログインボーナス*
*開催期間中、1日1回 最大78回 ログインボーナスをプレゼント！*
`白銀の果実 X 1
`_2024-08-21 19:38:06_
--------
*6874c97317f44aa8712f2c0c77d4d218*
`登陆天数: 20天 / 1073天
等级: 140
石头: 388
呼符: 59
体力: 88.37333333333333 / 140
友情点: 0 / 367955`
*連続ログイン6日目
※ログインが途切れるか、7日到達すると
1日目から再開されます*
`聖晶石 X 2
8月交換券(2024) X 1
`*ＢＢプレゼンツ☆セレブサマー・エクスペリエンス！ 開幕記念 ログインボーナス*
*開催期間中、1日1回 最大78回 ログインボーナスをプレゼント！*
`黄金の果実 X 1
`_2024-08-21 19:38:15_
--------
*faad26f616d836768e468e29b71bc2aa*
`登陆天数: 3天 / 1504天
等级: 130
石头: 1484
呼符: 101
体力: 5049.623333333333 / 138
友情点: 0 / 1246050`
*連続ログイン3日目
※ログインが途切れるか、7日到達すると
1日目から再開されます*
`叡智の業火 X 1
8月交換券(2024) X 1
`*ＢＢプレゼンツ☆セレブサマー・エクスペリエンス！ 開幕記念 ログインボーナス*
*開催期間中、1日1回 最大78回 ログインボーナスをプレゼント！*
`白銀の果実 X 1
`_2024-08-21 19:38:23_
--------
*35fbc6cbbb563a0d5605fd0d482ec707*
`登陆天数: 4天 / 1600天
等级: 132
石头: 3970
呼符: 164
体力: 180.29666666666668 / 138
友情点: 0 / 306900`
*連続ログイン4日目
※ログインが途切れるか、7日到達すると
1日目から再開されます*
`聖晶石 X 1
8月交換券(2024) X 1
`*ＢＢプレゼンツ☆セレブサマー・エクスペリエンス！ 開幕記念 ログインボーナス*
*開催期間中、1日1回 最大78回 ログインボーナスをプレゼント！*
`黄金の果実 X 1
`_2024-08-21 19:38:32_
--------
*823ed9cd51e0b8500cc709c9db83a2f5*
`登陆天数: 3天 / 1494天
等级: 130
石头: 1243
呼符: 85
体力: 7147.4766666666665 / 138
友情点: 0 / 1238430`
*連続ログイン3日目
※ログインが途切れるか、7日到達すると
1日目から再開されます*
`叡智の業火 X 1
8月交換券(2024) X 1
`*ＢＢプレゼンツ☆セレブサマー・エクスペリエンス！ 開幕記念 ログインボーナス*
*開催期間中、1日1回 最大78回 ログインボーナスをプレゼント！*
`白銀の果実 X 1
`_2024-08-21 19:38:40_
--------
*aa68f2ee631b12e5f4263cccbc2b4f84*
`登陆天数: 3天 / 1286天
等级: 128
石头: 1578
呼符: 27
体力: 49461.10333333333 / 137
友情点: 0 / 1228570`
*連続ログイン3日目
※ログインが途切れるか、7日到達すると
1日目から再開されます*
`叡智の業火 X 1
8月交換券(2024) X 1
`*ＢＢプレゼンツ☆セレブサマー・エクスペリエンス！ 開幕記念 ログインボーナス*
*開催期間中、1日1回 最大78回 ログインボーナスをプレゼント！*
`白銀の果実 X 1
`_2024-08-21 19:38:48_
--------
*a7ec86a94fed6ee5bc40b5a5f31603ad*
`登陆天数: 3天 / 1506天
等级: 130
石头: 1945
呼符: 95
体力: 17534.096666666668 / 138
友情点: 0 / 1243535`
*連続ログイン3日目
※ログインが途切れるか、7日到達すると
1日目から再開されます*
`叡智の業火 X 1
8月交換券(2024) X 1
`*ＢＢプレゼンツ☆セレブサマー・エクスペリエンス！ 開幕記念 ログインボーナス*
*開催期間中、1日1回 最大78回 ログインボーナスをプレゼント！*
`白銀の果実 X 1
`_2024-08-21 19:38:57_
--------
*bbf383f98d451f7ee9a8fe3ea80d8581*
`登陆天数: 2天 / 1260天
等级: 130
石头: 418
呼符: 109
体力: 3465.4666666666667 / 138
友情点: 0 / 1134650`
*連続ログイン2日目
※ログインが途切れるか、7日到達すると
1日目から再開されます*
`聖晶石 X 1
8月交換券(2024) X 1
`*ＢＢプレゼンツ☆セレブサマー・エクスペリエンス！ 開幕記念 ログインボーナス*
*開催期間中、1日1回 最大78回 ログインボーナスをプレゼント！*
`白銀の果実 X 1
`_2024-08-21 19:39:06_
--------
*6952ab84039f401d88fdace3995567c3*
`登陆天数: 44天 / 1611天
等级: 128
石头: 4738
呼符: 151
体力: 12406.7 / 137
友情点: 0 / 1296505`
*連続ログイン2日目
※ログインが途切れるか、7日到達すると
1日目から再開されます*
`聖晶石 X 1
8月交換券(2024) X 1
`*ＢＢプレゼンツ☆セレブサマー・エクスペリエンス！ 開幕記念 ログインボーナス*
*開催期間中、1日1回 最大78回 ログインボーナスをプレゼント！*
`白銀の果実 X 1
`_2024-08-21 19:39:14_
--------
*f4190598ed5a11b432712f1a3492fc95*
`登陆天数: 44天 / 1597天
等级: 129
石头: 4725
呼符: 151
体力: 188.64333333333332 / 138
友情点: 0 / 1293915`
*連続ログイン2日目
※ログインが途切れるか、7日到達すると
1日目から再開されます*
`聖晶石 X 1
8月交換券(2024) X 1
`*ＢＢプレゼンツ☆セレブサマー・エクスペリエンス！ 開幕記念 ログインボーナス*
*開催期間中、1日1回 最大78回 ログインボーナスをプレゼント！*
`白銀の果実 X 1
`_2024-08-21 19:39:22_
--------
*8499833a8d0db047b863753fa1cc6a33*
`登陆天数: 18天 / 1674天
等级: 129
石头: 4167
呼符: 19
体力: 14030.426666666666 / 138
友情点: 0 / 1392070`
*連続ログイン4日目
※ログインが途切れるか、7日到達すると
1日目から再開されます*
`聖晶石 X 1
8月交換券(2024) X 1
`*ＢＢプレゼンツ☆セレブサマー・エクスペリエンス！ 開幕記念 ログインボーナス*
*開催期間中、1日1回 最大78回 ログインボーナスをプレゼント！*
`白銀の果実 X 1
`_2024-08-21 19:39:30_
--------
