【登录信息】
*a5b5d04878ef92ec9f2a1ae7db2d2ac6*
`登陆天数: 4天 / 1556天
等级: 132
石头: 324
呼符: 179
体力: 3856.6366666666668 / 138
友情点: 0 / 1325075`
*連続ログイン4日目
※ログインが途切れるか、7日到達すると
1日目から再開されます*
`聖晶石 X 1
8月交換券(2024) X 1
`*ＢＢプレゼンツ☆セレブサマー・エクスペリエンス！ 開幕記念 ログインボーナス*
*開催期間中、1日1回 最大78回 ログインボーナスをプレゼント！*
`黄金の果実 X 1
`_2024-08-22 19:39:37_
--------
*84683aca936deeb3fefd61a5c117e55b*
`登陆天数: 4天 / 1534天
等级: 130
石头: 1300
呼符: 111
体力: 3136.963333333333 / 138
友情点: 0 / 1241730`
*連続ログイン4日目
※ログインが途切れるか、7日到達すると
1日目から再開されます*
`聖晶石 X 1
8月交換券(2024) X 1
`*ＢＢプレゼンツ☆セレブサマー・エクスペリエンス！ 開幕記念 ログインボーナス*
*開催期間中、1日1回 最大78回 ログインボーナスをプレゼント！*
`白銀の果実 X 1
`_2024-08-22 19:39:45_
--------
*6874c97317f44aa8712f2c0c77d4d218*
`登陆天数: 21天 / 1074天
等级: 140
石头: 393
呼符: 59
体力: 85.05333333333334 / 140
友情点: 0 / 368115`
*連続ログイン7日間到達おめでとうございます！
明日は1日目からリスタートされます。*
`獣の足跡 X 1
呼符 X 1
8月交換券(2024) X 1
`*ＢＢプレゼンツ☆セレブサマー・エクスペリエンス！ 開幕記念 ログインボーナス*
*開催期間中、1日1回 最大78回 ログインボーナスをプレゼント！*
`白銀の果実 X 1
`_2024-08-22 19:39:53_
--------
*35fbc6cbbb563a0d5605fd0d482ec707*
`登陆天数: 5天 / 1601天
等级: 132
石头: 4004
呼符: 164
体力: 108.56666666666666 / 138
友情点: 0 / 307045`
*連続ログイン5日目
※ログインが途切れるか、7日到達すると
1日目から再開されます*
`叡智の業火 X 2
8月交換券(2024) X 1
`*ＢＢプレゼンツ☆セレブサマー・エクスペリエンス！ 開幕記念 ログインボーナス*
*開催期間中、1日1回 最大78回 ログインボーナスをプレゼント！*
`白銀の果実 X 1
`_2024-08-22 19:40:01_
--------
*823ed9cd51e0b8500cc709c9db83a2f5*
`登陆天数: 4天 / 1495天
等级: 130
石头: 1243
呼符: 85
体力: 7435.7733333333335 / 138
友情点: 0 / 1238430`
*連続ログイン4日目
※ログインが途切れるか、7日到達すると
1日目から再開されます*
`聖晶石 X 1
8月交換券(2024) X 1
`*ＢＢプレゼンツ☆セレブサマー・エクスペリエンス！ 開幕記念 ログインボーナス*
*開催期間中、1日1回 最大78回 ログインボーナスをプレゼント！*
`白銀の果実 X 1
`_2024-08-22 19:40:09_
--------
*aa68f2ee631b12e5f4263cccbc2b4f84*
`登陆天数: 4天 / 1287天
等级: 128
石头: 1578
呼符: 27
体力: 49749.4 / 137
友情点: 0 / 1228570`
*連続ログイン4日目
※ログインが途切れるか、7日到達すると
1日目から再開されます*
`聖晶石 X 1
8月交換券(2024) X 1
`*ＢＢプレゼンツ☆セレブサマー・エクスペリエンス！ 開幕記念 ログインボーナス*
*開催期間中、1日1回 最大78回 ログインボーナスをプレゼント！*
`白銀の果実 X 1
`_2024-08-22 19:40:17_
--------
*a7ec86a94fed6ee5bc40b5a5f31603ad*
`登陆天数: 4天 / 1507天
等级: 130
石头: 1945
呼符: 95
体力: 17822.39 / 138
友情点: 0 / 1243535`
*連続ログイン4日目
※ログインが途切れるか、7日到達すると
1日目から再開されます*
`聖晶石 X 1
8月交換券(2024) X 1
`*ＢＢプレゼンツ☆セレブサマー・エクスペリエンス！ 開幕記念 ログインボーナス*
*開催期間中、1日1回 最大78回 ログインボーナスをプレゼント！*
`白銀の果実 X 1
`_2024-08-22 19:40:25_
--------
*bbf383f98d451f7ee9a8fe3ea80d8581*
`登陆天数: 3天 / 1261天
等级: 130
石头: 418
呼符: 109
体力: 3753.76 / 138
友情点: 0 / 1134650`
*連続ログイン3日目
※ログインが途切れるか、7日到達すると
1日目から再開されます*
`叡智の業火 X 1
8月交換券(2024) X 1
`*ＢＢプレゼンツ☆セレブサマー・エクスペリエンス！ 開幕記念 ログインボーナス*
*開催期間中、1日1回 最大78回 ログインボーナスをプレゼント！*
`白銀の果実 X 1
`_2024-08-22 19:40:34_
--------
*6952ab84039f401d88fdace3995567c3*
`登陆天数: 45天 / 1612天
等级: 128
石头: 4738
呼符: 151
体力: 12694.993333333334 / 137
友情点: 0 / 1296505`
*連続ログイン3日目
※ログインが途切れるか、7日到達すると
1日目から再開されます*
`叡智の業火 X 1
8月交換券(2024) X 1
`*ＢＢプレゼンツ☆セレブサマー・エクスペリエンス！ 開幕記念 ログインボーナス*
*開催期間中、1日1回 最大78回 ログインボーナスをプレゼント！*
`白銀の果実 X 1
`_2024-08-22 19:40:42_
--------
*f4190598ed5a11b432712f1a3492fc95*
`登陆天数: 45天 / 1598天
等级: 129
石头: 4725
呼符: 151
体力: 476.93666666666667 / 138
友情点: 0 / 1293915`
*連続ログイン3日目
※ログインが途切れるか、7日到達すると
1日目から再開されます*
`叡智の業火 X 1
8月交換券(2024) X 1
`*ＢＢプレゼンツ☆セレブサマー・エクスペリエンス！ 開幕記念 ログインボーナス*
*開催期間中、1日1回 最大78回 ログインボーナスをプレゼント！*
`白銀の果実 X 1
`_2024-08-22 19:40:50_
--------
*8499833a8d0db047b863753fa1cc6a33*
`登陆天数: 19天 / 1675天
等级: 129
石头: 4167
呼符: 19
体力: 14318.72 / 138
友情点: 0 / 1392070`
*連続ログイン5日目
※ログインが途切れるか、7日到達すると
1日目から再開されます*
`叡智の業火 X 2
8月交換券(2024) X 1
`*ＢＢプレゼンツ☆セレブサマー・エクスペリエンス！ 開幕記念 ログインボーナス*
*開催期間中、1日1回 最大78回 ログインボーナスをプレゼント！*
`白銀の果実 X 1
`_2024-08-22 19:40:58_
--------
*c8249ad552514fb0368836ab2b047039*
`登陆天数: 2天 / 1212天
等级: 141
石头: 69
呼符: 12
体力: 142.47333333333333 / 140
友情点: 150 / 51471050`
*連続ログイン2日目
※ログインが途切れるか、7日到達すると
1日目から再開されます*
`聖晶石 X 1
8月交換券(2024) X 1
`*ＢＢプレゼンツ☆セレブサマー・エクスペリエンス！ 開幕記念 ログインボーナス*
*開催期間中、1日1回 最大78回 ログインボーナスをプレゼント！*
`白銀の果実 X 1
`_2024-08-22 19:41:07_
--------
*e01aa16bffb0c37d734c26ca264473d5*
`登陆天数: 5天 / 1316天
等级: 130
石头: 2307
呼符: 178
体力: 739.3 / 138
友情点: 0 / 1271310`
*連続ログイン5日目
※ログインが途切れるか、7日到達すると
1日目から再開されます*
`叡智の業火 X 2
8月交換券(2024) X 1
`*ＢＢプレゼンツ☆セレブサマー・エクスペリエンス！ 開幕記念 ログインボーナス*
*開催期間中、1日1回 最大78回 ログインボーナスをプレゼント！*
`白銀の果実 X 1
`_2024-08-22 19:41:15_
--------
