【登录信息】
*a5b5d04878ef92ec9f2a1ae7db2d2ac6*
`登陆天数: 5天 / 1557天
等级: 132
石头: 324
呼符: 179
体力: 4144.556666666667 / 138
友情点: 0 / 1325075`
*連続ログイン5日目
※ログインが途切れるか、7日到達すると
1日目から再開されます*
`叡智の業火 X 2
8月交換券(2024) X 1
`*ＢＢプレゼンツ☆セレブサマー・エクスペリエンス！ 開幕記念 ログインボーナス*
*開催期間中、1日1回 最大78回 ログインボーナスをプレゼント！*
`白銀の果実 X 1
`_2024-08-23 19:39:13_
--------
*84683aca936deeb3fefd61a5c117e55b*
`登陆天数: 5天 / 1535天
等级: 130
石头: 1300
呼符: 111
体力: 3424.8866666666668 / 138
友情点: 0 / 1241730`
*連続ログイン5日目
※ログインが途切れるか、7日到達すると
1日目から再開されます*
`叡智の業火 X 2
8月交換券(2024) X 1
`*ＢＢプレゼンツ☆セレブサマー・エクスペリエンス！ 開幕記念 ログインボーナス*
*開催期間中、1日1回 最大78回 ログインボーナスをプレゼント！*
`白銀の果実 X 1
`_2024-08-23 19:39:22_
--------
*6874c97317f44aa8712f2c0c77d4d218*
`登陆天数: 22天 / 1075天
等级: 140
石头: 401
呼符: 62
体力: 79.56666666666666 / 140
友情点: 0 / 369270`
*連続ログイン1日目
※ログインが途切れるか、7日到達すると
1日目から再開されます*
`フレンドポイント X 2000
8月交換券(2024) X 1
`*ＢＢプレゼンツ☆セレブサマー・エクスペリエンス！ 開幕記念 ログインボーナス*
*開催期間中、1日1回 最大78回 ログインボーナスをプレゼント！*
`白銀の果実 X 1
`_2024-08-23 19:39:30_
--------
*35fbc6cbbb563a0d5605fd0d482ec707*
`登陆天数: 6天 / 1602天
等级: 132
石头: 4004
呼符: 164
体力: 396.49 / 138
友情点: 0 / 307045`
*連続ログイン6日目
※ログインが途切れるか、7日到達すると
1日目から再開されます*
`聖晶石 X 2
8月交換券(2024) X 1
`*ＢＢプレゼンツ☆セレブサマー・エクスペリエンス！ 開幕記念 ログインボーナス*
*開催期間中、1日1回 最大78回 ログインボーナスをプレゼント！*
`白銀の果実 X 1
`_2024-08-23 19:39:38_
--------
*823ed9cd51e0b8500cc709c9db83a2f5*
`登陆天数: 5天 / 1496天
等级: 130
石头: 1243
呼符: 85
体力: 7723.696666666667 / 138
友情点: 0 / 1238430`
*連続ログイン5日目
※ログインが途切れるか、7日到達すると
1日目から再開されます*
`叡智の業火 X 2
8月交換券(2024) X 1
`*ＢＢプレゼンツ☆セレブサマー・エクスペリエンス！ 開幕記念 ログインボーナス*
*開催期間中、1日1回 最大78回 ログインボーナスをプレゼント！*
`黄金の果実 X 1
`_2024-08-23 19:39:46_
--------
*aa68f2ee631b12e5f4263cccbc2b4f84*
`登陆天数: 5天 / 1288天
等级: 128
石头: 1578
呼符: 27
体力: 50037.323333333334 / 137
友情点: 0 / 1228570`
*連続ログイン5日目
※ログインが途切れるか、7日到達すると
1日目から再開されます*
`叡智の業火 X 2
8月交換券(2024) X 1
`*ＢＢプレゼンツ☆セレブサマー・エクスペリエンス！ 開幕記念 ログインボーナス*
*開催期間中、1日1回 最大78回 ログインボーナスをプレゼント！*
`黄金の果実 X 1
`_2024-08-23 19:39:54_
--------
*a7ec86a94fed6ee5bc40b5a5f31603ad*
`登陆天数: 5天 / 1508天
等级: 130
石头: 1945
呼符: 95
体力: 18110.316666666666 / 138
友情点: 0 / 1243535`
*連続ログイン5日目
※ログインが途切れるか、7日到達すると
1日目から再開されます*
`叡智の業火 X 2
8月交換券(2024) X 1
`*ＢＢプレゼンツ☆セレブサマー・エクスペリエンス！ 開幕記念 ログインボーナス*
*開催期間中、1日1回 最大78回 ログインボーナスをプレゼント！*
`黄金の果実 X 1
`_2024-08-23 19:40:03_
--------
*bbf383f98d451f7ee9a8fe3ea80d8581*
`登陆天数: 4天 / 1262天
等级: 130
石头: 418
呼符: 109
体力: 4041.6833333333334 / 138
友情点: 0 / 1134650`
*連続ログイン4日目
※ログインが途切れるか、7日到達すると
1日目から再開されます*
`聖晶石 X 1
8月交換券(2024) X 1
`*ＢＢプレゼンツ☆セレブサマー・エクスペリエンス！ 開幕記念 ログインボーナス*
*開催期間中、1日1回 最大78回 ログインボーナスをプレゼント！*
`白銀の果実 X 1
`_2024-08-23 19:40:11_
--------
*6952ab84039f401d88fdace3995567c3*
`登陆天数: 46天 / 1613天
等级: 128
石头: 4738
呼符: 151
体力: 12982.916666666666 / 137
友情点: 0 / 1296505`
*連続ログイン4日目
※ログインが途切れるか、7日到達すると
1日目から再開されます*
`聖晶石 X 1
8月交換券(2024) X 1
`*ＢＢプレゼンツ☆セレブサマー・エクスペリエンス！ 開幕記念 ログインボーナス*
*開催期間中、1日1回 最大78回 ログインボーナスをプレゼント！*
`白銀の果実 X 1
`_2024-08-23 19:40:19_
--------
*f4190598ed5a11b432712f1a3492fc95*
`登陆天数: 46天 / 1599天
等级: 129
石头: 4725
呼符: 151
体力: 764.86 / 138
友情点: 0 / 1293915`
*連続ログイン4日目
※ログインが途切れるか、7日到達すると
1日目から再開されます*
`聖晶石 X 1
8月交換券(2024) X 1
`*ＢＢプレゼンツ☆セレブサマー・エクスペリエンス！ 開幕記念 ログインボーナス*
*開催期間中、1日1回 最大78回 ログインボーナスをプレゼント！*
`白銀の果実 X 1
`_2024-08-23 19:40:28_
--------
*8499833a8d0db047b863753fa1cc6a33*
`登陆天数: 20天 / 1676天
等级: 129
石头: 4167
呼符: 19
体力: 14606.643333333333 / 138
友情点: 0 / 1392070`
*連続ログイン6日目
※ログインが途切れるか、7日到達すると
1日目から再開されます*
`聖晶石 X 2
8月交換券(2024) X 1
`*ＢＢプレゼンツ☆セレブサマー・エクスペリエンス！ 開幕記念 ログインボーナス*
*開催期間中、1日1回 最大78回 ログインボーナスをプレゼント！*
`白銀の果実 X 1
`_2024-08-23 19:40:35_
--------
*c8249ad552514fb0368836ab2b047039*
`登陆天数: 3天 / 1213天
等级: 141
石头: 69
呼符: 12
体力: 430.4 / 140
友情点: 125 / 51471175`
*連続ログイン3日目
※ログインが途切れるか、7日到達すると
1日目から再開されます*
`叡智の業火 X 1
8月交換券(2024) X 1
`*ＢＢプレゼンツ☆セレブサマー・エクスペリエンス！ 開幕記念 ログインボーナス*
*開催期間中、1日1回 最大78回 ログインボーナスをプレゼント！*
`白銀の果実 X 1
`_2024-08-23 19:40:44_
--------
*e01aa16bffb0c37d734c26ca264473d5*
`登陆天数: 6天 / 1317天
等级: 130
石头: 2307
呼符: 178
体力: 1027.2233333333334 / 138
友情点: 0 / 1271310`
*連続ログイン6日目
※ログインが途切れるか、7日到達すると
1日目から再開されます*
`聖晶石 X 2
8月交換券(2024) X 1
`*ＢＢプレゼンツ☆セレブサマー・エクスペリエンス！ 開幕記念 ログインボーナス*
*開催期間中、1日1回 最大78回 ログインボーナスをプレゼント！*
`黄金の果実 X 1
`_2024-08-23 19:40:52_
--------
