【登录信息】
*a5b5d04878ef92ec9f2a1ae7db2d2ac6*
`登陆天数: 6天 / 1558天
等级: 132
石头: 328
呼符: 179
体力: 4675.346666666666 / 138
友情点: 0 / 1325075`
_2024-08-25 15:53:10_
--------
*84683aca936deeb3fefd61a5c117e55b*
`登陆天数: 6天 / 1536天
等级: 130
石头: 1304
呼符: 111
体力: 3955.673333333333 / 138
友情点: 0 / 1241730`
_2024-08-25 15:53:18_
--------
*6874c97317f44aa8712f2c0c77d4d218*
`登陆天数: 23天 / 1076天
等级: 140
石头: 402
呼符: 62
体力: 117.4 / 140
友情点: 0 / 372255`
_2024-08-25 15:53:26_
--------
*35fbc6cbbb563a0d5605fd0d482ec707*
`登陆天数: 7天 / 1603天
等级: 132
石头: 4006
呼符: 165
体力: 54.876666666666665 / 138
友情点: 0 / 307430`
_2024-08-25 15:53:34_
--------
*823ed9cd51e0b8500cc709c9db83a2f5*
`登陆天数: 6天 / 1497天
等级: 130
石头: 1247
呼符: 85
体力: 8254.483333333334 / 138
友情点: 0 / 1240430`
_2024-08-25 15:53:42_
--------
*aa68f2ee631b12e5f4263cccbc2b4f84*
`登陆天数: 6天 / 1289天
等级: 128
石头: 1578
呼符: 27
体力: 50568.11 / 137
友情点: 0 / 1228570`
_2024-08-25 15:53:50_
--------
*a7ec86a94fed6ee5bc40b5a5f31603ad*
`登陆天数: 6天 / 1509天
等级: 130
石头: 1949
呼符: 95
体力: 18641.1 / 138
友情点: 0 / 1243535`
_2024-08-25 15:53:59_
--------
*bbf383f98d451f7ee9a8fe3ea80d8581*
`登陆天数: 5天 / 1263天
等级: 130
石头: 418
呼符: 109
体力: 4572.466666666666 / 138
友情点: 0 / 1134650`
_2024-08-25 15:54:07_
--------
*6952ab84039f401d88fdace3995567c3*
`登陆天数: 47天 / 1614天
等级: 128
石头: 4740
呼符: 151
体力: 13513.7 / 137
友情点: 0 / 1296505`
_2024-08-25 15:54:15_
--------
*f4190598ed5a11b432712f1a3492fc95*
`登陆天数: 47天 / 1600天
等级: 129
石头: 4725
呼符: 151
体力: 1295.6433333333334 / 138
友情点: 0 / 1293915`
_2024-08-25 15:54:23_
--------
*8499833a8d0db047b863753fa1cc6a33*
`登陆天数: 21天 / 1677天
等级: 129
石头: 4167
呼符: 19
体力: 15137.426666666666 / 138
友情点: 0 / 1392070`
_2024-08-25 15:54:31_
--------
*c8249ad552514fb0368836ab2b047039*
`登陆天数: 4天 / 1214天
等级: 141
石头: 71
呼符: 12
体力: 27.290000000000006 / 140
友情点: 10 / 51471470`
_2024-08-25 15:54:39_
--------
*e01aa16bffb0c37d734c26ca264473d5*
`登陆天数: 7天 / 1318天
等级: 130
石头: 2309
呼符: 179
体力: 1558.0066666666667 / 138
友情点: 0 / 1271310`
_2024-08-25 15:54:47_
--------
