【登录信息】
*a5b5d04878ef92ec9f2a1ae7db2d2ac6*
`登陆天数: 6天 / 1558天
等级: 132
石头: 328
呼符: 179
体力: 4676.876666666667 / 138
友情点: 0 / 1325075`
_2024-08-25 16:00:50_
--------
*84683aca936deeb3fefd61a5c117e55b*
`登陆天数: 6天 / 1536天
等级: 130
石头: 1304
呼符: 111
体力: 3957.2066666666665 / 138
友情点: 0 / 1241730`
_2024-08-25 16:00:58_
--------
*6874c97317f44aa8712f2c0c77d4d218*
`登陆天数: 23天 / 1076天
等级: 140
石头: 402
呼符: 62
体力: 118.93333333333334 / 140
友情点: 0 / 372255`
_2024-08-25 16:01:06_
--------
*35fbc6cbbb563a0d5605fd0d482ec707*
`登陆天数: 7天 / 1603天
等级: 132
石头: 4006
呼符: 165
体力: 56.41 / 138
友情点: 0 / 307430`
_2024-08-25 16:01:14_
--------
*823ed9cd51e0b8500cc709c9db83a2f5*
`登陆天数: 6天 / 1497天
等级: 130
石头: 1247
呼符: 85
体力: 8256.016666666666 / 138
友情点: 0 / 1240430`
_2024-08-25 16:01:22_
--------
*aa68f2ee631b12e5f4263cccbc2b4f84*
`登陆天数: 6天 / 1289天
等级: 128
石头: 1578
呼符: 27
体力: 50569.64 / 137
友情点: 0 / 1228570`
_2024-08-25 16:01:30_
--------
*a7ec86a94fed6ee5bc40b5a5f31603ad*
`登陆天数: 6天 / 1509天
等级: 130
石头: 1949
呼符: 95
体力: 18642.633333333335 / 138
友情点: 0 / 1243535`
_2024-08-25 16:01:38_
--------
*bbf383f98d451f7ee9a8fe3ea80d8581*
`登陆天数: 5天 / 1263天
等级: 130
石头: 418
呼符: 109
体力: 4573.996666666667 / 138
友情点: 0 / 1134650`
_2024-08-25 16:01:46_
--------
*6952ab84039f401d88fdace3995567c3*
`登陆天数: 47天 / 1614天
等级: 128
石头: 4740
呼符: 151
体力: 13515.233333333334 / 137
友情点: 0 / 1296505`
_2024-08-25 16:01:54_
--------
*f4190598ed5a11b432712f1a3492fc95*
`登陆天数: 47天 / 1600天
等级: 129
石头: 4725
呼符: 151
体力: 1297.1733333333334 / 138
友情点: 0 / 1293915`
_2024-08-25 16:02:02_
--------
*8499833a8d0db047b863753fa1cc6a33*
`登陆天数: 21天 / 1677天
等级: 129
石头: 4167
呼符: 19
体力: 15138.956666666667 / 138
友情点: 0 / 1392070`
_2024-08-25 16:02:10_
--------
*c8249ad552514fb0368836ab2b047039*
`登陆天数: 4天 / 1214天
等级: 141
石头: 71
呼符: 12
体力: 28.816666666666663 / 140
友情点: 10 / 51471480`
_2024-08-25 16:02:18_
--------
*e01aa16bffb0c37d734c26ca264473d5*
`登陆天数: 7天 / 1318天
等级: 130
石头: 2309
呼符: 179
体力: 1559.5333333333333 / 138
友情点: 0 / 1271310`
_2024-08-25 16:02:26_
--------
