【登录信息】
*a5b5d04878ef92ec9f2a1ae7db2d2ac6*
`登陆天数: 8天 / 1560天
等级: 132
石头: 328
呼符: 179
体力: 5008.243333333333 / 138
友情点: 0 / 1325075`
*連続ログイン1日目
※ログインが途切れるか、7日到達すると
1日目から再開されます*
`フレンドポイント X 2000
8月交換券(2024) X 1
`*ＢＢプレゼンツ☆セレブサマー・エクスペリエンス！ 開幕記念 ログインボーナス*
*開催期間中、1日1回 最大78回 ログインボーナスをプレゼント！*
`白銀の果実 X 1
`_2024-08-26 19:37:39_
--------
*6874c97317f44aa8712f2c0c77d4d218*
`登陆天数: 25天 / 1078天
等级: 140
石头: 405
呼符: 62
体力: 87.02666666666667 / 140
友情点: 0 / 372920`
*連続ログイン4日目
※ログインが途切れるか、7日到達すると
1日目から再開されます*
`聖晶石 X 1
8月交換券(2024) X 1
`*ＢＢプレゼンツ☆セレブサマー・エクスペリエンス！ 開幕記念 ログインボーナス*
*開催期間中、1日1回 最大78回 ログインボーナスをプレゼント！*
`白銀の果実 X 1
`_2024-08-26 19:37:50_
--------
*35fbc6cbbb563a0d5605fd0d482ec707*
`登陆天数: 9天 / 1605天
等级: 132
石头: 4006
呼符: 165
体力: 73.20666666666666 / 138
友情点: 0 / 309670`
*連続ログイン2日目
※ログインが途切れるか、7日到達すると
1日目から再開されます*
`聖晶石 X 1
8月交換券(2024) X 1
`*ＢＢプレゼンツ☆セレブサマー・エクスペリエンス！ 開幕記念 ログインボーナス*
*開催期間中、1日1回 最大78回 ログインボーナスをプレゼント！*
`白銀の果実 X 1
`_2024-08-26 19:37:59_
--------
*aa68f2ee631b12e5f4263cccbc2b4f84*
`登陆天数: 8天 / 1291天
等级: 128
石头: 1578
呼符: 27
体力: 50900.97666666667 / 137
友情点: 0 / 1228570`
*連続ログイン1日目
※ログインが途切れるか、7日到達すると
1日目から再開されます*
`フレンドポイント X 2000
8月交換券(2024) X 1
`*ＢＢプレゼンツ☆セレブサマー・エクスペリエンス！ 開幕記念 ログインボーナス*
*開催期間中、1日1回 最大78回 ログインボーナスをプレゼント！*
`白銀の果実 X 1
`_2024-08-26 19:38:10_
--------
*bbf383f98d451f7ee9a8fe3ea80d8581*
`登陆天数: 7天 / 1265天
等级: 130
石头: 418
呼符: 109
体力: 4905.32 / 138
友情点: 0 / 1134650`
*連続ログイン7日間到達おめでとうございます！
明日は1日目からリスタートされます。*
`獣の足跡 X 1
呼符 X 1
8月交換券(2024) X 1
`*ＢＢプレゼンツ☆セレブサマー・エクスペリエンス！ 開幕記念 ログインボーナス*
*開催期間中、1日1回 最大78回 ログインボーナスをプレゼント！*
`白銀の果実 X 1
`_2024-08-26 19:38:22_
--------
*f4190598ed5a11b432712f1a3492fc95*
`登陆天数: 49天 / 1602天
等级: 129
石头: 4725
呼符: 151
体力: 1628.48 / 138
友情点: 0 / 1293915`
*連続ログイン7日間到達おめでとうございます！
明日は1日目からリスタートされます。*
`獣の足跡 X 1
呼符 X 1
8月交換券(2024) X 1
`*ＢＢプレゼンツ☆セレブサマー・エクスペリエンス！ 開幕記念 ログインボーナス*
*開催期間中、1日1回 最大78回 ログインボーナスをプレゼント！*
`白銀の果実 X 1
`_2024-08-26 19:38:33_
--------
*8499833a8d0db047b863753fa1cc6a33*
`登陆天数: 23天 / 1679天
等级: 129
石头: 4167
呼符: 19
体力: 15470.266666666666 / 138
友情点: 0 / 1392070`
*連続ログイン2日目
※ログインが途切れるか、7日到達すると
1日目から再開されます*
`聖晶石 X 1
8月交換券(2024) X 1
`*ＢＢプレゼンツ☆セレブサマー・エクスペリエンス！ 開幕記念 ログインボーナス*
*開催期間中、1日1回 最大78回 ログインボーナスをプレゼント！*
`白銀の果実 X 1
`_2024-08-26 19:38:42_
--------
*c8249ad552514fb0368836ab2b047039*
`登陆天数: 6天 / 1216天
等级: 141
石头: 72
呼符: 12
体力: 167.03333333333333 / 140
友情点: 10 / 51471715`
*連続ログイン6日目
※ログインが途切れるか、7日到達すると
1日目から再開されます*
`聖晶石 X 2
8月交換券(2024) X 1
`*ＢＢプレゼンツ☆セレブサマー・エクスペリエンス！ 開幕記念 ログインボーナス*
*開催期間中、1日1回 最大78回 ログインボーナスをプレゼント！*
`白銀の果実 X 1
`_2024-08-26 19:38:50_
--------
*e01aa16bffb0c37d734c26ca264473d5*
`登陆天数: 9天 / 1320天
等级: 130
石头: 2309
呼符: 179
体力: 1890.8433333333332 / 138
友情点: 0 / 1271310`
*連続ログイン2日目
※ログインが途切れるか、7日到達すると
1日目から再開されます*
`聖晶石 X 1
8月交換券(2024) X 1
`*ＢＢプレゼンツ☆セレブサマー・エクスペリエンス！ 開幕記念 ログインボーナス*
*開催期間中、1日1回 最大78回 ログインボーナスをプレゼント！*
`白銀の果実 X 1
`_2024-08-26 19:38:58_
--------
*144293b7027c86afe078a3362aa860ff*
`登陆天数: 5天 / 1614天
等级: 135
石头: 1350
呼符: 1
体力: 555.3333333333333 / 139
友情点: 0 / 10016745`
*連続ログイン5日目
※ログインが途切れるか、7日到達すると
1日目から再開されます*
`叡智の業火 X 2
8月交換券(2024) X 1
`*ＢＢプレゼンツ☆セレブサマー・エクスペリエンス！ 開幕記念 ログインボーナス*
*開催期間中、1日1回 最大78回 ログインボーナスをプレゼント！*
`白銀の果実 X 1
`_2024-08-26 19:39:07_
--------
*04879fc63f393a018be80fc13f96edb5*
`登陆天数: 3天 / 1518天
等级: 129
石头: 4854
呼符: 0
体力: 369.22 / 138
友情点: 0 / 82825`
*連続ログイン3日目
※ログインが途切れるか、7日到達すると
1日目から再開されます*
`叡智の業火 X 1
8月交換券(2024) X 1
`*ＢＢプレゼンツ☆セレブサマー・エクスペリエンス！ 開幕記念 ログインボーナス*
*開催期間中、1日1回 最大78回 ログインボーナスをプレゼント！*
`白銀の果実 X 1
`_2024-08-26 19:39:15_
--------
*d17e065a91cb6e0f11571ec8f43b666b*
`登陆天数: 49天 / 1626天
等级: 128
石头: 4737
呼符: 151
体力: 314.91666666666663 / 137
友情点: 0 / 1279890`
*連続ログイン7日間到達おめでとうございます！
明日は1日目からリスタートされます。*
`獣の足跡 X 1
呼符 X 1
8月交換券(2024) X 1
`*ＢＢプレゼンツ☆セレブサマー・エクスペリエンス！ 開幕記念 ログインボーナス*
*開催期間中、1日1回 最大78回 ログインボーナスをプレゼント！*
`白銀の果実 X 1
`_2024-08-26 19:39:22_
--------
*0bbab0884955053991437f8efd36402f*
`登陆天数: 246天 / 1605天
等级: 130
石头: 4709
呼符: 109
体力: 4920.32 / 138
友情点: 0 / 1274895`
*連続ログイン1日目
※ログインが途切れるか、7日到達すると
1日目から再開されます*
`フレンドポイント X 2000
8月交換券(2024) X 1
`*ＢＢプレゼンツ☆セレブサマー・エクスペリエンス！ 開幕記念 ログインボーナス*
*開催期間中、1日1回 最大78回 ログインボーナスをプレゼント！*
`白銀の果実 X 1
`_2024-08-26 19:39:30_
--------
