【登录信息】
*a5b5d04878ef92ec9f2a1ae7db2d2ac6*
`登陆天数: 8天 / 1560天
等级: 132
石头: 328
呼符: 179
体力: 5259.69 / 138
友情点: 0 / 1325075`
_2024-08-27 16:34:53_
--------
*6874c97317f44aa8712f2c0c77d4d218*
`登陆天数: 25天 / 1078天
等级: 140
石头: 406
呼符: 62
体力: 142.75333333333333 / 140
友情点: 0 / 373550`
_2024-08-27 16:35:05_
--------
*35fbc6cbbb563a0d5605fd0d482ec707*
`登陆天数: 9天 / 1605天
等级: 132
石头: 4007
呼符: 165
体力: 260.70666666666665 / 138
友情点: 0 / 309840`
_2024-08-27 16:35:13_
--------
*aa68f2ee631b12e5f4263cccbc2b4f84*
`登陆天数: 8天 / 1291天
等级: 128
石头: 1578
呼符: 27
体力: 51152.42333333333 / 137
友情点: 0 / 1228570`
_2024-08-27 16:35:24_
--------
*bbf383f98d451f7ee9a8fe3ea80d8581*
`登陆天数: 7天 / 1265天
等级: 130
石头: 418
呼符: 109
体力: 5156.763333333333 / 138
友情点: 0 / 1134650`
_2024-08-27 16:35:35_
--------
*f4190598ed5a11b432712f1a3492fc95*
`登陆天数: 49天 / 1602天
等级: 129
石头: 4725
呼符: 151
体力: 1879.9233333333334 / 138
友情点: 0 / 1293915`
_2024-08-27 16:35:46_
--------
*8499833a8d0db047b863753fa1cc6a33*
`登陆天数: 23天 / 1679天
等级: 129
石头: 4167
呼符: 19
体力: 15721.706666666667 / 138
友情点: 0 / 1392070`
_2024-08-27 16:35:55_
--------
*c8249ad552514fb0368836ab2b047039*
`登陆天数: 6天 / 1216天
等级: 141
石头: 72
呼符: 12
体力: 418.4766666666667 / 140
友情点: 85 / 51471800`
_2024-08-27 16:36:03_
--------
*e01aa16bffb0c37d734c26ca264473d5*
`登陆天数: 9天 / 1320天
等级: 130
石头: 2310
呼符: 179
体力: 289.31 / 138
友情点: 0 / 1273310`
_2024-08-27 16:36:11_
--------
*144293b7027c86afe078a3362aa860ff*
`登陆天数: 5天 / 1614天
等级: 135
石头: 1350
呼符: 1
体力: 806.7733333333333 / 139
友情点: 0 / 10016745`
_2024-08-27 16:36:19_
--------
*04879fc63f393a018be80fc13f96edb5*
`登陆天数: 3天 / 1518天
等级: 129
石头: 4854
呼符: 0
体力: 620.6600000000001 / 138
友情点: 0 / 82825`
_2024-08-27 16:36:27_
--------
*d17e065a91cb6e0f11571ec8f43b666b*
`登陆天数: 49天 / 1626天
等级: 128
石头: 4737
呼符: 151
体力: 566.3566666666667 / 137
友情点: 0 / 1279890`
_2024-08-27 16:36:35_
--------
*0bbab0884955053991437f8efd36402f*
`登陆天数: 246天 / 1605天
等级: 130
石头: 4709
呼符: 109
体力: 5171.756666666667 / 138
友情点: 0 / 1274895`
_2024-08-27 16:36:43_
--------
