【登录信息】
*a5b5d04878ef92ec9f2a1ae7db2d2ac6*
`登陆天数: 10天 / 1562天
等级: 132
石头: 329
呼符: 180
体力: 5730.39 / 138
友情点: 0 / 1327075`
_2024-08-29 07:48:23_
--------
*35fbc6cbbb563a0d5605fd0d482ec707*
`登陆天数: 11天 / 1607天
等级: 132
石头: 1863
呼符: 165
体力: 731.3666666666667 / 138
友情点: 0 / 309840`
*連続ログイン4日目
※ログインが途切れるか、7日到達すると
1日目から再開されます*
`聖晶石 X 1
8月交換券(2024) X 1
`*奏章Ⅲ 新霊長後継戦 アーキタイプ・インセプション 開幕記念 ログインボーナス*
*開催期間中、1日1回 最大78回 ログインボーナスをプレゼント！*
`黄金の果実 X 1
`_2024-08-29 07:48:31_
--------
*823ed9cd51e0b8500cc709c9db83a2f5*
`登陆天数: 2天 / 1500天
等级: 130
石头: 767
呼符: 86
体力: 9309.476666666667 / 138
友情点: 0 / 1242430`
*連続ログイン2日目
※ログインが途切れるか、7日到達すると
1日目から再開されます*
`聖晶石 X 1
8月交換券(2024) X 1
`*奏章Ⅲ 新霊長後継戦 アーキタイプ・インセプション 開幕記念 ログインボーナス*
*開催期間中、1日1回 最大78回 ログインボーナスをプレゼント！*
`白銀の果実 X 1
`_2024-08-29 07:48:40_
--------
*aa68f2ee631b12e5f4263cccbc2b4f84*
`登陆天数: 10天 / 1293天
等级: 128
石头: 1587
呼符: 28
体力: 51623.10333333333 / 137
友情点: 0 / 1230570`
_2024-08-29 07:48:48_
--------
*a7ec86a94fed6ee5bc40b5a5f31603ad*
`登陆天数: 2天 / 1512天
等级: 130
石头: 1840
呼符: 96
体力: 19696.093333333334 / 138
友情点: 0 / 1247535`
*連続ログイン2日目
※ログインが途切れるか、7日到達すると
1日目から再開されます*
`聖晶石 X 1
8月交換券(2024) X 1
`*奏章Ⅲ 新霊長後継戦 アーキタイプ・インセプション 開幕記念 ログインボーナス*
*開催期間中、1日1回 最大78回 ログインボーナスをプレゼント！*
`白銀の果実 X 1
`_2024-08-29 07:48:56_
--------
*bbf383f98d451f7ee9a8fe3ea80d8581*
`登陆天数: 9天 / 1267天
等级: 130
石头: 422
呼符: 110
体力: 5627.463333333333 / 138
友情点: 0 / 1136650`
*連続ログイン2日目
※ログインが途切れるか、7日到達すると
1日目から再開されます*
`聖晶石 X 1
8月交換券(2024) X 1
`*奏章Ⅲ 新霊長後継戦 アーキタイプ・インセプション 開幕記念 ログインボーナス*
*開催期間中、1日1回 最大78回 ログインボーナスをプレゼント！*
`白銀の果実 X 1
`_2024-08-29 07:49:05_
--------
*6952ab84039f401d88fdace3995567c3*
`登陆天数: 2天 / 1617天
等级: 128
石头: 4755
呼符: 151
体力: 14568.696666666667 / 137
友情点: 0 / 1298505`
*連続ログイン2日目
※ログインが途切れるか、7日到達すると
1日目から再開されます*
`聖晶石 X 1
8月交換券(2024) X 1
`*奏章Ⅲ 新霊長後継戦 アーキタイプ・インセプション 開幕記念 ログインボーナス*
*開催期間中、1日1回 最大78回 ログインボーナスをプレゼント！*
`黄金の果実 X 1
`_2024-08-29 07:49:13_
--------
*f4190598ed5a11b432712f1a3492fc95*
`登陆天数: 51天 / 1604天
等级: 129
石头: 4759
呼符: 152
体力: 2350.6433333333334 / 138
友情点: 0 / 1297915`
*連続ログイン2日目
※ログインが途切れるか、7日到達すると
1日目から再開されます*
`聖晶石 X 1
8月交換券(2024) X 1
`*奏章Ⅲ 新霊長後継戦 アーキタイプ・インセプション 開幕記念 ログインボーナス*
*開催期間中、1日1回 最大78回 ログインボーナスをプレゼント！*
`白銀の果実 X 1
`_2024-08-29 07:49:22_
--------
*8499833a8d0db047b863753fa1cc6a33*
`登陆天数: 25天 / 1681天
等级: 129
石头: 4171
呼符: 20
体力: 16192.426666666666 / 138
友情点: 0 / 1394070`
*連続ログイン4日目
※ログインが途切れるか、7日到達すると
1日目から再開されます*
`聖晶石 X 1
8月交換券(2024) X 1
`*奏章Ⅲ 新霊長後継戦 アーキタイプ・インセプション 開幕記念 ログインボーナス*
*開催期間中、1日1回 最大78回 ログインボーナスをプレゼント！*
`白銀の果実 X 1
`_2024-08-29 07:49:30_
--------
*c8249ad552514fb0368836ab2b047039*
`登陆天数: 8天 / 1218天
等级: 141
石头: 74
呼符: 13
体力: 889.1966666666667 / 140
友情点: 50 / 51471900`
*連続ログイン1日目
※ログインが途切れるか、7日到達すると
1日目から再開されます*
`フレンドポイント X 2000
8月交換券(2024) X 1
`*奏章Ⅲ 新霊長後継戦 アーキタイプ・インセプション 開幕記念 ログインボーナス*
*開催期間中、1日1回 最大78回 ログインボーナスをプレゼント！*
`黄金の果実 X 1
`_2024-08-29 07:49:39_
--------
*e01aa16bffb0c37d734c26ca264473d5*
`登陆天数: 11天 / 1322天
等级: 130
石头: 2310
呼符: 179
体力: 760.03 / 138
友情点: 0 / 1273310`
*連続ログイン4日目
※ログインが途切れるか、7日到達すると
1日目から再開されます*
`聖晶石 X 1
8月交換券(2024) X 1
`*奏章Ⅲ 新霊長後継戦 アーキタイプ・インセプション 開幕記念 ログインボーナス*
*開催期間中、1日1回 最大78回 ログインボーナスをプレゼント！*
`白銀の果実 X 1
`_2024-08-29 07:49:47_
--------
*144293b7027c86afe078a3362aa860ff*
`登陆天数: 7天 / 1616天
等级: 135
石头: 911
呼符: 1
体力: 105.38666666666666 / 139
友情点: 0 / 10016795`
_2024-08-29 07:49:56_
--------
*04879fc63f393a018be80fc13f96edb5*
`登陆天数: 5天 / 1520天
等级: 129
石头: 4844
呼符: 0
体力: 36.71333333333334 / 138
友情点: 0 / 83060`
_2024-08-29 07:50:04_
--------
*d17e065a91cb6e0f11571ec8f43b666b*
`登陆天数: 51天 / 1628天
等级: 128
石头: 4737
呼符: 152
体力: 1037.0866666666666 / 137
友情点: 0 / 1281890`
*連続ログイン2日目
※ログインが途切れるか、7日到達すると
1日目から再開されます*
`聖晶石 X 1
8月交換券(2024) X 1
`*奏章Ⅲ 新霊長後継戦 アーキタイプ・インセプション 開幕記念 ログインボーナス*
*開催期間中、1日1回 最大78回 ログインボーナスをプレゼント！*
`白銀の果実 X 1
`_2024-08-29 07:50:13_
--------
*0bbab0884955053991437f8efd36402f*
`登陆天数: 248天 / 1607天
等级: 130
石头: 4715
呼符: 109
体力: 5642.486666666667 / 138
友情点: 0 / 1276895`
_2024-08-29 07:50:21_
--------
*34115a9719eec68deb9a8d3ab142781c*
`登陆天数: 233天 / 1544天
等级: 130
石头: 2402
呼符: 109
体力: 5395.13 / 138
友情点: 0 / 1242405`
*連続ログイン2日目
※ログインが途切れるか、7日到達すると
1日目から再開されます*
`聖晶石 X 1
8月交換券(2024) X 1
`*奏章Ⅲ 新霊長後継戦 アーキタイプ・インセプション 開幕記念 ログインボーナス*
*開催期間中、1日1回 最大78回 ログインボーナスをプレゼント！*
`白銀の果実 X 1
`_2024-08-29 07:50:30_
--------
