【登录信息】
*a5b5d04878ef92ec9f2a1ae7db2d2ac6*
`登陆天数: 11天 / 1563天
等级: 132
石头: 329
呼符: 180
体力: 6043.973333333333 / 138
友情点: 0 / 1327075`
_2024-08-30 09:56:18_
--------
*35fbc6cbbb563a0d5605fd0d482ec707*
`登陆天数: 12天 / 1608天
等级: 132
石头: 1869
呼符: 165
体力: 100.22999999999999 / 138
友情点: 0 / 309890`
_2024-08-30 09:56:26_
--------
*823ed9cd51e0b8500cc709c9db83a2f5*
`登陆天数: 3天 / 1501天
等级: 130
石头: 767
呼符: 86
体力: 9623.066666666668 / 138
友情点: 0 / 1242430`
_2024-08-30 09:56:34_
--------
*aa68f2ee631b12e5f4263cccbc2b4f84*
`登陆天数: 11天 / 1294天
等级: 128
石头: 1587
呼符: 28
体力: 51936.693333333336 / 137
友情点: 0 / 1230570`
_2024-08-30 09:56:45_
--------
*a7ec86a94fed6ee5bc40b5a5f31603ad*
`登陆天数: 3天 / 1513天
等级: 130
石头: 1840
呼符: 96
体力: 20009.68666666667 / 138
友情点: 0 / 1247535`
_2024-08-30 09:56:54_
--------
*bbf383f98d451f7ee9a8fe3ea80d8581*
`登陆天数: 10天 / 1268天
等级: 130
石头: 422
呼符: 110
体力: 5941.053333333333 / 138
友情点: 0 / 1136650`
_2024-08-30 09:57:02_
--------
*6952ab84039f401d88fdace3995567c3*
`登陆天数: 3天 / 1618天
等级: 128
石头: 4755
呼符: 151
体力: 14882.286666666667 / 137
友情点: 0 / 1298505`
_2024-08-30 09:57:10_
--------
*f4190598ed5a11b432712f1a3492fc95*
`登陆天数: 52天 / 1605天
等级: 129
石头: 4759
呼符: 152
体力: 2664.233333333333 / 138
友情点: 0 / 1297915`
_2024-08-30 09:57:19_
--------
*8499833a8d0db047b863753fa1cc6a33*
`登陆天数: 26天 / 1682天
等级: 129
石头: 4171
呼符: 20
体力: 16506.016666666666 / 138
友情点: 0 / 1394070`
_2024-08-30 09:57:27_
--------
*c8249ad552514fb0368836ab2b047039*
`登陆天数: 9天 / 1219天
等级: 141
石头: 111
呼符: 13
体力: 114.09 / 140
友情点: 0 / 51474320`
_2024-08-30 09:57:36_
--------
*e01aa16bffb0c37d734c26ca264473d5*
`登陆天数: 12天 / 1323天
等级: 130
石头: 2310
呼符: 179
体力: 1073.62 / 138
友情点: 0 / 1273310`
_2024-08-30 09:57:44_
--------
*144293b7027c86afe078a3362aa860ff*
`登陆天数: 8天 / 1617天
等级: 135
石头: 731
呼符: 2
体力: 194.52 / 139
友情点: 0 / 10022110`
_2024-08-30 09:57:52_
--------
*04879fc63f393a018be80fc13f96edb5*
`登陆天数: 6天 / 1521天
等级: 129
石头: 4858
呼符: 0
体力: 390.2033333333334 / 138
友情点: 0 / 84285`
_2024-08-30 09:58:00_
--------
*d17e065a91cb6e0f11571ec8f43b666b*
`登陆天数: 52天 / 1629天
等级: 128
石头: 4737
呼符: 152
体力: 1350.6733333333334 / 137
友情点: 0 / 1281890`
_2024-08-30 09:58:09_
--------
*0bbab0884955053991437f8efd36402f*
`登陆天数: 249天 / 1608天
等级: 130
石头: 4715
呼符: 109
体力: 5956.073333333334 / 138
友情点: 0 / 1276895`
_2024-08-30 09:58:17_
--------
*34115a9719eec68deb9a8d3ab142781c*
`登陆天数: 234天 / 1545天
等级: 130
石头: 2402
呼符: 109
体力: 5708.716666666666 / 138
友情点: 0 / 1242405`
_2024-08-30 09:58:26_
--------
*70b2289bba4e0d1155fd4ef04388170d*
`登陆天数: 7天 / 1500天
等级: 129
石头: 5555
呼符: 9
体力: 27292.013333333332 / 138
友情点: 0 / 1281825`
_2024-08-30 09:58:34_
--------
