【登录信息】
*a5b5d04878ef92ec9f2a1ae7db2d2ac6*
`登陆天数: 12天 / 1564天
等级: 132
石头: 329
呼符: 180
体力: 6160.28 / 138
友情点: 0 / 1327075`
*連続ログイン5日目
※ログインが途切れるか、7日到達すると
1日目から再開されます*
`叡智の業火 X 2
8月交換券(2024) X 1
`*奏章Ⅲ 新霊長後継戦 アーキタイプ・インセプション 開幕記念 ログインボーナス*
*開催期間中、1日1回 最大78回 ログインボーナスをプレゼント！*
`白銀の果実 X 1
`_2024-08-30 19:37:50_
--------
*35fbc6cbbb563a0d5605fd0d482ec707*
`登陆天数: 13天 / 1609天
等级: 133
石头: 1572
呼符: 165
体力: 57.24333333333334 / 139
友情点: 0 / 310280`
*連続ログイン6日目
※ログインが途切れるか、7日到達すると
1日目から再開されます*
`聖晶石 X 2
8月交換券(2024) X 1
`*奏章Ⅲ 新霊長後継戦 アーキタイプ・インセプション 開幕記念 ログインボーナス*
*開催期間中、1日1回 最大78回 ログインボーナスをプレゼント！*
`白銀の果実 X 1
`_2024-08-30 19:37:59_
--------
*823ed9cd51e0b8500cc709c9db83a2f5*
`登陆天数: 4天 / 1502天
等级: 130
石头: 767
呼符: 86
体力: 9739.366666666667 / 138
友情点: 0 / 1242430`
*連続ログイン4日目
※ログインが途切れるか、7日到達すると
1日目から再開されます*
`聖晶石 X 1
8月交換券(2024) X 1
`*奏章Ⅲ 新霊長後継戦 アーキタイプ・インセプション 開幕記念 ログインボーナス*
*開催期間中、1日1回 最大78回 ログインボーナスをプレゼント！*
`白銀の果実 X 1
`_2024-08-30 19:38:07_
--------
*aa68f2ee631b12e5f4263cccbc2b4f84*
`登陆天数: 12天 / 1295天
等级: 128
石头: 1587
呼符: 28
体力: 52052.99333333333 / 137
友情点: 0 / 1230570`
*連続ログイン5日目
※ログインが途切れるか、7日到達すると
1日目から再開されます*
`叡智の業火 X 2
8月交換券(2024) X 1
`*奏章Ⅲ 新霊長後継戦 アーキタイプ・インセプション 開幕記念 ログインボーナス*
*開催期間中、1日1回 最大78回 ログインボーナスをプレゼント！*
`黄金の果実 X 1
`_2024-08-30 19:38:15_
--------
*a7ec86a94fed6ee5bc40b5a5f31603ad*
`登陆天数: 4天 / 1514天
等级: 130
石头: 1840
呼符: 96
体力: 20125.986666666668 / 138
友情点: 0 / 1247535`
*連続ログイン4日目
※ログインが途切れるか、7日到達すると
1日目から再開されます*
`聖晶石 X 1
8月交換券(2024) X 1
`*奏章Ⅲ 新霊長後継戦 アーキタイプ・インセプション 開幕記念 ログインボーナス*
*開催期間中、1日1回 最大78回 ログインボーナスをプレゼント！*
`白銀の果実 X 1
`_2024-08-30 19:38:24_
--------
*bbf383f98d451f7ee9a8fe3ea80d8581*
`登陆天数: 11天 / 1269天
等级: 130
石头: 422
呼符: 110
体力: 6057.3533333333335 / 138
友情点: 0 / 1136650`
*連続ログイン4日目
※ログインが途切れるか、7日到達すると
1日目から再開されます*
`聖晶石 X 1
8月交換券(2024) X 1
`*奏章Ⅲ 新霊長後継戦 アーキタイプ・インセプション 開幕記念 ログインボーナス*
*開催期間中、1日1回 最大78回 ログインボーナスをプレゼント！*
`白銀の果実 X 1
`_2024-08-30 19:38:32_
--------
*6952ab84039f401d88fdace3995567c3*
`登陆天数: 4天 / 1619天
等级: 128
石头: 4755
呼符: 151
体力: 14998.586666666666 / 137
友情点: 0 / 1298505`
*連続ログイン4日目
※ログインが途切れるか、7日到達すると
1日目から再開されます*
`聖晶石 X 1
8月交換券(2024) X 1
`*奏章Ⅲ 新霊長後継戦 アーキタイプ・インセプション 開幕記念 ログインボーナス*
*開催期間中、1日1回 最大78回 ログインボーナスをプレゼント！*
`白銀の果実 X 1
`_2024-08-30 19:38:40_
--------
*f4190598ed5a11b432712f1a3492fc95*
`登陆天数: 53天 / 1606天
等级: 129
石头: 4759
呼符: 152
体力: 2780.5333333333333 / 138
友情点: 0 / 1297915`
*連続ログイン4日目
※ログインが途切れるか、7日到達すると
1日目から再開されます*
`聖晶石 X 1
8月交換券(2024) X 1
`*奏章Ⅲ 新霊長後継戦 アーキタイプ・インセプション 開幕記念 ログインボーナス*
*開催期間中、1日1回 最大78回 ログインボーナスをプレゼント！*
`白銀の果実 X 1
`_2024-08-30 19:38:49_
--------
*8499833a8d0db047b863753fa1cc6a33*
`登陆天数: 27天 / 1683天
等级: 129
石头: 4171
呼符: 20
体力: 16622.316666666666 / 138
友情点: 0 / 1394070`
*連続ログイン6日目
※ログインが途切れるか、7日到達すると
1日目から再開されます*
`聖晶石 X 2
8月交換券(2024) X 1
`*奏章Ⅲ 新霊長後継戦 アーキタイプ・インセプション 開幕記念 ログインボーナス*
*開催期間中、1日1回 最大78回 ログインボーナスをプレゼント！*
`白銀の果実 X 1
`_2024-08-30 19:38:57_
--------
*c8249ad552514fb0368836ab2b047039*
`登陆天数: 10天 / 1220天
等级: 141
石头: 111
呼符: 13
体力: 230.39333333333332 / 140
友情点: 50 / 51474370`
*連続ログイン3日目
※ログインが途切れるか、7日到達すると
1日目から再開されます*
`叡智の業火 X 1
8月交換券(2024) X 1
`*奏章Ⅲ 新霊長後継戦 アーキタイプ・インセプション 開幕記念 ログインボーナス*
*開催期間中、1日1回 最大78回 ログインボーナスをプレゼント！*
`白銀の果実 X 1
`_2024-08-30 19:39:06_
--------
*e01aa16bffb0c37d734c26ca264473d5*
`登陆天数: 13天 / 1324天
等级: 130
石头: 2310
呼符: 179
体力: 1189.92 / 138
友情点: 0 / 1273310`
*連続ログイン6日目
※ログインが途切れるか、7日到達すると
1日目から再開されます*
`聖晶石 X 2
8月交換券(2024) X 1
`*奏章Ⅲ 新霊長後継戦 アーキタイプ・インセプション 開幕記念 ログインボーナス*
*開催期間中、1日1回 最大78回 ログインボーナスをプレゼント！*
`黄金の果実 X 1
`_2024-08-30 19:39:14_
--------
*144293b7027c86afe078a3362aa860ff*
`登陆天数: 9天 / 1618天
等级: 135
石头: 731
呼符: 2
体力: 310.82 / 139
友情点: 0 / 10022110`
*連続ログイン2日目
※ログインが途切れるか、7日到達すると
1日目から再開されます*
`聖晶石 X 1
8月交換券(2024) X 1
`*奏章Ⅲ 新霊長後継戦 アーキタイプ・インセプション 開幕記念 ログインボーナス*
*開催期間中、1日1回 最大78回 ログインボーナスをプレゼント！*
`白銀の果実 X 1
`_2024-08-30 19:39:22_
--------
*04879fc63f393a018be80fc13f96edb5*
`登陆天数: 7天 / 1522天
等级: 129
石头: 4858
呼符: 0
体力: 506.50333333333333 / 138
友情点: 0 / 84285`
*連続ログイン7日間到達おめでとうございます！
明日は1日目からリスタートされます。*
`獣の足跡 X 1
呼符 X 1
8月交換券(2024) X 1
`*奏章Ⅲ 新霊長後継戦 アーキタイプ・インセプション 開幕記念 ログインボーナス*
*開催期間中、1日1回 最大78回 ログインボーナスをプレゼント！*
`白銀の果実 X 1
`_2024-08-30 19:39:31_
--------
*d17e065a91cb6e0f11571ec8f43b666b*
`登陆天数: 53天 / 1630天
等级: 128
石头: 4737
呼符: 152
体力: 1466.97 / 137
友情点: 0 / 1281890`
*連続ログイン4日目
※ログインが途切れるか、7日到達すると
1日目から再開されます*
`聖晶石 X 1
8月交換券(2024) X 1
`*奏章Ⅲ 新霊長後継戦 アーキタイプ・インセプション 開幕記念 ログインボーナス*
*開催期間中、1日1回 最大78回 ログインボーナスをプレゼント！*
`白銀の果実 X 1
`_2024-08-30 19:39:38_
--------
*0bbab0884955053991437f8efd36402f*
`登陆天数: 250天 / 1609天
等级: 130
石头: 4715
呼符: 109
体力: 6072.373333333333 / 138
友情点: 0 / 1276895`
*連続ログイン5日目
※ログインが途切れるか、7日到達すると
1日目から再開されます*
`叡智の業火 X 2
8月交換券(2024) X 1
`*奏章Ⅲ 新霊長後継戦 アーキタイプ・インセプション 開幕記念 ログインボーナス*
*開催期間中、1日1回 最大78回 ログインボーナスをプレゼント！*
`白銀の果実 X 1
`_2024-08-30 19:39:47_
--------
*34115a9719eec68deb9a8d3ab142781c*
`登陆天数: 235天 / 1546天
等级: 130
石头: 2402
呼符: 109
体力: 5825.013333333333 / 138
友情点: 0 / 1242405`
*連続ログイン4日目
※ログインが途切れるか、7日到達すると
1日目から再開されます*
`聖晶石 X 1
8月交換券(2024) X 1
`*奏章Ⅲ 新霊長後継戦 アーキタイプ・インセプション 開幕記念 ログインボーナス*
*開催期間中、1日1回 最大78回 ログインボーナスをプレゼント！*
`白銀の果実 X 1
`_2024-08-30 19:39:55_
--------
*70b2289bba4e0d1155fd4ef04388170d*
`登陆天数: 8天 / 1501天
等级: 129
石头: 5555
呼符: 9
体力: 27408.31 / 138
友情点: 0 / 1281825`
*連続ログイン1日目
※ログインが途切れるか、7日到達すると
1日目から再開されます*
`フレンドポイント X 2000
8月交換券(2024) X 1
`*奏章Ⅲ 新霊長後継戦 アーキタイプ・インセプション 開幕記念 ログインボーナス*
*開催期間中、1日1回 最大78回 ログインボーナスをプレゼント！*
`黄金の果実 X 1
`_2024-08-30 19:40:03_
--------
