【登录信息】
*a5b5d04878ef92ec9f2a1ae7db2d2ac6*
`登陆天数: 5天 / 1620天
等级: 132
石头: 520
呼符: 208
体力: 468.3666666666667 / 138
友情点: 0 / 1343125`
*連続ログイン5日目
※ログインが途切れるか、7日到達すると
1日目から再開されます*
`叡智の業火 X 2
11月交換券(2024) X 1
`*秋の戦力増強キャンペーン特別ログインボーナス！*
*開催期間中、1日1回 最大7回 ログインボーナスをプレゼント！*
`英霊結晶・星のフォウくん X 5
`_2024-10-31 19:40:58_
--------
*35fbc6cbbb563a0d5605fd0d482ec707*
`登陆天数: 7天 / 1667天
等级: 134
石头: 546
呼符: 181
体力: 1597.8033333333333 / 139
友情点: 0 / 335385`
*連続ログイン7日間到達おめでとうございます！
明日は1日目からリスタートされます。*
`獣の足跡 X 1
呼符 X 1
11月交換券(2024) X 1
`*秋の戦力増強キャンペーン特別ログインボーナス！*
*開催期間中、1日1回 最大7回 ログインボーナスをプレゼント！*
`英霊結晶・星のフォウくん X 5
`_2024-10-31 19:41:06_
--------
*823ed9cd51e0b8500cc709c9db83a2f5*
`登陆天数: 5天 / 1558天
等级: 130
石头: 994
呼符: 108
体力: 447.89666666666665 / 138
友情点: 0 / 1256500`
*連続ログイン5日目
※ログインが途切れるか、7日到達すると
1日目から再開されます*
`叡智の業火 X 2
11月交換券(2024) X 1
`*秋の戦力増強キャンペーン特別ログインボーナス！*
*開催期間中、1日1回 最大7回 ログインボーナスをプレゼント！*
`QP X 2000000
`_2024-10-31 19:41:15_
--------
*aa68f2ee631b12e5f4263cccbc2b4f84*
`登陆天数: 5天 / 1351天
等级: 128
石头: 121
呼符: 5
体力: 69909.62 / 137
友情点: 0 / 1236570`
*連続ログイン5日目
※ログインが途切れるか、7日到達すると
1日目から再開されます*
`叡智の業火 X 2
11月交換券(2024) X 1
`*秋の戦力増強キャンペーン特別ログインボーナス！*
*開催期間中、1日1回 最大7回 ログインボーナスをプレゼント！*
`英霊結晶・星のフォウくん X 5
`_2024-10-31 19:41:23_
--------
*a7ec86a94fed6ee5bc40b5a5f31603ad*
`登陆天数: 5天 / 1570天
等级: 130
石头: 1723
呼符: 118
体力: 440.17 / 138
友情点: 0 / 1263615`
*連続ログイン5日目
※ログインが途切れるか、7日到達すると
1日目から再開されます*
`叡智の業火 X 2
11月交換券(2024) X 1
`*秋の戦力増強キャンペーン特別ログインボーナス！*
*開催期間中、1日1回 最大7回 ログインボーナスをプレゼント！*
`QP X 2000000
`_2024-10-31 19:41:31_
--------
*bbf383f98d451f7ee9a8fe3ea80d8581*
`登陆天数: 5天 / 1325天
等级: 130
石头: 422
呼符: 110
体力: 23913.976666666666 / 138
友情点: 0 / 1136650`
*連続ログイン5日目
※ログインが途切れるか、7日到達すると
1日目から再開されます*
`叡智の業火 X 2
11月交換券(2024) X 1
`*秋の戦力増強キャンペーン特別ログインボーナス！*
*開催期間中、1日1回 最大7回 ログインボーナスをプレゼント！*
`英霊結晶・星のフォウくん X 5
`_2024-10-31 19:41:39_
--------
*6952ab84039f401d88fdace3995567c3*
`登陆天数: 5天 / 1675天
等级: 129
石头: 2326
呼符: 178
体力: 209.17333333333335 / 138
友情点: 0 / 1310555`
*連続ログイン5日目
※ログインが途切れるか、7日到達すると
1日目から再開されます*
`叡智の業火 X 2
11月交換券(2024) X 1
`*秋の戦力増強キャンペーン特別ログインボーナス！*
*開催期間中、1日1回 最大7回 ログインボーナスをプレゼント！*
`英霊結晶・星のフォウくん X 5
`_2024-10-31 19:41:47_
--------
*f4190598ed5a11b432712f1a3492fc95*
`登陆天数: 5天 / 1662天
等级: 129
石头: 4618
呼符: 179
体力: 270.8066666666667 / 138
友情点: 0 / 1313965`
*連続ログイン5日目
※ログインが途切れるか、7日到達すると
1日目から再開されます*
`叡智の業火 X 2
11月交換券(2024) X 1
`*秋の戦力増強キャンペーン特別ログインボーナス！*
*開催期間中、1日1回 最大7回 ログインボーナスをプレゼント！*
`QP X 2000000
`_2024-10-31 19:41:56_
--------
*8499833a8d0db047b863753fa1cc6a33*
`登陆天数: 5天 / 1739天
等级: 129
石头: 2959
呼符: 43
体力: 149.40666666666667 / 138
友情点: 0 / 1412130`
*連続ログイン5日目
※ログインが途切れるか、7日到達すると
1日目から再開されます*
`叡智の業火 X 2
11月交換券(2024) X 1
`*秋の戦力増強キャンペーン特別ログインボーナス！*
*開催期間中、1日1回 最大7回 ログインボーナスをプレゼント！*
`英霊結晶・星のフォウくん X 5
`_2024-10-31 19:42:04_
--------
*c8249ad552514fb0368836ab2b047039*
`登陆天数: 5天 / 1276天
等级: 141
石头: 1
呼符: 0
体力: 4758.43 / 140
友情点: 0 / 51506625`
*連続ログイン5日目
※ログインが途切れるか、7日到達すると
1日目から再開されます*
`叡智の業火 X 2
11月交換券(2024) X 1
`*秋の戦力増強キャンペーン特別ログインボーナス！*
*開催期間中、1日1回 最大7回 ログインボーナスをプレゼント！*
`英霊結晶・星のフォウくん X 5
`_2024-10-31 19:42:12_
--------
*e01aa16bffb0c37d734c26ca264473d5*
`登陆天数: 5天 / 1380天
等级: 130
石头: 2506
呼符: 207
体力: 105.68333333333334 / 138
友情点: 0 / 1273360`
*連続ログイン5日目
※ログインが途切れるか、7日到達すると
1日目から再開されます*
`叡智の業火 X 2
11月交換券(2024) X 1
`*秋の戦力増強キャンペーン特別ログインボーナス！*
*開催期間中、1日1回 最大7回 ログインボーナスをプレゼント！*
`英霊結晶・星のフォウくん X 5
`_2024-10-31 19:42:21_
--------
*144293b7027c86afe078a3362aa860ff*
`登陆天数: 6天 / 1675天
等级: 136
石头: 942
呼符: 29
体力: 1485.2766666666666 / 139
友情点: 50 / 10041940`
*連続ログイン6日目
※ログインが途切れるか、7日到達すると
1日目から再開されます*
`聖晶石 X 2
11月交換券(2024) X 1
`*秋の戦力増強キャンペーン特別ログインボーナス！*
*開催期間中、1日1回 最大7回 ログインボーナスをプレゼント！*
`英霊結晶・星のフォウくん X 5
`_2024-10-31 19:42:29_
--------
*04879fc63f393a018be80fc13f96edb5*
`登陆天数: 5天 / 1578天
等级: 129
石头: 4446
呼符: 8
体力: 482.5966666666667 / 138
友情点: 0 / 102325`
*連続ログイン5日目
※ログインが途切れるか、7日到達すると
1日目から再開されます*
`叡智の業火 X 2
11月交換券(2024) X 1
`*秋の戦力増強キャンペーン特別ログインボーナス！*
*開催期間中、1日1回 最大7回 ログインボーナスをプレゼント！*
`英霊結晶・星のフォウくん X 5
`_2024-10-31 19:42:37_
--------
*d17e065a91cb6e0f11571ec8f43b666b*
`登陆天数: 5天 / 1686天
等级: 129
石头: 3672
呼符: 179
体力: 196.56666666666666 / 138
友情点: 0 / 1287940`
*連続ログイン5日目
※ログインが途切れるか、7日到達すると
1日目から再開されます*
`叡智の業火 X 2
11月交換券(2024) X 1
`*秋の戦力増強キャンペーン特別ログインボーナス！*
*開催期間中、1日1回 最大7回 ログインボーナスをプレゼント！*
`英霊結晶・星のフォウくん X 5
`_2024-10-31 19:42:45_
--------
*0bbab0884955053991437f8efd36402f*
`登陆天数: 5天 / 1666天
等级: 130
石头: 2297
呼符: 137
体力: 458.02666666666664 / 138
友情点: 0 / 1282955`
*連続ログイン5日目
※ログインが途切れるか、7日到達すると
1日目から再開されます*
`叡智の業火 X 2
11月交換券(2024) X 1
`*秋の戦力増強キャンペーン特別ログインボーナス！*
*開催期間中、1日1回 最大7回 ログインボーナスをプレゼント！*
`QP X 2000000
`_2024-10-31 19:42:53_
--------
*34115a9719eec68deb9a8d3ab142781c*
`登陆天数: 5天 / 1602天
等级: 130
石头: 521
呼符: 131
体力: 4221.2733333333335 / 138
友情点: 0 / 1257875`
*連続ログイン5日目
※ログインが途切れるか、7日到達すると
1日目から再開されます*
`叡智の業火 X 2
11月交換券(2024) X 1
`*秋の戦力増強キャンペーン特別ログインボーナス！*
*開催期間中、1日1回 最大7回 ログインボーナスをプレゼント！*
`QP X 2000000
`_2024-10-31 19:43:02_
--------
*70b2289bba4e0d1155fd4ef04388170d*
`登陆天数: 5天 / 1557天
等级: 129
石头: 5556
呼符: 9
体力: 45264.933333333334 / 138
友情点: 0 / 1283825`
*連続ログイン5日目
※ログインが途切れるか、7日到達すると
1日目から再開されます*
`叡智の業火 X 2
11月交換券(2024) X 1
`*秋の戦力増強キャンペーン特別ログインボーナス！*
*開催期間中、1日1回 最大7回 ログインボーナスをプレゼント！*
`英霊結晶・星のフォウくん X 5
`_2024-10-31 19:43:10_
--------
*7441a04aa81b6170993926c1238db6d9*
`登陆天数: 5天 / 1354天
等级: 130
石头: 1326
呼符: 113
体力: 23952.22333333333 / 138
友情点: 0 / 1275610`
*連続ログイン5日目
※ログインが途切れるか、7日到達すると
1日目から再開されます*
`叡智の業火 X 2
11月交換券(2024) X 1
`*3000万DL記念 特別回数ログインボーナス*
*開催期間中、1日1回 最大10回 回数ログインボーナスをプレゼント！*
`英霊結晶・星のフォウくん X 30
英霊結晶・太陽のフォウくん X 30
`_2024-10-31 19:43:18_
--------
*14cbcebb250ccfe7f7975a441906ddb0*
`登陆天数: 5天 / 1652天
等级: 130
石头: 2380
呼符: 113
体力: 9754.663333333334 / 138
友情点: 0 / 1443480`
*連続ログイン5日目
※ログインが途切れるか、7日到達すると
1日目から再開されます*
`叡智の業火 X 2
11月交換券(2024) X 1
`*3000万DL記念 特別回数ログインボーナス*
*開催期間中、1日1回 最大10回 回数ログインボーナスをプレゼント！*
`聖晶石 X 30
`_2024-10-31 19:43:26_
--------
*9f1de3d706b8e33c8eba4599743daf29*
`登陆天数: 5天 / 714天
等级: 68
石头: 149
呼符: 14
体力: 5953.906666666667 / 93
友情点: 0 / 46120`
*連続ログイン5日目
※ログインが途切れるか、7日到達すると
1日目から再開されます*
`叡智の業火 X 2
11月交換券(2024) X 1
`*3000万DL記念 特別回数ログインボーナス*
*開催期間中、1日1回 最大10回 回数ログインボーナスをプレゼント！*
`伝承結晶 X 3
`_2024-10-31 19:43:35_
--------
