【登录信息】
*a5b5d04878ef92ec9f2a1ae7db2d2ac6*
`登陆天数: 6天 / 1621天
等级: 132
石头: 520
呼符: 208
体力: 756.0 / 138
友情点: 0 / 1343125`
*連続ログイン6日目
※ログインが途切れるか、7日到達すると
1日目から再開されます*
`聖晶石 X 2
11月交換券(2024) X 1
`*使用期限付コンティニューアイテムプレゼント！*
*開催期間中、初回ログインでコンティニューアイテム「霊脈石×3」をプレゼント！*
`霊脈石 X 3
`_2024-11-01 19:39:07_
--------
*35fbc6cbbb563a0d5605fd0d482ec707*
`登陆天数: 8天 / 1668天
等级: 134
石头: 436
呼符: 181
体力: 1885.4366666666667 / 139
友情点: 0 / 335385`
*連続ログイン1日目
※ログインが途切れるか、7日到達すると
1日目から再開されます*
`フレンドポイント X 2000
11月交換券(2024) X 1
`*秋の戦力増強キャンペーン特別ログインボーナス！*
*開催期間中、1日1回 最大7回 ログインボーナスをプレゼント！*
`QP X 2000000
`_2024-11-01 19:39:16_
--------
*823ed9cd51e0b8500cc709c9db83a2f5*
`登陆天数: 6天 / 1559天
等级: 130
石头: 994
呼符: 108
体力: 735.5333333333333 / 138
友情点: 0 / 1256500`
*連続ログイン6日目
※ログインが途切れるか、7日到達すると
1日目から再開されます*
`聖晶石 X 2
11月交換券(2024) X 1
`*使用期限付コンティニューアイテムプレゼント！*
*開催期間中、初回ログインでコンティニューアイテム「霊脈石×3」をプレゼント！*
`霊脈石 X 3
`_2024-11-01 19:39:25_
--------
*aa68f2ee631b12e5f4263cccbc2b4f84*
`登陆天数: 6天 / 1352天
等级: 128
石头: 121
呼符: 5
体力: 70197.25666666667 / 137
友情点: 0 / 1236570`
*連続ログイン6日目
※ログインが途切れるか、7日到達すると
1日目から再開されます*
`聖晶石 X 2
11月交換券(2024) X 1
`*使用期限付コンティニューアイテムプレゼント！*
*開催期間中、初回ログインでコンティニューアイテム「霊脈石×3」をプレゼント！*
`霊脈石 X 3
`_2024-11-01 19:39:34_
--------
*a7ec86a94fed6ee5bc40b5a5f31603ad*
`登陆天数: 6天 / 1571天
等级: 130
石头: 1723
呼符: 118
体力: 727.81 / 138
友情点: 0 / 1263615`
*連続ログイン6日目
※ログインが途切れるか、7日到達すると
1日目から再開されます*
`聖晶石 X 2
11月交換券(2024) X 1
`*使用期限付コンティニューアイテムプレゼント！*
*開催期間中、初回ログインでコンティニューアイテム「霊脈石×3」をプレゼント！*
`霊脈石 X 3
`_2024-11-01 19:39:42_
--------
*bbf383f98d451f7ee9a8fe3ea80d8581*
`登陆天数: 6天 / 1326天
等级: 130
石头: 422
呼符: 110
体力: 24201.62 / 138
友情点: 0 / 1136650`
*連続ログイン6日目
※ログインが途切れるか、7日到達すると
1日目から再開されます*
`聖晶石 X 2
11月交換券(2024) X 1
`*使用期限付コンティニューアイテムプレゼント！*
*開催期間中、初回ログインでコンティニューアイテム「霊脈石×3」をプレゼント！*
`霊脈石 X 3
`_2024-11-01 19:39:51_
--------
*6952ab84039f401d88fdace3995567c3*
`登陆天数: 6天 / 1676天
等级: 129
石头: 2326
呼符: 178
体力: 496.81666666666666 / 138
友情点: 0 / 1310555`
*連続ログイン6日目
※ログインが途切れるか、7日到達すると
1日目から再開されます*
`聖晶石 X 2
11月交換券(2024) X 1
`*使用期限付コンティニューアイテムプレゼント！*
*開催期間中、初回ログインでコンティニューアイテム「霊脈石×3」をプレゼント！*
`霊脈石 X 3
`_2024-11-01 19:40:00_
--------
*f4190598ed5a11b432712f1a3492fc95*
`登陆天数: 6天 / 1663天
等级: 129
石头: 4618
呼符: 179
体力: 558.45 / 138
友情点: 0 / 1313965`
*連続ログイン6日目
※ログインが途切れるか、7日到達すると
1日目から再開されます*
`聖晶石 X 2
11月交換券(2024) X 1
`*使用期限付コンティニューアイテムプレゼント！*
*開催期間中、初回ログインでコンティニューアイテム「霊脈石×3」をプレゼント！*
`霊脈石 X 3
`_2024-11-01 19:40:09_
--------
*8499833a8d0db047b863753fa1cc6a33*
`登陆天数: 6天 / 1740天
等级: 129
石头: 2959
呼符: 43
体力: 437.05333333333334 / 138
友情点: 0 / 1412130`
*連続ログイン6日目
※ログインが途切れるか、7日到達すると
1日目から再開されます*
`聖晶石 X 2
11月交換券(2024) X 1
`*使用期限付コンティニューアイテムプレゼント！*
*開催期間中、初回ログインでコンティニューアイテム「霊脈石×3」をプレゼント！*
`霊脈石 X 3
`_2024-11-01 19:40:18_
--------
*c8249ad552514fb0368836ab2b047039*
`登陆天数: 6天 / 1277天
等级: 141
石头: 1
呼符: 0
体力: 5046.076666666667 / 140
友情点: 0 / 51506625`
*連続ログイン6日目
※ログインが途切れるか、7日到達すると
1日目から再開されます*
`聖晶石 X 2
11月交換券(2024) X 1
`*使用期限付コンティニューアイテムプレゼント！*
*開催期間中、初回ログインでコンティニューアイテム「霊脈石×3」をプレゼント！*
`霊脈石 X 3
`_2024-11-01 19:40:26_
--------
*e01aa16bffb0c37d734c26ca264473d5*
`登陆天数: 6天 / 1381天
等级: 130
石头: 2506
呼符: 207
体力: 393.33000000000004 / 138
友情点: 0 / 1273360`
*連続ログイン6日目
※ログインが途切れるか、7日到達すると
1日目から再開されます*
`聖晶石 X 2
11月交換券(2024) X 1
`*使用期限付コンティニューアイテムプレゼント！*
*開催期間中、初回ログインでコンティニューアイテム「霊脈石×3」をプレゼント！*
`霊脈石 X 3
`_2024-11-01 19:40:35_
--------
*144293b7027c86afe078a3362aa860ff*
`登陆天数: 7天 / 1676天
等级: 136
石头: 942
呼符: 29
体力: 1772.9233333333334 / 139
友情点: 0 / 10041940`
*連続ログイン7日間到達おめでとうございます！
明日は1日目からリスタートされます。*
`獣の足跡 X 1
呼符 X 1
11月交換券(2024) X 1
`*使用期限付コンティニューアイテムプレゼント！*
*開催期間中、初回ログインでコンティニューアイテム「霊脈石×3」をプレゼント！*
`霊脈石 X 3
`_2024-11-01 19:40:43_
--------
*04879fc63f393a018be80fc13f96edb5*
`登陆天数: 6天 / 1579天
等级: 129
石头: 4446
呼符: 8
体力: 770.2466666666667 / 138
友情点: 0 / 102325`
*連続ログイン6日目
※ログインが途切れるか、7日到達すると
1日目から再開されます*
`聖晶石 X 2
11月交換券(2024) X 1
`*使用期限付コンティニューアイテムプレゼント！*
*開催期間中、初回ログインでコンティニューアイテム「霊脈石×3」をプレゼント！*
`霊脈石 X 3
`_2024-11-01 19:40:52_
--------
*d17e065a91cb6e0f11571ec8f43b666b*
`登陆天数: 6天 / 1687天
等级: 129
石头: 3672
呼符: 179
体力: 484.22 / 138
友情点: 0 / 1287940`
*連続ログイン6日目
※ログインが途切れるか、7日到達すると
1日目から再開されます*
`聖晶石 X 2
11月交換券(2024) X 1
`*使用期限付コンティニューアイテムプレゼント！*
*開催期間中、初回ログインでコンティニューアイテム「霊脈石×3」をプレゼント！*
`霊脈石 X 3
`_2024-11-01 19:41:00_
--------
*0bbab0884955053991437f8efd36402f*
`登陆天数: 6天 / 1667天
等级: 130
石头: 1
呼符: 62
体力: 745.6866666666666 / 138
友情点: 0 / 1282955`
*連続ログイン6日目
※ログインが途切れるか、7日到達すると
1日目から再開されます*
`聖晶石 X 2
11月交換券(2024) X 1
`*秋の戦力増強キャンペーン特別ログインボーナス！*
*開催期間中、1日1回 最大7回 ログインボーナスをプレゼント！*
`叡智の業火 X 3
`_2024-11-01 19:41:10_
--------
*34115a9719eec68deb9a8d3ab142781c*
`登陆天数: 6天 / 1603天
等级: 130
石头: 521
呼符: 131
体力: 4508.933333333333 / 138
友情点: 0 / 1257875`
*連続ログイン6日目
※ログインが途切れるか、7日到達すると
1日目から再開されます*
`聖晶石 X 2
11月交換券(2024) X 1
`*使用期限付コンティニューアイテムプレゼント！*
*開催期間中、初回ログインでコンティニューアイテム「霊脈石×3」をプレゼント！*
`霊脈石 X 3
`_2024-11-01 19:41:20_
--------
*70b2289bba4e0d1155fd4ef04388170d*
`登陆天数: 6天 / 1558天
等级: 129
石头: 5556
呼符: 9
体力: 45552.59333333333 / 138
友情点: 0 / 1283825`
*連続ログイン6日目
※ログインが途切れるか、7日到達すると
1日目から再開されます*
`聖晶石 X 2
11月交換券(2024) X 1
`*使用期限付コンティニューアイテムプレゼント！*
*開催期間中、初回ログインでコンティニューアイテム「霊脈石×3」をプレゼント！*
`霊脈石 X 3
`_2024-11-01 19:41:28_
--------
*7441a04aa81b6170993926c1238db6d9*
`登陆天数: 6天 / 1355天
等级: 130
石头: 1326
呼符: 113
体力: 24239.883333333335 / 138
友情点: 0 / 1275610`
*連続ログイン6日目
※ログインが途切れるか、7日到達すると
1日目から再開されます*
`聖晶石 X 2
11月交換券(2024) X 1
`*使用期限付コンティニューアイテムプレゼント！*
*開催期間中、初回ログインでコンティニューアイテム「霊脈石×3」をプレゼント！*
`霊脈石 X 3
`_2024-11-01 19:41:36_
--------
*14cbcebb250ccfe7f7975a441906ddb0*
`登陆天数: 6天 / 1653天
等级: 130
石头: 2380
呼符: 113
体力: 10042.323333333334 / 138
友情点: 0 / 1443480`
*連続ログイン6日目
※ログインが途切れるか、7日到達すると
1日目から再開されます*
`聖晶石 X 2
11月交換券(2024) X 1
`*使用期限付コンティニューアイテムプレゼント！*
*開催期間中、初回ログインでコンティニューアイテム「霊脈石×3」をプレゼント！*
`霊脈石 X 3
`_2024-11-01 19:41:45_
--------
*9f1de3d706b8e33c8eba4599743daf29*
`登陆天数: 6天 / 715天
等级: 68
石头: 149
呼符: 14
体力: 6241.57 / 93
友情点: 0 / 46120`
*連続ログイン6日目
※ログインが途切れるか、7日到達すると
1日目から再開されます*
`聖晶石 X 2
11月交換券(2024) X 1
`*使用期限付コンティニューアイテムプレゼント！*
*開催期間中、初回ログインでコンティニューアイテム「霊脈石×3」をプレゼント！*
`霊脈石 X 3
`_2024-11-01 19:41:53_
--------
