【登录信息】
*a5b5d04878ef92ec9f2a1ae7db2d2ac6*
`登陆天数: 7天 / 1622天
等级: 132
石头: 520
呼符: 208
体力: 1043.9266666666667 / 138
友情点: 0 / 1343125`
*連続ログイン7日間到達おめでとうございます！
明日は1日目からリスタートされます。*
`獣の足跡 X 1
呼符 X 1
11月交換券(2024) X 1
`*秋の戦力増強キャンペーン特別ログインボーナス！*
*開催期間中、1日1回 最大7回 ログインボーナスをプレゼント！*
`叡智の業火 X 3
`_2024-11-02 19:38:46_
--------
*35fbc6cbbb563a0d5605fd0d482ec707*
`登陆天数: 9天 / 1669天
等级: 134
石头: 442
呼符: 174
体力: 283.1066666666667 / 139
友情点: 0 / 337395`
*連続ログイン2日目
※ログインが途切れるか、7日到達すると
1日目から再開されます*
`聖晶石 X 1
11月交換券(2024) X 1
`*秋の戦力増強キャンペーン特別ログインボーナス！*
*開催期間中、1日1回 最大7回 ログインボーナスをプレゼント！*
`叡智の業火 X 3
`_2024-11-02 19:38:54_
--------
*823ed9cd51e0b8500cc709c9db83a2f5*
`登陆天数: 7天 / 1560天
等级: 130
石头: 994
呼符: 108
体力: 1023.4566666666667 / 138
友情点: 0 / 1256500`
*連続ログイン7日間到達おめでとうございます！
明日は1日目からリスタートされます。*
`獣の足跡 X 1
呼符 X 1
11月交換券(2024) X 1
`*秋の戦力増強キャンペーン特別ログインボーナス！*
*開催期間中、1日1回 最大7回 ログインボーナスをプレゼント！*
`英霊結晶・太陽のフォウくん X 5
`_2024-11-02 19:39:02_
--------
*aa68f2ee631b12e5f4263cccbc2b4f84*
`登陆天数: 7天 / 1353天
等级: 128
石头: 121
呼符: 5
体力: 70485.18 / 137
友情点: 0 / 1236570`
*連続ログイン7日間到達おめでとうございます！
明日は1日目からリスタートされます。*
`獣の足跡 X 1
呼符 X 1
11月交換券(2024) X 1
`*秋の戦力増強キャンペーン特別ログインボーナス！*
*開催期間中、1日1回 最大7回 ログインボーナスをプレゼント！*
`叡智の業火 X 3
`_2024-11-02 19:39:11_
--------
*a7ec86a94fed6ee5bc40b5a5f31603ad*
`登陆天数: 7天 / 1572天
等级: 130
石头: 1723
呼符: 118
体力: 1015.73 / 138
友情点: 0 / 1263615`
*連続ログイン7日間到達おめでとうございます！
明日は1日目からリスタートされます。*
`獣の足跡 X 1
呼符 X 1
11月交換券(2024) X 1
`*秋の戦力増強キャンペーン特別ログインボーナス！*
*開催期間中、1日1回 最大7回 ログインボーナスをプレゼント！*
`英霊結晶・太陽のフォウくん X 5
`_2024-11-02 19:39:19_
--------
*bbf383f98d451f7ee9a8fe3ea80d8581*
`登陆天数: 7天 / 1327天
等级: 130
石头: 422
呼符: 110
体力: 24489.536666666667 / 138
友情点: 0 / 1136650`
*連続ログイン7日間到達おめでとうございます！
明日は1日目からリスタートされます。*
`獣の足跡 X 1
呼符 X 1
11月交換券(2024) X 1
`*秋の戦力増強キャンペーン特別ログインボーナス！*
*開催期間中、1日1回 最大7回 ログインボーナスをプレゼント！*
`叡智の業火 X 3
`_2024-11-02 19:39:27_
--------
*6952ab84039f401d88fdace3995567c3*
`登陆天数: 7天 / 1677天
等级: 129
石头: 2326
呼符: 178
体力: 784.7333333333333 / 138
友情点: 0 / 1310555`
*連続ログイン7日間到達おめでとうございます！
明日は1日目からリスタートされます。*
`獣の足跡 X 1
呼符 X 1
11月交換券(2024) X 1
`*秋の戦力増強キャンペーン特別ログインボーナス！*
*開催期間中、1日1回 最大7回 ログインボーナスをプレゼント！*
`叡智の業火 X 3
`_2024-11-02 19:39:35_
--------
*f4190598ed5a11b432712f1a3492fc95*
`登陆天数: 7天 / 1664天
等级: 129
石头: 4618
呼符: 179
体力: 846.3666666666667 / 138
友情点: 0 / 1313965`
*連続ログイン7日間到達おめでとうございます！
明日は1日目からリスタートされます。*
`獣の足跡 X 1
呼符 X 1
11月交換券(2024) X 1
`*秋の戦力増強キャンペーン特別ログインボーナス！*
*開催期間中、1日1回 最大7回 ログインボーナスをプレゼント！*
`英霊結晶・太陽のフォウくん X 5
`_2024-11-02 19:39:44_
--------
*8499833a8d0db047b863753fa1cc6a33*
`登陆天数: 7天 / 1741天
等级: 129
石头: 2959
呼符: 43
体力: 724.9666666666667 / 138
友情点: 0 / 1412130`
*連続ログイン7日間到達おめでとうございます！
明日は1日目からリスタートされます。*
`獣の足跡 X 1
呼符 X 1
11月交換券(2024) X 1
`*秋の戦力増強キャンペーン特別ログインボーナス！*
*開催期間中、1日1回 最大7回 ログインボーナスをプレゼント！*
`叡智の業火 X 3
`_2024-11-02 19:39:52_
--------
*c8249ad552514fb0368836ab2b047039*
`登陆天数: 7天 / 1278天
等级: 141
石头: 1
呼符: 0
体力: 5333.986666666667 / 140
友情点: 1825 / 51508450`
*連続ログイン7日間到達おめでとうございます！
明日は1日目からリスタートされます。*
`獣の足跡 X 1
呼符 X 1
11月交換券(2024) X 1
`*秋の戦力増強キャンペーン特別ログインボーナス！*
*開催期間中、1日1回 最大7回 ログインボーナスをプレゼント！*
`叡智の業火 X 3
`_2024-11-02 19:40:00_
--------
*e01aa16bffb0c37d734c26ca264473d5*
`登陆天数: 7天 / 1382天
等级: 130
石头: 2506
呼符: 207
体力: 681.24 / 138
友情点: 0 / 1273360`
*連続ログイン7日間到達おめでとうございます！
明日は1日目からリスタートされます。*
`獣の足跡 X 1
呼符 X 1
11月交換券(2024) X 1
`*秋の戦力増強キャンペーン特別ログインボーナス！*
*開催期間中、1日1回 最大7回 ログインボーナスをプレゼント！*
`叡智の業火 X 3
`_2024-11-02 19:40:09_
--------
*144293b7027c86afe078a3362aa860ff*
`登陆天数: 8天 / 1677天
等级: 136
石头: 952
呼符: 29
体力: 2060.833333333333 / 139
友情点: 0 / 10041940`
*連続ログイン1日目
※ログインが途切れるか、7日到達すると
1日目から再開されます*
`フレンドポイント X 2000
11月交換券(2024) X 1
`*秋の戦力増強キャンペーン特別ログインボーナス！*
*開催期間中、1日1回 最大7回 ログインボーナスをプレゼント！*
`叡智の業火 X 3
`_2024-11-02 19:40:17_
--------
*04879fc63f393a018be80fc13f96edb5*
`登陆天数: 7天 / 1580天
等级: 129
石头: 4446
呼符: 8
体力: 1058.1566666666668 / 138
友情点: 0 / 102325`
*連続ログイン7日間到達おめでとうございます！
明日は1日目からリスタートされます。*
`獣の足跡 X 1
呼符 X 1
11月交換券(2024) X 1
`*秋の戦力増強キャンペーン特別ログインボーナス！*
*開催期間中、1日1回 最大7回 ログインボーナスをプレゼント！*
`叡智の業火 X 3
`_2024-11-02 19:40:25_
--------
*d17e065a91cb6e0f11571ec8f43b666b*
`登陆天数: 7天 / 1688天
等级: 129
石头: 3672
呼符: 179
体力: 772.1266666666667 / 138
友情点: 0 / 1287940`
*連続ログイン7日間到達おめでとうございます！
明日は1日目からリスタートされます。*
`獣の足跡 X 1
呼符 X 1
11月交換券(2024) X 1
`*秋の戦力増強キャンペーン特別ログインボーナス！*
*開催期間中、1日1回 最大7回 ログインボーナスをプレゼント！*
`叡智の業火 X 3
`_2024-11-02 19:40:33_
--------
*0bbab0884955053991437f8efd36402f*
`登陆天数: 7天 / 1668天
等级: 130
石头: 5
呼符: 62
体力: 1033.5866666666666 / 138
友情点: 0 / 1282955`
*連続ログイン7日間到達おめでとうございます！
明日は1日目からリスタートされます。*
`獣の足跡 X 1
呼符 X 1
11月交換券(2024) X 1
`*秋の戦力増強キャンペーン特別ログインボーナス！*
*開催期間中、1日1回 最大7回 ログインボーナスをプレゼント！*
`英霊結晶・太陽のフォウくん X 5
`_2024-11-02 19:40:41_
--------
*34115a9719eec68deb9a8d3ab142781c*
`登陆天数: 7天 / 1604天
等级: 130
石头: 521
呼符: 131
体力: 4796.833333333333 / 138
友情点: 0 / 1257875`
*連続ログイン7日間到達おめでとうございます！
明日は1日目からリスタートされます。*
`獣の足跡 X 1
呼符 X 1
11月交換券(2024) X 1
`*秋の戦力増強キャンペーン特別ログインボーナス！*
*開催期間中、1日1回 最大7回 ログインボーナスをプレゼント！*
`英霊結晶・太陽のフォウくん X 5
`_2024-11-02 19:40:50_
--------
*70b2289bba4e0d1155fd4ef04388170d*
`登陆天数: 7天 / 1559天
等级: 129
石头: 5556
呼符: 9
体力: 45840.49333333333 / 138
友情点: 0 / 1283825`
*連続ログイン7日間到達おめでとうございます！
明日は1日目からリスタートされます。*
`獣の足跡 X 1
呼符 X 1
11月交換券(2024) X 1
`*秋の戦力増強キャンペーン特別ログインボーナス！*
*開催期間中、1日1回 最大7回 ログインボーナスをプレゼント！*
`叡智の業火 X 3
`_2024-11-02 19:40:58_
--------
*7441a04aa81b6170993926c1238db6d9*
`登陆天数: 7天 / 1356天
等级: 130
石头: 1326
呼符: 113
体力: 24527.783333333333 / 138
友情点: 0 / 1275610`
*連続ログイン7日間到達おめでとうございます！
明日は1日目からリスタートされます。*
`獣の足跡 X 1
呼符 X 1
11月交換券(2024) X 1
`*秋の戦力増強キャンペーン特別ログインボーナス！*
*開催期間中、1日1回 最大7回 ログインボーナスをプレゼント！*
`叡智の業火 X 3
`_2024-11-02 19:41:06_
--------
*14cbcebb250ccfe7f7975a441906ddb0*
`登陆天数: 7天 / 1654天
等级: 130
石头: 2380
呼符: 113
体力: 10330.22 / 138
友情点: 0 / 1443480`
*連続ログイン7日間到達おめでとうございます！
明日は1日目からリスタートされます。*
`獣の足跡 X 1
呼符 X 1
11月交換券(2024) X 1
`*秋の戦力増強キャンペーン特別ログインボーナス！*
*開催期間中、1日1回 最大7回 ログインボーナスをプレゼント！*
`叡智の業火 X 3
`_2024-11-02 19:41:14_
--------
*9f1de3d706b8e33c8eba4599743daf29*
`登陆天数: 7天 / 716天
等级: 72
石头: 195
呼符: 14
体力: 202.37666666666667 / 97
友情点: 0 / 51995`
*連続ログイン7日間到達おめでとうございます！
明日は1日目からリスタートされます。*
`獣の足跡 X 1
呼符 X 1
11月交換券(2024) X 1
`*秋の戦力増強キャンペーン特別ログインボーナス！*
*開催期間中、1日1回 最大7回 ログインボーナスをプレゼント！*
`叡智の業火 X 3
`_2024-11-02 19:41:22_
--------
