【登录信息】
*a5b5d04878ef92ec9f2a1ae7db2d2ac6*
`登陆天数: 8天 / 1623天
等级: 132
石头: 520
呼符: 208
体力: 1332.0866666666666 / 138
友情点: 0 / 1343125`
*連続ログイン1日目
※ログインが途切れるか、7日到達すると
1日目から再開されます*
`フレンドポイント X 2000
11月交換券(2024) X 1
`*秋の戦力増強キャンペーン特別ログインボーナス！*
*開催期間中、1日1回 最大7回 ログインボーナスをプレゼント！*
`英霊結晶・太陽のフォウくん X 5
`_2024-11-03 19:39:34_
--------
*35fbc6cbbb563a0d5605fd0d482ec707*
`登陆天数: 10天 / 1670天
等级: 134
石头: 443
呼符: 174
体力: 212.61666666666667 / 139
友情点: 0 / 337415`
*連続ログイン3日目
※ログインが途切れるか、7日到達すると
1日目から再開されます*
`叡智の業火 X 1
11月交換券(2024) X 1
`*秋の戦力増強キャンペーン特別ログインボーナス！*
*開催期間中、1日1回 最大7回 ログインボーナスをプレゼント！*
`英霊結晶・太陽のフォウくん X 5
`_2024-11-03 19:39:43_
--------
*823ed9cd51e0b8500cc709c9db83a2f5*
`登陆天数: 8天 / 1561天
等级: 130
石头: 994
呼符: 108
体力: 1311.62 / 138
友情点: 0 / 1256500`
*連続ログイン1日目
※ログインが途切れるか、7日到達すると
1日目から再開されます*
`フレンドポイント X 2000
11月交換券(2024) X 1
`*秋の戦力増強キャンペーン特別ログインボーナス！*
*開催期間中、1日1回 最大7回 ログインボーナスをプレゼント！*
`叡智の業火 X 3
`_2024-11-03 19:39:51_
--------
*aa68f2ee631b12e5f4263cccbc2b4f84*
`登陆天数: 8天 / 1354天
等级: 128
石头: 121
呼符: 5
体力: 70773.34333333334 / 137
友情点: 0 / 1236570`
*連続ログイン1日目
※ログインが途切れるか、7日到達すると
1日目から再開されます*
`フレンドポイント X 2000
11月交換券(2024) X 1
`*秋の戦力増強キャンペーン特別ログインボーナス！*
*開催期間中、1日1回 最大7回 ログインボーナスをプレゼント！*
`英霊結晶・太陽のフォウくん X 5
`_2024-11-03 19:40:00_
--------
*a7ec86a94fed6ee5bc40b5a5f31603ad*
`登陆天数: 8天 / 1573天
等级: 130
石头: 1723
呼符: 118
体力: 1303.8933333333334 / 138
友情点: 0 / 1263615`
*連続ログイン1日目
※ログインが途切れるか、7日到達すると
1日目から再開されます*
`フレンドポイント X 2000
11月交換券(2024) X 1
`*秋の戦力増強キャンペーン特別ログインボーナス！*
*開催期間中、1日1回 最大7回 ログインボーナスをプレゼント！*
`叡智の業火 X 3
`_2024-11-03 19:40:08_
--------
*bbf383f98d451f7ee9a8fe3ea80d8581*
`登陆天数: 8天 / 1328天
等级: 130
石头: 422
呼符: 110
体力: 24777.703333333335 / 138
友情点: 0 / 1136650`
*連続ログイン1日目
※ログインが途切れるか、7日到達すると
1日目から再開されます*
`フレンドポイント X 2000
11月交換券(2024) X 1
`*秋の戦力増強キャンペーン特別ログインボーナス！*
*開催期間中、1日1回 最大7回 ログインボーナスをプレゼント！*
`英霊結晶・太陽のフォウくん X 5
`_2024-11-03 19:40:17_
--------
*6952ab84039f401d88fdace3995567c3*
`登陆天数: 8天 / 1678天
等级: 129
石头: 2326
呼符: 178
体力: 1072.9 / 138
友情点: 0 / 1310555`
*連続ログイン1日目
※ログインが途切れるか、7日到達すると
1日目から再開されます*
`フレンドポイント X 2000
11月交換券(2024) X 1
`*秋の戦力増強キャンペーン特別ログインボーナス！*
*開催期間中、1日1回 最大7回 ログインボーナスをプレゼント！*
`英霊結晶・太陽のフォウくん X 5
`_2024-11-03 19:40:25_
--------
*f4190598ed5a11b432712f1a3492fc95*
`登陆天数: 8天 / 1665天
等级: 129
石头: 4618
呼符: 179
体力: 1134.5333333333333 / 138
友情点: 0 / 1313965`
*連続ログイン1日目
※ログインが途切れるか、7日到達すると
1日目から再開されます*
`フレンドポイント X 2000
11月交換券(2024) X 1
`*秋の戦力増強キャンペーン特別ログインボーナス！*
*開催期間中、1日1回 最大7回 ログインボーナスをプレゼント！*
`叡智の業火 X 3
`_2024-11-03 19:40:34_
--------
*8499833a8d0db047b863753fa1cc6a33*
`登陆天数: 8天 / 1742天
等级: 129
石头: 2959
呼符: 43
体力: 1013.1333333333333 / 138
友情点: 0 / 1412130`
*連続ログイン1日目
※ログインが途切れるか、7日到達すると
1日目から再開されます*
`フレンドポイント X 2000
11月交換券(2024) X 1
`*秋の戦力増強キャンペーン特別ログインボーナス！*
*開催期間中、1日1回 最大7回 ログインボーナスをプレゼント！*
`英霊結晶・太陽のフォウくん X 5
`_2024-11-03 19:40:42_
--------
*c8249ad552514fb0368836ab2b047039*
`登陆天数: 8天 / 1279天
等级: 141
石头: 1
呼符: 0
体力: 5622.156666666667 / 140
友情点: 1000 / 51509450`
*連続ログイン1日目
※ログインが途切れるか、7日到達すると
1日目から再開されます*
`フレンドポイント X 2000
11月交換券(2024) X 1
`*秋の戦力増強キャンペーン特別ログインボーナス！*
*開催期間中、1日1回 最大7回 ログインボーナスをプレゼント！*
`英霊結晶・太陽のフォウくん X 5
`_2024-11-03 19:40:51_
--------
*e01aa16bffb0c37d734c26ca264473d5*
`登陆天数: 8天 / 1383天
等级: 130
石头: 2506
呼符: 207
体力: 969.41 / 138
友情点: 0 / 1273360`
*連続ログイン1日目
※ログインが途切れるか、7日到達すると
1日目から再開されます*
`フレンドポイント X 2000
11月交換券(2024) X 1
`*秋の戦力増強キャンペーン特別ログインボーナス！*
*開催期間中、1日1回 最大7回 ログインボーナスをプレゼント！*
`英霊結晶・太陽のフォウくん X 5
`_2024-11-03 19:40:59_
--------
*144293b7027c86afe078a3362aa860ff*
`登陆天数: 9天 / 1678天
等级: 136
石头: 952
呼符: 29
体力: 2349.0066666666667 / 139
友情点: 0 / 10041940`
*連続ログイン2日目
※ログインが途切れるか、7日到達すると
1日目から再開されます*
`聖晶石 X 1
11月交換券(2024) X 1
`*秋の戦力増強キャンペーン特別ログインボーナス！*
*開催期間中、1日1回 最大7回 ログインボーナスをプレゼント！*
`英霊結晶・太陽のフォウくん X 5
`_2024-11-03 19:41:08_
--------
*04879fc63f393a018be80fc13f96edb5*
`登陆天数: 8天 / 1581天
等级: 129
石头: 4446
呼符: 8
体力: 1346.33 / 138
友情点: 0 / 102325`
*連続ログイン1日目
※ログインが途切れるか、7日到達すると
1日目から再開されます*
`フレンドポイント X 2000
11月交換券(2024) X 1
`*秋の戦力増強キャンペーン特別ログインボーナス！*
*開催期間中、1日1回 最大7回 ログインボーナスをプレゼント！*
`英霊結晶・太陽のフォウくん X 5
`_2024-11-03 19:41:16_
--------
*d17e065a91cb6e0f11571ec8f43b666b*
`登陆天数: 8天 / 1689天
等级: 129
石头: 3672
呼符: 179
体力: 1060.3 / 138
友情点: 0 / 1287940`
*連続ログイン1日目
※ログインが途切れるか、7日到達すると
1日目から再開されます*
`フレンドポイント X 2000
11月交換券(2024) X 1
`*秋の戦力増強キャンペーン特別ログインボーナス！*
*開催期間中、1日1回 最大7回 ログインボーナスをプレゼント！*
`英霊結晶・太陽のフォウくん X 5
`_2024-11-03 19:41:25_
--------
*0bbab0884955053991437f8efd36402f*
`登陆天数: 8天 / 1669天
等级: 130
石头: 5
呼符: 62
体力: 1321.7633333333333 / 138
友情点: 0 / 1282955`
*連続ログイン1日目
※ログインが途切れるか、7日到達すると
1日目から再開されます*
`フレンドポイント X 2000
11月交換券(2024) X 1
`*秋の戦力増強キャンペーン特別ログインボーナス！*
*開催期間中、1日1回 最大7回 ログインボーナスをプレゼント！*
`叡智の業火 X 3
`_2024-11-03 19:41:34_
--------
*34115a9719eec68deb9a8d3ab142781c*
`登陆天数: 8天 / 1605天
等级: 130
石头: 521
呼符: 131
体力: 5085.01 / 138
友情点: 0 / 1257875`
*連続ログイン1日目
※ログインが途切れるか、7日到達すると
1日目から再開されます*
`フレンドポイント X 2000
11月交換券(2024) X 1
`*秋の戦力増強キャンペーン特別ログインボーナス！*
*開催期間中、1日1回 最大7回 ログインボーナスをプレゼント！*
`叡智の業火 X 3
`_2024-11-03 19:41:43_
--------
*70b2289bba4e0d1155fd4ef04388170d*
`登陆天数: 8天 / 1560天
等级: 129
石头: 5556
呼符: 9
体力: 46128.67333333333 / 138
友情点: 0 / 1283825`
*連続ログイン1日目
※ログインが途切れるか、7日到達すると
1日目から再開されます*
`フレンドポイント X 2000
11月交換券(2024) X 1
`*秋の戦力増強キャンペーン特別ログインボーナス！*
*開催期間中、1日1回 最大7回 ログインボーナスをプレゼント！*
`英霊結晶・太陽のフォウくん X 5
`_2024-11-03 19:41:52_
--------
*7441a04aa81b6170993926c1238db6d9*
`登陆天数: 8天 / 1357天
等级: 130
石头: 1326
呼符: 113
体力: 24815.963333333333 / 138
友情点: 0 / 1275610`
*連続ログイン1日目
※ログインが途切れるか、7日到達すると
1日目から再開されます*
`フレンドポイント X 2000
11月交換券(2024) X 1
`*秋の戦力増強キャンペーン特別ログインボーナス！*
*開催期間中、1日1回 最大7回 ログインボーナスをプレゼント！*
`英霊結晶・太陽のフォウくん X 5
`_2024-11-03 19:42:00_
--------
*14cbcebb250ccfe7f7975a441906ddb0*
`登陆天数: 8天 / 1655天
等级: 130
石头: 2380
呼符: 113
体力: 10618.403333333334 / 138
友情点: 0 / 1443480`
*連続ログイン1日目
※ログインが途切れるか、7日到達すると
1日目から再開されます*
`フレンドポイント X 2000
11月交換券(2024) X 1
`*秋の戦力増強キャンペーン特別ログインボーナス！*
*開催期間中、1日1回 最大7回 ログインボーナスをプレゼント！*
`英霊結晶・太陽のフォウくん X 5
`_2024-11-03 19:42:09_
--------
*9f1de3d706b8e33c8eba4599743daf29*
`登陆天数: 8天 / 717天
等级: 75
石头: 200
呼符: 14
体力: 263.25333333333333 / 100
友情点: 0 / 52995`
*連続ログイン1日目
※ログインが途切れるか、7日到達すると
1日目から再開されます*
`フレンドポイント X 2000
11月交換券(2024) X 1
`*秋の戦力増強キャンペーン特別ログインボーナス！*
*開催期間中、1日1回 最大7回 ログインボーナスをプレゼント！*
`英霊結晶・太陽のフォウくん X 5
`_2024-11-03 19:42:17_
--------
