【登录信息】
*a5b5d04878ef92ec9f2a1ae7db2d2ac6*
`登陆天数: 9天 / 1624天
等级: 132
石头: 520
呼符: 208
体力: 1619.89 / 138
友情点: 0 / 1343125`
*連続ログイン2日目
※ログインが途切れるか、7日到達すると
1日目から再開されます*
`聖晶石 X 1
11月交換券(2024) X 1
`*秋の戦力増強キャンペーン特別ログインボーナス！*
*開催期間中、1日1回 最大7回 ログインボーナスをプレゼント！*
`叡智の業火 X 3
`_2024-11-04 19:38:35_
--------
*35fbc6cbbb563a0d5605fd0d482ec707*
`登陆天数: 11天 / 1671天
等级: 134
石头: 443
呼符: 174
体力: 339.15999999999997 / 139
友情点: 0 / 337440`
*連続ログイン4日目
※ログインが途切れるか、7日到達すると
1日目から再開されます*
`聖晶石 X 1
11月交換券(2024) X 1
`*秋の戦力増強キャンペーン特別ログインボーナス！*
*開催期間中、1日1回 最大7回 ログインボーナスをプレゼント！*
`叡智の業火 X 3
`_2024-11-04 19:38:43_
--------
*823ed9cd51e0b8500cc709c9db83a2f5*
`登陆天数: 9天 / 1562天
等级: 130
石头: 994
呼符: 108
体力: 1599.42 / 138
友情点: 0 / 1256500`
*連続ログイン2日目
※ログインが途切れるか、7日到達すると
1日目から再開されます*
`聖晶石 X 1
11月交換券(2024) X 1
`*秋の戦力増強キャンペーン特別ログインボーナス！*
*開催期間中、1日1回 最大7回 ログインボーナスをプレゼント！*
`QP X 3000000
`_2024-11-04 19:38:51_
--------
*aa68f2ee631b12e5f4263cccbc2b4f84*
`登陆天数: 9天 / 1355天
等级: 128
石头: 121
呼符: 5
体力: 71061.14 / 137
友情点: 0 / 1236570`
*連続ログイン2日目
※ログインが途切れるか、7日到達すると
1日目から再開されます*
`聖晶石 X 1
11月交換券(2024) X 1
`*秋の戦力増強キャンペーン特別ログインボーナス！*
*開催期間中、1日1回 最大7回 ログインボーナスをプレゼント！*
`叡智の業火 X 3
`_2024-11-04 19:38:59_
--------
*a7ec86a94fed6ee5bc40b5a5f31603ad*
`登陆天数: 9天 / 1574天
等级: 130
石头: 1723
呼符: 118
体力: 1591.69 / 138
友情点: 0 / 1263615`
*連続ログイン2日目
※ログインが途切れるか、7日到達すると
1日目から再開されます*
`聖晶石 X 1
11月交換券(2024) X 1
`*秋の戦力増強キャンペーン特別ログインボーナス！*
*開催期間中、1日1回 最大7回 ログインボーナスをプレゼント！*
`QP X 3000000
`_2024-11-04 19:39:07_
--------
*bbf383f98d451f7ee9a8fe3ea80d8581*
`登陆天数: 9天 / 1329天
等级: 130
石头: 422
呼符: 110
体力: 25065.496666666666 / 138
友情点: 0 / 1136650`
*連続ログイン2日目
※ログインが途切れるか、7日到達すると
1日目から再開されます*
`聖晶石 X 1
11月交換券(2024) X 1
`*秋の戦力増強キャンペーン特別ログインボーナス！*
*開催期間中、1日1回 最大7回 ログインボーナスをプレゼント！*
`叡智の業火 X 3
`_2024-11-04 19:39:15_
--------
*6952ab84039f401d88fdace3995567c3*
`登陆天数: 9天 / 1679天
等级: 129
石头: 2326
呼符: 178
体力: 1360.6933333333334 / 138
友情点: 0 / 1310555`
*連続ログイン2日目
※ログインが途切れるか、7日到達すると
1日目から再開されます*
`聖晶石 X 1
11月交換券(2024) X 1
`*秋の戦力増強キャンペーン特別ログインボーナス！*
*開催期間中、1日1回 最大7回 ログインボーナスをプレゼント！*
`叡智の業火 X 3
`_2024-11-04 19:39:24_
--------
*f4190598ed5a11b432712f1a3492fc95*
`登陆天数: 9天 / 1666天
等级: 129
石头: 4618
呼符: 179
体力: 1422.3266666666666 / 138
友情点: 0 / 1313965`
*連続ログイン2日目
※ログインが途切れるか、7日到達すると
1日目から再開されます*
`聖晶石 X 1
11月交換券(2024) X 1
`*秋の戦力増強キャンペーン特別ログインボーナス！*
*開催期間中、1日1回 最大7回 ログインボーナスをプレゼント！*
`QP X 3000000
`_2024-11-04 19:39:32_
--------
*8499833a8d0db047b863753fa1cc6a33*
`登陆天数: 9天 / 1743天
等级: 129
石头: 2959
呼符: 43
体力: 1300.9266666666667 / 138
友情点: 0 / 1412130`
*連続ログイン2日目
※ログインが途切れるか、7日到達すると
1日目から再開されます*
`聖晶石 X 1
11月交換券(2024) X 1
`*秋の戦力増強キャンペーン特別ログインボーナス！*
*開催期間中、1日1回 最大7回 ログインボーナスをプレゼント！*
`叡智の業火 X 3
`_2024-11-04 19:39:40_
--------
*c8249ad552514fb0368836ab2b047039*
`登陆天数: 9天 / 1280天
等级: 141
石头: 1
呼符: 0
体力: 5909.946666666667 / 140
友情点: 1200 / 51510650`
*連続ログイン2日目
※ログインが途切れるか、7日到達すると
1日目から再開されます*
`聖晶石 X 1
11月交換券(2024) X 1
`*秋の戦力増強キャンペーン特別ログインボーナス！*
*開催期間中、1日1回 最大7回 ログインボーナスをプレゼント！*
`叡智の業火 X 3
`_2024-11-04 19:39:48_
--------
*e01aa16bffb0c37d734c26ca264473d5*
`登陆天数: 9天 / 1384天
等级: 130
石头: 2506
呼符: 207
体力: 1257.2 / 138
友情点: 0 / 1273360`
*連続ログイン2日目
※ログインが途切れるか、7日到達すると
1日目から再開されます*
`聖晶石 X 1
11月交換券(2024) X 1
`*秋の戦力増強キャンペーン特別ログインボーナス！*
*開催期間中、1日1回 最大7回 ログインボーナスをプレゼント！*
`叡智の業火 X 3
`_2024-11-04 19:39:57_
--------
*144293b7027c86afe078a3362aa860ff*
`登陆天数: 10天 / 1679天
等级: 136
石头: 952
呼符: 29
体力: 2636.7933333333335 / 139
友情点: 0 / 10041940`
*連続ログイン3日目
※ログインが途切れるか、7日到達すると
1日目から再開されます*
`叡智の業火 X 1
11月交換券(2024) X 1
`*秋の戦力増強キャンペーン特別ログインボーナス！*
*開催期間中、1日1回 最大7回 ログインボーナスをプレゼント！*
`叡智の業火 X 3
`_2024-11-04 19:40:05_
--------
*04879fc63f393a018be80fc13f96edb5*
`登陆天数: 9天 / 1582天
等级: 129
石头: 4446
呼符: 8
体力: 1634.1166666666666 / 138
友情点: 0 / 102325`
*連続ログイン2日目
※ログインが途切れるか、7日到達すると
1日目から再開されます*
`聖晶石 X 1
11月交換券(2024) X 1
`*秋の戦力増強キャンペーン特別ログインボーナス！*
*開催期間中、1日1回 最大7回 ログインボーナスをプレゼント！*
`叡智の業火 X 3
`_2024-11-04 19:40:12_
--------
*d17e065a91cb6e0f11571ec8f43b666b*
`登陆天数: 9天 / 1690天
等级: 129
石头: 3672
呼符: 179
体力: 1348.0866666666666 / 138
友情点: 0 / 1287940`
*連続ログイン2日目
※ログインが途切れるか、7日到達すると
1日目から再開されます*
`聖晶石 X 1
11月交換券(2024) X 1
`*秋の戦力増強キャンペーン特別ログインボーナス！*
*開催期間中、1日1回 最大7回 ログインボーナスをプレゼント！*
`叡智の業火 X 3
`_2024-11-04 19:40:21_
--------
*0bbab0884955053991437f8efd36402f*
`登陆天数: 9天 / 1670天
等级: 130
石头: 5
呼符: 62
体力: 1609.55 / 138
友情点: 0 / 1282955`
*連続ログイン2日目
※ログインが途切れるか、7日到達すると
1日目から再開されます*
`聖晶石 X 1
11月交換券(2024) X 1
`*秋の戦力増強キャンペーン特別ログインボーナス！*
*開催期間中、1日1回 最大7回 ログインボーナスをプレゼント！*
`QP X 3000000
`_2024-11-04 19:40:29_
--------
*34115a9719eec68deb9a8d3ab142781c*
`登陆天数: 9天 / 1606天
等级: 130
石头: 521
呼符: 131
体力: 5372.793333333333 / 138
友情点: 0 / 1257875`
*連続ログイン2日目
※ログインが途切れるか、7日到達すると
1日目から再開されます*
`聖晶石 X 1
11月交換券(2024) X 1
`*秋の戦力増強キャンペーン特別ログインボーナス！*
*開催期間中、1日1回 最大7回 ログインボーナスをプレゼント！*
`QP X 3000000
`_2024-11-04 19:40:38_
--------
*70b2289bba4e0d1155fd4ef04388170d*
`登陆天数: 9天 / 1561天
等级: 129
石头: 5556
呼符: 9
体力: 46416.45333333333 / 138
友情点: 0 / 1283825`
*連続ログイン2日目
※ログインが途切れるか、7日到達すると
1日目から再開されます*
`聖晶石 X 1
11月交換券(2024) X 1
`*秋の戦力増強キャンペーン特別ログインボーナス！*
*開催期間中、1日1回 最大7回 ログインボーナスをプレゼント！*
`叡智の業火 X 3
`_2024-11-04 19:40:46_
--------
*7441a04aa81b6170993926c1238db6d9*
`登陆天数: 9天 / 1358天
等级: 130
石头: 1326
呼符: 113
体力: 25103.743333333332 / 138
友情点: 0 / 1275610`
*連続ログイン2日目
※ログインが途切れるか、7日到達すると
1日目から再開されます*
`聖晶石 X 1
11月交換券(2024) X 1
`*秋の戦力増強キャンペーン特別ログインボーナス！*
*開催期間中、1日1回 最大7回 ログインボーナスをプレゼント！*
`叡智の業火 X 3
`_2024-11-04 19:40:54_
--------
*14cbcebb250ccfe7f7975a441906ddb0*
`登陆天数: 9天 / 1656天
等级: 130
石头: 2380
呼符: 113
体力: 10906.18 / 138
友情点: 0 / 1443480`
*連続ログイン2日目
※ログインが途切れるか、7日到達すると
1日目から再開されます*
`聖晶石 X 1
11月交換券(2024) X 1
`*秋の戦力増強キャンペーン特別ログインボーナス！*
*開催期間中、1日1回 最大7回 ログインボーナスをプレゼント！*
`叡智の業火 X 3
`_2024-11-04 19:41:02_
--------
*9f1de3d706b8e33c8eba4599743daf29*
`登陆天数: 9天 / 718天
等级: 78
石头: 216
呼符: 15
体力: 164.30333333333334 / 103
友情点: 0 / 60095`
*連続ログイン2日目
※ログインが途切れるか、7日到達すると
1日目から再開されます*
`聖晶石 X 1
11月交換券(2024) X 1
`*秋の戦力増強キャンペーン特別ログインボーナス！*
*開催期間中、1日1回 最大7回 ログインボーナスをプレゼント！*
`叡智の業火 X 3
`_2024-11-04 19:41:10_
--------
