【登录信息】
*a5b5d04878ef92ec9f2a1ae7db2d2ac6*
`登陆天数: 10天 / 1625天
等级: 132
石头: 520
呼符: 208
体力: 1908.16 / 138
友情点: 0 / 1343125`
*連続ログイン3日目
※ログインが途切れるか、7日到達すると
1日目から再開されます*
`叡智の業火 X 1
11月交換券(2024) X 1
`*秋の戦力増強キャンペーン特別ログインボーナス！*
*開催期間中、1日1回 最大7回 ログインボーナスをプレゼント！*
`QP X 3000000
`_2024-11-05 19:39:56_
--------
*35fbc6cbbb563a0d5605fd0d482ec707*
`登陆天数: 12天 / 1672天
等级: 134
石头: 443
呼符: 174
体力: 627.4333333333334 / 139
友情点: 0 / 337440`
*連続ログイン5日目
※ログインが途切れるか、7日到達すると
1日目から再開されます*
`叡智の業火 X 2
11月交換券(2024) X 1
`*秋の戦力増強キャンペーン特別ログインボーナス！*
*開催期間中、1日1回 最大7回 ログインボーナスをプレゼント！*
`QP X 3000000
`_2024-11-05 19:40:04_
--------
*823ed9cd51e0b8500cc709c9db83a2f5*
`登陆天数: 10天 / 1563天
等级: 130
石头: 994
呼符: 108
体力: 1887.6933333333334 / 138
友情点: 0 / 1256500`
*連続ログイン3日目
※ログインが途切れるか、7日到達すると
1日目から再開されます*
`叡智の業火 X 1
11月交換券(2024) X 1
`_2024-11-05 19:40:13_
--------
*aa68f2ee631b12e5f4263cccbc2b4f84*
`登陆天数: 10天 / 1356天
等级: 128
石头: 121
呼符: 5
体力: 71349.41333333333 / 137
友情点: 0 / 1236570`
*連続ログイン3日目
※ログインが途切れるか、7日到達すると
1日目から再開されます*
`叡智の業火 X 1
11月交換券(2024) X 1
`*秋の戦力増強キャンペーン特別ログインボーナス！*
*開催期間中、1日1回 最大7回 ログインボーナスをプレゼント！*
`QP X 3000000
`_2024-11-05 19:40:21_
--------
*a7ec86a94fed6ee5bc40b5a5f31603ad*
`登陆天数: 10天 / 1575天
等级: 130
石头: 1723
呼符: 118
体力: 1879.9666666666667 / 138
友情点: 0 / 1263615`
*連続ログイン3日目
※ログインが途切れるか、7日到達すると
1日目から再開されます*
`叡智の業火 X 1
11月交換券(2024) X 1
`_2024-11-05 19:40:29_
--------
*bbf383f98d451f7ee9a8fe3ea80d8581*
`登陆天数: 10天 / 1330天
等级: 130
石头: 422
呼符: 110
体力: 25353.773333333334 / 138
友情点: 0 / 1136650`
*連続ログイン3日目
※ログインが途切れるか、7日到達すると
1日目から再開されます*
`叡智の業火 X 1
11月交換券(2024) X 1
`*秋の戦力増強キャンペーン特別ログインボーナス！*
*開催期間中、1日1回 最大7回 ログインボーナスをプレゼント！*
`QP X 3000000
`_2024-11-05 19:40:38_
--------
*6952ab84039f401d88fdace3995567c3*
`登陆天数: 10天 / 1680天
等级: 129
石头: 2326
呼符: 178
体力: 1648.9733333333334 / 138
友情点: 0 / 1310555`
*連続ログイン3日目
※ログインが途切れるか、7日到達すると
1日目から再開されます*
`叡智の業火 X 1
11月交換券(2024) X 1
`*秋の戦力増強キャンペーン特別ログインボーナス！*
*開催期間中、1日1回 最大7回 ログインボーナスをプレゼント！*
`QP X 3000000
`_2024-11-05 19:40:47_
--------
*f4190598ed5a11b432712f1a3492fc95*
`登陆天数: 10天 / 1667天
等级: 129
石头: 4618
呼符: 179
体力: 1710.6066666666666 / 138
友情点: 0 / 1313965`
*連続ログイン3日目
※ログインが途切れるか、7日到達すると
1日目から再開されます*
`叡智の業火 X 1
11月交換券(2024) X 1
`_2024-11-05 19:40:56_
--------
*8499833a8d0db047b863753fa1cc6a33*
`登陆天数: 10天 / 1744天
等级: 129
石头: 2959
呼符: 43
体力: 1589.21 / 138
友情点: 0 / 1412130`
*連続ログイン3日目
※ログインが途切れるか、7日到達すると
1日目から再開されます*
`叡智の業火 X 1
11月交換券(2024) X 1
`*秋の戦力増強キャンペーン特別ログインボーナス！*
*開催期間中、1日1回 最大7回 ログインボーナスをプレゼント！*
`QP X 3000000
`_2024-11-05 19:41:04_
--------
*c8249ad552514fb0368836ab2b047039*
`登陆天数: 10天 / 1281天
等级: 141
石头: 1
呼符: 0
体力: 6198.233333333334 / 140
友情点: 10 / 51510660`
*連続ログイン3日目
※ログインが途切れるか、7日到達すると
1日目から再開されます*
`叡智の業火 X 1
11月交換券(2024) X 1
`*秋の戦力増強キャンペーン特別ログインボーナス！*
*開催期間中、1日1回 最大7回 ログインボーナスをプレゼント！*
`QP X 3000000
`_2024-11-05 19:41:13_
--------
*e01aa16bffb0c37d734c26ca264473d5*
`登陆天数: 10天 / 1385天
等级: 130
石头: 2506
呼符: 207
体力: 1545.4866666666667 / 138
友情点: 0 / 1273360`
*連続ログイン3日目
※ログインが途切れるか、7日到達すると
1日目から再開されます*
`叡智の業火 X 1
11月交換券(2024) X 1
`*秋の戦力増強キャンペーン特別ログインボーナス！*
*開催期間中、1日1回 最大7回 ログインボーナスをプレゼント！*
`QP X 3000000
`_2024-11-05 19:41:22_
--------
*144293b7027c86afe078a3362aa860ff*
`登陆天数: 11天 / 1680天
等级: 136
石头: 952
呼符: 29
体力: 2925.08 / 139
友情点: 10 / 10041950`
*連続ログイン4日目
※ログインが途切れるか、7日到達すると
1日目から再開されます*
`聖晶石 X 1
11月交換券(2024) X 1
`*秋の戦力増強キャンペーン特別ログインボーナス！*
*開催期間中、1日1回 最大7回 ログインボーナスをプレゼント！*
`QP X 3000000
`_2024-11-05 19:41:30_
--------
*04879fc63f393a018be80fc13f96edb5*
`登陆天数: 10天 / 1583天
等级: 129
石头: 4446
呼符: 8
体力: 1922.4033333333334 / 138
友情点: 0 / 102325`
*連続ログイン3日目
※ログインが途切れるか、7日到達すると
1日目から再開されます*
`叡智の業火 X 1
11月交換券(2024) X 1
`*秋の戦力増強キャンペーン特別ログインボーナス！*
*開催期間中、1日1回 最大7回 ログインボーナスをプレゼント！*
`QP X 3000000
`_2024-11-05 19:41:39_
--------
*d17e065a91cb6e0f11571ec8f43b666b*
`登陆天数: 10天 / 1691天
等级: 129
石头: 3672
呼符: 179
体力: 1636.3766666666668 / 138
友情点: 0 / 1287940`
*連続ログイン3日目
※ログインが途切れるか、7日到達すると
1日目から再開されます*
`叡智の業火 X 1
11月交換券(2024) X 1
`*秋の戦力増強キャンペーン特別ログインボーナス！*
*開催期間中、1日1回 最大7回 ログインボーナスをプレゼント！*
`QP X 3000000
`_2024-11-05 19:41:47_
--------
*0bbab0884955053991437f8efd36402f*
`登陆天数: 10天 / 1671天
等级: 130
石头: 5
呼符: 62
体力: 1897.84 / 138
友情点: 0 / 1282955`
*連続ログイン3日目
※ログインが途切れるか、7日到達すると
1日目から再開されます*
`叡智の業火 X 1
11月交換券(2024) X 1
`_2024-11-05 19:41:56_
--------
*34115a9719eec68deb9a8d3ab142781c*
`登陆天数: 10天 / 1607天
等级: 130
石头: 521
呼符: 131
体力: 5661.086666666667 / 138
友情点: 0 / 1257875`
*連続ログイン3日目
※ログインが途切れるか、7日到達すると
1日目から再開されます*
`叡智の業火 X 1
11月交換券(2024) X 1
`_2024-11-05 19:42:05_
--------
*70b2289bba4e0d1155fd4ef04388170d*
`登陆天数: 10天 / 1562天
等级: 129
石头: 5556
呼符: 9
体力: 46704.746666666666 / 138
友情点: 0 / 1283825`
*連続ログイン3日目
※ログインが途切れるか、7日到達すると
1日目から再開されます*
`叡智の業火 X 1
11月交換券(2024) X 1
`*秋の戦力増強キャンペーン特別ログインボーナス！*
*開催期間中、1日1回 最大7回 ログインボーナスをプレゼント！*
`QP X 3000000
`_2024-11-05 19:42:14_
--------
*7441a04aa81b6170993926c1238db6d9*
`登陆天数: 10天 / 1359天
等级: 130
石头: 1326
呼符: 113
体力: 25392.04 / 138
友情点: 0 / 1275610`
*連続ログイン3日目
※ログインが途切れるか、7日到達すると
1日目から再開されます*
`叡智の業火 X 1
11月交換券(2024) X 1
`*秋の戦力増強キャンペーン特別ログインボーナス！*
*開催期間中、1日1回 最大7回 ログインボーナスをプレゼント！*
`QP X 3000000
`_2024-11-05 19:42:22_
--------
*14cbcebb250ccfe7f7975a441906ddb0*
`登陆天数: 10天 / 1657天
等级: 130
石头: 2380
呼符: 113
体力: 11194.476666666667 / 138
友情点: 0 / 1443480`
*連続ログイン3日目
※ログインが途切れるか、7日到達すると
1日目から再開されます*
`叡智の業火 X 1
11月交換券(2024) X 1
`*秋の戦力増強キャンペーン特別ログインボーナス！*
*開催期間中、1日1回 最大7回 ログインボーナスをプレゼント！*
`QP X 3000000
`_2024-11-05 19:42:31_
--------
*9f1de3d706b8e33c8eba4599743daf29*
`登陆天数: 10天 / 719天
等级: 78
石头: 216
呼符: 15
体力: 452.60333333333335 / 103
友情点: 0 / 60095`
*連続ログイン3日目
※ログインが途切れるか、7日到達すると
1日目から再開されます*
`叡智の業火 X 1
11月交換券(2024) X 1
`*秋の戦力増強キャンペーン特別ログインボーナス！*
*開催期間中、1日1回 最大7回 ログインボーナスをプレゼント！*
`QP X 3000000
`_2024-11-05 19:42:40_
--------
