【登录信息】
*a5b5d04878ef92ec9f2a1ae7db2d2ac6*
`登陆天数: 11天 / 1626天
等级: 132
石头: 520
呼符: 208
体力: 2195.98 / 138
友情点: 0 / 1343125`
*連続ログイン4日目
※ログインが途切れるか、7日到達すると
1日目から再開されます*
`聖晶石 X 1
11月交換券(2024) X 1
`*「ぶち壊せ！ ミステリーハウス・クラフターズ ～星の鉱員と日の出の翼～」開幕直前特別ログインボーナス*
*開催期間中、1日1回 最大7回 ログインボーナスをプレゼント！*
`聖晶石 X 1
`_2024-11-06 19:39:02_
--------
*35fbc6cbbb563a0d5605fd0d482ec707*
`登陆天数: 13天 / 1673天
等级: 134
石头: 443
呼符: 174
体力: 915.25 / 139
友情点: 0 / 337440`
*連続ログイン6日目
※ログインが途切れるか、7日到達すると
1日目から再開されます*
`聖晶石 X 2
11月交換券(2024) X 1
`*「ぶち壊せ！ ミステリーハウス・クラフターズ ～星の鉱員と日の出の翼～」開幕直前特別ログインボーナス*
*開催期間中、1日1回 最大7回 ログインボーナスをプレゼント！*
`聖晶石 X 1
`_2024-11-06 19:39:10_
--------
*823ed9cd51e0b8500cc709c9db83a2f5*
`登陆天数: 11天 / 1564天
等级: 130
石头: 994
呼符: 108
体力: 2175.51 / 138
友情点: 0 / 1256500`
*連続ログイン4日目
※ログインが途切れるか、7日到達すると
1日目から再開されます*
`聖晶石 X 1
11月交換券(2024) X 1
`*「ぶち壊せ！ ミステリーハウス・クラフターズ ～星の鉱員と日の出の翼～」開幕直前特別ログインボーナス*
*開催期間中、1日1回 最大7回 ログインボーナスをプレゼント！*
`聖晶石 X 1
`_2024-11-06 19:39:18_
--------
*aa68f2ee631b12e5f4263cccbc2b4f84*
`登陆天数: 11天 / 1357天
等级: 128
石头: 121
呼符: 5
体力: 71637.23 / 137
友情点: 0 / 1236570`
*連続ログイン4日目
※ログインが途切れるか、7日到達すると
1日目から再開されます*
`聖晶石 X 1
11月交換券(2024) X 1
`*「ぶち壊せ！ ミステリーハウス・クラフターズ ～星の鉱員と日の出の翼～」開幕直前特別ログインボーナス*
*開催期間中、1日1回 最大7回 ログインボーナスをプレゼント！*
`聖晶石 X 1
`_2024-11-06 19:39:26_
--------
*a7ec86a94fed6ee5bc40b5a5f31603ad*
`登陆天数: 11天 / 1576天
等级: 130
石头: 1723
呼符: 118
体力: 2167.7799999999997 / 138
友情点: 0 / 1263615`
*連続ログイン4日目
※ログインが途切れるか、7日到達すると
1日目から再開されます*
`聖晶石 X 1
11月交換券(2024) X 1
`*「ぶち壊せ！ ミステリーハウス・クラフターズ ～星の鉱員と日の出の翼～」開幕直前特別ログインボーナス*
*開催期間中、1日1回 最大7回 ログインボーナスをプレゼント！*
`聖晶石 X 1
`_2024-11-06 19:39:34_
--------
*bbf383f98d451f7ee9a8fe3ea80d8581*
`登陆天数: 11天 / 1331天
等级: 130
石头: 422
呼符: 110
体力: 25641.59 / 138
友情点: 0 / 1136650`
*連続ログイン4日目
※ログインが途切れるか、7日到達すると
1日目から再開されます*
`聖晶石 X 1
11月交換券(2024) X 1
`*「ぶち壊せ！ ミステリーハウス・クラフターズ ～星の鉱員と日の出の翼～」開幕直前特別ログインボーナス*
*開催期間中、1日1回 最大7回 ログインボーナスをプレゼント！*
`聖晶石 X 1
`_2024-11-06 19:39:43_
--------
*6952ab84039f401d88fdace3995567c3*
`登陆天数: 11天 / 1681天
等级: 129
石头: 2326
呼符: 178
体力: 1936.7866666666666 / 138
友情点: 0 / 1310555`
*連続ログイン4日目
※ログインが途切れるか、7日到達すると
1日目から再開されます*
`聖晶石 X 1
11月交換券(2024) X 1
`*「ぶち壊せ！ ミステリーハウス・クラフターズ ～星の鉱員と日の出の翼～」開幕直前特別ログインボーナス*
*開催期間中、1日1回 最大7回 ログインボーナスをプレゼント！*
`聖晶石 X 1
`_2024-11-06 19:39:51_
--------
*f4190598ed5a11b432712f1a3492fc95*
`登陆天数: 11天 / 1668天
等级: 129
石头: 4618
呼符: 179
体力: 1998.4166666666667 / 138
友情点: 0 / 1313965`
*連続ログイン4日目
※ログインが途切れるか、7日到達すると
1日目から再開されます*
`聖晶石 X 1
11月交換券(2024) X 1
`*「ぶち壊せ！ ミステリーハウス・クラフターズ ～星の鉱員と日の出の翼～」開幕直前特別ログインボーナス*
*開催期間中、1日1回 最大7回 ログインボーナスをプレゼント！*
`聖晶石 X 1
`_2024-11-06 19:39:59_
--------
*8499833a8d0db047b863753fa1cc6a33*
`登陆天数: 11天 / 1745天
等级: 129
石头: 2959
呼符: 43
体力: 1877.02 / 138
友情点: 0 / 1412130`
*連続ログイン4日目
※ログインが途切れるか、7日到達すると
1日目から再開されます*
`聖晶石 X 1
11月交換券(2024) X 1
`*「ぶち壊せ！ ミステリーハウス・クラフターズ ～星の鉱員と日の出の翼～」開幕直前特別ログインボーナス*
*開催期間中、1日1回 最大7回 ログインボーナスをプレゼント！*
`聖晶石 X 1
`_2024-11-06 19:40:07_
--------
*c8249ad552514fb0368836ab2b047039*
`登陆天数: 11天 / 1282天
等级: 141
石头: 11
呼符: 0
体力: 6486.04 / 140
友情点: 350 / 51511160`
*連続ログイン4日目
※ログインが途切れるか、7日到達すると
1日目から再開されます*
`聖晶石 X 1
11月交換券(2024) X 1
`*「ぶち壊せ！ ミステリーハウス・クラフターズ ～星の鉱員と日の出の翼～」開幕直前特別ログインボーナス*
*開催期間中、1日1回 最大7回 ログインボーナスをプレゼント！*
`聖晶石 X 1
`_2024-11-06 19:40:16_
--------
*e01aa16bffb0c37d734c26ca264473d5*
`登陆天数: 11天 / 1386天
等级: 130
石头: 2506
呼符: 207
体力: 1833.2933333333333 / 138
友情点: 0 / 1273360`
*連続ログイン4日目
※ログインが途切れるか、7日到達すると
1日目から再開されます*
`聖晶石 X 1
11月交換券(2024) X 1
`*「ぶち壊せ！ ミステリーハウス・クラフターズ ～星の鉱員と日の出の翼～」開幕直前特別ログインボーナス*
*開催期間中、1日1回 最大7回 ログインボーナスをプレゼント！*
`聖晶石 X 1
`_2024-11-06 19:40:24_
--------
*144293b7027c86afe078a3362aa860ff*
`登陆天数: 12天 / 1681天
等级: 136
石头: 952
呼符: 29
体力: 3212.8866666666668 / 139
友情点: 0 / 10041950`
*連続ログイン5日目
※ログインが途切れるか、7日到達すると
1日目から再開されます*
`叡智の業火 X 2
11月交換券(2024) X 1
`*「ぶち壊せ！ ミステリーハウス・クラフターズ ～星の鉱員と日の出の翼～」開幕直前特別ログインボーナス*
*開催期間中、1日1回 最大7回 ログインボーナスをプレゼント！*
`聖晶石 X 1
`_2024-11-06 19:40:32_
--------
*04879fc63f393a018be80fc13f96edb5*
`登陆天数: 11天 / 1584天
等级: 129
石头: 4446
呼符: 8
体力: 2210.21 / 138
友情点: 0 / 102325`
*連続ログイン4日目
※ログインが途切れるか、7日到達すると
1日目から再開されます*
`聖晶石 X 1
11月交換券(2024) X 1
`*「ぶち壊せ！ ミステリーハウス・クラフターズ ～星の鉱員と日の出の翼～」開幕直前特別ログインボーナス*
*開催期間中、1日1回 最大7回 ログインボーナスをプレゼント！*
`聖晶石 X 1
`_2024-11-06 19:40:40_
--------
*d17e065a91cb6e0f11571ec8f43b666b*
`登陆天数: 11天 / 1692天
等级: 129
石头: 3672
呼符: 179
体力: 1924.18 / 138
友情点: 0 / 1287940`
*連続ログイン4日目
※ログインが途切れるか、7日到達すると
1日目から再開されます*
`聖晶石 X 1
11月交換券(2024) X 1
`*「ぶち壊せ！ ミステリーハウス・クラフターズ ～星の鉱員と日の出の翼～」開幕直前特別ログインボーナス*
*開催期間中、1日1回 最大7回 ログインボーナスをプレゼント！*
`聖晶石 X 1
`_2024-11-06 19:40:49_
--------
*0bbab0884955053991437f8efd36402f*
`登陆天数: 11天 / 1672天
等级: 130
石头: 5
呼符: 62
体力: 2185.6400000000003 / 138
友情点: 0 / 1282955`
*連続ログイン4日目
※ログインが途切れるか、7日到達すると
1日目から再開されます*
`聖晶石 X 1
11月交換券(2024) X 1
`*「ぶち壊せ！ ミステリーハウス・クラフターズ ～星の鉱員と日の出の翼～」開幕直前特別ログインボーナス*
*開催期間中、1日1回 最大7回 ログインボーナスをプレゼント！*
`聖晶石 X 1
`_2024-11-06 19:40:57_
--------
*34115a9719eec68deb9a8d3ab142781c*
`登陆天数: 11天 / 1608天
等级: 130
石头: 521
呼符: 131
体力: 5948.886666666666 / 138
友情点: 0 / 1257875`
*連続ログイン4日目
※ログインが途切れるか、7日到達すると
1日目から再開されます*
`聖晶石 X 1
11月交換券(2024) X 1
`*「ぶち壊せ！ ミステリーハウス・クラフターズ ～星の鉱員と日の出の翼～」開幕直前特別ログインボーナス*
*開催期間中、1日1回 最大7回 ログインボーナスをプレゼント！*
`聖晶石 X 1
`_2024-11-06 19:41:06_
--------
*70b2289bba4e0d1155fd4ef04388170d*
`登陆天数: 11天 / 1563天
等级: 129
石头: 5556
呼符: 9
体力: 46992.54666666667 / 138
友情点: 0 / 1283825`
*連続ログイン4日目
※ログインが途切れるか、7日到達すると
1日目から再開されます*
`聖晶石 X 1
11月交換券(2024) X 1
`*「ぶち壊せ！ ミステリーハウス・クラフターズ ～星の鉱員と日の出の翼～」開幕直前特別ログインボーナス*
*開催期間中、1日1回 最大7回 ログインボーナスをプレゼント！*
`聖晶石 X 1
`_2024-11-06 19:41:14_
--------
*7441a04aa81b6170993926c1238db6d9*
`登陆天数: 11天 / 1360天
等级: 130
石头: 1326
呼符: 113
体力: 25679.836666666666 / 138
友情点: 0 / 1275610`
*連続ログイン4日目
※ログインが途切れるか、7日到達すると
1日目から再開されます*
`聖晶石 X 1
11月交換券(2024) X 1
`*「ぶち壊せ！ ミステリーハウス・クラフターズ ～星の鉱員と日の出の翼～」開幕直前特別ログインボーナス*
*開催期間中、1日1回 最大7回 ログインボーナスをプレゼント！*
`聖晶石 X 1
`_2024-11-06 19:41:22_
--------
*14cbcebb250ccfe7f7975a441906ddb0*
`登陆天数: 11天 / 1658天
等级: 130
石头: 2380
呼符: 113
体力: 11482.273333333333 / 138
友情点: 0 / 1443480`
*連続ログイン4日目
※ログインが途切れるか、7日到達すると
1日目から再開されます*
`聖晶石 X 1
11月交換券(2024) X 1
`*「ぶち壊せ！ ミステリーハウス・クラフターズ ～星の鉱員と日の出の翼～」開幕直前特別ログインボーナス*
*開催期間中、1日1回 最大7回 ログインボーナスをプレゼント！*
`聖晶石 X 1
`_2024-11-06 19:41:30_
--------
*9f1de3d706b8e33c8eba4599743daf29*
`登陆天数: 11天 / 720天
等级: 80
石头: 230
呼符: 15
体力: 315.6333333333333 / 105
友情点: 0 / 60595`
*連続ログイン4日目
※ログインが途切れるか、7日到達すると
1日目から再開されます*
`聖晶石 X 1
11月交換券(2024) X 1
`*「ぶち壊せ！ ミステリーハウス・クラフターズ ～星の鉱員と日の出の翼～」開幕直前特別ログインボーナス*
*開催期間中、1日1回 最大7回 ログインボーナスをプレゼント！*
`聖晶石 X 1
`_2024-11-06 19:41:38_
--------
