【登录信息】
*a5b5d04878ef92ec9f2a1ae7db2d2ac6*
`登陆天数: 14天 / 1629天
等级: 132
石头: 520
呼符: 208
体力: 3059.83 / 138
友情点: 0 / 1343125`
*連続ログイン7日間到達おめでとうございます！
明日は1日目からリスタートされます。*
`獣の足跡 X 1
呼符 X 1
11月交換券(2024) X 1
`*「ぶち壊せ！ ミステリーハウス・クラフターズ ～星の鉱員と日の出の翼～」開幕直前特別ログインボーナス*
*開催期間中、1日1回 最大7回 ログインボーナスをプレゼント！*
`黄金の果実 X 1
`_2024-11-09 19:38:17_
--------
*35fbc6cbbb563a0d5605fd0d482ec707*
`登陆天数: 16天 / 1676天
等级: 134
石头: 447
呼符: 175
体力: 60.31999999999999 / 139
友情点: 0 / 337495`
*連続ログイン2日目
※ログインが途切れるか、7日到達すると
1日目から再開されます*
`聖晶石 X 1
11月交換券(2024) X 1
`*「ぶち壊せ！ ミステリーハウス・クラフターズ ～星の鉱員と日の出の翼～」開幕直前特別ログインボーナス*
*開催期間中、1日1回 最大7回 ログインボーナスをプレゼント！*
`黄金の果実 X 1
`_2024-11-09 19:38:25_
--------
*823ed9cd51e0b8500cc709c9db83a2f5*
`登陆天数: 14天 / 1567天
等级: 130
石头: 994
呼符: 108
体力: 3039.3633333333332 / 138
友情点: 0 / 1256500`
*連続ログイン7日間到達おめでとうございます！
明日は1日目からリスタートされます。*
`獣の足跡 X 1
呼符 X 1
11月交換券(2024) X 1
`*「ぶち壊せ！ ミステリーハウス・クラフターズ ～星の鉱員と日の出の翼～」開幕直前特別ログインボーナス*
*開催期間中、1日1回 最大7回 ログインボーナスをプレゼント！*
`黄金の果実 X 1
`_2024-11-09 19:38:34_
--------
*aa68f2ee631b12e5f4263cccbc2b4f84*
`登陆天数: 14天 / 1360天
等级: 128
石头: 121
呼符: 5
体力: 72501.08333333333 / 137
友情点: 0 / 1236570`
*連続ログイン7日間到達おめでとうございます！
明日は1日目からリスタートされます。*
`獣の足跡 X 1
呼符 X 1
11月交換券(2024) X 1
`*「ぶち壊せ！ ミステリーハウス・クラフターズ ～星の鉱員と日の出の翼～」開幕直前特別ログインボーナス*
*開催期間中、1日1回 最大7回 ログインボーナスをプレゼント！*
`黄金の果実 X 1
`_2024-11-09 19:38:42_
--------
*a7ec86a94fed6ee5bc40b5a5f31603ad*
`登陆天数: 14天 / 1579天
等级: 130
石头: 1723
呼符: 118
体力: 3031.6366666666668 / 138
友情点: 0 / 1263615`
*連続ログイン7日間到達おめでとうございます！
明日は1日目からリスタートされます。*
`獣の足跡 X 1
呼符 X 1
11月交換券(2024) X 1
`*「ぶち壊せ！ ミステリーハウス・クラフターズ ～星の鉱員と日の出の翼～」開幕直前特別ログインボーナス*
*開催期間中、1日1回 最大7回 ログインボーナスをプレゼント！*
`黄金の果実 X 1
`_2024-11-09 19:38:51_
--------
*bbf383f98d451f7ee9a8fe3ea80d8581*
`登陆天数: 14天 / 1334天
等级: 130
石头: 422
呼符: 110
体力: 26505.446666666667 / 138
友情点: 0 / 1136650`
*連続ログイン7日間到達おめでとうございます！
明日は1日目からリスタートされます。*
`獣の足跡 X 1
呼符 X 1
11月交換券(2024) X 1
`*「ぶち壊せ！ ミステリーハウス・クラフターズ ～星の鉱員と日の出の翼～」開幕直前特別ログインボーナス*
*開催期間中、1日1回 最大7回 ログインボーナスをプレゼント！*
`黄金の果実 X 1
`_2024-11-09 19:39:00_
--------
*6952ab84039f401d88fdace3995567c3*
`登陆天数: 14天 / 1684天
等级: 129
石头: 2326
呼符: 178
体力: 2800.6433333333334 / 138
友情点: 0 / 1310555`
*連続ログイン7日間到達おめでとうございます！
明日は1日目からリスタートされます。*
`獣の足跡 X 1
呼符 X 1
11月交換券(2024) X 1
`*「ぶち壊せ！ ミステリーハウス・クラフターズ ～星の鉱員と日の出の翼～」開幕直前特別ログインボーナス*
*開催期間中、1日1回 最大7回 ログインボーナスをプレゼント！*
`黄金の果実 X 1
`_2024-11-09 19:39:08_
--------
*f4190598ed5a11b432712f1a3492fc95*
`登陆天数: 14天 / 1671天
等级: 129
石头: 4618
呼符: 179
体力: 2862.2766666666666 / 138
友情点: 0 / 1313965`
*連続ログイン7日間到達おめでとうございます！
明日は1日目からリスタートされます。*
`獣の足跡 X 1
呼符 X 1
11月交換券(2024) X 1
`*「ぶち壊せ！ ミステリーハウス・クラフターズ ～星の鉱員と日の出の翼～」開幕直前特別ログインボーナス*
*開催期間中、1日1回 最大7回 ログインボーナスをプレゼント！*
`黄金の果実 X 1
`_2024-11-09 19:39:17_
--------
*8499833a8d0db047b863753fa1cc6a33*
`登陆天数: 14天 / 1748天
等级: 129
石头: 2959
呼符: 43
体力: 2740.88 / 138
友情点: 0 / 1412130`
*連続ログイン7日間到達おめでとうございます！
明日は1日目からリスタートされます。*
`獣の足跡 X 1
呼符 X 1
11月交換券(2024) X 1
`*「ぶち壊せ！ ミステリーハウス・クラフターズ ～星の鉱員と日の出の翼～」開幕直前特別ログインボーナス*
*開催期間中、1日1回 最大7回 ログインボーナスをプレゼント！*
`黄金の果実 X 1
`_2024-11-09 19:39:26_
--------
*c8249ad552514fb0368836ab2b047039*
`登陆天数: 14天 / 1285天
等级: 141
石头: 17
呼符: 1
体力: 7349.903333333334 / 140
友情点: 10 / 51515170`
*連続ログイン7日間到達おめでとうございます！
明日は1日目からリスタートされます。*
`獣の足跡 X 1
呼符 X 1
11月交換券(2024) X 1
`*「ぶち壊せ！ ミステリーハウス・クラフターズ ～星の鉱員と日の出の翼～」開幕直前特別ログインボーナス*
*開催期間中、1日1回 最大7回 ログインボーナスをプレゼント！*
`黄金の果実 X 1
`_2024-11-09 19:39:35_
--------
*e01aa16bffb0c37d734c26ca264473d5*
`登陆天数: 14天 / 1389天
等级: 130
石头: 2506
呼符: 207
体力: 2697.16 / 138
友情点: 0 / 1273360`
*連続ログイン7日間到達おめでとうございます！
明日は1日目からリスタートされます。*
`獣の足跡 X 1
呼符 X 1
11月交換券(2024) X 1
`*「ぶち壊せ！ ミステリーハウス・クラフターズ ～星の鉱員と日の出の翼～」開幕直前特別ログインボーナス*
*開催期間中、1日1回 最大7回 ログインボーナスをプレゼント！*
`黄金の果実 X 1
`_2024-11-09 19:39:43_
--------
*144293b7027c86afe078a3362aa860ff*
`登陆天数: 15天 / 1684天
等级: 136
石头: 952
呼符: 29
体力: 4076.7533333333336 / 139
友情点: 0 / 10041950`
*連続ログイン1日目
※ログインが途切れるか、7日到達すると
1日目から再開されます*
`フレンドポイント X 2000
11月交換券(2024) X 1
`*「ぶち壊せ！ ミステリーハウス・クラフターズ ～星の鉱員と日の出の翼～」開幕直前特別ログインボーナス*
*開催期間中、1日1回 最大7回 ログインボーナスをプレゼント！*
`黄金の果実 X 1
`_2024-11-09 19:39:52_
--------
*04879fc63f393a018be80fc13f96edb5*
`登陆天数: 14天 / 1587天
等级: 129
石头: 4446
呼符: 8
体力: 3074.076666666667 / 138
友情点: 0 / 102325`
*連続ログイン7日間到達おめでとうございます！
明日は1日目からリスタートされます。*
`獣の足跡 X 1
呼符 X 1
11月交換券(2024) X 1
`*「ぶち壊せ！ ミステリーハウス・クラフターズ ～星の鉱員と日の出の翼～」開幕直前特別ログインボーナス*
*開催期間中、1日1回 最大7回 ログインボーナスをプレゼント！*
`黄金の果実 X 1
`_2024-11-09 19:40:00_
--------
*d17e065a91cb6e0f11571ec8f43b666b*
`登陆天数: 14天 / 1695天
等级: 129
石头: 3672
呼符: 179
体力: 2788.0466666666666 / 138
友情点: 0 / 1287940`
*連続ログイン7日間到達おめでとうございます！
明日は1日目からリスタートされます。*
`獣の足跡 X 1
呼符 X 1
11月交換券(2024) X 1
`*「ぶち壊せ！ ミステリーハウス・クラフターズ ～星の鉱員と日の出の翼～」開幕直前特別ログインボーナス*
*開催期間中、1日1回 最大7回 ログインボーナスをプレゼント！*
`黄金の果実 X 1
`_2024-11-09 19:40:09_
--------
*0bbab0884955053991437f8efd36402f*
`登陆天数: 14天 / 1675天
等级: 130
石头: 5
呼符: 62
体力: 3049.51 / 138
友情点: 0 / 1282955`
*連続ログイン7日間到達おめでとうございます！
明日は1日目からリスタートされます。*
`獣の足跡 X 1
呼符 X 1
11月交換券(2024) X 1
`*「ぶち壊せ！ ミステリーハウス・クラフターズ ～星の鉱員と日の出の翼～」開幕直前特別ログインボーナス*
*開催期間中、1日1回 最大7回 ログインボーナスをプレゼント！*
`黄金の果実 X 1
`_2024-11-09 19:40:18_
--------
*34115a9719eec68deb9a8d3ab142781c*
`登陆天数: 14天 / 1611天
等级: 130
石头: 521
呼符: 131
体力: 6812.756666666667 / 138
友情点: 0 / 1257875`
*連続ログイン7日間到達おめでとうございます！
明日は1日目からリスタートされます。*
`獣の足跡 X 1
呼符 X 1
11月交換券(2024) X 1
`*「ぶち壊せ！ ミステリーハウス・クラフターズ ～星の鉱員と日の出の翼～」開幕直前特別ログインボーナス*
*開催期間中、1日1回 最大7回 ログインボーナスをプレゼント！*
`黄金の果実 X 1
`_2024-11-09 19:40:27_
--------
*70b2289bba4e0d1155fd4ef04388170d*
`登陆天数: 14天 / 1566天
等级: 129
石头: 5556
呼符: 9
体力: 47856.42 / 138
友情点: 0 / 1283825`
*連続ログイン7日間到達おめでとうございます！
明日は1日目からリスタートされます。*
`獣の足跡 X 1
呼符 X 1
11月交換券(2024) X 1
`*「ぶち壊せ！ ミステリーハウス・クラフターズ ～星の鉱員と日の出の翼～」開幕直前特別ログインボーナス*
*開催期間中、1日1回 最大7回 ログインボーナスをプレゼント！*
`黄金の果実 X 1
`_2024-11-09 19:40:36_
--------
*7441a04aa81b6170993926c1238db6d9*
`登陆天数: 14天 / 1363天
等级: 130
石头: 1326
呼符: 113
体力: 26543.71 / 138
友情点: 0 / 1275610`
*連続ログイン7日間到達おめでとうございます！
明日は1日目からリスタートされます。*
`獣の足跡 X 1
呼符 X 1
11月交換券(2024) X 1
`*「ぶち壊せ！ ミステリーハウス・クラフターズ ～星の鉱員と日の出の翼～」開幕直前特別ログインボーナス*
*開催期間中、1日1回 最大7回 ログインボーナスをプレゼント！*
`黄金の果実 X 1
`_2024-11-09 19:40:44_
--------
*14cbcebb250ccfe7f7975a441906ddb0*
`登陆天数: 14天 / 1661天
等级: 130
石头: 2380
呼符: 113
体力: 12346.15 / 138
友情点: 0 / 1443480`
*連続ログイン7日間到達おめでとうございます！
明日は1日目からリスタートされます。*
`獣の足跡 X 1
呼符 X 1
11月交換券(2024) X 1
`*「ぶち壊せ！ ミステリーハウス・クラフターズ ～星の鉱員と日の出の翼～」開幕直前特別ログインボーナス*
*開催期間中、1日1回 最大7回 ログインボーナスをプレゼント！*
`黄金の果実 X 1
`_2024-11-09 19:40:53_
--------
*9f1de3d706b8e33c8eba4599743daf29*
`登陆天数: 14天 / 723天
等级: 80
石头: 230
呼符: 15
体力: 1179.51 / 105
友情点: 0 / 60595`
*連続ログイン7日間到達おめでとうございます！
明日は1日目からリスタートされます。*
`獣の足跡 X 1
呼符 X 1
11月交換券(2024) X 1
`*「ぶち壊せ！ ミステリーハウス・クラフターズ ～星の鉱員と日の出の翼～」開幕直前特別ログインボーナス*
*開催期間中、1日1回 最大7回 ログインボーナスをプレゼント！*
`黄金の果実 X 1
`_2024-11-09 19:41:01_
--------
