【登录信息】
*a5b5d04878ef92ec9f2a1ae7db2d2ac6*
`登陆天数: 15天 / 1630天
等级: 132
石头: 520
呼符: 208
体力: 3348.07 / 138
友情点: 0 / 1343125`
*連続ログイン1日目
※ログインが途切れるか、7日到達すると
1日目から再開されます*
`フレンドポイント X 2000
11月交換券(2024) X 1
`*「ぶち壊せ！ ミステリーハウス・クラフターズ ～星の鉱員と日の出の翼～」開幕直前特別ログインボーナス*
*開催期間中、1日1回 最大7回 ログインボーナスをプレゼント！*
`QP X 1000000
`_2024-11-10 19:39:29_
--------
*35fbc6cbbb563a0d5605fd0d482ec707*
`登陆天数: 17天 / 1677天
等级: 134
石头: 447
呼符: 175
体力: 348.56333333333333 / 139
友情点: 0 / 337495`
*連続ログイン3日目
※ログインが途切れるか、7日到達すると
1日目から再開されます*
`叡智の業火 X 1
11月交換券(2024) X 1
`*「ぶち壊せ！ ミステリーハウス・クラフターズ ～星の鉱員と日の出の翼～」開幕直前特別ログインボーナス*
*開催期間中、1日1回 最大7回 ログインボーナスをプレゼント！*
`QP X 1000000
`_2024-11-10 19:39:38_
--------
*823ed9cd51e0b8500cc709c9db83a2f5*
`登陆天数: 15天 / 1568天
等级: 130
石头: 994
呼符: 108
体力: 3327.6033333333335 / 138
友情点: 0 / 1256500`
*連続ログイン1日目
※ログインが途切れるか、7日到達すると
1日目から再開されます*
`フレンドポイント X 2000
11月交換券(2024) X 1
`*「ぶち壊せ！ ミステリーハウス・クラフターズ ～星の鉱員と日の出の翼～」開幕直前特別ログインボーナス*
*開催期間中、1日1回 最大7回 ログインボーナスをプレゼント！*
`QP X 1000000
`_2024-11-10 19:39:46_
--------
*aa68f2ee631b12e5f4263cccbc2b4f84*
`登陆天数: 15天 / 1361天
等级: 128
石头: 121
呼符: 5
体力: 72789.32666666666 / 137
友情点: 0 / 1236570`
*連続ログイン1日目
※ログインが途切れるか、7日到達すると
1日目から再開されます*
`フレンドポイント X 2000
11月交換券(2024) X 1
`*「ぶち壊せ！ ミステリーハウス・クラフターズ ～星の鉱員と日の出の翼～」開幕直前特別ログインボーナス*
*開催期間中、1日1回 最大7回 ログインボーナスをプレゼント！*
`QP X 1000000
`_2024-11-10 19:39:55_
--------
*a7ec86a94fed6ee5bc40b5a5f31603ad*
`登陆天数: 15天 / 1580天
等级: 130
石头: 1723
呼符: 118
体力: 3319.8766666666666 / 138
友情点: 0 / 1263615`
*連続ログイン1日目
※ログインが途切れるか、7日到達すると
1日目から再開されます*
`フレンドポイント X 2000
11月交換券(2024) X 1
`*「ぶち壊せ！ ミステリーハウス・クラフターズ ～星の鉱員と日の出の翼～」開幕直前特別ログインボーナス*
*開催期間中、1日1回 最大7回 ログインボーナスをプレゼント！*
`QP X 1000000
`_2024-11-10 19:40:03_
--------
*bbf383f98d451f7ee9a8fe3ea80d8581*
`登陆天数: 15天 / 1335天
等级: 130
石头: 422
呼符: 110
体力: 26793.68666666667 / 138
友情点: 0 / 1136650`
*連続ログイン1日目
※ログインが途切れるか、7日到達すると
1日目から再開されます*
`フレンドポイント X 2000
11月交換券(2024) X 1
`*「ぶち壊せ！ ミステリーハウス・クラフターズ ～星の鉱員と日の出の翼～」開幕直前特別ログインボーナス*
*開催期間中、1日1回 最大7回 ログインボーナスをプレゼント！*
`QP X 1000000
`_2024-11-10 19:40:12_
--------
*6952ab84039f401d88fdace3995567c3*
`登陆天数: 15天 / 1685天
等级: 129
石头: 2326
呼符: 178
体力: 3088.883333333333 / 138
友情点: 0 / 1310555`
*連続ログイン1日目
※ログインが途切れるか、7日到達すると
1日目から再開されます*
`フレンドポイント X 2000
11月交換券(2024) X 1
`*「ぶち壊せ！ ミステリーハウス・クラフターズ ～星の鉱員と日の出の翼～」開幕直前特別ログインボーナス*
*開催期間中、1日1回 最大7回 ログインボーナスをプレゼント！*
`QP X 1000000
`_2024-11-10 19:40:20_
--------
*f4190598ed5a11b432712f1a3492fc95*
`登陆天数: 15天 / 1672天
等级: 129
石头: 4618
呼符: 179
体力: 3150.516666666667 / 138
友情点: 0 / 1313965`
*連続ログイン1日目
※ログインが途切れるか、7日到達すると
1日目から再開されます*
`フレンドポイント X 2000
11月交換券(2024) X 1
`*「ぶち壊せ！ ミステリーハウス・クラフターズ ～星の鉱員と日の出の翼～」開幕直前特別ログインボーナス*
*開催期間中、1日1回 最大7回 ログインボーナスをプレゼント！*
`QP X 1000000
`_2024-11-10 19:40:29_
--------
*8499833a8d0db047b863753fa1cc6a33*
`登陆天数: 15天 / 1749天
等级: 129
石头: 2959
呼符: 43
体力: 3029.12 / 138
友情点: 0 / 1412130`
*連続ログイン1日目
※ログインが途切れるか、7日到達すると
1日目から再開されます*
`フレンドポイント X 2000
11月交換券(2024) X 1
`*「ぶち壊せ！ ミステリーハウス・クラフターズ ～星の鉱員と日の出の翼～」開幕直前特別ログインボーナス*
*開催期間中、1日1回 最大7回 ログインボーナスをプレゼント！*
`QP X 1000000
`_2024-11-10 19:40:37_
--------
*c8249ad552514fb0368836ab2b047039*
`登陆天数: 15天 / 1286天
等级: 141
石头: 17
呼符: 1
体力: 7638.14 / 140
友情点: 10 / 51515180`
*連続ログイン1日目
※ログインが途切れるか、7日到達すると
1日目から再開されます*
`フレンドポイント X 2000
11月交換券(2024) X 1
`*「ぶち壊せ！ ミステリーハウス・クラフターズ ～星の鉱員と日の出の翼～」開幕直前特別ログインボーナス*
*開催期間中、1日1回 最大7回 ログインボーナスをプレゼント！*
`QP X 1000000
`_2024-11-10 19:40:46_
--------
*e01aa16bffb0c37d734c26ca264473d5*
`登陆天数: 15天 / 1390天
等级: 130
石头: 2506
呼符: 207
体力: 2985.3966666666665 / 138
友情点: 0 / 1273360`
*連続ログイン1日目
※ログインが途切れるか、7日到達すると
1日目から再開されます*
`フレンドポイント X 2000
11月交換券(2024) X 1
`*「ぶち壊せ！ ミステリーハウス・クラフターズ ～星の鉱員と日の出の翼～」開幕直前特別ログインボーナス*
*開催期間中、1日1回 最大7回 ログインボーナスをプレゼント！*
`QP X 1000000
`_2024-11-10 19:40:55_
--------
*144293b7027c86afe078a3362aa860ff*
`登陆天数: 16天 / 1685天
等级: 136
石头: 952
呼符: 29
体力: 4364.99 / 139
友情点: 0 / 10041950`
*連続ログイン2日目
※ログインが途切れるか、7日到達すると
1日目から再開されます*
`聖晶石 X 1
11月交換券(2024) X 1
`*「ぶち壊せ！ ミステリーハウス・クラフターズ ～星の鉱員と日の出の翼～」開幕直前特別ログインボーナス*
*開催期間中、1日1回 最大7回 ログインボーナスをプレゼント！*
`QP X 1000000
`_2024-11-10 19:41:03_
--------
*04879fc63f393a018be80fc13f96edb5*
`登陆天数: 15天 / 1588天
等级: 129
石头: 4446
呼符: 8
体力: 3362.3133333333335 / 138
友情点: 0 / 102325`
*連続ログイン1日目
※ログインが途切れるか、7日到達すると
1日目から再開されます*
`フレンドポイント X 2000
11月交換券(2024) X 1
`*「ぶち壊せ！ ミステリーハウス・クラフターズ ～星の鉱員と日の出の翼～」開幕直前特別ログインボーナス*
*開催期間中、1日1回 最大7回 ログインボーナスをプレゼント！*
`QP X 1000000
`_2024-11-10 19:41:11_
--------
*d17e065a91cb6e0f11571ec8f43b666b*
`登陆天数: 15天 / 1696天
等级: 129
石头: 3672
呼符: 179
体力: 3076.2833333333333 / 138
友情点: 0 / 1287940`
*連続ログイン1日目
※ログインが途切れるか、7日到達すると
1日目から再開されます*
`フレンドポイント X 2000
11月交換券(2024) X 1
`*「ぶち壊せ！ ミステリーハウス・クラフターズ ～星の鉱員と日の出の翼～」開幕直前特別ログインボーナス*
*開催期間中、1日1回 最大7回 ログインボーナスをプレゼント！*
`QP X 1000000
`_2024-11-10 19:41:20_
--------
*0bbab0884955053991437f8efd36402f*
`登陆天数: 15天 / 1676天
等级: 130
石头: 5
呼符: 62
体力: 3337.7466666666664 / 138
友情点: 0 / 1282955`
*連続ログイン1日目
※ログインが途切れるか、7日到達すると
1日目から再開されます*
`フレンドポイント X 2000
11月交換券(2024) X 1
`*「ぶち壊せ！ ミステリーハウス・クラフターズ ～星の鉱員と日の出の翼～」開幕直前特別ログインボーナス*
*開催期間中、1日1回 最大7回 ログインボーナスをプレゼント！*
`QP X 1000000
`_2024-11-10 19:41:29_
--------
*34115a9719eec68deb9a8d3ab142781c*
`登陆天数: 15天 / 1612天
等级: 130
石头: 521
呼符: 131
体力: 7100.993333333333 / 138
友情点: 0 / 1257875`
*連続ログイン1日目
※ログインが途切れるか、7日到達すると
1日目から再開されます*
`フレンドポイント X 2000
11月交換券(2024) X 1
`*「ぶち壊せ！ ミステリーハウス・クラフターズ ～星の鉱員と日の出の翼～」開幕直前特別ログインボーナス*
*開催期間中、1日1回 最大7回 ログインボーナスをプレゼント！*
`QP X 1000000
`_2024-11-10 19:41:38_
--------
*70b2289bba4e0d1155fd4ef04388170d*
`登陆天数: 15天 / 1567天
等级: 129
石头: 5556
呼符: 9
体力: 48144.653333333335 / 138
友情点: 0 / 1283825`
*連続ログイン1日目
※ログインが途切れるか、7日到達すると
1日目から再開されます*
`フレンドポイント X 2000
11月交換券(2024) X 1
`*「ぶち壊せ！ ミステリーハウス・クラフターズ ～星の鉱員と日の出の翼～」開幕直前特別ログインボーナス*
*開催期間中、1日1回 最大7回 ログインボーナスをプレゼント！*
`QP X 1000000
`_2024-11-10 19:41:46_
--------
*7441a04aa81b6170993926c1238db6d9*
`登陆天数: 15天 / 1364天
等级: 130
石头: 1326
呼符: 113
体力: 26831.946666666667 / 138
友情点: 0 / 1275610`
*連続ログイン1日目
※ログインが途切れるか、7日到達すると
1日目から再開されます*
`フレンドポイント X 2000
11月交換券(2024) X 1
`*「ぶち壊せ！ ミステリーハウス・クラフターズ ～星の鉱員と日の出の翼～」開幕直前特別ログインボーナス*
*開催期間中、1日1回 最大7回 ログインボーナスをプレゼント！*
`QP X 1000000
`_2024-11-10 19:41:55_
--------
*14cbcebb250ccfe7f7975a441906ddb0*
`登陆天数: 15天 / 1662天
等级: 130
石头: 2380
呼符: 113
体力: 12634.383333333333 / 138
友情点: 0 / 1443480`
*連続ログイン1日目
※ログインが途切れるか、7日到達すると
1日目から再開されます*
`フレンドポイント X 2000
11月交換券(2024) X 1
`*「ぶち壊せ！ ミステリーハウス・クラフターズ ～星の鉱員と日の出の翼～」開幕直前特別ログインボーナス*
*開催期間中、1日1回 最大7回 ログインボーナスをプレゼント！*
`QP X 1000000
`_2024-11-10 19:42:03_
--------
*9f1de3d706b8e33c8eba4599743daf29*
`登陆天数: 15天 / 724天
等级: 80
石头: 230
呼符: 15
体力: 1467.7433333333333 / 105
友情点: 0 / 60595`
*連続ログイン1日目
※ログインが途切れるか、7日到達すると
1日目から再開されます*
`フレンドポイント X 2000
11月交換券(2024) X 1
`*「ぶち壊せ！ ミステリーハウス・クラフターズ ～星の鉱員と日の出の翼～」開幕直前特別ログインボーナス*
*開催期間中、1日1回 最大7回 ログインボーナスをプレゼント！*
`QP X 1000000
`_2024-11-10 19:42:11_
--------
