【登录信息】
*a5b5d04878ef92ec9f2a1ae7db2d2ac6*
`登陆天数: 16天 / 1631天
等级: 132
石头: 520
呼符: 208
体力: 3635.96 / 138
友情点: 0 / 1343125`
*連続ログイン2日目
※ログインが途切れるか、7日到達すると
1日目から再開されます*
`聖晶石 X 1
11月交換券(2024) X 1
`*「ぶち壊せ！ ミステリーハウス・クラフターズ ～星の鉱員と日の出の翼～」開幕直前特別ログインボーナス*
*開催期間中、1日1回 最大7回 ログインボーナスをプレゼント！*
`黄金の果実 X 1
`_2024-11-11 19:38:56_
--------
*35fbc6cbbb563a0d5605fd0d482ec707*
`登陆天数: 18天 / 1678天
等级: 134
石头: 448
呼符: 175
体力: 115.64 / 139
友情点: 0 / 339525`
*連続ログイン4日目
※ログインが途切れるか、7日到達すると
1日目から再開されます*
`聖晶石 X 1
11月交換券(2024) X 1
`*「ぶち壊せ！ ミステリーハウス・クラフターズ ～星の鉱員と日の出の翼～」開幕直前特別ログインボーナス*
*開催期間中、1日1回 最大7回 ログインボーナスをプレゼント！*
`黄金の果実 X 1
`_2024-11-11 19:39:05_
--------
*823ed9cd51e0b8500cc709c9db83a2f5*
`登陆天数: 16天 / 1569天
等级: 130
石头: 994
呼符: 108
体力: 3615.4933333333333 / 138
友情点: 0 / 1256500`
*連続ログイン2日目
※ログインが途切れるか、7日到達すると
1日目から再開されます*
`聖晶石 X 1
11月交換券(2024) X 1
`*「ぶち壊せ！ ミステリーハウス・クラフターズ ～星の鉱員と日の出の翼～」開幕直前特別ログインボーナス*
*開催期間中、1日1回 最大7回 ログインボーナスをプレゼント！*
`黄金の果実 X 1
`_2024-11-11 19:39:13_
--------
*aa68f2ee631b12e5f4263cccbc2b4f84*
`登陆天数: 16天 / 1362天
等级: 128
石头: 121
呼符: 5
体力: 73077.21333333333 / 137
友情点: 0 / 1236570`
*連続ログイン2日目
※ログインが途切れるか、7日到達すると
1日目から再開されます*
`聖晶石 X 1
11月交換券(2024) X 1
`*「ぶち壊せ！ ミステリーハウス・クラフターズ ～星の鉱員と日の出の翼～」開幕直前特別ログインボーナス*
*開催期間中、1日1回 最大7回 ログインボーナスをプレゼント！*
`黄金の果実 X 1
`_2024-11-11 19:39:21_
--------
*a7ec86a94fed6ee5bc40b5a5f31603ad*
`登陆天数: 16天 / 1581天
等级: 130
石头: 1723
呼符: 118
体力: 3607.7633333333333 / 138
友情点: 0 / 1263615`
*連続ログイン2日目
※ログインが途切れるか、7日到達すると
1日目から再開されます*
`聖晶石 X 1
11月交換券(2024) X 1
`*「ぶち壊せ！ ミステリーハウス・クラフターズ ～星の鉱員と日の出の翼～」開幕直前特別ログインボーナス*
*開催期間中、1日1回 最大7回 ログインボーナスをプレゼント！*
`黄金の果実 X 1
`_2024-11-11 19:39:29_
--------
*bbf383f98d451f7ee9a8fe3ea80d8581*
`登陆天数: 16天 / 1336天
等级: 130
石头: 422
呼符: 110
体力: 27081.57 / 138
友情点: 0 / 1136650`
*連続ログイン2日目
※ログインが途切れるか、7日到達すると
1日目から再開されます*
`聖晶石 X 1
11月交換券(2024) X 1
`*「ぶち壊せ！ ミステリーハウス・クラフターズ ～星の鉱員と日の出の翼～」開幕直前特別ログインボーナス*
*開催期間中、1日1回 最大7回 ログインボーナスをプレゼント！*
`黄金の果実 X 1
`_2024-11-11 19:39:37_
--------
*6952ab84039f401d88fdace3995567c3*
`登陆天数: 16天 / 1686天
等级: 129
石头: 2326
呼符: 178
体力: 3376.766666666667 / 138
友情点: 0 / 1310555`
*連続ログイン2日目
※ログインが途切れるか、7日到達すると
1日目から再開されます*
`聖晶石 X 1
11月交換券(2024) X 1
`*「ぶち壊せ！ ミステリーハウス・クラフターズ ～星の鉱員と日の出の翼～」開幕直前特別ログインボーナス*
*開催期間中、1日1回 最大7回 ログインボーナスをプレゼント！*
`黄金の果実 X 1
`_2024-11-11 19:39:45_
--------
*f4190598ed5a11b432712f1a3492fc95*
`登陆天数: 16天 / 1673天
等级: 129
石头: 4618
呼符: 179
体力: 3438.4 / 138
友情点: 0 / 1313965`
*連続ログイン2日目
※ログインが途切れるか、7日到達すると
1日目から再開されます*
`聖晶石 X 1
11月交換券(2024) X 1
`*「ぶち壊せ！ ミステリーハウス・クラフターズ ～星の鉱員と日の出の翼～」開幕直前特別ログインボーナス*
*開催期間中、1日1回 最大7回 ログインボーナスをプレゼント！*
`黄金の果実 X 1
`_2024-11-11 19:39:54_
--------
*8499833a8d0db047b863753fa1cc6a33*
`登陆天数: 16天 / 1750天
等级: 129
石头: 2959
呼符: 43
体力: 3317.0 / 138
友情点: 0 / 1412130`
*連続ログイン2日目
※ログインが途切れるか、7日到達すると
1日目から再開されます*
`聖晶石 X 1
11月交換券(2024) X 1
`*「ぶち壊せ！ ミステリーハウス・クラフターズ ～星の鉱員と日の出の翼～」開幕直前特別ログインボーナス*
*開催期間中、1日1回 最大7回 ログインボーナスをプレゼント！*
`黄金の果実 X 1
`_2024-11-11 19:40:02_
--------
*c8249ad552514fb0368836ab2b047039*
`登陆天数: 16天 / 1287天
等级: 141
石头: 17
呼符: 1
体力: 7926.02 / 140
友情点: 0 / 51515180`
*連続ログイン2日目
※ログインが途切れるか、7日到達すると
1日目から再開されます*
`聖晶石 X 1
11月交換券(2024) X 1
`*「ぶち壊せ！ ミステリーハウス・クラフターズ ～星の鉱員と日の出の翼～」開幕直前特別ログインボーナス*
*開催期間中、1日1回 最大7回 ログインボーナスをプレゼント！*
`黄金の果実 X 1
`_2024-11-11 19:40:10_
--------
*e01aa16bffb0c37d734c26ca264473d5*
`登陆天数: 16天 / 1391天
等级: 130
石头: 2506
呼符: 207
体力: 3273.2733333333335 / 138
友情点: 0 / 1273360`
*連続ログイン2日目
※ログインが途切れるか、7日到達すると
1日目から再開されます*
`聖晶石 X 1
11月交換券(2024) X 1
`*「ぶち壊せ！ ミステリーハウス・クラフターズ ～星の鉱員と日の出の翼～」開幕直前特別ログインボーナス*
*開催期間中、1日1回 最大7回 ログインボーナスをプレゼント！*
`黄金の果実 X 1
`_2024-11-11 19:40:18_
--------
*144293b7027c86afe078a3362aa860ff*
`登陆天数: 17天 / 1686天
等级: 136
石头: 952
呼符: 29
体力: 4652.866666666667 / 139
友情点: 0 / 10041950`
*連続ログイン3日目
※ログインが途切れるか、7日到達すると
1日目から再開されます*
`叡智の業火 X 1
11月交換券(2024) X 1
`*「ぶち壊せ！ ミステリーハウス・クラフターズ ～星の鉱員と日の出の翼～」開幕直前特別ログインボーナス*
*開催期間中、1日1回 最大7回 ログインボーナスをプレゼント！*
`黄金の果実 X 1
`_2024-11-11 19:40:26_
--------
*04879fc63f393a018be80fc13f96edb5*
`登陆天数: 16天 / 1589天
等级: 129
石头: 4446
呼符: 8
体力: 3650.1866666666665 / 138
友情点: 0 / 102325`
*連続ログイン2日目
※ログインが途切れるか、7日到達すると
1日目から再開されます*
`聖晶石 X 1
11月交換券(2024) X 1
`*「ぶち壊せ！ ミステリーハウス・クラフターズ ～星の鉱員と日の出の翼～」開幕直前特別ログインボーナス*
*開催期間中、1日1回 最大7回 ログインボーナスをプレゼント！*
`黄金の果実 X 1
`_2024-11-11 19:40:34_
--------
*d17e065a91cb6e0f11571ec8f43b666b*
`登陆天数: 16天 / 1697天
等级: 129
石头: 3672
呼符: 179
体力: 3364.16 / 138
友情点: 0 / 1287940`
*連続ログイン2日目
※ログインが途切れるか、7日到達すると
1日目から再開されます*
`聖晶石 X 1
11月交換券(2024) X 1
`*「ぶち壊せ！ ミステリーハウス・クラフターズ ～星の鉱員と日の出の翼～」開幕直前特別ログインボーナス*
*開催期間中、1日1回 最大7回 ログインボーナスをプレゼント！*
`黄金の果実 X 1
`_2024-11-11 19:40:43_
--------
*0bbab0884955053991437f8efd36402f*
`登陆天数: 16天 / 1677天
等级: 130
石头: 5
呼符: 62
体力: 3625.62 / 138
友情点: 0 / 1282955`
*連続ログイン2日目
※ログインが途切れるか、7日到達すると
1日目から再開されます*
`聖晶石 X 1
11月交換券(2024) X 1
`*「ぶち壊せ！ ミステリーハウス・クラフターズ ～星の鉱員と日の出の翼～」開幕直前特別ログインボーナス*
*開催期間中、1日1回 最大7回 ログインボーナスをプレゼント！*
`黄金の果実 X 1
`_2024-11-11 19:40:51_
--------
*34115a9719eec68deb9a8d3ab142781c*
`登陆天数: 16天 / 1613天
等级: 130
石头: 521
呼符: 131
体力: 7388.866666666667 / 138
友情点: 0 / 1257875`
*連続ログイン2日目
※ログインが途切れるか、7日到達すると
1日目から再開されます*
`聖晶石 X 1
11月交換券(2024) X 1
`*「ぶち壊せ！ ミステリーハウス・クラフターズ ～星の鉱員と日の出の翼～」開幕直前特別ログインボーナス*
*開催期間中、1日1回 最大7回 ログインボーナスをプレゼント！*
`黄金の果実 X 1
`_2024-11-11 19:41:00_
--------
*70b2289bba4e0d1155fd4ef04388170d*
`登陆天数: 16天 / 1568天
等级: 129
石头: 5556
呼符: 9
体力: 48432.526666666665 / 138
友情点: 0 / 1283825`
*連続ログイン2日目
※ログインが途切れるか、7日到達すると
1日目から再開されます*
`聖晶石 X 1
11月交換券(2024) X 1
`*「ぶち壊せ！ ミステリーハウス・クラフターズ ～星の鉱員と日の出の翼～」開幕直前特別ログインボーナス*
*開催期間中、1日1回 最大7回 ログインボーナスをプレゼント！*
`黄金の果実 X 1
`_2024-11-11 19:41:08_
--------
*7441a04aa81b6170993926c1238db6d9*
`登陆天数: 16天 / 1365天
等级: 130
石头: 1326
呼符: 113
体力: 27119.816666666666 / 138
友情点: 0 / 1275610`
*連続ログイン2日目
※ログインが途切れるか、7日到達すると
1日目から再開されます*
`聖晶石 X 1
11月交換券(2024) X 1
`*「ぶち壊せ！ ミステリーハウス・クラフターズ ～星の鉱員と日の出の翼～」開幕直前特別ログインボーナス*
*開催期間中、1日1回 最大7回 ログインボーナスをプレゼント！*
`黄金の果実 X 1
`_2024-11-11 19:41:16_
--------
*14cbcebb250ccfe7f7975a441906ddb0*
`登陆天数: 16天 / 1663天
等级: 130
石头: 2380
呼符: 113
体力: 12922.253333333334 / 138
友情点: 0 / 1443480`
*連続ログイン2日目
※ログインが途切れるか、7日到達すると
1日目から再開されます*
`聖晶石 X 1
11月交換券(2024) X 1
`*「ぶち壊せ！ ミステリーハウス・クラフターズ ～星の鉱員と日の出の翼～」開幕直前特別ログインボーナス*
*開催期間中、1日1回 最大7回 ログインボーナスをプレゼント！*
`黄金の果実 X 1
`_2024-11-11 19:41:24_
--------
*9f1de3d706b8e33c8eba4599743daf29*
`登陆天数: 16天 / 725天
等级: 80
石头: 230
呼符: 15
体力: 1755.6133333333332 / 105
友情点: 0 / 60595`
*連続ログイン2日目
※ログインが途切れるか、7日到達すると
1日目から再開されます*
`聖晶石 X 1
11月交換券(2024) X 1
`*「ぶち壊せ！ ミステリーハウス・クラフターズ ～星の鉱員と日の出の翼～」開幕直前特別ログインボーナス*
*開催期間中、1日1回 最大7回 ログインボーナスをプレゼント！*
`黄金の果実 X 1
`_2024-11-11 19:41:32_
--------
