【登录信息】
*a5b5d04878ef92ec9f2a1ae7db2d2ac6*
`登陆天数: 20天 / 1635天
等级: 132
石头: 520
呼符: 208
体力: 4788.013333333333 / 138
友情点: 0 / 1343125`
*連続ログイン6日目
※ログインが途切れるか、7日到達すると
1日目から再開されます*
`聖晶石 X 2
11月交換券(2024) X 1
`_2024-11-15 19:39:12_
--------
*35fbc6cbbb563a0d5605fd0d482ec707*
`登陆天数: 22天 / 1682天
等级: 134
石头: 448
呼符: 175
体力: 1267.69 / 139
友情点: 0 / 339525`
*連続ログイン1日目
※ログインが途切れるか、7日到達すると
1日目から再開されます*
`フレンドポイント X 2000
11月交換券(2024) X 1
`_2024-11-15 19:39:20_
--------
*823ed9cd51e0b8500cc709c9db83a2f5*
`登陆天数: 20天 / 1573天
等级: 130
石头: 994
呼符: 108
体力: 4767.543333333333 / 138
友情点: 0 / 1256500`
*連続ログイン6日目
※ログインが途切れるか、7日到達すると
1日目から再開されます*
`聖晶石 X 2
11月交換券(2024) X 1
`_2024-11-15 19:39:28_
--------
*aa68f2ee631b12e5f4263cccbc2b4f84*
`登陆天数: 20天 / 1366天
等级: 128
石头: 121
呼符: 5
体力: 74229.26333333334 / 137
友情点: 0 / 1236570`
*連続ログイン6日目
※ログインが途切れるか、7日到達すると
1日目から再開されます*
`聖晶石 X 2
11月交換券(2024) X 1
`_2024-11-15 19:39:36_
--------
*a7ec86a94fed6ee5bc40b5a5f31603ad*
`登陆天数: 20天 / 1585天
等级: 130
石头: 1723
呼符: 118
体力: 4759.816666666667 / 138
友情点: 0 / 1263615`
*連続ログイン6日目
※ログインが途切れるか、7日到達すると
1日目から再開されます*
`聖晶石 X 2
11月交換券(2024) X 1
`_2024-11-15 19:39:45_
--------
*bbf383f98d451f7ee9a8fe3ea80d8581*
`登陆天数: 20天 / 1340天
等级: 130
石头: 422
呼符: 110
体力: 28233.623333333333 / 138
友情点: 0 / 1136650`
*連続ログイン6日目
※ログインが途切れるか、7日到達すると
1日目から再開されます*
`聖晶石 X 2
11月交換券(2024) X 1
`_2024-11-15 19:39:53_
--------
*6952ab84039f401d88fdace3995567c3*
`登陆天数: 20天 / 1690天
等级: 129
石头: 2326
呼符: 178
体力: 4528.82 / 138
友情点: 0 / 1310555`
*連続ログイン6日目
※ログインが途切れるか、7日到達すると
1日目から再開されます*
`聖晶石 X 2
11月交換券(2024) X 1
`_2024-11-15 19:40:01_
--------
*f4190598ed5a11b432712f1a3492fc95*
`登陆天数: 20天 / 1677天
等级: 129
石头: 4618
呼符: 179
体力: 4590.453333333333 / 138
友情点: 0 / 1313965`
*連続ログイン6日目
※ログインが途切れるか、7日到達すると
1日目から再開されます*
`聖晶石 X 2
11月交換券(2024) X 1
`_2024-11-15 19:40:10_
--------
*8499833a8d0db047b863753fa1cc6a33*
`登陆天数: 20天 / 1754天
等级: 129
石头: 2959
呼符: 43
体力: 4469.053333333333 / 138
友情点: 0 / 1412130`
*連続ログイン6日目
※ログインが途切れるか、7日到達すると
1日目から再開されます*
`聖晶石 X 2
11月交換券(2024) X 1
`_2024-11-15 19:40:18_
--------
*c8249ad552514fb0368836ab2b047039*
`登陆天数: 20天 / 1291天
等级: 141
石头: 17
呼符: 1
体力: 9078.076666666666 / 140
友情点: 0 / 51515190`
*連続ログイン6日目
※ログインが途切れるか、7日到達すると
1日目から再開されます*
`聖晶石 X 2
11月交換券(2024) X 1
`_2024-11-15 19:40:27_
--------
*e01aa16bffb0c37d734c26ca264473d5*
`登陆天数: 20天 / 1395天
等级: 130
石头: 2506
呼符: 207
体力: 4425.33 / 138
友情点: 0 / 1273360`
*連続ログイン6日目
※ログインが途切れるか、7日到達すると
1日目から再開されます*
`聖晶石 X 2
11月交換券(2024) X 1
`_2024-11-15 19:40:36_
--------
*144293b7027c86afe078a3362aa860ff*
`登陆天数: 21天 / 1690天
等级: 136
石头: 952
呼符: 29
体力: 5804.926666666666 / 139
友情点: 0 / 10041960`
*連続ログイン7日間到達おめでとうございます！
明日は1日目からリスタートされます。*
`獣の足跡 X 1
呼符 X 1
11月交換券(2024) X 1
`_2024-11-15 19:40:44_
--------
*04879fc63f393a018be80fc13f96edb5*
`登陆天数: 20天 / 1593天
等级: 129
石头: 4446
呼符: 8
体力: 4802.246666666667 / 138
友情点: 0 / 102325`
*連続ログイン6日目
※ログインが途切れるか、7日到達すると
1日目から再開されます*
`聖晶石 X 2
11月交換券(2024) X 1
`_2024-11-15 19:40:52_
--------
*d17e065a91cb6e0f11571ec8f43b666b*
`登陆天数: 20天 / 1701天
等级: 129
石头: 3672
呼符: 179
体力: 4516.22 / 138
友情点: 0 / 1287940`
*連続ログイン6日目
※ログインが途切れるか、7日到達すると
1日目から再開されます*
`聖晶石 X 2
11月交換券(2024) X 1
`_2024-11-15 19:41:01_
--------
*0bbab0884955053991437f8efd36402f*
`登陆天数: 20天 / 1681天
等级: 130
石头: 5
呼符: 62
体力: 4777.68 / 138
友情点: 0 / 1282955`
*連続ログイン6日目
※ログインが途切れるか、7日到達すると
1日目から再開されます*
`聖晶石 X 2
11月交換券(2024) X 1
`_2024-11-15 19:41:09_
--------
*34115a9719eec68deb9a8d3ab142781c*
`登陆天数: 20天 / 1617天
等级: 130
石头: 521
呼符: 131
体力: 8540.926666666666 / 138
友情点: 0 / 1257875`
*連続ログイン6日目
※ログインが途切れるか、7日到達すると
1日目から再開されます*
`聖晶石 X 2
11月交換券(2024) X 1
`_2024-11-15 19:41:18_
--------
*70b2289bba4e0d1155fd4ef04388170d*
`登陆天数: 20天 / 1572天
等级: 129
石头: 5556
呼符: 9
体力: 49584.58666666667 / 138
友情点: 0 / 1283825`
*連続ログイン6日目
※ログインが途切れるか、7日到達すると
1日目から再開されます*
`聖晶石 X 2
11月交換券(2024) X 1
`_2024-11-15 19:41:26_
--------
*7441a04aa81b6170993926c1238db6d9*
`登陆天数: 20天 / 1369天
等级: 130
石头: 1326
呼符: 113
体力: 28271.88 / 138
友情点: 0 / 1275610`
*連続ログイン6日目
※ログインが途切れるか、7日到達すると
1日目から再開されます*
`聖晶石 X 2
11月交換券(2024) X 1
`_2024-11-15 19:41:35_
--------
*14cbcebb250ccfe7f7975a441906ddb0*
`登陆天数: 20天 / 1667天
等级: 130
石头: 2380
呼符: 113
体力: 14074.316666666668 / 138
友情点: 0 / 1443480`
*連続ログイン6日目
※ログインが途切れるか、7日到達すると
1日目から再開されます*
`聖晶石 X 2
11月交換券(2024) X 1
`_2024-11-15 19:41:43_
--------
*9f1de3d706b8e33c8eba4599743daf29*
`登陆天数: 20天 / 729天
等级: 80
石头: 230
呼符: 15
体力: 2907.6766666666667 / 105
友情点: 0 / 60595`
*連続ログイン6日目
※ログインが途切れるか、7日到達すると
1日目から再開されます*
`聖晶石 X 2
11月交換券(2024) X 1
`_2024-11-15 19:41:51_
--------
