【登录信息】
*a5b5d04878ef92ec9f2a1ae7db2d2ac6*
`登陆天数: 23天 / 1638天
等级: 132
石头: 520
呼符: 208
体力: 5652.05 / 138
友情点: 0 / 1343125`
*連続ログイン2日目
※ログインが途切れるか、7日到達すると
1日目から再開されます*
`聖晶石 X 1
11月交換券(2024) X 1
`_2024-11-18 19:39:23_
--------
*35fbc6cbbb563a0d5605fd0d482ec707*
`登陆天数: 25天 / 1685天
等级: 134
石头: 448
呼符: 175
体力: 2131.73 / 139
友情点: 0 / 339525`
*連続ログイン4日目
※ログインが途切れるか、7日到達すると
1日目から再開されます*
`聖晶石 X 1
11月交換券(2024) X 1
`_2024-11-18 19:39:31_
--------
*823ed9cd51e0b8500cc709c9db83a2f5*
`登陆天数: 23天 / 1576天
等级: 130
石头: 994
呼符: 108
体力: 5631.583333333333 / 138
友情点: 0 / 1256500`
*連続ログイン2日目
※ログインが途切れるか、7日到達すると
1日目から再開されます*
`聖晶石 X 1
11月交換券(2024) X 1
`_2024-11-18 19:39:40_
--------
*aa68f2ee631b12e5f4263cccbc2b4f84*
`登陆天数: 23天 / 1369天
等级: 128
石头: 121
呼符: 5
体力: 75093.30666666667 / 137
友情点: 0 / 1236570`
*連続ログイン2日目
※ログインが途切れるか、7日到達すると
1日目から再開されます*
`聖晶石 X 1
11月交換券(2024) X 1
`_2024-11-18 19:39:49_
--------
*a7ec86a94fed6ee5bc40b5a5f31603ad*
`登陆天数: 23天 / 1588天
等级: 130
石头: 1723
呼符: 118
体力: 5623.856666666667 / 138
友情点: 0 / 1263615`
*連続ログイン2日目
※ログインが途切れるか、7日到達すると
1日目から再開されます*
`聖晶石 X 1
11月交換券(2024) X 1
`_2024-11-18 19:39:57_
--------
*bbf383f98d451f7ee9a8fe3ea80d8581*
`登陆天数: 23天 / 1343天
等级: 130
石头: 422
呼符: 110
体力: 29097.666666666668 / 138
友情点: 0 / 1136650`
*連続ログイン2日目
※ログインが途切れるか、7日到達すると
1日目から再開されます*
`聖晶石 X 1
11月交換券(2024) X 1
`_2024-11-18 19:40:06_
--------
*6952ab84039f401d88fdace3995567c3*
`登陆天数: 23天 / 1693天
等级: 129
石头: 2326
呼符: 178
体力: 5392.866666666667 / 138
友情点: 0 / 1310555`
*連続ログイン2日目
※ログインが途切れるか、7日到達すると
1日目から再開されます*
`聖晶石 X 1
11月交換券(2024) X 1
`_2024-11-18 19:40:15_
--------
*f4190598ed5a11b432712f1a3492fc95*
`登陆天数: 23天 / 1680天
等级: 129
石头: 4618
呼符: 179
体力: 5454.5 / 138
友情点: 0 / 1313965`
*連続ログイン2日目
※ログインが途切れるか、7日到達すると
1日目から再開されます*
`聖晶石 X 1
11月交換券(2024) X 1
`_2024-11-18 19:40:24_
--------
*8499833a8d0db047b863753fa1cc6a33*
`登陆天数: 23天 / 1757天
等级: 129
石头: 2959
呼符: 43
体力: 5333.1 / 138
友情点: 0 / 1412130`
*連続ログイン2日目
※ログインが途切れるか、7日到達すると
1日目から再開されます*
`聖晶石 X 1
11月交換券(2024) X 1
`_2024-11-18 19:40:32_
--------
*c8249ad552514fb0368836ab2b047039*
`登陆天数: 23天 / 1294天
等级: 141
石头: 17
呼符: 1
体力: 9942.123333333333 / 140
友情点: 0 / 51515190`
*連続ログイン2日目
※ログインが途切れるか、7日到達すると
1日目から再開されます*
`聖晶石 X 1
11月交換券(2024) X 1
`_2024-11-18 19:40:41_
--------
*e01aa16bffb0c37d734c26ca264473d5*
`登陆天数: 23天 / 1398天
等级: 130
石头: 2506
呼符: 207
体力: 5289.376666666667 / 138
友情点: 0 / 1273360`
*連続ログイン2日目
※ログインが途切れるか、7日到達すると
1日目から再開されます*
`聖晶石 X 1
11月交換券(2024) X 1
`_2024-11-18 19:40:49_
--------
*144293b7027c86afe078a3362aa860ff*
`登陆天数: 24天 / 1693天
等级: 136
石头: 952
呼符: 29
体力: 6668.973333333333 / 139
友情点: 0 / 10041960`
*連続ログイン3日目
※ログインが途切れるか、7日到達すると
1日目から再開されます*
`叡智の業火 X 1
11月交換券(2024) X 1
`_2024-11-18 19:40:58_
--------
*04879fc63f393a018be80fc13f96edb5*
`登陆天数: 23天 / 1596天
等级: 129
石头: 4446
呼符: 8
体力: 5666.293333333333 / 138
友情点: 0 / 102325`
*連続ログイン2日目
※ログインが途切れるか、7日到達すると
1日目から再開されます*
`聖晶石 X 1
11月交換券(2024) X 1
`_2024-11-18 19:41:06_
--------
*d17e065a91cb6e0f11571ec8f43b666b*
`登陆天数: 23天 / 1704天
等级: 129
石头: 3672
呼符: 179
体力: 5380.266666666666 / 138
友情点: 0 / 1287940`
*連続ログイン2日目
※ログインが途切れるか、7日到達すると
1日目から再開されます*
`聖晶石 X 1
11月交換券(2024) X 1
`_2024-11-18 19:41:15_
--------
*0bbab0884955053991437f8efd36402f*
`登陆天数: 23天 / 1684天
等级: 130
石头: 5
呼符: 62
体力: 5641.73 / 138
友情点: 0 / 1282955`
*連続ログイン2日目
※ログインが途切れるか、7日到達すると
1日目から再開されます*
`聖晶石 X 1
11月交換券(2024) X 1
`_2024-11-18 19:41:23_
--------
*34115a9719eec68deb9a8d3ab142781c*
`登陆天数: 23天 / 1620天
等级: 130
石头: 521
呼符: 131
体力: 9404.976666666667 / 138
友情点: 0 / 1257875`
*連続ログイン2日目
※ログインが途切れるか、7日到達すると
1日目から再開されます*
`聖晶石 X 1
11月交換券(2024) X 1
`_2024-11-18 19:41:33_
--------
*70b2289bba4e0d1155fd4ef04388170d*
`登陆天数: 23天 / 1575天
等级: 129
石头: 5556
呼符: 9
体力: 50448.636666666665 / 138
友情点: 0 / 1283825`
*連続ログイン2日目
※ログインが途切れるか、7日到達すると
1日目から再開されます*
`聖晶石 X 1
11月交換券(2024) X 1
`_2024-11-18 19:41:41_
--------
*7441a04aa81b6170993926c1238db6d9*
`登陆天数: 23天 / 1372天
等级: 130
石头: 1326
呼符: 113
体力: 29135.93 / 138
友情点: 0 / 1275610`
*連続ログイン2日目
※ログインが途切れるか、7日到達すると
1日目から再開されます*
`聖晶石 X 1
11月交換券(2024) X 1
`_2024-11-18 19:41:50_
--------
*14cbcebb250ccfe7f7975a441906ddb0*
`登陆天数: 23天 / 1670天
等级: 130
石头: 2380
呼符: 113
体力: 14938.366666666667 / 138
友情点: 0 / 1443480`
*連続ログイン2日目
※ログインが途切れるか、7日到達すると
1日目から再開されます*
`聖晶石 X 1
11月交換券(2024) X 1
`_2024-11-18 19:41:58_
--------
*9f1de3d706b8e33c8eba4599743daf29*
`登陆天数: 23天 / 732天
等级: 80
石头: 230
呼符: 15
体力: 3771.7266666666665 / 105
友情点: 0 / 60595`
*連続ログイン2日目
※ログインが途切れるか、7日到達すると
1日目から再開されます*
`聖晶石 X 1
11月交換券(2024) X 1
`_2024-11-18 19:42:07_
--------
