【登录信息】
*a5b5d04878ef92ec9f2a1ae7db2d2ac6*
`登陆天数: 31天 / 1646天
等级: 132
石头: 520
呼符: 208
体力: 7956.046666666667 / 138
友情点: 0 / 1343125`
*連続ログイン3日目
※ログインが途切れるか、7日到達すると
1日目から再開されます*
`叡智の業火 X 1
11月交換券(2024) X 1
`_2024-11-26 19:39:22_
--------
*35fbc6cbbb563a0d5605fd0d482ec707*
`登陆天数: 33天 / 1693天
等级: 134
石头: 487
呼符: 177
体力: 4435.723333333333 / 139
友情点: 0 / 339525`
*連続ログイン5日目
※ログインが途切れるか、7日到達すると
1日目から再開されます*
`叡智の業火 X 2
11月交換券(2024) X 1
`_2024-11-26 19:39:30_
--------
*823ed9cd51e0b8500cc709c9db83a2f5*
`登陆天数: 31天 / 1584天
等级: 130
石头: 994
呼符: 108
体力: 7935.58 / 138
友情点: 0 / 1256500`
*連続ログイン3日目
※ログインが途切れるか、7日到達すると
1日目から再開されます*
`叡智の業火 X 1
11月交換券(2024) X 1
`_2024-11-26 19:39:38_
--------
*aa68f2ee631b12e5f4263cccbc2b4f84*
`登陆天数: 31天 / 1377天
等级: 128
石头: 121
呼符: 5
体力: 77397.3 / 137
友情点: 0 / 1236570`
*連続ログイン3日目
※ログインが途切れるか、7日到達すると
1日目から再開されます*
`叡智の業火 X 1
11月交換券(2024) X 1
`_2024-11-26 19:39:47_
--------
*a7ec86a94fed6ee5bc40b5a5f31603ad*
`登陆天数: 31天 / 1596天
等级: 130
石头: 1723
呼符: 118
体力: 7927.8533333333335 / 138
友情点: 0 / 1263615`
*連続ログイン3日目
※ログインが途切れるか、7日到達すると
1日目から再開されます*
`叡智の業火 X 1
11月交換券(2024) X 1
`_2024-11-26 19:39:55_
--------
*bbf383f98d451f7ee9a8fe3ea80d8581*
`登陆天数: 31天 / 1351天
等级: 130
石头: 422
呼符: 110
体力: 31401.66 / 138
友情点: 0 / 1136650`
*連続ログイン3日目
※ログインが途切れるか、7日到達すると
1日目から再開されます*
`叡智の業火 X 1
11月交換券(2024) X 1
`_2024-11-26 19:40:04_
--------
*6952ab84039f401d88fdace3995567c3*
`登陆天数: 31天 / 1701天
等级: 129
石头: 2326
呼符: 178
体力: 7696.856666666667 / 138
友情点: 0 / 1310555`
*連続ログイン3日目
※ログインが途切れるか、7日到達すると
1日目から再開されます*
`叡智の業火 X 1
11月交換券(2024) X 1
`_2024-11-26 19:40:12_
--------
*f4190598ed5a11b432712f1a3492fc95*
`登陆天数: 31天 / 1688天
等级: 129
石头: 4618
呼符: 179
体力: 7758.49 / 138
友情点: 0 / 1313965`
*連続ログイン3日目
※ログインが途切れるか、7日到達すると
1日目から再開されます*
`叡智の業火 X 1
11月交換券(2024) X 1
`_2024-11-26 19:40:21_
--------
*8499833a8d0db047b863753fa1cc6a33*
`登陆天数: 31天 / 1765天
等级: 129
石头: 2959
呼符: 43
体力: 7637.093333333333 / 138
友情点: 0 / 1412130`
*連続ログイン3日目
※ログインが途切れるか、7日到達すると
1日目から再開されます*
`叡智の業火 X 1
11月交換券(2024) X 1
`_2024-11-26 19:40:29_
--------
*c8249ad552514fb0368836ab2b047039*
`登陆天数: 31天 / 1302天
等级: 141
石头: 17
呼符: 1
体力: 12246.116666666667 / 140
友情点: 0 / 51515235`
*連続ログイン3日目
※ログインが途切れるか、7日到達すると
1日目から再開されます*
`叡智の業火 X 1
11月交換券(2024) X 1
`_2024-11-26 19:40:38_
--------
*e01aa16bffb0c37d734c26ca264473d5*
`登陆天数: 31天 / 1406天
等级: 130
石头: 2506
呼符: 207
体力: 7593.37 / 138
友情点: 0 / 1273360`
*連続ログイン3日目
※ログインが途切れるか、7日到達すると
1日目から再開されます*
`叡智の業火 X 1
11月交換券(2024) X 1
`_2024-11-26 19:40:47_
--------
*144293b7027c86afe078a3362aa860ff*
`登陆天数: 32天 / 1701天
等级: 136
石头: 952
呼符: 29
体力: 8972.963333333333 / 139
友情点: 0 / 10041960`
*連続ログイン4日目
※ログインが途切れるか、7日到達すると
1日目から再開されます*
`聖晶石 X 1
11月交換券(2024) X 1
`_2024-11-26 19:40:55_
--------
*04879fc63f393a018be80fc13f96edb5*
`登陆天数: 31天 / 1604天
等级: 129
石头: 4446
呼符: 8
体力: 7970.283333333334 / 138
友情点: 0 / 102325`
*連続ログイン3日目
※ログインが途切れるか、7日到達すると
1日目から再開されます*
`叡智の業火 X 1
11月交換券(2024) X 1
`_2024-11-26 19:41:03_
--------
*d17e065a91cb6e0f11571ec8f43b666b*
`登陆天数: 31天 / 1712天
等级: 129
石头: 3672
呼符: 179
体力: 7684.256666666667 / 138
友情点: 0 / 1287940`
*連続ログイン3日目
※ログインが途切れるか、7日到達すると
1日目から再開されます*
`叡智の業火 X 1
11月交換券(2024) X 1
`_2024-11-26 19:41:12_
--------
*0bbab0884955053991437f8efd36402f*
`登陆天数: 31天 / 1692天
等级: 130
石头: 5
呼符: 62
体力: 7945.72 / 138
友情点: 0 / 1282955`
*連続ログイン3日目
※ログインが途切れるか、7日到達すると
1日目から再開されます*
`叡智の業火 X 1
11月交換券(2024) X 1
`_2024-11-26 19:41:21_
--------
*34115a9719eec68deb9a8d3ab142781c*
`登陆天数: 31天 / 1628天
等级: 130
石头: 521
呼符: 131
体力: 11708.966666666667 / 138
友情点: 0 / 1257875`
*連続ログイン3日目
※ログインが途切れるか、7日到達すると
1日目から再開されます*
`叡智の業火 X 1
11月交換券(2024) X 1
`_2024-11-26 19:41:29_
--------
*70b2289bba4e0d1155fd4ef04388170d*
`登陆天数: 31天 / 1583天
等级: 129
石头: 5556
呼符: 9
体力: 52752.62666666666 / 138
友情点: 0 / 1283825`
*連続ログイン3日目
※ログインが途切れるか、7日到達すると
1日目から再開されます*
`叡智の業火 X 1
11月交換券(2024) X 1
`_2024-11-26 19:41:38_
--------
*7441a04aa81b6170993926c1238db6d9*
`登陆天数: 31天 / 1380天
等级: 130
石头: 1326
呼符: 113
体力: 31439.916666666668 / 138
友情点: 0 / 1275610`
*連続ログイン3日目
※ログインが途切れるか、7日到達すると
1日目から再開されます*
`叡智の業火 X 1
11月交換券(2024) X 1
`_2024-11-26 19:41:46_
--------
*14cbcebb250ccfe7f7975a441906ddb0*
`登陆天数: 31天 / 1678天
等级: 130
石头: 2380
呼符: 113
体力: 17242.356666666667 / 138
友情点: 0 / 1443480`
*連続ログイン3日目
※ログインが途切れるか、7日到達すると
1日目から再開されます*
`叡智の業火 X 1
11月交換券(2024) X 1
`_2024-11-26 19:41:55_
--------
*9f1de3d706b8e33c8eba4599743daf29*
`登陆天数: 31天 / 740天
等级: 80
石头: 230
呼符: 15
体力: 6075.716666666666 / 105
友情点: 0 / 60595`
*連続ログイン3日目
※ログインが途切れるか、7日到達すると
1日目から再開されます*
`叡智の業火 X 1
11月交換券(2024) X 1
`_2024-11-26 19:42:03_
--------
