【登录信息】
*a5b5d04878ef92ec9f2a1ae7db2d2ac6*
`登陆天数: 33天 / 1648天
等级: 132
石头: 520
呼符: 208
体力: 8531.993333333334 / 138
友情点: 0 / 1343125`
*連続ログイン5日目
※ログインが途切れるか、7日到達すると
1日目から再開されます*
`叡智の業火 X 2
11月交換券(2024) X 1
`_2024-11-28 19:39:06_
--------
*35fbc6cbbb563a0d5605fd0d482ec707*
`登陆天数: 35天 / 1695天
等级: 134
石头: 487
呼符: 177
体力: 5011.673333333333 / 139
友情点: 0 / 339525`
*連続ログイン7日間到達おめでとうございます！
明日は1日目からリスタートされます。*
`獣の足跡 X 1
呼符 X 1
11月交換券(2024) X 1
`_2024-11-28 19:39:15_
--------
*823ed9cd51e0b8500cc709c9db83a2f5*
`登陆天数: 33天 / 1586天
等级: 130
石头: 994
呼符: 108
体力: 8511.526666666667 / 138
友情点: 0 / 1256500`
*連続ログイン5日目
※ログインが途切れるか、7日到達すると
1日目から再開されます*
`叡智の業火 X 2
11月交換券(2024) X 1
`_2024-11-28 19:39:23_
--------
*aa68f2ee631b12e5f4263cccbc2b4f84*
`登陆天数: 33天 / 1379天
等级: 128
石头: 121
呼符: 5
体力: 77973.25 / 137
友情点: 0 / 1236570`
*連続ログイン5日目
※ログインが途切れるか、7日到達すると
1日目から再開されます*
`叡智の業火 X 2
11月交換券(2024) X 1
`_2024-11-28 19:39:32_
--------
*a7ec86a94fed6ee5bc40b5a5f31603ad*
`登陆天数: 33天 / 1598天
等级: 130
石头: 1723
呼符: 118
体力: 8503.803333333333 / 138
友情点: 0 / 1263615`
*連続ログイン5日目
※ログインが途切れるか、7日到達すると
1日目から再開されます*
`叡智の業火 X 2
11月交換券(2024) X 1
`_2024-11-28 19:39:40_
--------
*bbf383f98d451f7ee9a8fe3ea80d8581*
`登陆天数: 33天 / 1353天
等级: 130
石头: 422
呼符: 110
体力: 31977.61 / 138
友情点: 0 / 1136650`
*連続ログイン5日目
※ログインが途切れるか、7日到達すると
1日目から再開されます*
`叡智の業火 X 2
11月交換券(2024) X 1
`_2024-11-28 19:39:49_
--------
*6952ab84039f401d88fdace3995567c3*
`登陆天数: 33天 / 1703天
等级: 129
石头: 2326
呼符: 178
体力: 8272.810000000001 / 138
友情点: 0 / 1310555`
*連続ログイン5日目
※ログインが途切れるか、7日到達すると
1日目から再開されます*
`叡智の業火 X 2
11月交換券(2024) X 1
`_2024-11-28 19:39:57_
--------
*f4190598ed5a11b432712f1a3492fc95*
`登陆天数: 33天 / 1690天
等级: 129
石头: 4618
呼符: 179
体力: 8334.44 / 138
友情点: 0 / 1313965`
*連続ログイン5日目
※ログインが途切れるか、7日到達すると
1日目から再開されます*
`叡智の業火 X 2
11月交換券(2024) X 1
`_2024-11-28 19:40:06_
--------
*8499833a8d0db047b863753fa1cc6a33*
`登陆天数: 33天 / 1767天
等级: 129
石头: 2959
呼符: 43
体力: 8213.043333333333 / 138
友情点: 0 / 1412130`
*連続ログイン5日目
※ログインが途切れるか、7日到達すると
1日目から再開されます*
`叡智の業火 X 2
11月交換券(2024) X 1
`_2024-11-28 19:40:15_
--------
*c8249ad552514fb0368836ab2b047039*
`登陆天数: 33天 / 1304天
等级: 141
石头: 17
呼符: 1
体力: 12822.066666666668 / 140
友情点: 0 / 51515235`
*連続ログイン5日目
※ログインが途切れるか、7日到達すると
1日目から再開されます*
`叡智の業火 X 2
11月交換券(2024) X 1
`_2024-11-28 19:40:24_
--------
*e01aa16bffb0c37d734c26ca264473d5*
`登陆天数: 33天 / 1408天
等级: 130
石头: 2506
呼符: 207
体力: 8169.323333333334 / 138
友情点: 0 / 1273360`
*連続ログイン5日目
※ログインが途切れるか、7日到達すると
1日目から再開されます*
`叡智の業火 X 2
11月交換券(2024) X 1
`_2024-11-28 19:40:33_
--------
*144293b7027c86afe078a3362aa860ff*
`登陆天数: 34天 / 1703天
等级: 136
石头: 952
呼符: 29
体力: 9548.916666666666 / 139
友情点: 0 / 10041960`
*連続ログイン6日目
※ログインが途切れるか、7日到達すると
1日目から再開されます*
`聖晶石 X 2
11月交換券(2024) X 1
`_2024-11-28 19:40:41_
--------
*04879fc63f393a018be80fc13f96edb5*
`登陆天数: 33天 / 1606天
等级: 129
石头: 4446
呼符: 8
体力: 8546.24 / 138
友情点: 0 / 102325`
*連続ログイン5日目
※ログインが途切れるか、7日到達すると
1日目から再開されます*
`叡智の業火 X 2
11月交換券(2024) X 1
`_2024-11-28 19:40:50_
--------
*d17e065a91cb6e0f11571ec8f43b666b*
`登陆天数: 33天 / 1714天
等级: 129
石头: 3672
呼符: 179
体力: 8260.21 / 138
友情点: 0 / 1287940`
*連続ログイン5日目
※ログインが途切れるか、7日到達すると
1日目から再開されます*
`叡智の業火 X 2
11月交換券(2024) X 1
`_2024-11-28 19:40:58_
--------
*0bbab0884955053991437f8efd36402f*
`登陆天数: 33天 / 1694天
等级: 130
石头: 5
呼符: 62
体力: 8521.676666666666 / 138
友情点: 0 / 1282955`
*連続ログイン5日目
※ログインが途切れるか、7日到達すると
1日目から再開されます*
`叡智の業火 X 2
11月交換券(2024) X 1
`_2024-11-28 19:41:07_
--------
*34115a9719eec68deb9a8d3ab142781c*
`登陆天数: 33天 / 1630天
等级: 130
石头: 521
呼符: 131
体力: 12284.923333333334 / 138
友情点: 0 / 1257875`
*連続ログイン5日目
※ログインが途切れるか、7日到達すると
1日目から再開されます*
`叡智の業火 X 2
11月交換券(2024) X 1
`_2024-11-28 19:41:16_
--------
*70b2289bba4e0d1155fd4ef04388170d*
`登陆天数: 33天 / 1585天
等级: 129
石头: 5556
呼符: 9
体力: 53328.583333333336 / 138
友情点: 0 / 1283825`
*連続ログイン5日目
※ログインが途切れるか、7日到達すると
1日目から再開されます*
`叡智の業火 X 2
11月交換券(2024) X 1
`_2024-11-28 19:41:25_
--------
*7441a04aa81b6170993926c1238db6d9*
`登陆天数: 33天 / 1382天
等级: 130
石头: 1326
呼符: 113
体力: 32015.876666666667 / 138
友情点: 0 / 1275610`
*連続ログイン5日目
※ログインが途切れるか、7日到達すると
1日目から再開されます*
`叡智の業火 X 2
11月交換券(2024) X 1
`_2024-11-28 19:41:33_
--------
*14cbcebb250ccfe7f7975a441906ddb0*
`登陆天数: 33天 / 1680天
等级: 130
石头: 2380
呼符: 113
体力: 17818.31333333333 / 138
友情点: 0 / 1443480`
*連続ログイン5日目
※ログインが途切れるか、7日到達すると
1日目から再開されます*
`叡智の業火 X 2
11月交換券(2024) X 1
`_2024-11-28 19:41:42_
--------
*9f1de3d706b8e33c8eba4599743daf29*
`登陆天数: 33天 / 742天
等级: 80
石头: 230
呼符: 15
体力: 6651.673333333333 / 105
友情点: 0 / 60595`
*連続ログイン5日目
※ログインが途切れるか、7日到達すると
1日目から再開されます*
`叡智の業火 X 2
11月交換券(2024) X 1
`_2024-11-28 19:41:50_
--------
