【登录信息】
*a5b5d04878ef92ec9f2a1ae7db2d2ac6*
`登陆天数: 13天 / 1565天
等级: 132
石头: 329
呼符: 180
体力: 6448.316666666667 / 138
友情点: 0 / 1327075`
*連続ログイン6日目
※ログインが途切れるか、7日到達すると
1日目から再開されます*
`聖晶石 X 2
9月交換券(2024) X 1
`*奏章Ⅲ 新霊長後継戦 アーキタイプ・インセプション 開幕記念 ログインボーナス*
*開催期間中、1日1回 最大78回 ログインボーナスをプレゼント！*
`白銀の果実 X 1
`_2024-08-31 19:38:02_
--------
*35fbc6cbbb563a0d5605fd0d482ec707*
`登陆天数: 14天 / 1610天
等级: 133
石头: 1582
呼符: 166
体力: 116.45666666666666 / 139
友情点: 0 / 311735`
*連続ログイン7日間到達おめでとうございます！
明日は1日目からリスタートされます。*
`獣の足跡 X 1
呼符 X 1
9月交換券(2024) X 1
`*奏章Ⅲ 新霊長後継戦 アーキタイプ・インセプション 開幕記念 ログインボーナス*
*開催期間中、1日1回 最大78回 ログインボーナスをプレゼント！*
`白銀の果実 X 1
`_2024-08-31 19:38:10_
--------
*823ed9cd51e0b8500cc709c9db83a2f5*
`登陆天数: 5天 / 1503天
等级: 130
石头: 767
呼符: 86
体力: 10027.4 / 138
友情点: 0 / 1242430`
*連続ログイン5日目
※ログインが途切れるか、7日到達すると
1日目から再開されます*
`叡智の業火 X 2
9月交換券(2024) X 1
`*奏章Ⅲ 新霊長後継戦 アーキタイプ・インセプション 開幕記念 ログインボーナス*
*開催期間中、1日1回 最大78回 ログインボーナスをプレゼント！*
`黄金の果実 X 1
`_2024-08-31 19:38:18_
--------
*aa68f2ee631b12e5f4263cccbc2b4f84*
`登陆天数: 13天 / 1296天
等级: 128
石头: 1587
呼符: 28
体力: 52341.026666666665 / 137
友情点: 0 / 1230570`
*連続ログイン6日目
※ログインが途切れるか、7日到達すると
1日目から再開されます*
`聖晶石 X 2
9月交換券(2024) X 1
`*奏章Ⅲ 新霊長後継戦 アーキタイプ・インセプション 開幕記念 ログインボーナス*
*開催期間中、1日1回 最大78回 ログインボーナスをプレゼント！*
`白銀の果実 X 1
`_2024-08-31 19:38:26_
--------
*a7ec86a94fed6ee5bc40b5a5f31603ad*
`登陆天数: 5天 / 1515天
等级: 130
石头: 1840
呼符: 96
体力: 20414.016666666666 / 138
友情点: 0 / 1247535`
*連続ログイン5日目
※ログインが途切れるか、7日到達すると
1日目から再開されます*
`叡智の業火 X 2
9月交換券(2024) X 1
`*奏章Ⅲ 新霊長後継戦 アーキタイプ・インセプション 開幕記念 ログインボーナス*
*開催期間中、1日1回 最大78回 ログインボーナスをプレゼント！*
`黄金の果実 X 1
`_2024-08-31 19:38:33_
--------
*bbf383f98d451f7ee9a8fe3ea80d8581*
`登陆天数: 12天 / 1270天
等级: 130
石头: 422
呼符: 110
体力: 6345.383333333333 / 138
友情点: 0 / 1136650`
*連続ログイン5日目
※ログインが途切れるか、7日到達すると
1日目から再開されます*
`叡智の業火 X 2
9月交換券(2024) X 1
`*奏章Ⅲ 新霊長後継戦 アーキタイプ・インセプション 開幕記念 ログインボーナス*
*開催期間中、1日1回 最大78回 ログインボーナスをプレゼント！*
`黄金の果実 X 1
`_2024-08-31 19:38:41_
--------
*6952ab84039f401d88fdace3995567c3*
`登陆天数: 5天 / 1620天
等级: 128
石头: 4755
呼符: 151
体力: 15286.616666666667 / 137
友情点: 0 / 1298505`
*連続ログイン5日目
※ログインが途切れるか、7日到達すると
1日目から再開されます*
`叡智の業火 X 2
9月交換券(2024) X 1
`*奏章Ⅲ 新霊長後継戦 アーキタイプ・インセプション 開幕記念 ログインボーナス*
*開催期間中、1日1回 最大78回 ログインボーナスをプレゼント！*
`白銀の果実 X 1
`_2024-08-31 19:38:49_
--------
*f4190598ed5a11b432712f1a3492fc95*
`登陆天数: 54天 / 1607天
等级: 129
石头: 4759
呼符: 152
体力: 3068.56 / 138
友情点: 0 / 1297915`
*連続ログイン5日目
※ログインが途切れるか、7日到達すると
1日目から再開されます*
`叡智の業火 X 2
9月交換券(2024) X 1
`*奏章Ⅲ 新霊長後継戦 アーキタイプ・インセプション 開幕記念 ログインボーナス*
*開催期間中、1日1回 最大78回 ログインボーナスをプレゼント！*
`白銀の果実 X 1
`_2024-08-31 19:38:57_
--------
*8499833a8d0db047b863753fa1cc6a33*
`登陆天数: 28天 / 1684天
等级: 129
石头: 4171
呼符: 20
体力: 16910.343333333334 / 138
友情点: 0 / 1394070`
*連続ログイン7日間到達おめでとうございます！
明日は1日目からリスタートされます。*
`獣の足跡 X 1
呼符 X 1
9月交換券(2024) X 1
`*奏章Ⅲ 新霊長後継戦 アーキタイプ・インセプション 開幕記念 ログインボーナス*
*開催期間中、1日1回 最大78回 ログインボーナスをプレゼント！*
`白銀の果実 X 1
`_2024-08-31 19:39:06_
--------
*c8249ad552514fb0368836ab2b047039*
`登陆天数: 11天 / 1221天
等级: 141
石头: 111
呼符: 13
体力: 518.4166666666667 / 140
友情点: 0 / 51474370`
*連続ログイン4日目
※ログインが途切れるか、7日到達すると
1日目から再開されます*
`聖晶石 X 1
9月交換券(2024) X 1
`*奏章Ⅲ 新霊長後継戦 アーキタイプ・インセプション 開幕記念 ログインボーナス*
*開催期間中、1日1回 最大78回 ログインボーナスをプレゼント！*
`白銀の果実 X 1
`_2024-08-31 19:39:13_
--------
*e01aa16bffb0c37d734c26ca264473d5*
`登陆天数: 14天 / 1325天
等级: 130
石头: 2310
呼符: 179
体力: 1477.9433333333334 / 138
友情点: 0 / 1273310`
*連続ログイン7日間到達おめでとうございます！
明日は1日目からリスタートされます。*
`獣の足跡 X 1
呼符 X 1
9月交換券(2024) X 1
`*奏章Ⅲ 新霊長後継戦 アーキタイプ・インセプション 開幕記念 ログインボーナス*
*開催期間中、1日1回 最大78回 ログインボーナスをプレゼント！*
`白銀の果実 X 1
`_2024-08-31 19:39:21_
--------
*144293b7027c86afe078a3362aa860ff*
`登陆天数: 10天 / 1619天
等级: 135
石头: 731
呼符: 2
体力: 598.8433333333332 / 139
友情点: 0 / 10022110`
*連続ログイン3日目
※ログインが途切れるか、7日到達すると
1日目から再開されます*
`叡智の業火 X 1
9月交換券(2024) X 1
`*奏章Ⅲ 新霊長後継戦 アーキタイプ・インセプション 開幕記念 ログインボーナス*
*開催期間中、1日1回 最大78回 ログインボーナスをプレゼント！*
`白銀の果実 X 1
`_2024-08-31 19:39:29_
--------
*04879fc63f393a018be80fc13f96edb5*
`登陆天数: 8天 / 1523天
等级: 129
石头: 4858
呼符: 0
体力: 794.5266666666666 / 138
友情点: 0 / 84285`
*連続ログイン1日目
※ログインが途切れるか、7日到達すると
1日目から再開されます*
`フレンドポイント X 2000
9月交換券(2024) X 1
`*奏章Ⅲ 新霊長後継戦 アーキタイプ・インセプション 開幕記念 ログインボーナス*
*開催期間中、1日1回 最大78回 ログインボーナスをプレゼント！*
`白銀の果実 X 1
`_2024-08-31 19:39:37_
--------
*d17e065a91cb6e0f11571ec8f43b666b*
`登陆天数: 54天 / 1631天
等级: 128
石头: 4737
呼符: 152
体力: 1754.99 / 137
友情点: 0 / 1281890`
*連続ログイン5日目
※ログインが途切れるか、7日到達すると
1日目から再開されます*
`叡智の業火 X 2
9月交換券(2024) X 1
`*奏章Ⅲ 新霊長後継戦 アーキタイプ・インセプション 開幕記念 ログインボーナス*
*開催期間中、1日1回 最大78回 ログインボーナスをプレゼント！*
`白銀の果実 X 1
`_2024-08-31 19:39:45_
--------
*0bbab0884955053991437f8efd36402f*
`登陆天数: 251天 / 1610天
等级: 130
石头: 4715
呼符: 109
体力: 6360.393333333333 / 138
友情点: 0 / 1276895`
*連続ログイン6日目
※ログインが途切れるか、7日到達すると
1日目から再開されます*
`聖晶石 X 2
9月交換券(2024) X 1
`*奏章Ⅲ 新霊長後継戦 アーキタイプ・インセプション 開幕記念 ログインボーナス*
*開催期間中、1日1回 最大78回 ログインボーナスをプレゼント！*
`白銀の果実 X 1
`_2024-08-31 19:39:53_
--------
*34115a9719eec68deb9a8d3ab142781c*
`登陆天数: 236天 / 1547天
等级: 130
石头: 2402
呼符: 109
体力: 6113.033333333334 / 138
友情点: 0 / 1242405`
*連続ログイン5日目
※ログインが途切れるか、7日到達すると
1日目から再開されます*
`叡智の業火 X 2
9月交換券(2024) X 1
`*奏章Ⅲ 新霊長後継戦 アーキタイプ・インセプション 開幕記念 ログインボーナス*
*開催期間中、1日1回 最大78回 ログインボーナスをプレゼント！*
`白銀の果実 X 1
`_2024-08-31 19:40:01_
--------
*70b2289bba4e0d1155fd4ef04388170d*
`登陆天数: 9天 / 1502天
等级: 129
石头: 5555
呼符: 9
体力: 27696.33 / 138
友情点: 0 / 1281825`
*連続ログイン2日目
※ログインが途切れるか、7日到達すると
1日目から再開されます*
`聖晶石 X 1
9月交換券(2024) X 1
`*奏章Ⅲ 新霊長後継戦 アーキタイプ・インセプション 開幕記念 ログインボーナス*
*開催期間中、1日1回 最大78回 ログインボーナスをプレゼント！*
`白銀の果実 X 1
`_2024-08-31 19:40:09_
--------
