【登录信息】
*a5b5d04878ef92ec9f2a1ae7db2d2ac6*
`登陆天数: 14天 / 1566天
等级: 132
石头: 329
呼符: 180
体力: 6822.72 / 138
友情点: 0 / 1327075`
*連続ログイン7日間到達おめでとうございます！
明日は1日目からリスタートされます。*
`獣の足跡 X 1
呼符 X 1
9月交換券(2024) X 1
`*使用期限付コンティニューアイテムプレゼント！*
*開催期間中、初回ログインでコンティニューアイテム「霊脈石×3」をプレゼント！*
`霊脈石 X 3
`_2024-09-02 02:50:02_
--------
*35fbc6cbbb563a0d5605fd0d482ec707*
`登陆天数: 15天 / 1611天
等级: 133
石头: 1582
呼符: 166
体力: 490.86 / 139
友情点: 0 / 311735`
*連続ログイン1日目
※ログインが途切れるか、7日到達すると
1日目から再開されます*
`フレンドポイント X 2000
9月交換券(2024) X 1
`*使用期限付コンティニューアイテムプレゼント！*
*開催期間中、初回ログインでコンティニューアイテム「霊脈石×3」をプレゼント！*
`霊脈石 X 3
`_2024-09-02 02:50:11_
--------
*823ed9cd51e0b8500cc709c9db83a2f5*
`登陆天数: 6天 / 1504天
等级: 130
石头: 767
呼符: 86
体力: 10401.806666666667 / 138
友情点: 0 / 1242430`
*連続ログイン6日目
※ログインが途切れるか、7日到達すると
1日目から再開されます*
`聖晶石 X 2
9月交換券(2024) X 1
`*使用期限付コンティニューアイテムプレゼント！*
*開催期間中、初回ログインでコンティニューアイテム「霊脈石×3」をプレゼント！*
`霊脈石 X 3
`_2024-09-02 02:50:19_
--------
*aa68f2ee631b12e5f4263cccbc2b4f84*
`登陆天数: 14天 / 1297天
等级: 128
石头: 1587
呼符: 28
体力: 52715.433333333334 / 137
友情点: 0 / 1230570`
*連続ログイン7日間到達おめでとうございます！
明日は1日目からリスタートされます。*
`獣の足跡 X 1
呼符 X 1
9月交換券(2024) X 1
`*使用期限付コンティニューアイテムプレゼント！*
*開催期間中、初回ログインでコンティニューアイテム「霊脈石×3」をプレゼント！*
`霊脈石 X 3
`_2024-09-02 02:50:27_
--------
*a7ec86a94fed6ee5bc40b5a5f31603ad*
`登陆天数: 6天 / 1516天
等级: 130
石头: 1840
呼符: 96
体力: 20788.423333333332 / 138
友情点: 0 / 1247535`
*連続ログイン6日目
※ログインが途切れるか、7日到達すると
1日目から再開されます*
`聖晶石 X 2
9月交換券(2024) X 1
`*使用期限付コンティニューアイテムプレゼント！*
*開催期間中、初回ログインでコンティニューアイテム「霊脈石×3」をプレゼント！*
`霊脈石 X 3
`_2024-09-02 02:50:35_
--------
*bbf383f98d451f7ee9a8fe3ea80d8581*
`登陆天数: 13天 / 1271天
等级: 130
石头: 422
呼符: 110
体力: 6719.79 / 138
友情点: 0 / 1136650`
*連続ログイン6日目
※ログインが途切れるか、7日到達すると
1日目から再開されます*
`聖晶石 X 2
9月交換券(2024) X 1
`*使用期限付コンティニューアイテムプレゼント！*
*開催期間中、初回ログインでコンティニューアイテム「霊脈石×3」をプレゼント！*
`霊脈石 X 3
`_2024-09-02 02:50:43_
--------
*6952ab84039f401d88fdace3995567c3*
`登陆天数: 6天 / 1621天
等级: 128
石头: 4755
呼符: 151
体力: 15661.023333333333 / 137
友情点: 0 / 1298505`
*連続ログイン6日目
※ログインが途切れるか、7日到達すると
1日目から再開されます*
`聖晶石 X 2
9月交換券(2024) X 1
`*使用期限付コンティニューアイテムプレゼント！*
*開催期間中、初回ログインでコンティニューアイテム「霊脈石×3」をプレゼント！*
`霊脈石 X 3
`_2024-09-02 02:50:51_
--------
*f4190598ed5a11b432712f1a3492fc95*
`登陆天数: 55天 / 1608天
等级: 129
石头: 4759
呼符: 152
体力: 3442.9666666666667 / 138
友情点: 0 / 1297915`
*連続ログイン6日目
※ログインが途切れるか、7日到達すると
1日目から再開されます*
`聖晶石 X 2
9月交換券(2024) X 1
`*使用期限付コンティニューアイテムプレゼント！*
*開催期間中、初回ログインでコンティニューアイテム「霊脈石×3」をプレゼント！*
`霊脈石 X 3
`_2024-09-02 02:51:00_
--------
*8499833a8d0db047b863753fa1cc6a33*
`登陆天数: 29天 / 1685天
等级: 129
石头: 4171
呼符: 20
体力: 17284.753333333334 / 138
友情点: 0 / 1394070`
*連続ログイン1日目
※ログインが途切れるか、7日到達すると
1日目から再開されます*
`フレンドポイント X 2000
9月交換券(2024) X 1
`*使用期限付コンティニューアイテムプレゼント！*
*開催期間中、初回ログインでコンティニューアイテム「霊脈石×3」をプレゼント！*
`霊脈石 X 3
`_2024-09-02 02:51:08_
--------
*c8249ad552514fb0368836ab2b047039*
`登陆天数: 12天 / 1222天
等级: 141
石头: 86
呼符: 18
体力: 188.79 / 140
友情点: 0 / 51476130`
_2024-09-02 02:51:16_
--------
*e01aa16bffb0c37d734c26ca264473d5*
`登陆天数: 15天 / 1326天
等级: 130
石头: 2310
呼符: 179
体力: 1852.3533333333332 / 138
友情点: 0 / 1273310`
*連続ログイン1日目
※ログインが途切れるか、7日到達すると
1日目から再開されます*
`フレンドポイント X 2000
9月交換券(2024) X 1
`*使用期限付コンティニューアイテムプレゼント！*
*開催期間中、初回ログインでコンティニューアイテム「霊脈石×3」をプレゼント！*
`霊脈石 X 3
`_2024-09-02 02:51:24_
--------
*144293b7027c86afe078a3362aa860ff*
`登陆天数: 11天 / 1620天
等级: 135
石头: 731
呼符: 2
体力: 973.2533333333333 / 139
友情点: 0 / 10022110`
*連続ログイン4日目
※ログインが途切れるか、7日到達すると
1日目から再開されます*
`聖晶石 X 1
9月交換券(2024) X 1
`*使用期限付コンティニューアイテムプレゼント！*
*開催期間中、初回ログインでコンティニューアイテム「霊脈石×3」をプレゼント！*
`霊脈石 X 3
`_2024-09-02 02:51:32_
--------
*04879fc63f393a018be80fc13f96edb5*
`登陆天数: 9天 / 1524天
等级: 129
石头: 4858
呼符: 0
体力: 1168.9366666666667 / 138
友情点: 0 / 84285`
*連続ログイン2日目
※ログインが途切れるか、7日到達すると
1日目から再開されます*
`聖晶石 X 1
9月交換券(2024) X 1
`*使用期限付コンティニューアイテムプレゼント！*
*開催期間中、初回ログインでコンティニューアイテム「霊脈石×3」をプレゼント！*
`霊脈石 X 3
`_2024-09-02 02:51:40_
--------
*d17e065a91cb6e0f11571ec8f43b666b*
`登陆天数: 55天 / 1632天
等级: 128
石头: 4737
呼符: 152
体力: 2129.4033333333336 / 137
友情点: 0 / 1281890`
*連続ログイン6日目
※ログインが途切れるか、7日到達すると
1日目から再開されます*
`聖晶石 X 2
9月交換券(2024) X 1
`*使用期限付コンティニューアイテムプレゼント！*
*開催期間中、初回ログインでコンティニューアイテム「霊脈石×3」をプレゼント！*
`霊脈石 X 3
`_2024-09-02 02:51:48_
--------
*0bbab0884955053991437f8efd36402f*
`登陆天数: 252天 / 1611天
等级: 130
石头: 4715
呼符: 109
体力: 6734.803333333333 / 138
友情点: 0 / 1276895`
*連続ログイン7日間到達おめでとうございます！
明日は1日目からリスタートされます。*
`獣の足跡 X 1
呼符 X 1
9月交換券(2024) X 1
`*使用期限付コンティニューアイテムプレゼント！*
*開催期間中、初回ログインでコンティニューアイテム「霊脈石×3」をプレゼント！*
`霊脈石 X 3
`_2024-09-02 02:51:56_
--------
*34115a9719eec68deb9a8d3ab142781c*
`登陆天数: 237天 / 1548天
等级: 130
石头: 2402
呼符: 109
体力: 6487.443333333334 / 138
友情点: 0 / 1242405`
*連続ログイン6日目
※ログインが途切れるか、7日到達すると
1日目から再開されます*
`聖晶石 X 2
9月交換券(2024) X 1
`*使用期限付コンティニューアイテムプレゼント！*
*開催期間中、初回ログインでコンティニューアイテム「霊脈石×3」をプレゼント！*
`霊脈石 X 3
`_2024-09-02 02:52:04_
--------
*70b2289bba4e0d1155fd4ef04388170d*
`登陆天数: 10天 / 1503天
等级: 129
石头: 5556
呼符: 9
体力: 28070.74 / 138
友情点: 0 / 1283825`
*連続ログイン3日目
※ログインが途切れるか、7日到達すると
1日目から再開されます*
`叡智の業火 X 1
9月交換券(2024) X 1
`*使用期限付コンティニューアイテムプレゼント！*
*開催期間中、初回ログインでコンティニューアイテム「霊脈石×3」をプレゼント！*
`霊脈石 X 3
`_2024-09-02 02:52:12_
--------
