【登录信息】
*a5b5d04878ef92ec9f2a1ae7db2d2ac6*
`登陆天数: 15天 / 1567天
等级: 132
石头: 329
呼符: 180
体力: 7024.77 / 138
友情点: 0 / 1327075`
*連続ログイン1日目
※ログインが途切れるか、7日到達すると
1日目から再開されます*
`フレンドポイント X 2000
9月交換券(2024) X 1
`*奏章Ⅲ 新霊長後継戦 アーキタイプ・インセプション 開幕記念 ログインボーナス*
*開催期間中、1日1回 最大78回 ログインボーナスをプレゼント！*
`白銀の果実 X 1
`_2024-09-02 19:40:17_
--------
*35fbc6cbbb563a0d5605fd0d482ec707*
`登陆天数: 16天 / 1612天
等级: 133
石头: 1605
呼符: 167
体力: 175.49333333333334 / 139
友情点: 0 / 314150`
*連続ログイン2日目
※ログインが途切れるか、7日到達すると
1日目から再開されます*
`聖晶石 X 1
9月交換券(2024) X 1
`*奏章Ⅲ 新霊長後継戦 アーキタイプ・インセプション 開幕記念 ログインボーナス*
*開催期間中、1日1回 最大78回 ログインボーナスをプレゼント！*
`白銀の果実 X 1
`_2024-09-02 19:40:25_
--------
*823ed9cd51e0b8500cc709c9db83a2f5*
`登陆天数: 7天 / 1505天
等级: 130
石头: 767
呼符: 86
体力: 10603.853333333333 / 138
友情点: 0 / 1242430`
*連続ログイン7日間到達おめでとうございます！
明日は1日目からリスタートされます。*
`獣の足跡 X 1
呼符 X 1
9月交換券(2024) X 1
`*奏章Ⅲ 新霊長後継戦 アーキタイプ・インセプション 開幕記念 ログインボーナス*
*開催期間中、1日1回 最大78回 ログインボーナスをプレゼント！*
`白銀の果実 X 1
`_2024-09-02 19:40:33_
--------
*aa68f2ee631b12e5f4263cccbc2b4f84*
`登陆天数: 15天 / 1298天
等级: 128
石头: 1587
呼符: 28
体力: 52917.48 / 137
友情点: 0 / 1230570`
*連続ログイン1日目
※ログインが途切れるか、7日到達すると
1日目から再開されます*
`フレンドポイント X 2000
9月交換券(2024) X 1
`*奏章Ⅲ 新霊長後継戦 アーキタイプ・インセプション 開幕記念 ログインボーナス*
*開催期間中、1日1回 最大78回 ログインボーナスをプレゼント！*
`白銀の果実 X 1
`_2024-09-02 19:40:42_
--------
*a7ec86a94fed6ee5bc40b5a5f31603ad*
`登陆天数: 7天 / 1517天
等级: 130
石头: 1840
呼符: 96
体力: 20990.47333333333 / 138
友情点: 0 / 1247535`
*連続ログイン7日間到達おめでとうございます！
明日は1日目からリスタートされます。*
`獣の足跡 X 1
呼符 X 1
9月交換券(2024) X 1
`*奏章Ⅲ 新霊長後継戦 アーキタイプ・インセプション 開幕記念 ログインボーナス*
*開催期間中、1日1回 最大78回 ログインボーナスをプレゼント！*
`白銀の果実 X 1
`_2024-09-02 19:40:50_
--------
*bbf383f98d451f7ee9a8fe3ea80d8581*
`登陆天数: 14天 / 1272天
等级: 130
石头: 422
呼符: 110
体力: 6921.84 / 138
友情点: 0 / 1136650`
*連続ログイン7日間到達おめでとうございます！
明日は1日目からリスタートされます。*
`獣の足跡 X 1
呼符 X 1
9月交換券(2024) X 1
`*奏章Ⅲ 新霊長後継戦 アーキタイプ・インセプション 開幕記念 ログインボーナス*
*開催期間中、1日1回 最大78回 ログインボーナスをプレゼント！*
`白銀の果実 X 1
`_2024-09-02 19:40:58_
--------
*6952ab84039f401d88fdace3995567c3*
`登陆天数: 7天 / 1622天
等级: 128
石头: 4755
呼符: 151
体力: 15863.073333333334 / 137
友情点: 0 / 1298505`
*連続ログイン7日間到達おめでとうございます！
明日は1日目からリスタートされます。*
`獣の足跡 X 1
呼符 X 1
9月交換券(2024) X 1
`*奏章Ⅲ 新霊長後継戦 アーキタイプ・インセプション 開幕記念 ログインボーナス*
*開催期間中、1日1回 最大78回 ログインボーナスをプレゼント！*
`白銀の果実 X 1
`_2024-09-02 19:41:06_
--------
*f4190598ed5a11b432712f1a3492fc95*
`登陆天数: 56天 / 1609天
等级: 129
石头: 4759
呼符: 152
体力: 3645.016666666667 / 138
友情点: 0 / 1297915`
*連続ログイン7日間到達おめでとうございます！
明日は1日目からリスタートされます。*
`獣の足跡 X 1
呼符 X 1
9月交換券(2024) X 1
`*奏章Ⅲ 新霊長後継戦 アーキタイプ・インセプション 開幕記念 ログインボーナス*
*開催期間中、1日1回 最大78回 ログインボーナスをプレゼント！*
`白銀の果実 X 1
`_2024-09-02 19:41:14_
--------
*8499833a8d0db047b863753fa1cc6a33*
`登陆天数: 30天 / 1686天
等级: 129
石头: 4171
呼符: 20
体力: 17486.8 / 138
友情点: 0 / 1394070`
*連続ログイン2日目
※ログインが途切れるか、7日到達すると
1日目から再開されます*
`聖晶石 X 1
9月交換券(2024) X 1
`*奏章Ⅲ 新霊長後継戦 アーキタイプ・インセプション 開幕記念 ログインボーナス*
*開催期間中、1日1回 最大78回 ログインボーナスをプレゼント！*
`白銀の果実 X 1
`_2024-09-02 19:41:22_
--------
*c8249ad552514fb0368836ab2b047039*
`登陆天数: 13天 / 1223天
等级: 141
石头: 86
呼符: 18
体力: 293.95 / 140
友情点: 2060 / 51478820`
*連続ログイン6日目
※ログインが途切れるか、7日到達すると
1日目から再開されます*
`聖晶石 X 2
9月交換券(2024) X 1
`*奏章Ⅲ 新霊長後継戦 アーキタイプ・インセプション 開幕記念 ログインボーナス*
*開催期間中、1日1回 最大78回 ログインボーナスをプレゼント！*
`白銀の果実 X 1
`_2024-09-02 19:41:30_
--------
*e01aa16bffb0c37d734c26ca264473d5*
`登陆天数: 16天 / 1327天
等级: 130
石头: 2310
呼符: 179
体力: 2054.4 / 138
友情点: 0 / 1273310`
*連続ログイン2日目
※ログインが途切れるか、7日到達すると
1日目から再開されます*
`聖晶石 X 1
9月交換券(2024) X 1
`*奏章Ⅲ 新霊長後継戦 アーキタイプ・インセプション 開幕記念 ログインボーナス*
*開催期間中、1日1回 最大78回 ログインボーナスをプレゼント！*
`白銀の果実 X 1
`_2024-09-02 19:41:39_
--------
*144293b7027c86afe078a3362aa860ff*
`登陆天数: 12天 / 1621天
等级: 135
石头: 731
呼符: 2
体力: 1175.3 / 139
友情点: 0 / 10022110`
*連続ログイン5日目
※ログインが途切れるか、7日到達すると
1日目から再開されます*
`叡智の業火 X 2
9月交換券(2024) X 1
`*奏章Ⅲ 新霊長後継戦 アーキタイプ・インセプション 開幕記念 ログインボーナス*
*開催期間中、1日1回 最大78回 ログインボーナスをプレゼント！*
`白銀の果実 X 1
`_2024-09-02 19:41:47_
--------
*04879fc63f393a018be80fc13f96edb5*
`登陆天数: 10天 / 1525天
等级: 129
石头: 4864
呼符: 1
体力: 1370.9833333333333 / 138
友情点: 0 / 86285`
*連続ログイン3日目
※ログインが途切れるか、7日到達すると
1日目から再開されます*
`叡智の業火 X 1
9月交換券(2024) X 1
`*奏章Ⅲ 新霊長後継戦 アーキタイプ・インセプション 開幕記念 ログインボーナス*
*開催期間中、1日1回 最大78回 ログインボーナスをプレゼント！*
`白銀の果実 X 1
`_2024-09-02 19:41:55_
--------
*d17e065a91cb6e0f11571ec8f43b666b*
`登陆天数: 56天 / 1633天
等级: 128
石头: 4737
呼符: 152
体力: 2331.45 / 137
友情点: 0 / 1281890`
*連続ログイン7日間到達おめでとうございます！
明日は1日目からリスタートされます。*
`獣の足跡 X 1
呼符 X 1
9月交換券(2024) X 1
`*奏章Ⅲ 新霊長後継戦 アーキタイプ・インセプション 開幕記念 ログインボーナス*
*開催期間中、1日1回 最大78回 ログインボーナスをプレゼント！*
`白銀の果実 X 1
`_2024-09-02 19:42:02_
--------
*0bbab0884955053991437f8efd36402f*
`登陆天数: 253天 / 1612天
等级: 130
石头: 4715
呼符: 109
体力: 6936.8533333333335 / 138
友情点: 0 / 1276895`
*連続ログイン1日目
※ログインが途切れるか、7日到達すると
1日目から再開されます*
`フレンドポイント X 2000
9月交換券(2024) X 1
`*奏章Ⅲ 新霊長後継戦 アーキタイプ・インセプション 開幕記念 ログインボーナス*
*開催期間中、1日1回 最大78回 ログインボーナスをプレゼント！*
`白銀の果実 X 1
`_2024-09-02 19:42:11_
--------
*34115a9719eec68deb9a8d3ab142781c*
`登陆天数: 238天 / 1549天
等级: 130
石头: 2402
呼符: 109
体力: 6689.493333333333 / 138
友情点: 0 / 1242405`
*連続ログイン7日間到達おめでとうございます！
明日は1日目からリスタートされます。*
`獣の足跡 X 1
呼符 X 1
9月交換券(2024) X 1
`*奏章Ⅲ 新霊長後継戦 アーキタイプ・インセプション 開幕記念 ログインボーナス*
*開催期間中、1日1回 最大78回 ログインボーナスをプレゼント！*
`白銀の果実 X 1
`_2024-09-02 19:42:19_
--------
*70b2289bba4e0d1155fd4ef04388170d*
`登陆天数: 11天 / 1504天
等级: 129
石头: 5556
呼符: 9
体力: 28272.79 / 138
友情点: 0 / 1283825`
*連続ログイン4日目
※ログインが途切れるか、7日到達すると
1日目から再開されます*
`聖晶石 X 1
9月交換券(2024) X 1
`*奏章Ⅲ 新霊長後継戦 アーキタイプ・インセプション 開幕記念 ログインボーナス*
*開催期間中、1日1回 最大78回 ログインボーナスをプレゼント！*
`白銀の果実 X 1
`_2024-09-02 19:42:27_
--------
