【登录信息】
*a5b5d04878ef92ec9f2a1ae7db2d2ac6*
`登陆天数: 17天 / 1569天
等级: 132
石头: 329
呼符: 180
体力: 7600.333333333333 / 138
友情点: 0 / 1327075`
*連続ログイン3日目
※ログインが途切れるか、7日到達すると
1日目から再開されます*
`叡智の業火 X 1
9月交換券(2024) X 1
`*奏章Ⅲ 新霊長後継戦 アーキタイプ・インセプション 開幕記念 ログインボーナス*
*開催期間中、1日1回 最大78回 ログインボーナスをプレゼント！*
`白銀の果実 X 1
`_2024-09-04 19:38:07_
--------
*35fbc6cbbb563a0d5605fd0d482ec707*
`登陆天数: 18天 / 1614天
等级: 133
石头: 1633
呼符: 167
体力: 95.60666666666667 / 139
友情点: 0 / 314770`
*連続ログイン4日目
※ログインが途切れるか、7日到達すると
1日目から再開されます*
`聖晶石 X 1
9月交換券(2024) X 1
`*奏章Ⅲ 新霊長後継戦 アーキタイプ・インセプション 開幕記念 ログインボーナス*
*開催期間中、1日1回 最大78回 ログインボーナスをプレゼント！*
`黄金の果実 X 1
`_2024-09-04 19:38:15_
--------
*823ed9cd51e0b8500cc709c9db83a2f5*
`登陆天数: 9天 / 1507天
等级: 130
石头: 767
呼符: 86
体力: 11179.42 / 138
友情点: 0 / 1242430`
*連続ログイン2日目
※ログインが途切れるか、7日到達すると
1日目から再開されます*
`聖晶石 X 1
9月交換券(2024) X 1
`*奏章Ⅲ 新霊長後継戦 アーキタイプ・インセプション 開幕記念 ログインボーナス*
*開催期間中、1日1回 最大78回 ログインボーナスをプレゼント！*
`白銀の果実 X 1
`_2024-09-04 19:38:23_
--------
*aa68f2ee631b12e5f4263cccbc2b4f84*
`登陆天数: 17天 / 1300天
等级: 128
石头: 1587
呼符: 28
体力: 53493.04666666667 / 137
友情点: 0 / 1230570`
*連続ログイン3日目
※ログインが途切れるか、7日到達すると
1日目から再開されます*
`叡智の業火 X 1
9月交換券(2024) X 1
`*奏章Ⅲ 新霊長後継戦 アーキタイプ・インセプション 開幕記念 ログインボーナス*
*開催期間中、1日1回 最大78回 ログインボーナスをプレゼント！*
`白銀の果実 X 1
`_2024-09-04 19:38:31_
--------
*a7ec86a94fed6ee5bc40b5a5f31603ad*
`登陆天数: 9天 / 1519天
等级: 130
石头: 1840
呼符: 96
体力: 21566.036666666667 / 138
友情点: 0 / 1247535`
*連続ログイン2日目
※ログインが途切れるか、7日到達すると
1日目から再開されます*
`聖晶石 X 1
9月交換券(2024) X 1
`*奏章Ⅲ 新霊長後継戦 アーキタイプ・インセプション 開幕記念 ログインボーナス*
*開催期間中、1日1回 最大78回 ログインボーナスをプレゼント！*
`白銀の果実 X 1
`_2024-09-04 19:38:39_
--------
*bbf383f98d451f7ee9a8fe3ea80d8581*
`登陆天数: 16天 / 1274天
等级: 130
石头: 422
呼符: 110
体力: 7497.403333333334 / 138
友情点: 0 / 1136650`
*連続ログイン2日目
※ログインが途切れるか、7日到達すると
1日目から再開されます*
`聖晶石 X 1
9月交換券(2024) X 1
`*奏章Ⅲ 新霊長後継戦 アーキタイプ・インセプション 開幕記念 ログインボーナス*
*開催期間中、1日1回 最大78回 ログインボーナスをプレゼント！*
`白銀の果実 X 1
`_2024-09-04 19:38:47_
--------
*6952ab84039f401d88fdace3995567c3*
`登陆天数: 9天 / 1624天
等级: 128
石头: 4755
呼符: 151
体力: 16438.636666666665 / 137
友情点: 0 / 1298505`
*連続ログイン2日目
※ログインが途切れるか、7日到達すると
1日目から再開されます*
`聖晶石 X 1
9月交換券(2024) X 1
`*奏章Ⅲ 新霊長後継戦 アーキタイプ・インセプション 開幕記念 ログインボーナス*
*開催期間中、1日1回 最大78回 ログインボーナスをプレゼント！*
`黄金の果実 X 1
`_2024-09-04 19:38:55_
--------
*f4190598ed5a11b432712f1a3492fc95*
`登陆天数: 58天 / 1611天
等级: 129
石头: 4759
呼符: 152
体力: 4220.58 / 138
友情点: 0 / 1297915`
*連続ログイン2日目
※ログインが途切れるか、7日到達すると
1日目から再開されます*
`聖晶石 X 1
9月交換券(2024) X 1
`*奏章Ⅲ 新霊長後継戦 アーキタイプ・インセプション 開幕記念 ログインボーナス*
*開催期間中、1日1回 最大78回 ログインボーナスをプレゼント！*
`白銀の果実 X 1
`_2024-09-04 19:39:04_
--------
*8499833a8d0db047b863753fa1cc6a33*
`登陆天数: 32天 / 1688天
等级: 129
石头: 4171
呼符: 20
体力: 18062.366666666665 / 138
友情点: 0 / 1394070`
*連続ログイン4日目
※ログインが途切れるか、7日到達すると
1日目から再開されます*
`聖晶石 X 1
9月交換券(2024) X 1
`*奏章Ⅲ 新霊長後継戦 アーキタイプ・インセプション 開幕記念 ログインボーナス*
*開催期間中、1日1回 最大78回 ログインボーナスをプレゼント！*
`白銀の果実 X 1
`_2024-09-04 19:39:12_
--------
*c8249ad552514fb0368836ab2b047039*
`登陆天数: 15天 / 1225天
等级: 141
石头: 86
呼符: 18
体力: 869.5166666666667 / 140
友情点: 150 / 51478995`
*連続ログイン1日目
※ログインが途切れるか、7日到達すると
1日目から再開されます*
`フレンドポイント X 2000
9月交換券(2024) X 1
`*奏章Ⅲ 新霊長後継戦 アーキタイプ・インセプション 開幕記念 ログインボーナス*
*開催期間中、1日1回 最大78回 ログインボーナスをプレゼント！*
`黄金の果実 X 1
`_2024-09-04 19:39:20_
--------
*e01aa16bffb0c37d734c26ca264473d5*
`登陆天数: 18天 / 1329天
等级: 130
石头: 2310
呼符: 179
体力: 2629.9666666666667 / 138
友情点: 0 / 1273310`
*連続ログイン4日目
※ログインが途切れるか、7日到達すると
1日目から再開されます*
`聖晶石 X 1
9月交換券(2024) X 1
`*奏章Ⅲ 新霊長後継戦 アーキタイプ・インセプション 開幕記念 ログインボーナス*
*開催期間中、1日1回 最大78回 ログインボーナスをプレゼント！*
`白銀の果実 X 1
`_2024-09-04 19:39:28_
--------
*144293b7027c86afe078a3362aa860ff*
`登陆天数: 14天 / 1623天
等级: 135
石头: 731
呼符: 2
体力: 1750.8666666666666 / 139
友情点: 0 / 10022110`
*連続ログイン7日間到達おめでとうございます！
明日は1日目からリスタートされます。*
`獣の足跡 X 1
呼符 X 1
9月交換券(2024) X 1
`*奏章Ⅲ 新霊長後継戦 アーキタイプ・インセプション 開幕記念 ログインボーナス*
*開催期間中、1日1回 最大78回 ログインボーナスをプレゼント！*
`白銀の果実 X 1
`_2024-09-04 19:39:36_
--------
*04879fc63f393a018be80fc13f96edb5*
`登陆天数: 12天 / 1527天
等级: 129
石头: 4868
呼符: 1
体力: 1946.5466666666666 / 138
友情点: 0 / 86285`
*連続ログイン5日目
※ログインが途切れるか、7日到達すると
1日目から再開されます*
`叡智の業火 X 2
9月交換券(2024) X 1
`*奏章Ⅲ 新霊長後継戦 アーキタイプ・インセプション 開幕記念 ログインボーナス*
*開催期間中、1日1回 最大78回 ログインボーナスをプレゼント！*
`白銀の果実 X 1
`_2024-09-04 19:39:44_
--------
*d17e065a91cb6e0f11571ec8f43b666b*
`登陆天数: 58天 / 1635天
等级: 128
石头: 4737
呼符: 152
体力: 2907.0133333333333 / 137
友情点: 0 / 1281890`
*連続ログイン2日目
※ログインが途切れるか、7日到達すると
1日目から再開されます*
`聖晶石 X 1
9月交換券(2024) X 1
`*奏章Ⅲ 新霊長後継戦 アーキタイプ・インセプション 開幕記念 ログインボーナス*
*開催期間中、1日1回 最大78回 ログインボーナスをプレゼント！*
`白銀の果実 X 1
`_2024-09-04 19:39:52_
--------
*0bbab0884955053991437f8efd36402f*
`登陆天数: 255天 / 1614天
等级: 130
石头: 4715
呼符: 109
体力: 7512.416666666667 / 138
友情点: 0 / 1276895`
*連続ログイン3日目
※ログインが途切れるか、7日到達すると
1日目から再開されます*
`叡智の業火 X 1
9月交換券(2024) X 1
`*奏章Ⅲ 新霊長後継戦 アーキタイプ・インセプション 開幕記念 ログインボーナス*
*開催期間中、1日1回 最大78回 ログインボーナスをプレゼント！*
`白銀の果実 X 1
`_2024-09-04 19:40:00_
--------
*34115a9719eec68deb9a8d3ab142781c*
`登陆天数: 240天 / 1551天
等级: 130
石头: 2402
呼符: 109
体力: 7265.056666666666 / 138
友情点: 0 / 1242405`
*連続ログイン2日目
※ログインが途切れるか、7日到達すると
1日目から再開されます*
`聖晶石 X 1
9月交換券(2024) X 1
`*奏章Ⅲ 新霊長後継戦 アーキタイプ・インセプション 開幕記念 ログインボーナス*
*開催期間中、1日1回 最大78回 ログインボーナスをプレゼント！*
`白銀の果実 X 1
`_2024-09-04 19:40:08_
--------
*70b2289bba4e0d1155fd4ef04388170d*
`登陆天数: 13天 / 1506天
等级: 129
石头: 5556
呼符: 9
体力: 28848.353333333333 / 138
友情点: 0 / 1283825`
*連続ログイン6日目
※ログインが途切れるか、7日到達すると
1日目から再開されます*
`聖晶石 X 2
9月交換券(2024) X 1
`*奏章Ⅲ 新霊長後継戦 アーキタイプ・インセプション 開幕記念 ログインボーナス*
*開催期間中、1日1回 最大78回 ログインボーナスをプレゼント！*
`白銀の果実 X 1
`_2024-09-04 19:40:16_
--------
