【登录信息】
*a5b5d04878ef92ec9f2a1ae7db2d2ac6*
`登陆天数: 20天 / 1572天
等级: 132
石头: 329
呼符: 180
体力: 8464.473333333333 / 138
友情点: 0 / 1327075`
*連続ログイン6日目
※ログインが途切れるか、7日到達すると
1日目から再開されます*
`聖晶石 X 2
9月交換券(2024) X 1
`*「奏章Ⅲ 新霊長後継戦 アーキタイプ・インセプション」(中編)開幕直前カウントダウンログインボーナス*
*開催期間中、1日1回 6日間日替わりでログインボーナスをプレゼント！*
`QP X 3000000
`_2024-09-07 19:38:48_
--------
*35fbc6cbbb563a0d5605fd0d482ec707*
`登陆天数: 21天 / 1617天
等级: 133
石头: 1650
呼符: 173
体力: 202.46 / 139
友情点: 0 / 316195`
*連続ログイン7日間到達おめでとうございます！
明日は1日目からリスタートされます。*
`獣の足跡 X 1
呼符 X 1
9月交換券(2024) X 1
`*「奏章Ⅲ 新霊長後継戦 アーキタイプ・インセプション」(中編)開幕直前カウントダウンログインボーナス*
*開催期間中、1日1回 6日間日替わりでログインボーナスをプレゼント！*
`QP X 3000000
`_2024-09-07 19:38:57_
--------
*823ed9cd51e0b8500cc709c9db83a2f5*
`登陆天数: 12天 / 1510天
等级: 130
石头: 767
呼符: 86
体力: 12043.563333333334 / 138
友情点: 0 / 1242430`
*連続ログイン5日目
※ログインが途切れるか、7日到達すると
1日目から再開されます*
`叡智の業火 X 2
9月交換券(2024) X 1
`*「奏章Ⅲ 新霊長後継戦 アーキタイプ・インセプション」(中編)開幕直前カウントダウンログインボーナス*
*開催期間中、1日1回 6日間日替わりでログインボーナスをプレゼント！*
`QP X 3000000
`_2024-09-07 19:39:06_
--------
*aa68f2ee631b12e5f4263cccbc2b4f84*
`登陆天数: 20天 / 1303天
等级: 128
石头: 1587
呼符: 28
体力: 54357.19 / 137
友情点: 0 / 1230570`
*連続ログイン6日目
※ログインが途切れるか、7日到達すると
1日目から再開されます*
`聖晶石 X 2
9月交換券(2024) X 1
`*「奏章Ⅲ 新霊長後継戦 アーキタイプ・インセプション」(中編)開幕直前カウントダウンログインボーナス*
*開催期間中、1日1回 6日間日替わりでログインボーナスをプレゼント！*
`QP X 3000000
`_2024-09-07 19:39:14_
--------
*a7ec86a94fed6ee5bc40b5a5f31603ad*
`登陆天数: 12天 / 1522天
等级: 130
石头: 1840
呼符: 96
体力: 22430.183333333334 / 138
友情点: 0 / 1247535`
*連続ログイン5日目
※ログインが途切れるか、7日到達すると
1日目から再開されます*
`叡智の業火 X 2
9月交換券(2024) X 1
`*「奏章Ⅲ 新霊長後継戦 アーキタイプ・インセプション」(中編)開幕直前カウントダウンログインボーナス*
*開催期間中、1日1回 6日間日替わりでログインボーナスをプレゼント！*
`QP X 3000000
`_2024-09-07 19:39:23_
--------
*bbf383f98d451f7ee9a8fe3ea80d8581*
`登陆天数: 19天 / 1277天
等级: 130
石头: 422
呼符: 110
体力: 8361.553333333333 / 138
友情点: 0 / 1136650`
*連続ログイン5日目
※ログインが途切れるか、7日到達すると
1日目から再開されます*
`叡智の業火 X 2
9月交換券(2024) X 1
`*「奏章Ⅲ 新霊長後継戦 アーキタイプ・インセプション」(中編)開幕直前カウントダウンログインボーナス*
*開催期間中、1日1回 6日間日替わりでログインボーナスをプレゼント！*
`QP X 3000000
`_2024-09-07 19:39:32_
--------
*6952ab84039f401d88fdace3995567c3*
`登陆天数: 12天 / 1627天
等级: 128
石头: 4755
呼符: 151
体力: 17302.786666666667 / 137
友情点: 0 / 1298505`
*連続ログイン5日目
※ログインが途切れるか、7日到達すると
1日目から再開されます*
`叡智の業火 X 2
9月交換券(2024) X 1
`*「奏章Ⅲ 新霊長後継戦 アーキタイプ・インセプション」(中編)開幕直前カウントダウンログインボーナス*
*開催期間中、1日1回 6日間日替わりでログインボーナスをプレゼント！*
`QP X 3000000
`_2024-09-07 19:39:40_
--------
*f4190598ed5a11b432712f1a3492fc95*
`登陆天数: 61天 / 1614天
等级: 129
石头: 4759
呼符: 152
体力: 5084.743333333333 / 138
友情点: 0 / 1297915`
*連続ログイン5日目
※ログインが途切れるか、7日到達すると
1日目から再開されます*
`叡智の業火 X 2
9月交換券(2024) X 1
`*「奏章Ⅲ 新霊長後継戦 アーキタイプ・インセプション」(中編)開幕直前カウントダウンログインボーナス*
*開催期間中、1日1回 6日間日替わりでログインボーナスをプレゼント！*
`QP X 3000000
`_2024-09-07 19:39:52_
--------
*8499833a8d0db047b863753fa1cc6a33*
`登陆天数: 35天 / 1691天
等级: 129
石头: 4171
呼符: 20
体力: 18926.53 / 138
友情点: 0 / 1394070`
*連続ログイン7日間到達おめでとうございます！
明日は1日目からリスタートされます。*
`獣の足跡 X 1
呼符 X 1
9月交換券(2024) X 1
`*「奏章Ⅲ 新霊長後継戦 アーキタイプ・インセプション」(中編)開幕直前カウントダウンログインボーナス*
*開催期間中、1日1回 6日間日替わりでログインボーナスをプレゼント！*
`QP X 3000000
`_2024-09-07 19:40:01_
--------
*c8249ad552514fb0368836ab2b047039*
`登陆天数: 18天 / 1228天
等级: 141
石头: 96
呼符: 19
体力: 547.9366666666667 / 140
友情点: 125 / 51481385`
*連続ログイン4日目
※ログインが途切れるか、7日到達すると
1日目から再開されます*
`聖晶石 X 1
9月交換券(2024) X 1
`*「奏章Ⅲ 新霊長後継戦 アーキタイプ・インセプション」(中編)開幕直前カウントダウンログインボーナス*
*開催期間中、1日1回 6日間日替わりでログインボーナスをプレゼント！*
`QP X 3000000
`_2024-09-07 19:40:09_
--------
*e01aa16bffb0c37d734c26ca264473d5*
`登陆天数: 21天 / 1332天
等级: 130
石头: 2310
呼符: 179
体力: 3494.1366666666668 / 138
友情点: 0 / 1273310`
*連続ログイン7日間到達おめでとうございます！
明日は1日目からリスタートされます。*
`獣の足跡 X 1
呼符 X 1
9月交換券(2024) X 1
`*「奏章Ⅲ 新霊長後継戦 アーキタイプ・インセプション」(中編)開幕直前カウントダウンログインボーナス*
*開催期間中、1日1回 6日間日替わりでログインボーナスをプレゼント！*
`QP X 3000000
`_2024-09-07 19:40:18_
--------
*144293b7027c86afe078a3362aa860ff*
`登陆天数: 17天 / 1626天
等级: 135
石头: 731
呼符: 2
体力: 2615.036666666667 / 139
友情点: 25 / 10022135`
*連続ログイン3日目
※ログインが途切れるか、7日到達すると
1日目から再開されます*
`叡智の業火 X 1
9月交換券(2024) X 1
`*「奏章Ⅲ 新霊長後継戦 アーキタイプ・インセプション」(中編)開幕直前カウントダウンログインボーナス*
*開催期間中、1日1回 6日間日替わりでログインボーナスをプレゼント！*
`QP X 3000000
`_2024-09-07 19:40:27_
--------
*04879fc63f393a018be80fc13f96edb5*
`登陆天数: 15天 / 1530天
等级: 129
石头: 4868
呼符: 1
体力: 2810.72 / 138
友情点: 0 / 86285`
*連続ログイン1日目
※ログインが途切れるか、7日到達すると
1日目から再開されます*
`フレンドポイント X 2000
9月交換券(2024) X 1
`*「奏章Ⅲ 新霊長後継戦 アーキタイプ・インセプション」(中編)開幕直前カウントダウンログインボーナス*
*開催期間中、1日1回 6日間日替わりでログインボーナスをプレゼント！*
`QP X 3000000
`_2024-09-07 19:40:35_
--------
*d17e065a91cb6e0f11571ec8f43b666b*
`登陆天数: 61天 / 1638天
等级: 128
石头: 4737
呼符: 152
体力: 3771.19 / 137
友情点: 0 / 1281890`
*連続ログイン5日目
※ログインが途切れるか、7日到達すると
1日目から再開されます*
`叡智の業火 X 2
9月交換券(2024) X 1
`*「奏章Ⅲ 新霊長後継戦 アーキタイプ・インセプション」(中編)開幕直前カウントダウンログインボーナス*
*開催期間中、1日1回 6日間日替わりでログインボーナスをプレゼント！*
`QP X 3000000
`_2024-09-07 19:40:43_
--------
*0bbab0884955053991437f8efd36402f*
`登陆天数: 258天 / 1617天
等级: 130
石头: 4715
呼符: 109
体力: 8376.593333333334 / 138
友情点: 0 / 1276895`
*連続ログイン6日目
※ログインが途切れるか、7日到達すると
1日目から再開されます*
`聖晶石 X 2
9月交換券(2024) X 1
`*「奏章Ⅲ 新霊長後継戦 アーキタイプ・インセプション」(中編)開幕直前カウントダウンログインボーナス*
*開催期間中、1日1回 6日間日替わりでログインボーナスをプレゼント！*
`QP X 3000000
`_2024-09-07 19:40:52_
--------
*34115a9719eec68deb9a8d3ab142781c*
`登陆天数: 243天 / 1554天
等级: 130
石头: 2402
呼符: 109
体力: 8129.233333333334 / 138
友情点: 0 / 1242405`
*連続ログイン5日目
※ログインが途切れるか、7日到達すると
1日目から再開されます*
`叡智の業火 X 2
9月交換券(2024) X 1
`*「奏章Ⅲ 新霊長後継戦 アーキタイプ・インセプション」(中編)開幕直前カウントダウンログインボーナス*
*開催期間中、1日1回 6日間日替わりでログインボーナスをプレゼント！*
`QP X 3000000
`_2024-09-07 19:41:01_
--------
*70b2289bba4e0d1155fd4ef04388170d*
`登陆天数: 16天 / 1509天
等级: 129
石头: 5556
呼符: 9
体力: 29712.533333333333 / 138
友情点: 0 / 1283825`
*連続ログイン2日目
※ログインが途切れるか、7日到達すると
1日目から再開されます*
`聖晶石 X 1
9月交換券(2024) X 1
`*「奏章Ⅲ 新霊長後継戦 アーキタイプ・インセプション」(中編)開幕直前カウントダウンログインボーナス*
*開催期間中、1日1回 6日間日替わりでログインボーナスをプレゼント！*
`QP X 3000000
`_2024-09-07 19:41:10_
--------
