【登录信息】
*a5b5d04878ef92ec9f2a1ae7db2d2ac6*
`登陆天数: 21天 / 1573天
等级: 132
石头: 329
呼符: 180
体力: 8752.423333333334 / 138
友情点: 0 / 1327075`
*連続ログイン7日間到達おめでとうございます！
明日は1日目からリスタートされます。*
`獣の足跡 X 1
呼符 X 1
9月交換券(2024) X 1
`*「奏章Ⅲ 新霊長後継戦 アーキタイプ・インセプション」(中編)開幕直前カウントダウンログインボーナス*
*開催期間中、1日1回 6日間日替わりでログインボーナスをプレゼント！*
`英霊結晶・星のフォウくん X 10
`_2024-09-08 19:38:33_
--------
*35fbc6cbbb563a0d5605fd0d482ec707*
`登陆天数: 22天 / 1618天
等级: 133
石头: 1650
呼符: 175
体力: 118.20333333333333 / 139
友情点: 0 / 316585`
*連続ログイン1日目
※ログインが途切れるか、7日到達すると
1日目から再開されます*
`フレンドポイント X 2000
9月交換券(2024) X 1
`*「奏章Ⅲ 新霊長後継戦 アーキタイプ・インセプション」(中編)開幕直前カウントダウンログインボーナス*
*開催期間中、1日1回 6日間日替わりでログインボーナスをプレゼント！*
`英霊結晶・星のフォウくん X 10
`_2024-09-08 19:38:42_
--------
*823ed9cd51e0b8500cc709c9db83a2f5*
`登陆天数: 13天 / 1511天
等级: 130
石头: 767
呼符: 86
体力: 12331.513333333334 / 138
友情点: 0 / 1242430`
*連続ログイン6日目
※ログインが途切れるか、7日到達すると
1日目から再開されます*
`聖晶石 X 2
9月交換券(2024) X 1
`*「奏章Ⅲ 新霊長後継戦 アーキタイプ・インセプション」(中編)開幕直前カウントダウンログインボーナス*
*開催期間中、1日1回 6日間日替わりでログインボーナスをプレゼント！*
`英霊結晶・星のフォウくん X 10
`_2024-09-08 19:38:50_
--------
*aa68f2ee631b12e5f4263cccbc2b4f84*
`登陆天数: 21天 / 1304天
等级: 128
石头: 1587
呼符: 28
体力: 54645.14 / 137
友情点: 0 / 1230570`
*連続ログイン7日間到達おめでとうございます！
明日は1日目からリスタートされます。*
`獣の足跡 X 1
呼符 X 1
9月交換券(2024) X 1
`*「奏章Ⅲ 新霊長後継戦 アーキタイプ・インセプション」(中編)開幕直前カウントダウンログインボーナス*
*開催期間中、1日1回 6日間日替わりでログインボーナスをプレゼント！*
`英霊結晶・星のフォウくん X 10
`_2024-09-08 19:38:59_
--------
*a7ec86a94fed6ee5bc40b5a5f31603ad*
`登陆天数: 13天 / 1523天
等级: 130
石头: 1840
呼符: 96
体力: 22718.133333333335 / 138
友情点: 0 / 1247535`
*連続ログイン6日目
※ログインが途切れるか、7日到達すると
1日目から再開されます*
`聖晶石 X 2
9月交換券(2024) X 1
`*「奏章Ⅲ 新霊長後継戦 アーキタイプ・インセプション」(中編)開幕直前カウントダウンログインボーナス*
*開催期間中、1日1回 6日間日替わりでログインボーナスをプレゼント！*
`英霊結晶・星のフォウくん X 10
`_2024-09-08 19:39:07_
--------
*bbf383f98d451f7ee9a8fe3ea80d8581*
`登陆天数: 20天 / 1278天
等级: 130
石头: 422
呼符: 110
体力: 8649.5 / 138
友情点: 0 / 1136650`
*連続ログイン6日目
※ログインが途切れるか、7日到達すると
1日目から再開されます*
`聖晶石 X 2
9月交換券(2024) X 1
`*「奏章Ⅲ 新霊長後継戦 アーキタイプ・インセプション」(中編)開幕直前カウントダウンログインボーナス*
*開催期間中、1日1回 6日間日替わりでログインボーナスをプレゼント！*
`英霊結晶・星のフォウくん X 10
`_2024-09-08 19:39:16_
--------
*6952ab84039f401d88fdace3995567c3*
`登陆天数: 13天 / 1628天
等级: 128
石头: 4755
呼符: 151
体力: 17590.736666666668 / 137
友情点: 0 / 1298505`
*連続ログイン6日目
※ログインが途切れるか、7日到達すると
1日目から再開されます*
`聖晶石 X 2
9月交換券(2024) X 1
`*「奏章Ⅲ 新霊長後継戦 アーキタイプ・インセプション」(中編)開幕直前カウントダウンログインボーナス*
*開催期間中、1日1回 6日間日替わりでログインボーナスをプレゼント！*
`英霊結晶・星のフォウくん X 10
`_2024-09-08 19:39:25_
--------
*f4190598ed5a11b432712f1a3492fc95*
`登陆天数: 62天 / 1615天
等级: 129
石头: 4759
呼符: 152
体力: 5372.683333333333 / 138
友情点: 0 / 1297915`
*連続ログイン6日目
※ログインが途切れるか、7日到達すると
1日目から再開されます*
`聖晶石 X 2
9月交換券(2024) X 1
`*「奏章Ⅲ 新霊長後継戦 アーキタイプ・インセプション」(中編)開幕直前カウントダウンログインボーナス*
*開催期間中、1日1回 6日間日替わりでログインボーナスをプレゼント！*
`英霊結晶・星のフォウくん X 10
`_2024-09-08 19:39:33_
--------
*8499833a8d0db047b863753fa1cc6a33*
`登陆天数: 36天 / 1692天
等级: 129
石头: 4171
呼符: 20
体力: 19214.466666666667 / 138
友情点: 0 / 1394070`
*連続ログイン1日目
※ログインが途切れるか、7日到達すると
1日目から再開されます*
`フレンドポイント X 2000
9月交換券(2024) X 1
`*「奏章Ⅲ 新霊長後継戦 アーキタイプ・インセプション」(中編)開幕直前カウントダウンログインボーナス*
*開催期間中、1日1回 6日間日替わりでログインボーナスをプレゼント！*
`英霊結晶・星のフォウくん X 10
`_2024-09-08 19:39:42_
--------
*c8249ad552514fb0368836ab2b047039*
`登陆天数: 19天 / 1229天
等级: 141
石头: 96
呼符: 19
体力: 835.8733333333333 / 140
友情点: 1300 / 51482685`
*連続ログイン5日目
※ログインが途切れるか、7日到達すると
1日目から再開されます*
`叡智の業火 X 2
9月交換券(2024) X 1
`*「奏章Ⅲ 新霊長後継戦 アーキタイプ・インセプション」(中編)開幕直前カウントダウンログインボーナス*
*開催期間中、1日1回 6日間日替わりでログインボーナスをプレゼント！*
`英霊結晶・星のフォウくん X 10
`_2024-09-08 19:39:50_
--------
*e01aa16bffb0c37d734c26ca264473d5*
`登陆天数: 22天 / 1333天
等级: 130
石头: 2310
呼符: 179
体力: 3782.07 / 138
友情点: 0 / 1273310`
*連続ログイン1日目
※ログインが途切れるか、7日到達すると
1日目から再開されます*
`フレンドポイント X 2000
9月交換券(2024) X 1
`*「奏章Ⅲ 新霊長後継戦 アーキタイプ・インセプション」(中編)開幕直前カウントダウンログインボーナス*
*開催期間中、1日1回 6日間日替わりでログインボーナスをプレゼント！*
`英霊結晶・星のフォウくん X 10
`_2024-09-08 19:39:59_
--------
*144293b7027c86afe078a3362aa860ff*
`登陆天数: 18天 / 1627天
等级: 135
石头: 731
呼符: 2
体力: 2902.9733333333334 / 139
友情点: 0 / 10022135`
*連続ログイン4日目
※ログインが途切れるか、7日到達すると
1日目から再開されます*
`聖晶石 X 1
9月交換券(2024) X 1
`*「奏章Ⅲ 新霊長後継戦 アーキタイプ・インセプション」(中編)開幕直前カウントダウンログインボーナス*
*開催期間中、1日1回 6日間日替わりでログインボーナスをプレゼント！*
`英霊結晶・星のフォウくん X 10
`_2024-09-08 19:40:07_
--------
*04879fc63f393a018be80fc13f96edb5*
`登陆天数: 16天 / 1531天
等级: 129
石头: 4868
呼符: 1
体力: 3098.6566666666668 / 138
友情点: 0 / 86285`
*連続ログイン2日目
※ログインが途切れるか、7日到達すると
1日目から再開されます*
`聖晶石 X 1
9月交換券(2024) X 1
`*「奏章Ⅲ 新霊長後継戦 アーキタイプ・インセプション」(中編)開幕直前カウントダウンログインボーナス*
*開催期間中、1日1回 6日間日替わりでログインボーナスをプレゼント！*
`英霊結晶・星のフォウくん X 10
`_2024-09-08 19:40:16_
--------
*d17e065a91cb6e0f11571ec8f43b666b*
`登陆天数: 62天 / 1639天
等级: 128
石头: 4737
呼符: 152
体力: 4059.1233333333334 / 137
友情点: 0 / 1281890`
*連続ログイン6日目
※ログインが途切れるか、7日到達すると
1日目から再開されます*
`聖晶石 X 2
9月交換券(2024) X 1
`*「奏章Ⅲ 新霊長後継戦 アーキタイプ・インセプション」(中編)開幕直前カウントダウンログインボーナス*
*開催期間中、1日1回 6日間日替わりでログインボーナスをプレゼント！*
`英霊結晶・星のフォウくん X 10
`_2024-09-08 19:40:24_
--------
*0bbab0884955053991437f8efd36402f*
`登陆天数: 259天 / 1618天
等级: 130
石头: 4715
呼符: 109
体力: 8664.526666666667 / 138
友情点: 0 / 1276895`
*連続ログイン7日間到達おめでとうございます！
明日は1日目からリスタートされます。*
`獣の足跡 X 1
呼符 X 1
9月交換券(2024) X 1
`*「奏章Ⅲ 新霊長後継戦 アーキタイプ・インセプション」(中編)開幕直前カウントダウンログインボーナス*
*開催期間中、1日1回 6日間日替わりでログインボーナスをプレゼント！*
`英霊結晶・星のフォウくん X 10
`_2024-09-08 19:40:32_
--------
*34115a9719eec68deb9a8d3ab142781c*
`登陆天数: 244天 / 1555天
等级: 130
石头: 2402
呼符: 109
体力: 8417.17 / 138
友情点: 0 / 1242405`
*連続ログイン6日目
※ログインが途切れるか、7日到達すると
1日目から再開されます*
`聖晶石 X 2
9月交換券(2024) X 1
`*「奏章Ⅲ 新霊長後継戦 アーキタイプ・インセプション」(中編)開幕直前カウントダウンログインボーナス*
*開催期間中、1日1回 6日間日替わりでログインボーナスをプレゼント！*
`英霊結晶・星のフォウくん X 10
`_2024-09-08 19:40:41_
--------
*70b2289bba4e0d1155fd4ef04388170d*
`登陆天数: 17天 / 1510天
等级: 129
石头: 5556
呼符: 9
体力: 30000.466666666667 / 138
友情点: 0 / 1283825`
*連続ログイン3日目
※ログインが途切れるか、7日到達すると
1日目から再開されます*
`叡智の業火 X 1
9月交換券(2024) X 1
`*「奏章Ⅲ 新霊長後継戦 アーキタイプ・インセプション」(中編)開幕直前カウントダウンログインボーナス*
*開催期間中、1日1回 6日間日替わりでログインボーナスをプレゼント！*
`英霊結晶・星のフォウくん X 10
`_2024-09-08 19:40:50_
--------
