【登录信息】
*a5b5d04878ef92ec9f2a1ae7db2d2ac6*
`登陆天数: 22天 / 1574天
等级: 132
石头: 329
呼符: 180
体力: 9040.336666666666 / 138
友情点: 0 / 1327075`
*連続ログイン1日目
※ログインが途切れるか、7日到達すると
1日目から再開されます*
`フレンドポイント X 2000
9月交換券(2024) X 1
`*「奏章Ⅲ 新霊長後継戦 アーキタイプ・インセプション」(中編)開幕直前カウントダウンログインボーナス*
*開催期間中、1日1回 6日間日替わりでログインボーナスをプレゼント！*
`英霊結晶・太陽のフォウくん X 10
`_2024-09-09 19:38:08_
--------
*35fbc6cbbb563a0d5605fd0d482ec707*
`登陆天数: 23天 / 1619天
等级: 133
石头: 1650
呼符: 175
体力: 406.1166666666667 / 139
友情点: 0 / 318585`
*連続ログイン2日目
※ログインが途切れるか、7日到達すると
1日目から再開されます*
`聖晶石 X 1
9月交換券(2024) X 1
`*「奏章Ⅲ 新霊長後継戦 アーキタイプ・インセプション」(中編)開幕直前カウントダウンログインボーナス*
*開催期間中、1日1回 6日間日替わりでログインボーナスをプレゼント！*
`英霊結晶・太陽のフォウくん X 10
`_2024-09-09 19:38:16_
--------
*823ed9cd51e0b8500cc709c9db83a2f5*
`登陆天数: 14天 / 1512天
等级: 130
石头: 767
呼符: 86
体力: 12619.423333333334 / 138
友情点: 0 / 1242430`
*連続ログイン7日間到達おめでとうございます！
明日は1日目からリスタートされます。*
`獣の足跡 X 1
呼符 X 1
9月交換券(2024) X 1
`*「奏章Ⅲ 新霊長後継戦 アーキタイプ・インセプション」(中編)開幕直前カウントダウンログインボーナス*
*開催期間中、1日1回 6日間日替わりでログインボーナスをプレゼント！*
`英霊結晶・太陽のフォウくん X 10
`_2024-09-09 19:38:24_
--------
*aa68f2ee631b12e5f4263cccbc2b4f84*
`登陆天数: 22天 / 1305天
等级: 128
石头: 1587
呼符: 28
体力: 54933.05 / 137
友情点: 0 / 1230570`
*連続ログイン1日目
※ログインが途切れるか、7日到達すると
1日目から再開されます*
`フレンドポイント X 2000
9月交換券(2024) X 1
`*「奏章Ⅲ 新霊長後継戦 アーキタイプ・インセプション」(中編)開幕直前カウントダウンログインボーナス*
*開催期間中、1日1回 6日間日替わりでログインボーナスをプレゼント！*
`英霊結晶・太陽のフォウくん X 10
`_2024-09-09 19:38:32_
--------
*a7ec86a94fed6ee5bc40b5a5f31603ad*
`登陆天数: 14天 / 1524天
等级: 130
石头: 1840
呼符: 96
体力: 23006.04 / 138
友情点: 0 / 1247535`
*連続ログイン7日間到達おめでとうございます！
明日は1日目からリスタートされます。*
`獣の足跡 X 1
呼符 X 1
9月交換券(2024) X 1
`*「奏章Ⅲ 新霊長後継戦 アーキタイプ・インセプション」(中編)開幕直前カウントダウンログインボーナス*
*開催期間中、1日1回 6日間日替わりでログインボーナスをプレゼント！*
`英霊結晶・太陽のフォウくん X 10
`_2024-09-09 19:38:40_
--------
*bbf383f98d451f7ee9a8fe3ea80d8581*
`登陆天数: 21天 / 1279天
等级: 130
石头: 422
呼符: 110
体力: 8937.406666666666 / 138
友情点: 0 / 1136650`
*連続ログイン7日間到達おめでとうございます！
明日は1日目からリスタートされます。*
`獣の足跡 X 1
呼符 X 1
9月交換券(2024) X 1
`*「奏章Ⅲ 新霊長後継戦 アーキタイプ・インセプション」(中編)開幕直前カウントダウンログインボーナス*
*開催期間中、1日1回 6日間日替わりでログインボーナスをプレゼント！*
`英霊結晶・太陽のフォウくん X 10
`_2024-09-09 19:38:48_
--------
*6952ab84039f401d88fdace3995567c3*
`登陆天数: 14天 / 1629天
等级: 128
石头: 4755
呼符: 151
体力: 17878.64 / 137
友情点: 0 / 1298505`
*連続ログイン7日間到達おめでとうございます！
明日は1日目からリスタートされます。*
`獣の足跡 X 1
呼符 X 1
9月交換券(2024) X 1
`*「奏章Ⅲ 新霊長後継戦 アーキタイプ・インセプション」(中編)開幕直前カウントダウンログインボーナス*
*開催期間中、1日1回 6日間日替わりでログインボーナスをプレゼント！*
`英霊結晶・太陽のフォウくん X 10
`_2024-09-09 19:38:56_
--------
*f4190598ed5a11b432712f1a3492fc95*
`登陆天数: 63天 / 1616天
等级: 129
石头: 4759
呼符: 152
体力: 5660.586666666667 / 138
友情点: 0 / 1297915`
*連続ログイン7日間到達おめでとうございます！
明日は1日目からリスタートされます。*
`獣の足跡 X 1
呼符 X 1
9月交換券(2024) X 1
`*「奏章Ⅲ 新霊長後継戦 アーキタイプ・インセプション」(中編)開幕直前カウントダウンログインボーナス*
*開催期間中、1日1回 6日間日替わりでログインボーナスをプレゼント！*
`英霊結晶・太陽のフォウくん X 10
`_2024-09-09 19:39:05_
--------
*8499833a8d0db047b863753fa1cc6a33*
`登陆天数: 37天 / 1693天
等级: 129
石头: 4171
呼符: 20
体力: 19502.37 / 138
友情点: 0 / 1394070`
*連続ログイン2日目
※ログインが途切れるか、7日到達すると
1日目から再開されます*
`聖晶石 X 1
9月交換券(2024) X 1
`*「奏章Ⅲ 新霊長後継戦 アーキタイプ・インセプション」(中編)開幕直前カウントダウンログインボーナス*
*開催期間中、1日1回 6日間日替わりでログインボーナスをプレゼント！*
`英霊結晶・太陽のフォウくん X 10
`_2024-09-09 19:39:13_
--------
*c8249ad552514fb0368836ab2b047039*
`登陆天数: 20天 / 1230天
等级: 141
石头: 96
呼符: 19
体力: 1123.7733333333333 / 140
友情点: 50 / 51482735`
*連続ログイン6日目
※ログインが途切れるか、7日到達すると
1日目から再開されます*
`聖晶石 X 2
9月交換券(2024) X 1
`*「奏章Ⅲ 新霊長後継戦 アーキタイプ・インセプション」(中編)開幕直前カウントダウンログインボーナス*
*開催期間中、1日1回 6日間日替わりでログインボーナスをプレゼント！*
`英霊結晶・太陽のフォウくん X 10
`_2024-09-09 19:39:21_
--------
*e01aa16bffb0c37d734c26ca264473d5*
`登陆天数: 23天 / 1334天
等级: 130
石头: 2310
呼符: 179
体力: 4069.97 / 138
友情点: 0 / 1273310`
*連続ログイン2日目
※ログインが途切れるか、7日到達すると
1日目から再開されます*
`聖晶石 X 1
9月交換券(2024) X 1
`*「奏章Ⅲ 新霊長後継戦 アーキタイプ・インセプション」(中編)開幕直前カウントダウンログインボーナス*
*開催期間中、1日1回 6日間日替わりでログインボーナスをプレゼント！*
`英霊結晶・太陽のフォウくん X 10
`_2024-09-09 19:39:29_
--------
*144293b7027c86afe078a3362aa860ff*
`登陆天数: 19天 / 1628天
等级: 135
石头: 731
呼符: 2
体力: 3190.87 / 139
友情点: 25 / 10022160`
*連続ログイン5日目
※ログインが途切れるか、7日到達すると
1日目から再開されます*
`叡智の業火 X 2
9月交換券(2024) X 1
`*「奏章Ⅲ 新霊長後継戦 アーキタイプ・インセプション」(中編)開幕直前カウントダウンログインボーナス*
*開催期間中、1日1回 6日間日替わりでログインボーナスをプレゼント！*
`英霊結晶・太陽のフォウくん X 10
`_2024-09-09 19:39:37_
--------
*04879fc63f393a018be80fc13f96edb5*
`登陆天数: 17天 / 1532天
等级: 129
石头: 4868
呼符: 1
体力: 3386.5533333333333 / 138
友情点: 0 / 86285`
*連続ログイン3日目
※ログインが途切れるか、7日到達すると
1日目から再開されます*
`叡智の業火 X 1
9月交換券(2024) X 1
`*「奏章Ⅲ 新霊長後継戦 アーキタイプ・インセプション」(中編)開幕直前カウントダウンログインボーナス*
*開催期間中、1日1回 6日間日替わりでログインボーナスをプレゼント！*
`英霊結晶・太陽のフォウくん X 10
`_2024-09-09 19:39:45_
--------
*d17e065a91cb6e0f11571ec8f43b666b*
`登陆天数: 63天 / 1640天
等级: 128
石头: 4737
呼符: 152
体力: 4347.02 / 137
友情点: 0 / 1281890`
*連続ログイン7日間到達おめでとうございます！
明日は1日目からリスタートされます。*
`獣の足跡 X 1
呼符 X 1
9月交換券(2024) X 1
`*「奏章Ⅲ 新霊長後継戦 アーキタイプ・インセプション」(中編)開幕直前カウントダウンログインボーナス*
*開催期間中、1日1回 6日間日替わりでログインボーナスをプレゼント！*
`英霊結晶・太陽のフォウくん X 10
`_2024-09-09 19:39:53_
--------
*0bbab0884955053991437f8efd36402f*
`登陆天数: 260天 / 1619天
等级: 130
石头: 4715
呼符: 109
体力: 8952.42 / 138
友情点: 0 / 1276895`
*連続ログイン1日目
※ログインが途切れるか、7日到達すると
1日目から再開されます*
`フレンドポイント X 2000
9月交換券(2024) X 1
`*「奏章Ⅲ 新霊長後継戦 アーキタイプ・インセプション」(中編)開幕直前カウントダウンログインボーナス*
*開催期間中、1日1回 6日間日替わりでログインボーナスをプレゼント！*
`英霊結晶・太陽のフォウくん X 10
`_2024-09-09 19:40:01_
--------
*34115a9719eec68deb9a8d3ab142781c*
`登陆天数: 245天 / 1556天
等级: 130
石头: 2402
呼符: 109
体力: 8705.06 / 138
友情点: 0 / 1242405`
*連続ログイン7日間到達おめでとうございます！
明日は1日目からリスタートされます。*
`獣の足跡 X 1
呼符 X 1
9月交換券(2024) X 1
`*「奏章Ⅲ 新霊長後継戦 アーキタイプ・インセプション」(中編)開幕直前カウントダウンログインボーナス*
*開催期間中、1日1回 6日間日替わりでログインボーナスをプレゼント！*
`英霊結晶・太陽のフォウくん X 10
`_2024-09-09 19:40:09_
--------
*70b2289bba4e0d1155fd4ef04388170d*
`登陆天数: 18天 / 1511天
等级: 129
石头: 5556
呼符: 9
体力: 30288.356666666667 / 138
友情点: 0 / 1283825`
*連続ログイン4日目
※ログインが途切れるか、7日到達すると
1日目から再開されます*
`聖晶石 X 1
9月交換券(2024) X 1
`*「奏章Ⅲ 新霊長後継戦 アーキタイプ・インセプション」(中編)開幕直前カウントダウンログインボーナス*
*開催期間中、1日1回 6日間日替わりでログインボーナスをプレゼント！*
`英霊結晶・太陽のフォウくん X 10
`_2024-09-09 19:40:17_
--------
