【登录信息】
*a5b5d04878ef92ec9f2a1ae7db2d2ac6*
`登陆天数: 25天 / 1577天
等级: 132
石头: 329
呼符: 180
体力: 9904.486666666666 / 138
友情点: 0 / 1327075`
*連続ログイン4日目
※ログインが途切れるか、7日到達すると
1日目から再開されます*
`聖晶石 X 1
9月交換券(2024) X 1
`*奏章Ⅲ 新霊長後継戦 アーキタイプ・インセプション 開幕記念 ログインボーナス*
*開催期間中、1日1回 最大78回 ログインボーナスをプレゼント！*
`黄金の果実 X 1
`_2024-09-12 19:38:52_
--------
*35fbc6cbbb563a0d5605fd0d482ec707*
`登陆天数: 26天 / 1622天
等级: 133
石头: 1080
呼符: 175
体力: 1270.2666666666667 / 139
友情点: 0 / 318585`
*連続ログイン5日目
※ログインが途切れるか、7日到達すると
1日目から再開されます*
`叡智の業火 X 2
9月交換券(2024) X 1
`*奏章Ⅲ 新霊長後継戦 アーキタイプ・インセプション 開幕記念 ログインボーナス*
*開催期間中、1日1回 最大78回 ログインボーナスをプレゼント！*
`白銀の果実 X 1
`_2024-09-12 19:39:01_
--------
*823ed9cd51e0b8500cc709c9db83a2f5*
`登陆天数: 17天 / 1515天
等级: 130
石头: 767
呼符: 86
体力: 13483.573333333334 / 138
友情点: 0 / 1242430`
*連続ログイン3日目
※ログインが途切れるか、7日到達すると
1日目から再開されます*
`叡智の業火 X 1
9月交換券(2024) X 1
`*奏章Ⅲ 新霊長後継戦 アーキタイプ・インセプション 開幕記念 ログインボーナス*
*開催期間中、1日1回 最大78回 ログインボーナスをプレゼント！*
`白銀の果実 X 1
`_2024-09-12 19:39:09_
--------
*aa68f2ee631b12e5f4263cccbc2b4f84*
`登陆天数: 25天 / 1308天
等级: 128
石头: 1587
呼符: 28
体力: 55797.20333333333 / 137
友情点: 0 / 1230570`
*連続ログイン4日目
※ログインが途切れるか、7日到達すると
1日目から再開されます*
`聖晶石 X 1
9月交換券(2024) X 1
`*奏章Ⅲ 新霊長後継戦 アーキタイプ・インセプション 開幕記念 ログインボーナス*
*開催期間中、1日1回 最大78回 ログインボーナスをプレゼント！*
`白銀の果実 X 1
`_2024-09-12 19:39:18_
--------
*a7ec86a94fed6ee5bc40b5a5f31603ad*
`登陆天数: 17天 / 1527天
等级: 130
石头: 1840
呼符: 96
体力: 23870.193333333333 / 138
友情点: 0 / 1247535`
*連続ログイン3日目
※ログインが途切れるか、7日到達すると
1日目から再開されます*
`叡智の業火 X 1
9月交換券(2024) X 1
`*奏章Ⅲ 新霊長後継戦 アーキタイプ・インセプション 開幕記念 ログインボーナス*
*開催期間中、1日1回 最大78回 ログインボーナスをプレゼント！*
`白銀の果実 X 1
`_2024-09-12 19:39:26_
--------
*bbf383f98d451f7ee9a8fe3ea80d8581*
`登陆天数: 24天 / 1282天
等级: 130
石头: 422
呼符: 110
体力: 9801.563333333334 / 138
友情点: 0 / 1136650`
*連続ログイン3日目
※ログインが途切れるか、7日到達すると
1日目から再開されます*
`叡智の業火 X 1
9月交換券(2024) X 1
`*奏章Ⅲ 新霊長後継戦 アーキタイプ・インセプション 開幕記念 ログインボーナス*
*開催期間中、1日1回 最大78回 ログインボーナスをプレゼント！*
`白銀の果実 X 1
`_2024-09-12 19:39:35_
--------
*6952ab84039f401d88fdace3995567c3*
`登陆天数: 17天 / 1632天
等级: 128
石头: 4755
呼符: 151
体力: 18742.796666666665 / 137
友情点: 0 / 1298505`
*連続ログイン3日目
※ログインが途切れるか、7日到達すると
1日目から再開されます*
`叡智の業火 X 1
9月交換券(2024) X 1
`*奏章Ⅲ 新霊長後継戦 アーキタイプ・インセプション 開幕記念 ログインボーナス*
*開催期間中、1日1回 最大78回 ログインボーナスをプレゼント！*
`白銀の果実 X 1
`_2024-09-12 19:39:43_
--------
*f4190598ed5a11b432712f1a3492fc95*
`登陆天数: 66天 / 1619天
等级: 129
石头: 4759
呼符: 152
体力: 6524.74 / 138
友情点: 0 / 1297915`
*連続ログイン3日目
※ログインが途切れるか、7日到達すると
1日目から再開されます*
`叡智の業火 X 1
9月交換券(2024) X 1
`*奏章Ⅲ 新霊長後継戦 アーキタイプ・インセプション 開幕記念 ログインボーナス*
*開催期間中、1日1回 最大78回 ログインボーナスをプレゼント！*
`白銀の果実 X 1
`_2024-09-12 19:39:51_
--------
*8499833a8d0db047b863753fa1cc6a33*
`登陆天数: 40天 / 1696天
等级: 129
石头: 4171
呼符: 20
体力: 20366.52666666667 / 138
友情点: 0 / 1394070`
*連続ログイン5日目
※ログインが途切れるか、7日到達すると
1日目から再開されます*
`叡智の業火 X 2
9月交換券(2024) X 1
`*奏章Ⅲ 新霊長後継戦 アーキタイプ・インセプション 開幕記念 ログインボーナス*
*開催期間中、1日1回 最大78回 ログインボーナスをプレゼント！*
`白銀の果実 X 1
`_2024-09-12 19:40:00_
--------
*c8249ad552514fb0368836ab2b047039*
`登陆天数: 23天 / 1233天
等级: 141
石头: 99
呼符: 20
体力: 1987.9333333333334 / 140
友情点: 0 / 51482785`
*連続ログイン2日目
※ログインが途切れるか、7日到達すると
1日目から再開されます*
`聖晶石 X 1
9月交換券(2024) X 1
`*奏章Ⅲ 新霊長後継戦 アーキタイプ・インセプション 開幕記念 ログインボーナス*
*開催期間中、1日1回 最大78回 ログインボーナスをプレゼント！*
`白銀の果実 X 1
`_2024-09-12 19:40:09_
--------
*e01aa16bffb0c37d734c26ca264473d5*
`登陆天数: 26天 / 1337天
等级: 130
石头: 2310
呼符: 179
体力: 4934.133333333333 / 138
友情点: 0 / 1273310`
*連続ログイン5日目
※ログインが途切れるか、7日到達すると
1日目から再開されます*
`叡智の業火 X 2
9月交換券(2024) X 1
`*奏章Ⅲ 新霊長後継戦 アーキタイプ・インセプション 開幕記念 ログインボーナス*
*開催期間中、1日1回 最大78回 ログインボーナスをプレゼント！*
`白銀の果実 X 1
`_2024-09-12 19:40:17_
--------
*144293b7027c86afe078a3362aa860ff*
`登陆天数: 22天 / 1631天
等级: 135
石头: 731
呼符: 2
体力: 4055.0333333333333 / 139
友情点: 0 / 10022160`
*連続ログイン1日目
※ログインが途切れるか、7日到達すると
1日目から再開されます*
`フレンドポイント X 2000
9月交換券(2024) X 1
`*奏章Ⅲ 新霊長後継戦 アーキタイプ・インセプション 開幕記念 ログインボーナス*
*開催期間中、1日1回 最大78回 ログインボーナスをプレゼント！*
`黄金の果実 X 1
`_2024-09-12 19:40:26_
--------
*04879fc63f393a018be80fc13f96edb5*
`登陆天数: 20天 / 1535天
等级: 129
石头: 4868
呼符: 1
体力: 4250.716666666666 / 138
友情点: 0 / 86285`
*連続ログイン6日目
※ログインが途切れるか、7日到達すると
1日目から再開されます*
`聖晶石 X 2
9月交換券(2024) X 1
`*奏章Ⅲ 新霊長後継戦 アーキタイプ・インセプション 開幕記念 ログインボーナス*
*開催期間中、1日1回 最大78回 ログインボーナスをプレゼント！*
`白銀の果実 X 1
`_2024-09-12 19:40:34_
--------
*d17e065a91cb6e0f11571ec8f43b666b*
`登陆天数: 66天 / 1643天
等级: 128
石头: 4737
呼符: 152
体力: 5211.1866666666665 / 137
友情点: 0 / 1281890`
*連続ログイン3日目
※ログインが途切れるか、7日到達すると
1日目から再開されます*
`叡智の業火 X 1
9月交換券(2024) X 1
`*奏章Ⅲ 新霊長後継戦 アーキタイプ・インセプション 開幕記念 ログインボーナス*
*開催期間中、1日1回 最大78回 ログインボーナスをプレゼント！*
`白銀の果実 X 1
`_2024-09-12 19:40:43_
--------
*0bbab0884955053991437f8efd36402f*
`登陆天数: 263天 / 1622天
等级: 130
石头: 3818
呼符: 109
体力: 9816.586666666666 / 138
友情点: 0 / 1276895`
*連続ログイン4日目
※ログインが途切れるか、7日到達すると
1日目から再開されます*
`聖晶石 X 1
9月交換券(2024) X 1
`*奏章Ⅲ 新霊長後継戦 アーキタイプ・インセプション 開幕記念 ログインボーナス*
*開催期間中、1日1回 最大78回 ログインボーナスをプレゼント！*
`白銀の果実 X 1
`_2024-09-12 19:40:51_
--------
*34115a9719eec68deb9a8d3ab142781c*
`登陆天数: 248天 / 1559天
等级: 130
石头: 2402
呼符: 109
体力: 9569.23 / 138
友情点: 0 / 1242405`
*連続ログイン3日目
※ログインが途切れるか、7日到達すると
1日目から再開されます*
`叡智の業火 X 1
9月交換券(2024) X 1
`*奏章Ⅲ 新霊長後継戦 アーキタイプ・インセプション 開幕記念 ログインボーナス*
*開催期間中、1日1回 最大78回 ログインボーナスをプレゼント！*
`白銀の果実 X 1
`_2024-09-12 19:41:00_
--------
*70b2289bba4e0d1155fd4ef04388170d*
`登陆天数: 21天 / 1514天
等级: 129
石头: 5556
呼符: 9
体力: 31152.52666666667 / 138
友情点: 0 / 1283825`
*連続ログイン7日間到達おめでとうございます！
明日は1日目からリスタートされます。*
`獣の足跡 X 1
呼符 X 1
9月交換券(2024) X 1
`*奏章Ⅲ 新霊長後継戦 アーキタイプ・インセプション 開幕記念 ログインボーナス*
*開催期間中、1日1回 最大78回 ログインボーナスをプレゼント！*
`白銀の果実 X 1
`_2024-09-12 19:41:08_
--------
