【登录信息】
*a5b5d04878ef92ec9f2a1ae7db2d2ac6*
`登陆天数: 26天 / 1578天
等级: 132
石头: 332
呼符: 180
体力: 10192.396666666667 / 138
友情点: 0 / 1327075`
*連続ログイン5日目
※ログインが途切れるか、7日到達すると
1日目から再開されます*
`叡智の業火 X 2
9月交換券(2024) X 1
`*奏章Ⅲ 新霊長後継戦 アーキタイプ・インセプション 開幕記念 ログインボーナス*
*開催期間中、1日1回 最大78回 ログインボーナスをプレゼント！*
`白銀の果実 X 1
`_2024-09-13 19:38:24_
--------
*35fbc6cbbb563a0d5605fd0d482ec707*
`登陆天数: 27天 / 1623天
等级: 133
石头: 1087
呼符: 175
体力: 89.02666666666667 / 139
友情点: 0 / 318760`
*連続ログイン6日目
※ログインが途切れるか、7日到達すると
1日目から再開されます*
`聖晶石 X 2
9月交換券(2024) X 1
`*奏章Ⅲ 新霊長後継戦 アーキタイプ・インセプション 開幕記念 ログインボーナス*
*開催期間中、1日1回 最大78回 ログインボーナスをプレゼント！*
`白銀の果実 X 1
`_2024-09-13 19:38:33_
--------
*823ed9cd51e0b8500cc709c9db83a2f5*
`登陆天数: 18天 / 1516天
等级: 130
石头: 767
呼符: 86
体力: 13771.483333333334 / 138
友情点: 0 / 1242430`
*連続ログイン4日目
※ログインが途切れるか、7日到達すると
1日目から再開されます*
`聖晶石 X 1
9月交換券(2024) X 1
`*奏章Ⅲ 新霊長後継戦 アーキタイプ・インセプション 開幕記念 ログインボーナス*
*開催期間中、1日1回 最大78回 ログインボーナスをプレゼント！*
`白銀の果実 X 1
`_2024-09-13 19:38:41_
--------
*aa68f2ee631b12e5f4263cccbc2b4f84*
`登陆天数: 26天 / 1309天
等级: 128
石头: 1587
呼符: 28
体力: 56085.11 / 137
友情点: 0 / 1230570`
*連続ログイン5日目
※ログインが途切れるか、7日到達すると
1日目から再開されます*
`叡智の業火 X 2
9月交換券(2024) X 1
`*奏章Ⅲ 新霊長後継戦 アーキタイプ・インセプション 開幕記念 ログインボーナス*
*開催期間中、1日1回 最大78回 ログインボーナスをプレゼント！*
`黄金の果実 X 1
`_2024-09-13 19:38:50_
--------
*a7ec86a94fed6ee5bc40b5a5f31603ad*
`登陆天数: 18天 / 1528天
等级: 130
石头: 1840
呼符: 96
体力: 24158.103333333333 / 138
友情点: 0 / 1247535`
*連続ログイン4日目
※ログインが途切れるか、7日到達すると
1日目から再開されます*
`聖晶石 X 1
9月交換券(2024) X 1
`*奏章Ⅲ 新霊長後継戦 アーキタイプ・インセプション 開幕記念 ログインボーナス*
*開催期間中、1日1回 最大78回 ログインボーナスをプレゼント！*
`白銀の果実 X 1
`_2024-09-13 19:38:58_
--------
*bbf383f98d451f7ee9a8fe3ea80d8581*
`登陆天数: 25天 / 1283天
等级: 130
石头: 422
呼符: 110
体力: 10089.473333333333 / 138
友情点: 0 / 1136650`
*連続ログイン4日目
※ログインが途切れるか、7日到達すると
1日目から再開されます*
`聖晶石 X 1
9月交換券(2024) X 1
`*奏章Ⅲ 新霊長後継戦 アーキタイプ・インセプション 開幕記念 ログインボーナス*
*開催期間中、1日1回 最大78回 ログインボーナスをプレゼント！*
`白銀の果実 X 1
`_2024-09-13 19:39:07_
--------
*6952ab84039f401d88fdace3995567c3*
`登陆天数: 18天 / 1633天
等级: 128
石头: 4755
呼符: 151
体力: 19030.706666666665 / 137
友情点: 0 / 1298505`
*連続ログイン4日目
※ログインが途切れるか、7日到達すると
1日目から再開されます*
`聖晶石 X 1
9月交換券(2024) X 1
`*奏章Ⅲ 新霊長後継戦 アーキタイプ・インセプション 開幕記念 ログインボーナス*
*開催期間中、1日1回 最大78回 ログインボーナスをプレゼント！*
`白銀の果実 X 1
`_2024-09-13 19:39:16_
--------
*f4190598ed5a11b432712f1a3492fc95*
`登陆天数: 67天 / 1620天
等级: 129
石头: 4759
呼符: 152
体力: 6812.653333333334 / 138
友情点: 0 / 1297915`
*連続ログイン4日目
※ログインが途切れるか、7日到達すると
1日目から再開されます*
`聖晶石 X 1
9月交換券(2024) X 1
`*奏章Ⅲ 新霊長後継戦 アーキタイプ・インセプション 開幕記念 ログインボーナス*
*開催期間中、1日1回 最大78回 ログインボーナスをプレゼント！*
`白銀の果実 X 1
`_2024-09-13 19:39:25_
--------
*8499833a8d0db047b863753fa1cc6a33*
`登陆天数: 41天 / 1697天
等级: 129
石头: 4171
呼符: 20
体力: 20654.43666666667 / 138
友情点: 0 / 1394070`
*連続ログイン6日目
※ログインが途切れるか、7日到達すると
1日目から再開されます*
`聖晶石 X 2
9月交換券(2024) X 1
`*奏章Ⅲ 新霊長後継戦 アーキタイプ・インセプション 開幕記念 ログインボーナス*
*開催期間中、1日1回 最大78回 ログインボーナスをプレゼント！*
`白銀の果実 X 1
`_2024-09-13 19:39:33_
--------
*c8249ad552514fb0368836ab2b047039*
`登陆天数: 24天 / 1234天
等级: 141
石头: 99
呼符: 20
体力: 2275.8433333333332 / 140
友情点: 1700 / 51484485`
*連続ログイン3日目
※ログインが途切れるか、7日到達すると
1日目から再開されます*
`叡智の業火 X 1
9月交換券(2024) X 1
`*奏章Ⅲ 新霊長後継戦 アーキタイプ・インセプション 開幕記念 ログインボーナス*
*開催期間中、1日1回 最大78回 ログインボーナスをプレゼント！*
`白銀の果実 X 1
`_2024-09-13 19:39:42_
--------
*e01aa16bffb0c37d734c26ca264473d5*
`登陆天数: 27天 / 1338天
等级: 130
石头: 2310
呼符: 179
体力: 5222.043333333333 / 138
友情点: 0 / 1273310`
*連続ログイン6日目
※ログインが途切れるか、7日到達すると
1日目から再開されます*
`聖晶石 X 2
9月交換券(2024) X 1
`*奏章Ⅲ 新霊長後継戦 アーキタイプ・インセプション 開幕記念 ログインボーナス*
*開催期間中、1日1回 最大78回 ログインボーナスをプレゼント！*
`黄金の果実 X 1
`_2024-09-13 19:39:51_
--------
*144293b7027c86afe078a3362aa860ff*
`登陆天数: 23天 / 1632天
等级: 135
石头: 751
呼符: 4
体力: 4342.943333333334 / 139
友情点: 0 / 10026160`
*連続ログイン2日目
※ログインが途切れるか、7日到達すると
1日目から再開されます*
`聖晶石 X 1
9月交換券(2024) X 1
`*奏章Ⅲ 新霊長後継戦 アーキタイプ・インセプション 開幕記念 ログインボーナス*
*開催期間中、1日1回 最大78回 ログインボーナスをプレゼント！*
`白銀の果実 X 1
`_2024-09-13 19:39:59_
--------
*04879fc63f393a018be80fc13f96edb5*
`登陆天数: 21天 / 1536天
等级: 129
石头: 4880
呼符: 2
体力: 4538.626666666667 / 138
友情点: 0 / 88285`
*連続ログイン7日間到達おめでとうございます！
明日は1日目からリスタートされます。*
`獣の足跡 X 1
呼符 X 1
9月交換券(2024) X 1
`*奏章Ⅲ 新霊長後継戦 アーキタイプ・インセプション 開幕記念 ログインボーナス*
*開催期間中、1日1回 最大78回 ログインボーナスをプレゼント！*
`白銀の果実 X 1
`_2024-09-13 19:40:07_
--------
*d17e065a91cb6e0f11571ec8f43b666b*
`登陆天数: 67天 / 1644天
等级: 128
石头: 4737
呼符: 152
体力: 5499.093333333333 / 137
友情点: 0 / 1281890`
*連続ログイン4日目
※ログインが途切れるか、7日到達すると
1日目から再開されます*
`聖晶石 X 1
9月交換券(2024) X 1
`*奏章Ⅲ 新霊長後継戦 アーキタイプ・インセプション 開幕記念 ログインボーナス*
*開催期間中、1日1回 最大78回 ログインボーナスをプレゼント！*
`白銀の果実 X 1
`_2024-09-13 19:40:15_
--------
*0bbab0884955053991437f8efd36402f*
`登陆天数: 264天 / 1623天
等级: 130
石头: 3837
呼符: 111
体力: 10104.496666666666 / 138
友情点: 0 / 1280895`
*連続ログイン5日目
※ログインが途切れるか、7日到達すると
1日目から再開されます*
`叡智の業火 X 2
9月交換券(2024) X 1
`*奏章Ⅲ 新霊長後継戦 アーキタイプ・インセプション 開幕記念 ログインボーナス*
*開催期間中、1日1回 最大78回 ログインボーナスをプレゼント！*
`白銀の果実 X 1
`_2024-09-13 19:40:23_
--------
*34115a9719eec68deb9a8d3ab142781c*
`登陆天数: 249天 / 1560天
等级: 130
石头: 2402
呼符: 109
体力: 9857.14 / 138
友情点: 0 / 1242405`
*連続ログイン4日目
※ログインが途切れるか、7日到達すると
1日目から再開されます*
`聖晶石 X 1
9月交換券(2024) X 1
`*奏章Ⅲ 新霊長後継戦 アーキタイプ・インセプション 開幕記念 ログインボーナス*
*開催期間中、1日1回 最大78回 ログインボーナスをプレゼント！*
`白銀の果実 X 1
`_2024-09-13 19:40:32_
--------
*70b2289bba4e0d1155fd4ef04388170d*
`登陆天数: 22天 / 1515天
等级: 129
石头: 5556
呼符: 9
体力: 31440.43666666667 / 138
友情点: 0 / 1283825`
*連続ログイン1日目
※ログインが途切れるか、7日到達すると
1日目から再開されます*
`フレンドポイント X 2000
9月交換券(2024) X 1
`*奏章Ⅲ 新霊長後継戦 アーキタイプ・インセプション 開幕記念 ログインボーナス*
*開催期間中、1日1回 最大78回 ログインボーナスをプレゼント！*
`黄金の果実 X 1
`_2024-09-13 19:40:41_
--------
