【登录信息】
*a5b5d04878ef92ec9f2a1ae7db2d2ac6*
`登陆天数: 27天 / 1579天
等级: 132
石头: 332
呼符: 180
体力: 10480.32 / 138
友情点: 0 / 1327075`
*連続ログイン6日目
※ログインが途切れるか、7日到達すると
1日目から再開されます*
`聖晶石 X 2
9月交換券(2024) X 1
`*奏章Ⅲ 新霊長後継戦 アーキタイプ・インセプション 開幕記念 ログインボーナス*
*開催期間中、1日1回 最大78回 ログインボーナスをプレゼント！*
`白銀の果実 X 1
`_2024-09-14 19:38:02_
--------
*35fbc6cbbb563a0d5605fd0d482ec707*
`登陆天数: 28天 / 1624天
等级: 133
石头: 1087
呼符: 175
体力: 376.95 / 139
友情点: 0 / 318760`
*連続ログイン7日間到達おめでとうございます！
明日は1日目からリスタートされます。*
`獣の足跡 X 1
呼符 X 1
9月交換券(2024) X 1
`*奏章Ⅲ 新霊長後継戦 アーキタイプ・インセプション 開幕記念 ログインボーナス*
*開催期間中、1日1回 最大78回 ログインボーナスをプレゼント！*
`白銀の果実 X 1
`_2024-09-14 19:38:10_
--------
*823ed9cd51e0b8500cc709c9db83a2f5*
`登陆天数: 19天 / 1517天
等级: 130
石头: 767
呼符: 86
体力: 14059.403333333334 / 138
友情点: 0 / 1242430`
*連続ログイン5日目
※ログインが途切れるか、7日到達すると
1日目から再開されます*
`叡智の業火 X 2
9月交換券(2024) X 1
`*奏章Ⅲ 新霊長後継戦 アーキタイプ・インセプション 開幕記念 ログインボーナス*
*開催期間中、1日1回 最大78回 ログインボーナスをプレゼント！*
`黄金の果実 X 1
`_2024-09-14 19:38:18_
--------
*aa68f2ee631b12e5f4263cccbc2b4f84*
`登陆天数: 27天 / 1310天
等级: 128
石头: 1587
呼符: 28
体力: 56373.03333333333 / 137
友情点: 0 / 1230570`
*連続ログイン6日目
※ログインが途切れるか、7日到達すると
1日目から再開されます*
`聖晶石 X 2
9月交換券(2024) X 1
`*奏章Ⅲ 新霊長後継戦 アーキタイプ・インセプション 開幕記念 ログインボーナス*
*開催期間中、1日1回 最大78回 ログインボーナスをプレゼント！*
`白銀の果実 X 1
`_2024-09-14 19:38:27_
--------
*a7ec86a94fed6ee5bc40b5a5f31603ad*
`登陆天数: 19天 / 1529天
等级: 130
石头: 1840
呼符: 96
体力: 24446.023333333334 / 138
友情点: 0 / 1247535`
*連続ログイン5日目
※ログインが途切れるか、7日到達すると
1日目から再開されます*
`叡智の業火 X 2
9月交換券(2024) X 1
`*奏章Ⅲ 新霊長後継戦 アーキタイプ・インセプション 開幕記念 ログインボーナス*
*開催期間中、1日1回 最大78回 ログインボーナスをプレゼント！*
`黄金の果実 X 1
`_2024-09-14 19:38:35_
--------
*bbf383f98d451f7ee9a8fe3ea80d8581*
`登陆天数: 26天 / 1284天
等级: 130
石头: 422
呼符: 110
体力: 10377.39 / 138
友情点: 0 / 1136650`
*連続ログイン5日目
※ログインが途切れるか、7日到達すると
1日目から再開されます*
`叡智の業火 X 2
9月交換券(2024) X 1
`*奏章Ⅲ 新霊長後継戦 アーキタイプ・インセプション 開幕記念 ログインボーナス*
*開催期間中、1日1回 最大78回 ログインボーナスをプレゼント！*
`黄金の果実 X 1
`_2024-09-14 19:38:43_
--------
*6952ab84039f401d88fdace3995567c3*
`登陆天数: 19天 / 1634天
等级: 128
石头: 4755
呼符: 151
体力: 19318.626666666667 / 137
友情点: 0 / 1298505`
*連続ログイン5日目
※ログインが途切れるか、7日到達すると
1日目から再開されます*
`叡智の業火 X 2
9月交換券(2024) X 1
`*奏章Ⅲ 新霊長後継戦 アーキタイプ・インセプション 開幕記念 ログインボーナス*
*開催期間中、1日1回 最大78回 ログインボーナスをプレゼント！*
`白銀の果実 X 1
`_2024-09-14 19:38:52_
--------
*f4190598ed5a11b432712f1a3492fc95*
`登陆天数: 68天 / 1621天
等级: 129
石头: 4759
呼符: 152
体力: 7100.57 / 138
友情点: 0 / 1297915`
*連続ログイン5日目
※ログインが途切れるか、7日到達すると
1日目から再開されます*
`叡智の業火 X 2
9月交換券(2024) X 1
`*奏章Ⅲ 新霊長後継戦 アーキタイプ・インセプション 開幕記念 ログインボーナス*
*開催期間中、1日1回 最大78回 ログインボーナスをプレゼント！*
`白銀の果実 X 1
`_2024-09-14 19:39:00_
--------
*8499833a8d0db047b863753fa1cc6a33*
`登陆天数: 42天 / 1698天
等级: 129
石头: 4171
呼符: 20
体力: 20942.356666666667 / 138
友情点: 0 / 1394070`
*連続ログイン7日間到達おめでとうございます！
明日は1日目からリスタートされます。*
`獣の足跡 X 1
呼符 X 1
9月交換券(2024) X 1
`*奏章Ⅲ 新霊長後継戦 アーキタイプ・インセプション 開幕記念 ログインボーナス*
*開催期間中、1日1回 最大78回 ログインボーナスをプレゼント！*
`白銀の果実 X 1
`_2024-09-14 19:39:09_
--------
*c8249ad552514fb0368836ab2b047039*
`登陆天数: 25天 / 1235天
等级: 141
石头: 99
呼符: 20
体力: 2563.7633333333333 / 140
友情点: 160 / 51484645`
*連続ログイン4日目
※ログインが途切れるか、7日到達すると
1日目から再開されます*
`聖晶石 X 1
9月交換券(2024) X 1
`*奏章Ⅲ 新霊長後継戦 アーキタイプ・インセプション 開幕記念 ログインボーナス*
*開催期間中、1日1回 最大78回 ログインボーナスをプレゼント！*
`白銀の果実 X 1
`_2024-09-14 19:39:17_
--------
*e01aa16bffb0c37d734c26ca264473d5*
`登陆天数: 28天 / 1339天
等级: 130
石头: 2310
呼符: 179
体力: 5509.96 / 138
友情点: 0 / 1273310`
*連続ログイン7日間到達おめでとうございます！
明日は1日目からリスタートされます。*
`獣の足跡 X 1
呼符 X 1
9月交換券(2024) X 1
`*奏章Ⅲ 新霊長後継戦 アーキタイプ・インセプション 開幕記念 ログインボーナス*
*開催期間中、1日1回 最大78回 ログインボーナスをプレゼント！*
`白銀の果実 X 1
`_2024-09-14 19:39:26_
--------
*144293b7027c86afe078a3362aa860ff*
`登陆天数: 24天 / 1633天
等级: 135
石头: 751
呼符: 4
体力: 4630.86 / 139
友情点: 0 / 10026160`
*連続ログイン3日目
※ログインが途切れるか、7日到達すると
1日目から再開されます*
`叡智の業火 X 1
9月交換券(2024) X 1
`*奏章Ⅲ 新霊長後継戦 アーキタイプ・インセプション 開幕記念 ログインボーナス*
*開催期間中、1日1回 最大78回 ログインボーナスをプレゼント！*
`白銀の果実 X 1
`_2024-09-14 19:39:34_
--------
*04879fc63f393a018be80fc13f96edb5*
`登陆天数: 22天 / 1537天
等级: 129
石头: 4880
呼符: 2
体力: 4826.543333333333 / 138
友情点: 0 / 88285`
*連続ログイン1日目
※ログインが途切れるか、7日到達すると
1日目から再開されます*
`フレンドポイント X 2000
9月交換券(2024) X 1
`*奏章Ⅲ 新霊長後継戦 アーキタイプ・インセプション 開幕記念 ログインボーナス*
*開催期間中、1日1回 最大78回 ログインボーナスをプレゼント！*
`白銀の果実 X 1
`_2024-09-14 19:39:42_
--------
*d17e065a91cb6e0f11571ec8f43b666b*
`登陆天数: 68天 / 1645天
等级: 128
石头: 4737
呼符: 152
体力: 5787.013333333333 / 137
友情点: 0 / 1281890`
*連続ログイン5日目
※ログインが途切れるか、7日到達すると
1日目から再開されます*
`叡智の業火 X 2
9月交換券(2024) X 1
`*奏章Ⅲ 新霊長後継戦 アーキタイプ・インセプション 開幕記念 ログインボーナス*
*開催期間中、1日1回 最大78回 ログインボーナスをプレゼント！*
`白銀の果実 X 1
`_2024-09-14 19:39:50_
--------
*0bbab0884955053991437f8efd36402f*
`登陆天数: 265天 / 1624天
等级: 130
石头: 3837
呼符: 111
体力: 10392.413333333334 / 138
友情点: 0 / 1280895`
*連続ログイン6日目
※ログインが途切れるか、7日到達すると
1日目から再開されます*
`聖晶石 X 2
9月交換券(2024) X 1
`*奏章Ⅲ 新霊長後継戦 アーキタイプ・インセプション 開幕記念 ログインボーナス*
*開催期間中、1日1回 最大78回 ログインボーナスをプレゼント！*
`白銀の果実 X 1
`_2024-09-14 19:39:59_
--------
*34115a9719eec68deb9a8d3ab142781c*
`登陆天数: 250天 / 1561天
等级: 130
石头: 2402
呼符: 109
体力: 10145.056666666667 / 138
友情点: 0 / 1242405`
*連続ログイン5日目
※ログインが途切れるか、7日到達すると
1日目から再開されます*
`叡智の業火 X 2
9月交換券(2024) X 1
`*奏章Ⅲ 新霊長後継戦 アーキタイプ・インセプション 開幕記念 ログインボーナス*
*開催期間中、1日1回 最大78回 ログインボーナスをプレゼント！*
`白銀の果実 X 1
`_2024-09-14 19:40:08_
--------
*70b2289bba4e0d1155fd4ef04388170d*
`登陆天数: 23天 / 1516天
等级: 129
石头: 5556
呼符: 9
体力: 31728.353333333333 / 138
友情点: 0 / 1283825`
*連続ログイン2日目
※ログインが途切れるか、7日到達すると
1日目から再開されます*
`聖晶石 X 1
9月交換券(2024) X 1
`*奏章Ⅲ 新霊長後継戦 アーキタイプ・インセプション 開幕記念 ログインボーナス*
*開催期間中、1日1回 最大78回 ログインボーナスをプレゼント！*
`白銀の果実 X 1
`_2024-09-14 19:40:16_
--------
