【登录信息】
*a5b5d04878ef92ec9f2a1ae7db2d2ac6*
`登陆天数: 30天 / 1582天
等级: 132
石头: 332
呼符: 180
体力: 11344.786666666667 / 138
友情点: 0 / 1327075`
*連続ログイン2日目
※ログインが途切れるか、7日到達すると
1日目から再開されます*
`聖晶石 X 1
9月交換券(2024) X 1
`*「奏章Ⅲ 新霊長後継戦 アーキタイプ・インセプション」(後編)
開幕直前&攻略応援特別ログインボーナス*
*開催期間中、1日1回 最大8回 ログインボーナスをプレゼント！*
`黄金の果実 X 2
`_2024-09-17 19:40:22_
--------
*35fbc6cbbb563a0d5605fd0d482ec707*
`登陆天数: 31天 / 1627天
等级: 133
石头: 1087
呼符: 175
体力: 1241.42 / 139
友情点: 0 / 318760`
*連続ログイン3日目
※ログインが途切れるか、7日到達すると
1日目から再開されます*
`叡智の業火 X 1
9月交換券(2024) X 1
`*「奏章Ⅲ 新霊長後継戦 アーキタイプ・インセプション」(後編)
開幕直前&攻略応援特別ログインボーナス*
*開催期間中、1日1回 最大8回 ログインボーナスをプレゼント！*
`黄金の果実 X 2
`_2024-09-17 19:40:30_
--------
*823ed9cd51e0b8500cc709c9db83a2f5*
`登陆天数: 22天 / 1520天
等级: 130
石头: 767
呼符: 86
体力: 14923.873333333333 / 138
友情点: 0 / 1242430`
*連続ログイン1日目
※ログインが途切れるか、7日到達すると
1日目から再開されます*
`フレンドポイント X 2000
9月交換券(2024) X 1
`*「奏章Ⅲ 新霊長後継戦 アーキタイプ・インセプション」(後編)
開幕直前&攻略応援特別ログインボーナス*
*開催期間中、1日1回 最大8回 ログインボーナスをプレゼント！*
`黄金の果実 X 2
`_2024-09-17 19:40:39_
--------
*aa68f2ee631b12e5f4263cccbc2b4f84*
`登陆天数: 30天 / 1313天
等级: 128
石头: 1587
呼符: 28
体力: 57237.5 / 137
友情点: 0 / 1230570`
*連続ログイン2日目
※ログインが途切れるか、7日到達すると
1日目から再開されます*
`聖晶石 X 1
9月交換券(2024) X 1
`*「奏章Ⅲ 新霊長後継戦 アーキタイプ・インセプション」(後編)
開幕直前&攻略応援特別ログインボーナス*
*開催期間中、1日1回 最大8回 ログインボーナスをプレゼント！*
`黄金の果実 X 2
`_2024-09-17 19:40:47_
--------
*a7ec86a94fed6ee5bc40b5a5f31603ad*
`登陆天数: 22天 / 1532天
等级: 130
石头: 1840
呼符: 96
体力: 25310.493333333332 / 138
友情点: 0 / 1247535`
*連続ログイン1日目
※ログインが途切れるか、7日到達すると
1日目から再開されます*
`フレンドポイント X 2000
9月交換券(2024) X 1
`*「奏章Ⅲ 新霊長後継戦 アーキタイプ・インセプション」(後編)
開幕直前&攻略応援特別ログインボーナス*
*開催期間中、1日1回 最大8回 ログインボーナスをプレゼント！*
`黄金の果実 X 2
`_2024-09-17 19:40:56_
--------
*bbf383f98d451f7ee9a8fe3ea80d8581*
`登陆天数: 29天 / 1287天
等级: 130
石头: 422
呼符: 110
体力: 11241.863333333333 / 138
友情点: 0 / 1136650`
*連続ログイン1日目
※ログインが途切れるか、7日到達すると
1日目から再開されます*
`フレンドポイント X 2000
9月交換券(2024) X 1
`*「奏章Ⅲ 新霊長後継戦 アーキタイプ・インセプション」(後編)
開幕直前&攻略応援特別ログインボーナス*
*開催期間中、1日1回 最大8回 ログインボーナスをプレゼント！*
`黄金の果実 X 2
`_2024-09-17 19:41:05_
--------
*6952ab84039f401d88fdace3995567c3*
`登陆天数: 22天 / 1637天
等级: 128
石头: 4755
呼符: 151
体力: 20183.1 / 137
友情点: 0 / 1298505`
*連続ログイン1日目
※ログインが途切れるか、7日到達すると
1日目から再開されます*
`フレンドポイント X 2000
9月交換券(2024) X 1
`*「奏章Ⅲ 新霊長後継戦 アーキタイプ・インセプション」(後編)
開幕直前&攻略応援特別ログインボーナス*
*開催期間中、1日1回 最大8回 ログインボーナスをプレゼント！*
`黄金の果実 X 2
`_2024-09-17 19:41:13_
--------
*f4190598ed5a11b432712f1a3492fc95*
`登陆天数: 71天 / 1624天
等级: 129
石头: 4759
呼符: 152
体力: 7965.043333333333 / 138
友情点: 0 / 1297915`
*連続ログイン1日目
※ログインが途切れるか、7日到達すると
1日目から再開されます*
`フレンドポイント X 2000
9月交換券(2024) X 1
`*「奏章Ⅲ 新霊長後継戦 アーキタイプ・インセプション」(後編)
開幕直前&攻略応援特別ログインボーナス*
*開催期間中、1日1回 最大8回 ログインボーナスをプレゼント！*
`黄金の果実 X 2
`_2024-09-17 19:41:22_
--------
*8499833a8d0db047b863753fa1cc6a33*
`登陆天数: 45天 / 1701天
等级: 129
石头: 4171
呼符: 20
体力: 21806.83 / 138
友情点: 0 / 1394070`
*連続ログイン3日目
※ログインが途切れるか、7日到達すると
1日目から再開されます*
`叡智の業火 X 1
9月交換券(2024) X 1
`*「奏章Ⅲ 新霊長後継戦 アーキタイプ・インセプション」(後編)
開幕直前&攻略応援特別ログインボーナス*
*開催期間中、1日1回 最大8回 ログインボーナスをプレゼント！*
`黄金の果実 X 2
`_2024-09-17 19:41:31_
--------
*c8249ad552514fb0368836ab2b047039*
`登陆天数: 28天 / 1238天
等级: 141
石头: 99
呼符: 20
体力: 3428.2366666666667 / 140
友情点: 0 / 51484745`
*連続ログイン7日間到達おめでとうございます！
明日は1日目からリスタートされます。*
`獣の足跡 X 1
呼符 X 1
9月交換券(2024) X 1
`*「奏章Ⅲ 新霊長後継戦 アーキタイプ・インセプション」(後編)
開幕直前&攻略応援特別ログインボーナス*
*開催期間中、1日1回 最大8回 ログインボーナスをプレゼント！*
`黄金の果実 X 2
`_2024-09-17 19:41:40_
--------
*e01aa16bffb0c37d734c26ca264473d5*
`登陆天数: 31天 / 1342天
等级: 130
石头: 2310
呼符: 179
体力: 6374.4366666666665 / 138
友情点: 0 / 1273310`
*連続ログイン3日目
※ログインが途切れるか、7日到達すると
1日目から再開されます*
`叡智の業火 X 1
9月交換券(2024) X 1
`*「奏章Ⅲ 新霊長後継戦 アーキタイプ・インセプション」(後編)
開幕直前&攻略応援特別ログインボーナス*
*開催期間中、1日1回 最大8回 ログインボーナスをプレゼント！*
`黄金の果実 X 2
`_2024-09-17 19:41:48_
--------
*144293b7027c86afe078a3362aa860ff*
`登陆天数: 27天 / 1636天
等级: 135
石头: 751
呼符: 4
体力: 5495.336666666667 / 139
友情点: 0 / 10026160`
*連続ログイン6日目
※ログインが途切れるか、7日到達すると
1日目から再開されます*
`聖晶石 X 2
9月交換券(2024) X 1
`*「奏章Ⅲ 新霊長後継戦 アーキタイプ・インセプション」(後編)
開幕直前&攻略応援特別ログインボーナス*
*開催期間中、1日1回 最大8回 ログインボーナスをプレゼント！*
`黄金の果実 X 2
`_2024-09-17 19:41:57_
--------
*04879fc63f393a018be80fc13f96edb5*
`登陆天数: 25天 / 1540天
等级: 129
石头: 4880
呼符: 2
体力: 5691.02 / 138
友情点: 0 / 88285`
*連続ログイン4日目
※ログインが途切れるか、7日到達すると
1日目から再開されます*
`聖晶石 X 1
9月交換券(2024) X 1
`*「奏章Ⅲ 新霊長後継戦 アーキタイプ・インセプション」(後編)
開幕直前&攻略応援特別ログインボーナス*
*開催期間中、1日1回 最大8回 ログインボーナスをプレゼント！*
`黄金の果実 X 2
`_2024-09-17 19:42:06_
--------
*d17e065a91cb6e0f11571ec8f43b666b*
`登陆天数: 71天 / 1648天
等级: 128
石头: 4737
呼符: 152
体力: 6651.49 / 137
友情点: 0 / 1281890`
*連続ログイン1日目
※ログインが途切れるか、7日到達すると
1日目から再開されます*
`フレンドポイント X 2000
9月交換券(2024) X 1
`*「奏章Ⅲ 新霊長後継戦 アーキタイプ・インセプション」(後編)
開幕直前&攻略応援特別ログインボーナス*
*開催期間中、1日1回 最大8回 ログインボーナスをプレゼント！*
`黄金の果実 X 2
`_2024-09-17 19:42:14_
--------
*0bbab0884955053991437f8efd36402f*
`登陆天数: 268天 / 1627天
等级: 130
石头: 3837
呼符: 111
体力: 11256.893333333333 / 138
友情点: 0 / 1280895`
*連続ログイン2日目
※ログインが途切れるか、7日到達すると
1日目から再開されます*
`聖晶石 X 1
9月交換券(2024) X 1
`*「奏章Ⅲ 新霊長後継戦 アーキタイプ・インセプション」(後編)
開幕直前&攻略応援特別ログインボーナス*
*開催期間中、1日1回 最大8回 ログインボーナスをプレゼント！*
`黄金の果実 X 2
`_2024-09-17 19:42:23_
--------
*34115a9719eec68deb9a8d3ab142781c*
`登陆天数: 253天 / 1564天
等级: 130
石头: 2402
呼符: 109
体力: 11009.536666666667 / 138
友情点: 0 / 1242405`
*連続ログイン1日目
※ログインが途切れるか、7日到達すると
1日目から再開されます*
`フレンドポイント X 2000
9月交換券(2024) X 1
`*「奏章Ⅲ 新霊長後継戦 アーキタイプ・インセプション」(後編)
開幕直前&攻略応援特別ログインボーナス*
*開催期間中、1日1回 最大8回 ログインボーナスをプレゼント！*
`黄金の果実 X 2
`_2024-09-17 19:42:31_
--------
*70b2289bba4e0d1155fd4ef04388170d*
`登陆天数: 26天 / 1519天
等级: 129
石头: 5556
呼符: 9
体力: 32592.833333333332 / 138
友情点: 0 / 1283825`
*連続ログイン5日目
※ログインが途切れるか、7日到達すると
1日目から再開されます*
`叡智の業火 X 2
9月交換券(2024) X 1
`*「奏章Ⅲ 新霊長後継戦 アーキタイプ・インセプション」(後編)
開幕直前&攻略応援特別ログインボーナス*
*開催期間中、1日1回 最大8回 ログインボーナスをプレゼント！*
`黄金の果実 X 2
`_2024-09-17 19:42:40_
--------
