【登录信息】
*a5b5d04878ef92ec9f2a1ae7db2d2ac6*
`登陆天数: 31天 / 1583天
等级: 132
石头: 332
呼符: 180
体力: 11632.763333333334 / 138
友情点: 0 / 1327075`
*連続ログイン3日目
※ログインが途切れるか、7日到達すると
1日目から再開されます*
`叡智の業火 X 1
9月交換券(2024) X 1
`*「奏章Ⅲ 新霊長後継戦 アーキタイプ・インセプション」(後編)
開幕直前&攻略応援特別ログインボーナス*
*開催期間中、1日1回 最大8回 ログインボーナスをプレゼント！*
`叡智の業火 X 10
`_2024-09-18 19:40:15_
--------
*35fbc6cbbb563a0d5605fd0d482ec707*
`登陆天数: 32天 / 1628天
等级: 133
石头: 1087
呼符: 175
体力: 1529.3933333333334 / 139
友情点: 0 / 318760`
*連続ログイン4日目
※ログインが途切れるか、7日到達すると
1日目から再開されます*
`聖晶石 X 1
9月交換券(2024) X 1
`*「奏章Ⅲ 新霊長後継戦 アーキタイプ・インセプション」(後編)
開幕直前&攻略応援特別ログインボーナス*
*開催期間中、1日1回 最大8回 ログインボーナスをプレゼント！*
`叡智の業火 X 10
`_2024-09-18 19:40:23_
--------
*823ed9cd51e0b8500cc709c9db83a2f5*
`登陆天数: 23天 / 1521天
等级: 130
石头: 767
呼符: 86
体力: 15211.846666666666 / 138
友情点: 0 / 1242430`
*連続ログイン2日目
※ログインが途切れるか、7日到達すると
1日目から再開されます*
`聖晶石 X 1
9月交換券(2024) X 1
`*「奏章Ⅲ 新霊長後継戦 アーキタイプ・インセプション」(後編)
開幕直前&攻略応援特別ログインボーナス*
*開催期間中、1日1回 最大8回 ログインボーナスをプレゼント！*
`叡智の業火 X 10
`_2024-09-18 19:40:31_
--------
*aa68f2ee631b12e5f4263cccbc2b4f84*
`登陆天数: 31天 / 1314天
等级: 128
石头: 1587
呼符: 28
体力: 57525.473333333335 / 137
友情点: 0 / 1230570`
*連続ログイン3日目
※ログインが途切れるか、7日到達すると
1日目から再開されます*
`叡智の業火 X 1
9月交換券(2024) X 1
`*「奏章Ⅲ 新霊長後継戦 アーキタイプ・インセプション」(後編)
開幕直前&攻略応援特別ログインボーナス*
*開催期間中、1日1回 最大8回 ログインボーナスをプレゼント！*
`叡智の業火 X 10
`_2024-09-18 19:40:39_
--------
*a7ec86a94fed6ee5bc40b5a5f31603ad*
`登陆天数: 23天 / 1533天
等级: 130
石头: 1840
呼符: 96
体力: 25598.463333333333 / 138
友情点: 0 / 1247535`
*連続ログイン2日目
※ログインが途切れるか、7日到達すると
1日目から再開されます*
`聖晶石 X 1
9月交換券(2024) X 1
`*「奏章Ⅲ 新霊長後継戦 アーキタイプ・インセプション」(後編)
開幕直前&攻略応援特別ログインボーナス*
*開催期間中、1日1回 最大8回 ログインボーナスをプレゼント！*
`叡智の業火 X 10
`_2024-09-18 19:40:47_
--------
*bbf383f98d451f7ee9a8fe3ea80d8581*
`登陆天数: 30天 / 1288天
等级: 130
石头: 422
呼符: 110
体力: 11529.833333333334 / 138
友情点: 0 / 1136650`
*連続ログイン2日目
※ログインが途切れるか、7日到達すると
1日目から再開されます*
`聖晶石 X 1
9月交換券(2024) X 1
`*「奏章Ⅲ 新霊長後継戦 アーキタイプ・インセプション」(後編)
開幕直前&攻略応援特別ログインボーナス*
*開催期間中、1日1回 最大8回 ログインボーナスをプレゼント！*
`叡智の業火 X 10
`_2024-09-18 19:40:56_
--------
*6952ab84039f401d88fdace3995567c3*
`登陆天数: 23天 / 1638天
等级: 128
石头: 4755
呼符: 151
体力: 20471.066666666666 / 137
友情点: 0 / 1298505`
*連続ログイン2日目
※ログインが途切れるか、7日到達すると
1日目から再開されます*
`聖晶石 X 1
9月交換券(2024) X 1
`*「奏章Ⅲ 新霊長後継戦 アーキタイプ・インセプション」(後編)
開幕直前&攻略応援特別ログインボーナス*
*開催期間中、1日1回 最大8回 ログインボーナスをプレゼント！*
`叡智の業火 X 10
`_2024-09-18 19:41:04_
--------
*f4190598ed5a11b432712f1a3492fc95*
`登陆天数: 72天 / 1625天
等级: 129
石头: 4759
呼符: 152
体力: 8253.01 / 138
友情点: 0 / 1297915`
*連続ログイン2日目
※ログインが途切れるか、7日到達すると
1日目から再開されます*
`聖晶石 X 1
9月交換券(2024) X 1
`*「奏章Ⅲ 新霊長後継戦 アーキタイプ・インセプション」(後編)
開幕直前&攻略応援特別ログインボーナス*
*開催期間中、1日1回 最大8回 ログインボーナスをプレゼント！*
`叡智の業火 X 10
`_2024-09-18 19:41:12_
--------
*8499833a8d0db047b863753fa1cc6a33*
`登陆天数: 46天 / 1702天
等级: 129
石头: 4171
呼符: 20
体力: 22094.793333333335 / 138
友情点: 0 / 1394070`
*連続ログイン4日目
※ログインが途切れるか、7日到達すると
1日目から再開されます*
`聖晶石 X 1
9月交換券(2024) X 1
`*「奏章Ⅲ 新霊長後継戦 アーキタイプ・インセプション」(後編)
開幕直前&攻略応援特別ログインボーナス*
*開催期間中、1日1回 最大8回 ログインボーナスをプレゼント！*
`叡智の業火 X 10
`_2024-09-18 19:41:21_
--------
*c8249ad552514fb0368836ab2b047039*
`登陆天数: 29天 / 1239天
等级: 141
石头: 99
呼符: 20
体力: 3716.2 / 140
友情点: 0 / 51484745`
*連続ログイン1日目
※ログインが途切れるか、7日到達すると
1日目から再開されます*
`フレンドポイント X 2000
9月交換券(2024) X 1
`*「奏章Ⅲ 新霊長後継戦 アーキタイプ・インセプション」(後編)
開幕直前&攻略応援特別ログインボーナス*
*開催期間中、1日1回 最大8回 ログインボーナスをプレゼント！*
`叡智の業火 X 10
`_2024-09-18 19:41:29_
--------
*e01aa16bffb0c37d734c26ca264473d5*
`登陆天数: 32天 / 1343天
等级: 130
石头: 2310
呼符: 179
体力: 6662.3966666666665 / 138
友情点: 0 / 1273310`
*連続ログイン4日目
※ログインが途切れるか、7日到達すると
1日目から再開されます*
`聖晶石 X 1
9月交換券(2024) X 1
`*「奏章Ⅲ 新霊長後継戦 アーキタイプ・インセプション」(後編)
開幕直前&攻略応援特別ログインボーナス*
*開催期間中、1日1回 最大8回 ログインボーナスをプレゼント！*
`叡智の業火 X 10
`_2024-09-18 19:41:37_
--------
*144293b7027c86afe078a3362aa860ff*
`登陆天数: 28天 / 1637天
等级: 135
石头: 751
呼符: 4
体力: 5783.3 / 139
友情点: 0 / 10026160`
*連続ログイン7日間到達おめでとうございます！
明日は1日目からリスタートされます。*
`獣の足跡 X 1
呼符 X 1
9月交換券(2024) X 1
`*「奏章Ⅲ 新霊長後継戦 アーキタイプ・インセプション」(後編)
開幕直前&攻略応援特別ログインボーナス*
*開催期間中、1日1回 最大8回 ログインボーナスをプレゼント！*
`叡智の業火 X 10
`_2024-09-18 19:41:46_
--------
*04879fc63f393a018be80fc13f96edb5*
`登陆天数: 26天 / 1541天
等级: 129
石头: 4880
呼符: 2
体力: 5978.983333333334 / 138
友情点: 0 / 88285`
*連続ログイン5日目
※ログインが途切れるか、7日到達すると
1日目から再開されます*
`叡智の業火 X 2
9月交換券(2024) X 1
`*「奏章Ⅲ 新霊長後継戦 アーキタイプ・インセプション」(後編)
開幕直前&攻略応援特別ログインボーナス*
*開催期間中、1日1回 最大8回 ログインボーナスをプレゼント！*
`叡智の業火 X 10
`_2024-09-18 19:41:54_
--------
*d17e065a91cb6e0f11571ec8f43b666b*
`登陆天数: 72天 / 1649天
等级: 128
石头: 4737
呼符: 152
体力: 6939.45 / 137
友情点: 0 / 1281890`
*連続ログイン2日目
※ログインが途切れるか、7日到達すると
1日目から再開されます*
`聖晶石 X 1
9月交換券(2024) X 1
`*「奏章Ⅲ 新霊長後継戦 アーキタイプ・インセプション」(後編)
開幕直前&攻略応援特別ログインボーナス*
*開催期間中、1日1回 最大8回 ログインボーナスをプレゼント！*
`叡智の業火 X 10
`_2024-09-18 19:42:02_
--------
*0bbab0884955053991437f8efd36402f*
`登陆天数: 269天 / 1628天
等级: 130
石头: 3837
呼符: 111
体力: 11544.85 / 138
友情点: 0 / 1280895`
*連続ログイン3日目
※ログインが途切れるか、7日到達すると
1日目から再開されます*
`叡智の業火 X 1
9月交換券(2024) X 1
`*「奏章Ⅲ 新霊長後継戦 アーキタイプ・インセプション」(後編)
開幕直前&攻略応援特別ログインボーナス*
*開催期間中、1日1回 最大8回 ログインボーナスをプレゼント！*
`叡智の業火 X 10
`_2024-09-18 19:42:10_
--------
*34115a9719eec68deb9a8d3ab142781c*
`登陆天数: 254天 / 1565天
等级: 130
石头: 2402
呼符: 109
体力: 11297.49 / 138
友情点: 0 / 1242405`
*連続ログイン2日目
※ログインが途切れるか、7日到達すると
1日目から再開されます*
`聖晶石 X 1
9月交換券(2024) X 1
`*「奏章Ⅲ 新霊長後継戦 アーキタイプ・インセプション」(後編)
開幕直前&攻略応援特別ログインボーナス*
*開催期間中、1日1回 最大8回 ログインボーナスをプレゼント！*
`叡智の業火 X 10
`_2024-09-18 19:42:18_
--------
*70b2289bba4e0d1155fd4ef04388170d*
`登陆天数: 27天 / 1520天
等级: 129
石头: 5556
呼符: 9
体力: 32880.78666666667 / 138
友情点: 0 / 1283825`
*連続ログイン6日目
※ログインが途切れるか、7日到達すると
1日目から再開されます*
`聖晶石 X 2
9月交換券(2024) X 1
`*「奏章Ⅲ 新霊長後継戦 アーキタイプ・インセプション」(後編)
開幕直前&攻略応援特別ログインボーナス*
*開催期間中、1日1回 最大8回 ログインボーナスをプレゼント！*
`叡智の業火 X 10
`_2024-09-18 19:42:27_
--------
