【登录信息】
*a5b5d04878ef92ec9f2a1ae7db2d2ac6*
`登陆天数: 33天 / 1585天
等级: 132
石头: 332
呼符: 180
体力: 12208.46 / 138
友情点: 0 / 1327075`
*連続ログイン5日目
※ログインが途切れるか、7日到達すると
1日目から再開されます*
`叡智の業火 X 2
9月交換券(2024) X 1
`*「奏章Ⅲ 新霊長後継戦 アーキタイプ・インセプション」(後編)
開幕直前&攻略応援特別ログインボーナス*
*開催期間中、1日1回 最大8回 ログインボーナスをプレゼント！*
`英霊結晶・星のフォウくん X 10
`_2024-09-20 19:38:44_
--------
*35fbc6cbbb563a0d5605fd0d482ec707*
`登陆天数: 34天 / 1630天
等级: 133
石头: 367
呼符: 175
体力: 2105.09 / 139
友情点: 0 / 318760`
*連続ログイン6日目
※ログインが途切れるか、7日到達すると
1日目から再開されます*
`聖晶石 X 2
9月交換券(2024) X 1
`*「奏章Ⅲ 新霊長後継戦 アーキタイプ・インセプション」(後編)
開幕直前&攻略応援特別ログインボーナス*
*開催期間中、1日1回 最大8回 ログインボーナスをプレゼント！*
`英霊結晶・星のフォウくん X 10
`_2024-09-20 19:38:52_
--------
*823ed9cd51e0b8500cc709c9db83a2f5*
`登陆天数: 25天 / 1523天
等级: 130
石头: 767
呼符: 86
体力: 15787.546666666667 / 138
友情点: 0 / 1242430`
*連続ログイン4日目
※ログインが途切れるか、7日到達すると
1日目から再開されます*
`聖晶石 X 1
9月交換券(2024) X 1
`*「奏章Ⅲ 新霊長後継戦 アーキタイプ・インセプション」(後編)
開幕直前&攻略応援特別ログインボーナス*
*開催期間中、1日1回 最大8回 ログインボーナスをプレゼント！*
`英霊結晶・星のフォウくん X 10
`_2024-09-20 19:39:00_
--------
*aa68f2ee631b12e5f4263cccbc2b4f84*
`登陆天数: 33天 / 1316天
等级: 128
石头: 1587
呼符: 28
体力: 58101.17333333333 / 137
友情点: 0 / 1230570`
*連続ログイン5日目
※ログインが途切れるか、7日到達すると
1日目から再開されます*
`叡智の業火 X 2
9月交換券(2024) X 1
`*「奏章Ⅲ 新霊長後継戦 アーキタイプ・インセプション」(後編)
開幕直前&攻略応援特別ログインボーナス*
*開催期間中、1日1回 最大8回 ログインボーナスをプレゼント！*
`英霊結晶・星のフォウくん X 10
`_2024-09-20 19:39:09_
--------
*a7ec86a94fed6ee5bc40b5a5f31603ad*
`登陆天数: 25天 / 1535天
等级: 130
石头: 1840
呼符: 96
体力: 26174.163333333334 / 138
友情点: 0 / 1247535`
*連続ログイン4日目
※ログインが途切れるか、7日到達すると
1日目から再開されます*
`聖晶石 X 1
9月交換券(2024) X 1
`*「奏章Ⅲ 新霊長後継戦 アーキタイプ・インセプション」(後編)
開幕直前&攻略応援特別ログインボーナス*
*開催期間中、1日1回 最大8回 ログインボーナスをプレゼント！*
`英霊結晶・星のフォウくん X 10
`_2024-09-20 19:39:17_
--------
*bbf383f98d451f7ee9a8fe3ea80d8581*
`登陆天数: 32天 / 1290天
等级: 130
石头: 422
呼符: 110
体力: 12105.533333333333 / 138
友情点: 0 / 1136650`
*連続ログイン4日目
※ログインが途切れるか、7日到達すると
1日目から再開されます*
`聖晶石 X 1
9月交換券(2024) X 1
`*「奏章Ⅲ 新霊長後継戦 アーキタイプ・インセプション」(後編)
開幕直前&攻略応援特別ログインボーナス*
*開催期間中、1日1回 最大8回 ログインボーナスをプレゼント！*
`英霊結晶・星のフォウくん X 10
`_2024-09-20 19:39:25_
--------
*6952ab84039f401d88fdace3995567c3*
`登陆天数: 25天 / 1640天
等级: 128
石头: 4755
呼符: 151
体力: 21046.766666666666 / 137
友情点: 0 / 1298505`
*連続ログイン4日目
※ログインが途切れるか、7日到達すると
1日目から再開されます*
`聖晶石 X 1
9月交換券(2024) X 1
`*「奏章Ⅲ 新霊長後継戦 アーキタイプ・インセプション」(後編)
開幕直前&攻略応援特別ログインボーナス*
*開催期間中、1日1回 最大8回 ログインボーナスをプレゼント！*
`英霊結晶・星のフォウくん X 10
`_2024-09-20 19:39:34_
--------
*f4190598ed5a11b432712f1a3492fc95*
`登陆天数: 74天 / 1627天
等级: 129
石头: 4429
呼符: 155
体力: 8828.71 / 138
友情点: 0 / 1303915`
*連続ログイン4日目
※ログインが途切れるか、7日到達すると
1日目から再開されます*
`聖晶石 X 1
9月交換券(2024) X 1
`*「奏章Ⅲ 新霊長後継戦 アーキタイプ・インセプション」(後編)
開幕直前&攻略応援特別ログインボーナス*
*開催期間中、1日1回 最大8回 ログインボーナスをプレゼント！*
`英霊結晶・星のフォウくん X 10
`_2024-09-20 19:39:42_
--------
*8499833a8d0db047b863753fa1cc6a33*
`登陆天数: 48天 / 1704天
等级: 129
石头: 2791
呼符: 23
体力: 22670.496666666666 / 138
友情点: 0 / 1400070`
*連続ログイン6日目
※ログインが途切れるか、7日到達すると
1日目から再開されます*
`聖晶石 X 2
9月交換券(2024) X 1
`*「奏章Ⅲ 新霊長後継戦 アーキタイプ・インセプション」(後編)
開幕直前&攻略応援特別ログインボーナス*
*開催期間中、1日1回 最大8回 ログインボーナスをプレゼント！*
`英霊結晶・星のフォウくん X 10
`_2024-09-20 19:39:51_
--------
*c8249ad552514fb0368836ab2b047039*
`登陆天数: 31天 / 1241天
等级: 141
石头: 99
呼符: 20
体力: 4291.9 / 140
友情点: 0 / 51484780`
*連続ログイン3日目
※ログインが途切れるか、7日到達すると
1日目から再開されます*
`叡智の業火 X 1
9月交換券(2024) X 1
`*「奏章Ⅲ 新霊長後継戦 アーキタイプ・インセプション」(後編)
開幕直前&攻略応援特別ログインボーナス*
*開催期間中、1日1回 最大8回 ログインボーナスをプレゼント！*
`英霊結晶・星のフォウくん X 10
`_2024-09-20 19:39:59_
--------
*e01aa16bffb0c37d734c26ca264473d5*
`登陆天数: 34天 / 1345天
等级: 130
石头: 2310
呼符: 179
体力: 7238.1 / 138
友情点: 0 / 1273310`
*連続ログイン6日目
※ログインが途切れるか、7日到達すると
1日目から再開されます*
`聖晶石 X 2
9月交換券(2024) X 1
`*「奏章Ⅲ 新霊長後継戦 アーキタイプ・インセプション」(後編)
開幕直前&攻略応援特別ログインボーナス*
*開催期間中、1日1回 最大8回 ログインボーナスをプレゼント！*
`英霊結晶・星のフォウくん X 10
`_2024-09-20 19:40:08_
--------
*144293b7027c86afe078a3362aa860ff*
`登陆天数: 30天 / 1639天
等级: 135
石头: 751
呼符: 4
体力: 6359.0 / 139
友情点: 100 / 10026260`
*連続ログイン2日目
※ログインが途切れるか、7日到達すると
1日目から再開されます*
`聖晶石 X 1
9月交換券(2024) X 1
`*「奏章Ⅲ 新霊長後継戦 アーキタイプ・インセプション」(後編)
開幕直前&攻略応援特別ログインボーナス*
*開催期間中、1日1回 最大8回 ログインボーナスをプレゼント！*
`英霊結晶・星のフォウくん X 10
`_2024-09-20 19:40:16_
--------
*04879fc63f393a018be80fc13f96edb5*
`登陆天数: 28天 / 1543天
等级: 129
石头: 4370
呼符: 2
体力: 6554.683333333333 / 138
友情点: 0 / 88285`
*連続ログイン7日間到達おめでとうございます！
明日は1日目からリスタートされます。*
`獣の足跡 X 1
呼符 X 1
9月交換券(2024) X 1
`*「奏章Ⅲ 新霊長後継戦 アーキタイプ・インセプション」(後編)
開幕直前&攻略応援特別ログインボーナス*
*開催期間中、1日1回 最大8回 ログインボーナスをプレゼント！*
`英霊結晶・星のフォウくん X 10
`_2024-09-20 19:40:24_
--------
*d17e065a91cb6e0f11571ec8f43b666b*
`登陆天数: 74天 / 1651天
等级: 128
石头: 3537
呼符: 155
体力: 7515.15 / 137
友情点: 0 / 1287890`
*連続ログイン4日目
※ログインが途切れるか、7日到達すると
1日目から再開されます*
`聖晶石 X 1
9月交換券(2024) X 1
`*「奏章Ⅲ 新霊長後継戦 アーキタイプ・インセプション」(後編)
開幕直前&攻略応援特別ログインボーナス*
*開催期間中、1日1回 最大8回 ログインボーナスをプレゼント！*
`英霊結晶・星のフォウくん X 10
`_2024-09-20 19:40:32_
--------
*0bbab0884955053991437f8efd36402f*
`登陆天数: 271天 / 1630天
等级: 130
石头: 2347
呼符: 112
体力: 12120.553333333333 / 138
友情点: 0 / 1282895`
*連続ログイン5日目
※ログインが途切れるか、7日到達すると
1日目から再開されます*
`叡智の業火 X 2
9月交換券(2024) X 1
`*「奏章Ⅲ 新霊長後継戦 アーキタイプ・インセプション」(後編)
開幕直前&攻略応援特別ログインボーナス*
*開催期間中、1日1回 最大8回 ログインボーナスをプレゼント！*
`英霊結晶・星のフォウくん X 10
`_2024-09-20 19:40:40_
--------
*34115a9719eec68deb9a8d3ab142781c*
`登陆天数: 256天 / 1567天
等级: 130
石头: 2402
呼符: 109
体力: 11873.196666666667 / 138
友情点: 0 / 1242405`
*連続ログイン4日目
※ログインが途切れるか、7日到達すると
1日目から再開されます*
`聖晶石 X 1
9月交換券(2024) X 1
`*「奏章Ⅲ 新霊長後継戦 アーキタイプ・インセプション」(後編)
開幕直前&攻略応援特別ログインボーナス*
*開催期間中、1日1回 最大8回 ログインボーナスをプレゼント！*
`英霊結晶・星のフォウくん X 10
`_2024-09-20 19:40:50_
--------
*70b2289bba4e0d1155fd4ef04388170d*
`登陆天数: 29天 / 1522天
等级: 129
石头: 5556
呼符: 9
体力: 33456.49333333333 / 138
友情点: 0 / 1283825`
*連続ログイン1日目
※ログインが途切れるか、7日到達すると
1日目から再開されます*
`フレンドポイント X 2000
9月交換券(2024) X 1
`*「奏章Ⅲ 新霊長後継戦 アーキタイプ・インセプション」(後編)
開幕直前&攻略応援特別ログインボーナス*
*開催期間中、1日1回 最大8回 ログインボーナスをプレゼント！*
`英霊結晶・星のフォウくん X 10
`_2024-09-20 19:40:58_
--------
