【登录信息】
*a5b5d04878ef92ec9f2a1ae7db2d2ac6*
`登陆天数: 35天 / 1587天
等级: 132
石头: 332
呼符: 180
体力: 12784.346666666666 / 138
友情点: 0 / 1327075`
*連続ログイン7日間到達おめでとうございます！
明日は1日目からリスタートされます。*
`獣の足跡 X 1
呼符 X 1
9月交換券(2024) X 1
`*「京都国際マンガ・アニメフェア2024」出展記念 初回ログインボーナス*
*開催期間中、初回ログインで「聖晶石×10」をプレゼント！*
`聖晶石 X 10
`_2024-09-22 19:38:10_
--------
*35fbc6cbbb563a0d5605fd0d482ec707*
`登陆天数: 36天 / 1632天
等级: 134
石头: 387
呼符: 177
体力: 63.236666666666665 / 139
友情点: 0 / 322405`
*連続ログイン1日目
※ログインが途切れるか、7日到達すると
1日目から再開されます*
`フレンドポイント X 2000
9月交換券(2024) X 1
`*「京都国際マンガ・アニメフェア2024」出展記念 初回ログインボーナス*
*開催期間中、初回ログインで「聖晶石×10」をプレゼント！*
`聖晶石 X 10
`_2024-09-22 19:38:19_
--------
*823ed9cd51e0b8500cc709c9db83a2f5*
`登陆天数: 27天 / 1525天
等级: 130
石头: 767
呼符: 86
体力: 16363.433333333332 / 138
友情点: 0 / 1242430`
*連続ログイン6日目
※ログインが途切れるか、7日到達すると
1日目から再開されます*
`聖晶石 X 2
9月交換券(2024) X 1
`*「京都国際マンガ・アニメフェア2024」出展記念 初回ログインボーナス*
*開催期間中、初回ログインで「聖晶石×10」をプレゼント！*
`聖晶石 X 10
`_2024-09-22 19:38:27_
--------
*aa68f2ee631b12e5f4263cccbc2b4f84*
`登陆天数: 35天 / 1318天
等级: 128
石头: 0
呼符: 0
体力: 58677.06 / 137
友情点: 0 / 1236570`
*連続ログイン7日間到達おめでとうございます！
明日は1日目からリスタートされます。*
`獣の足跡 X 1
呼符 X 1
9月交換券(2024) X 1
`*「京都国際マンガ・アニメフェア2024」出展記念 初回ログインボーナス*
*開催期間中、初回ログインで「聖晶石×10」をプレゼント！*
`聖晶石 X 10
`_2024-09-22 19:38:35_
--------
*a7ec86a94fed6ee5bc40b5a5f31603ad*
`登陆天数: 27天 / 1537天
等级: 130
石头: 1840
呼符: 96
体力: 26750.053333333333 / 138
友情点: 0 / 1247535`
*連続ログイン6日目
※ログインが途切れるか、7日到達すると
1日目から再開されます*
`聖晶石 X 2
9月交換券(2024) X 1
`*「京都国際マンガ・アニメフェア2024」出展記念 初回ログインボーナス*
*開催期間中、初回ログインで「聖晶石×10」をプレゼント！*
`聖晶石 X 10
`_2024-09-22 19:38:44_
--------
*bbf383f98d451f7ee9a8fe3ea80d8581*
`登陆天数: 34天 / 1292天
等级: 130
石头: 422
呼符: 110
体力: 12681.42 / 138
友情点: 0 / 1136650`
*連続ログイン6日目
※ログインが途切れるか、7日到達すると
1日目から再開されます*
`聖晶石 X 2
9月交換券(2024) X 1
`*「京都国際マンガ・アニメフェア2024」出展記念 初回ログインボーナス*
*開催期間中、初回ログインで「聖晶石×10」をプレゼント！*
`聖晶石 X 10
`_2024-09-22 19:38:52_
--------
*6952ab84039f401d88fdace3995567c3*
`登陆天数: 27天 / 1642天
等级: 128
石头: 2841
呼符: 154
体力: 21622.653333333332 / 137
友情点: 0 / 1304505`
*連続ログイン6日目
※ログインが途切れるか、7日到達すると
1日目から再開されます*
`聖晶石 X 2
9月交換券(2024) X 1
`*「京都国際マンガ・アニメフェア2024」出展記念 初回ログインボーナス*
*開催期間中、初回ログインで「聖晶石×10」をプレゼント！*
`聖晶石 X 10
`_2024-09-22 19:39:00_
--------
*f4190598ed5a11b432712f1a3492fc95*
`登陆天数: 76天 / 1629天
等级: 129
石头: 4429
呼符: 155
体力: 9404.6 / 138
友情点: 0 / 1303915`
*連続ログイン6日目
※ログインが途切れるか、7日到達すると
1日目から再開されます*
`聖晶石 X 2
9月交換券(2024) X 1
`*「京都国際マンガ・アニメフェア2024」出展記念 初回ログインボーナス*
*開催期間中、初回ログインで「聖晶石×10」をプレゼント！*
`聖晶石 X 10
`_2024-09-22 19:39:09_
--------
*8499833a8d0db047b863753fa1cc6a33*
`登陆天数: 50天 / 1706天
等级: 129
石头: 2791
呼符: 23
体力: 23246.383333333335 / 138
友情点: 0 / 1400070`
*連続ログイン1日目
※ログインが途切れるか、7日到達すると
1日目から再開されます*
`フレンドポイント X 2000
9月交換券(2024) X 1
`*「京都国際マンガ・アニメフェア2024」出展記念 初回ログインボーナス*
*開催期間中、初回ログインで「聖晶石×10」をプレゼント！*
`聖晶石 X 10
`_2024-09-22 19:39:17_
--------
*c8249ad552514fb0368836ab2b047039*
`登陆天数: 33天 / 1243天
等级: 141
石头: 99
呼符: 20
体力: 4867.79 / 140
友情点: 0 / 51484830`
*連続ログイン5日目
※ログインが途切れるか、7日到達すると
1日目から再開されます*
`叡智の業火 X 2
9月交換券(2024) X 1
`*「京都国際マンガ・アニメフェア2024」出展記念 初回ログインボーナス*
*開催期間中、初回ログインで「聖晶石×10」をプレゼント！*
`聖晶石 X 10
`_2024-09-22 19:39:25_
--------
*e01aa16bffb0c37d734c26ca264473d5*
`登陆天数: 36天 / 1347天
等级: 130
石头: 2310
呼符: 179
体力: 7813.986666666667 / 138
友情点: 0 / 1273310`
*連続ログイン1日目
※ログインが途切れるか、7日到達すると
1日目から再開されます*
`フレンドポイント X 2000
9月交換券(2024) X 1
`*「京都国際マンガ・アニメフェア2024」出展記念 初回ログインボーナス*
*開催期間中、初回ログインで「聖晶石×10」をプレゼント！*
`聖晶石 X 10
`_2024-09-22 19:39:34_
--------
*144293b7027c86afe078a3362aa860ff*
`登陆天数: 32天 / 1641天
等级: 135
石头: 751
呼符: 4
体力: 6934.886666666666 / 139
友情点: 0 / 10026260`
*連続ログイン4日目
※ログインが途切れるか、7日到達すると
1日目から再開されます*
`聖晶石 X 1
9月交換券(2024) X 1
`*「京都国際マンガ・アニメフェア2024」出展記念 初回ログインボーナス*
*開催期間中、初回ログインで「聖晶石×10」をプレゼント！*
`聖晶石 X 10
`_2024-09-22 19:39:42_
--------
*04879fc63f393a018be80fc13f96edb5*
`登陆天数: 30天 / 1545天
等级: 129
石头: 4370
呼符: 2
体力: 7130.57 / 138
友情点: 0 / 88285`
*連続ログイン2日目
※ログインが途切れるか、7日到達すると
1日目から再開されます*
`聖晶石 X 1
9月交換券(2024) X 1
`*「京都国際マンガ・アニメフェア2024」出展記念 初回ログインボーナス*
*開催期間中、初回ログインで「聖晶石×10」をプレゼント！*
`聖晶石 X 10
`_2024-09-22 19:39:50_
--------
*d17e065a91cb6e0f11571ec8f43b666b*
`登陆天数: 76天 / 1653天
等级: 128
石头: 3543
呼符: 155
体力: 8091.036666666667 / 137
友情点: 0 / 1287890`
*連続ログイン6日目
※ログインが途切れるか、7日到達すると
1日目から再開されます*
`聖晶石 X 2
9月交換券(2024) X 1
`*「京都国際マンガ・アニメフェア2024」出展記念 初回ログインボーナス*
*開催期間中、初回ログインで「聖晶石×10」をプレゼント！*
`聖晶石 X 10
`_2024-09-22 19:39:58_
--------
*0bbab0884955053991437f8efd36402f*
`登陆天数: 273天 / 1632天
等级: 130
石头: 2352
呼符: 112
体力: 12696.44 / 138
友情点: 0 / 1282895`
*連続ログイン7日間到達おめでとうございます！
明日は1日目からリスタートされます。*
`獣の足跡 X 1
呼符 X 1
9月交換券(2024) X 1
`*「京都国際マンガ・アニメフェア2024」出展記念 初回ログインボーナス*
*開催期間中、初回ログインで「聖晶石×10」をプレゼント！*
`聖晶石 X 10
`_2024-09-22 19:40:06_
--------
*34115a9719eec68deb9a8d3ab142781c*
`登陆天数: 258天 / 1569天
等级: 130
石头: 968
呼符: 112
体力: 12449.08 / 138
友情点: 0 / 1248405`
*連続ログイン6日目
※ログインが途切れるか、7日到達すると
1日目から再開されます*
`聖晶石 X 2
9月交換券(2024) X 1
`*「京都国際マンガ・アニメフェア2024」出展記念 初回ログインボーナス*
*開催期間中、初回ログインで「聖晶石×10」をプレゼント！*
`聖晶石 X 10
`_2024-09-22 19:40:15_
--------
*70b2289bba4e0d1155fd4ef04388170d*
`登陆天数: 31天 / 1524天
等级: 129
石头: 5556
呼符: 9
体力: 34032.37666666666 / 138
友情点: 0 / 1283825`
*連続ログイン3日目
※ログインが途切れるか、7日到達すると
1日目から再開されます*
`叡智の業火 X 1
9月交換券(2024) X 1
`*「京都国際マンガ・アニメフェア2024」出展記念 初回ログインボーナス*
*開催期間中、初回ログインで「聖晶石×10」をプレゼント！*
`聖晶石 X 10
`_2024-09-22 19:40:23_
--------
