【登录信息】
*a5b5d04878ef92ec9f2a1ae7db2d2ac6*
`登陆天数: 39天 / 1591天
等级: 132
石头: 332
呼符: 180
体力: 13936.4 / 138
友情点: 0 / 1327075`
*連続ログイン4日目
※ログインが途切れるか、7日到達すると
1日目から再開されます*
`聖晶石 X 1
9月交換券(2024) X 1
`*奏章Ⅲ 新霊長後継戦 アーキタイプ・インセプション 開幕記念 ログインボーナス*
*開催期間中、1日1回 最大78回 ログインボーナスをプレゼント！*
`黄金の果実 X 1
`_2024-09-26 19:38:26_
--------
*35fbc6cbbb563a0d5605fd0d482ec707*
`登陆天数: 40天 / 1636天
等级: 134
石头: 398
呼符: 177
体力: 505.5966666666667 / 139
友情点: 0 / 324730`
*連続ログイン5日目
※ログインが途切れるか、7日到達すると
1日目から再開されます*
`叡智の業火 X 2
9月交換券(2024) X 1
`*奏章Ⅲ 新霊長後継戦 アーキタイプ・インセプション 開幕記念 ログインボーナス*
*開催期間中、1日1回 最大78回 ログインボーナスをプレゼント！*
`白銀の果実 X 1
`_2024-09-26 19:38:35_
--------
*823ed9cd51e0b8500cc709c9db83a2f5*
`登陆天数: 31天 / 1529天
等级: 130
石头: 767
呼符: 86
体力: 17515.49 / 138
友情点: 0 / 1242430`
*連続ログイン3日目
※ログインが途切れるか、7日到達すると
1日目から再開されます*
`叡智の業火 X 1
9月交換券(2024) X 1
`*奏章Ⅲ 新霊長後継戦 アーキタイプ・インセプション 開幕記念 ログインボーナス*
*開催期間中、1日1回 最大78回 ログインボーナスをプレゼント！*
`白銀の果実 X 1
`_2024-09-26 19:38:43_
--------
*aa68f2ee631b12e5f4263cccbc2b4f84*
`登陆天数: 39天 / 1322天
等级: 128
石头: 0
呼符: 0
体力: 59829.11666666667 / 137
友情点: 0 / 1236570`
*連続ログイン4日目
※ログインが途切れるか、7日到達すると
1日目から再開されます*
`聖晶石 X 1
9月交換券(2024) X 1
`*奏章Ⅲ 新霊長後継戦 アーキタイプ・インセプション 開幕記念 ログインボーナス*
*開催期間中、1日1回 最大78回 ログインボーナスをプレゼント！*
`白銀の果実 X 1
`_2024-09-26 19:38:52_
--------
*a7ec86a94fed6ee5bc40b5a5f31603ad*
`登陆天数: 31天 / 1541天
等级: 130
石头: 1840
呼符: 96
体力: 27902.11 / 138
友情点: 0 / 1247535`
*連続ログイン3日目
※ログインが途切れるか、7日到達すると
1日目から再開されます*
`叡智の業火 X 1
9月交換券(2024) X 1
`*奏章Ⅲ 新霊長後継戦 アーキタイプ・インセプション 開幕記念 ログインボーナス*
*開催期間中、1日1回 最大78回 ログインボーナスをプレゼント！*
`白銀の果実 X 1
`_2024-09-26 19:39:00_
--------
*bbf383f98d451f7ee9a8fe3ea80d8581*
`登陆天数: 38天 / 1296天
等级: 130
石头: 422
呼符: 110
体力: 13833.476666666667 / 138
友情点: 0 / 1136650`
*連続ログイン3日目
※ログインが途切れるか、7日到達すると
1日目から再開されます*
`叡智の業火 X 1
9月交換券(2024) X 1
`*奏章Ⅲ 新霊長後継戦 アーキタイプ・インセプション 開幕記念 ログインボーナス*
*開催期間中、1日1回 最大78回 ログインボーナスをプレゼント！*
`白銀の果実 X 1
`_2024-09-26 19:39:09_
--------
*6952ab84039f401d88fdace3995567c3*
`登陆天数: 31天 / 1646天
等级: 128
石头: 2841
呼符: 154
体力: 22774.713333333333 / 137
友情点: 0 / 1304505`
*連続ログイン3日目
※ログインが途切れるか、7日到達すると
1日目から再開されます*
`叡智の業火 X 1
9月交換券(2024) X 1
`*奏章Ⅲ 新霊長後継戦 アーキタイプ・インセプション 開幕記念 ログインボーナス*
*開催期間中、1日1回 最大78回 ログインボーナスをプレゼント！*
`白銀の果実 X 1
`_2024-09-26 19:39:18_
--------
*f4190598ed5a11b432712f1a3492fc95*
`登陆天数: 80天 / 1633天
等级: 129
石头: 4429
呼符: 155
体力: 10556.66 / 138
友情点: 0 / 1303915`
*連続ログイン3日目
※ログインが途切れるか、7日到達すると
1日目から再開されます*
`叡智の業火 X 1
9月交換券(2024) X 1
`*奏章Ⅲ 新霊長後継戦 アーキタイプ・インセプション 開幕記念 ログインボーナス*
*開催期間中、1日1回 最大78回 ログインボーナスをプレゼント！*
`白銀の果実 X 1
`_2024-09-26 19:39:27_
--------
*8499833a8d0db047b863753fa1cc6a33*
`登陆天数: 54天 / 1710天
等级: 129
石头: 2791
呼符: 23
体力: 24398.443333333333 / 138
友情点: 0 / 1400070`
*連続ログイン5日目
※ログインが途切れるか、7日到達すると
1日目から再開されます*
`叡智の業火 X 2
9月交換券(2024) X 1
`*奏章Ⅲ 新霊長後継戦 アーキタイプ・インセプション 開幕記念 ログインボーナス*
*開催期間中、1日1回 最大78回 ログインボーナスをプレゼント！*
`白銀の果実 X 1
`_2024-09-26 19:39:35_
--------
*c8249ad552514fb0368836ab2b047039*
`登陆天数: 37天 / 1247天
等级: 141
石头: 99
呼符: 20
体力: 6019.85 / 140
友情点: 0 / 51484980`
*連続ログイン2日目
※ログインが途切れるか、7日到達すると
1日目から再開されます*
`聖晶石 X 1
9月交換券(2024) X 1
`*奏章Ⅲ 新霊長後継戦 アーキタイプ・インセプション 開幕記念 ログインボーナス*
*開催期間中、1日1回 最大78回 ログインボーナスをプレゼント！*
`白銀の果実 X 1
`_2024-09-26 19:39:44_
--------
*e01aa16bffb0c37d734c26ca264473d5*
`登陆天数: 40天 / 1351天
等级: 130
石头: 2310
呼符: 179
体力: 8966.046666666667 / 138
友情点: 0 / 1273310`
*連続ログイン5日目
※ログインが途切れるか、7日到達すると
1日目から再開されます*
`叡智の業火 X 2
9月交換券(2024) X 1
`*奏章Ⅲ 新霊長後継戦 アーキタイプ・インセプション 開幕記念 ログインボーナス*
*開催期間中、1日1回 最大78回 ログインボーナスをプレゼント！*
`白銀の果実 X 1
`_2024-09-26 19:39:52_
--------
*144293b7027c86afe078a3362aa860ff*
`登陆天数: 36天 / 1645天
等级: 135
石头: 772
呼符: 5
体力: 8086.946666666667 / 139
友情点: 0 / 10028310`
*連続ログイン1日目
※ログインが途切れるか、7日到達すると
1日目から再開されます*
`フレンドポイント X 2000
9月交換券(2024) X 1
`*奏章Ⅲ 新霊長後継戦 アーキタイプ・インセプション 開幕記念 ログインボーナス*
*開催期間中、1日1回 最大78回 ログインボーナスをプレゼント！*
`黄金の果実 X 1
`_2024-09-26 19:40:00_
--------
*04879fc63f393a018be80fc13f96edb5*
`登陆天数: 34天 / 1549天
等级: 129
石头: 4390
呼符: 4
体力: 8282.630000000001 / 138
友情点: 0 / 92285`
*連続ログイン6日目
※ログインが途切れるか、7日到達すると
1日目から再開されます*
`聖晶石 X 2
9月交換券(2024) X 1
`*奏章Ⅲ 新霊長後継戦 アーキタイプ・インセプション 開幕記念 ログインボーナス*
*開催期間中、1日1回 最大78回 ログインボーナスをプレゼント！*
`白銀の果実 X 1
`_2024-09-26 19:40:08_
--------
*d17e065a91cb6e0f11571ec8f43b666b*
`登陆天数: 80天 / 1657天
等级: 128
石头: 3543
呼符: 155
体力: 9243.096666666666 / 137
友情点: 0 / 1287890`
*連続ログイン3日目
※ログインが途切れるか、7日到達すると
1日目から再開されます*
`叡智の業火 X 1
9月交換券(2024) X 1
`*奏章Ⅲ 新霊長後継戦 アーキタイプ・インセプション 開幕記念 ログインボーナス*
*開催期間中、1日1回 最大78回 ログインボーナスをプレゼント！*
`白銀の果実 X 1
`_2024-09-26 19:40:17_
--------
*0bbab0884955053991437f8efd36402f*
`登陆天数: 277天 / 1636天
等级: 130
石头: 2364
呼符: 113
体力: 13848.5 / 138
友情点: 0 / 1282895`
*連続ログイン4日目
※ログインが途切れるか、7日到達すると
1日目から再開されます*
`聖晶石 X 1
9月交換券(2024) X 1
`*奏章Ⅲ 新霊長後継戦 アーキタイプ・インセプション 開幕記念 ログインボーナス*
*開催期間中、1日1回 最大78回 ログインボーナスをプレゼント！*
`白銀の果実 X 1
`_2024-09-26 19:40:25_
--------
*34115a9719eec68deb9a8d3ab142781c*
`登陆天数: 262天 / 1573天
等级: 130
石头: 968
呼符: 112
体力: 13601.143333333333 / 138
友情点: 0 / 1248405`
*連続ログイン3日目
※ログインが途切れるか、7日到達すると
1日目から再開されます*
`叡智の業火 X 1
9月交換券(2024) X 1
`*奏章Ⅲ 新霊長後継戦 アーキタイプ・インセプション 開幕記念 ログインボーナス*
*開催期間中、1日1回 最大78回 ログインボーナスをプレゼント！*
`白銀の果実 X 1
`_2024-09-26 19:40:34_
--------
*70b2289bba4e0d1155fd4ef04388170d*
`登陆天数: 35天 / 1528天
等级: 129
石头: 5556
呼符: 9
体力: 35184.44 / 138
友情点: 0 / 1283825`
*連続ログイン7日間到達おめでとうございます！
明日は1日目からリスタートされます。*
`獣の足跡 X 1
呼符 X 1
9月交換券(2024) X 1
`*奏章Ⅲ 新霊長後継戦 アーキタイプ・インセプション 開幕記念 ログインボーナス*
*開催期間中、1日1回 最大78回 ログインボーナスをプレゼント！*
`白銀の果実 X 1
`_2024-09-26 19:40:42_
--------
