【登录信息】
*a5b5d04878ef92ec9f2a1ae7db2d2ac6*
`登陆天数: 42天 / 1594天
等级: 132
石头: 332
呼符: 180
体力: 14800.38 / 138
友情点: 0 / 1327075`
*連続ログイン7日間到達おめでとうございます！
明日は1日目からリスタートされます。*
`獣の足跡 X 1
呼符 X 1
9月交換券(2024) X 1
`*奏章Ⅲ 新霊長後継戦 アーキタイプ・インセプション 開幕記念 ログインボーナス*
*開催期間中、1日1回 最大78回 ログインボーナスをプレゼント！*
`白銀の果実 X 1
`_2024-09-29 19:38:19_
--------
*35fbc6cbbb563a0d5605fd0d482ec707*
`登陆天数: 43天 / 1639天
等级: 134
石头: 398
呼符: 177
体力: 1369.5766666666666 / 139
友情点: 0 / 324730`
*連続ログイン1日目
※ログインが途切れるか、7日到達すると
1日目から再開されます*
`フレンドポイント X 2000
9月交換券(2024) X 1
`*奏章Ⅲ 新霊長後継戦 アーキタイプ・インセプション 開幕記念 ログインボーナス*
*開催期間中、1日1回 最大78回 ログインボーナスをプレゼント！*
`白銀の果実 X 1
`_2024-09-29 19:38:28_
--------
*823ed9cd51e0b8500cc709c9db83a2f5*
`登陆天数: 34天 / 1532天
等级: 130
石头: 767
呼符: 86
体力: 18379.47 / 138
友情点: 0 / 1242430`
*連続ログイン6日目
※ログインが途切れるか、7日到達すると
1日目から再開されます*
`聖晶石 X 2
9月交換券(2024) X 1
`*奏章Ⅲ 新霊長後継戦 アーキタイプ・インセプション 開幕記念 ログインボーナス*
*開催期間中、1日1回 最大78回 ログインボーナスをプレゼント！*
`白銀の果実 X 1
`_2024-09-29 19:38:37_
--------
*aa68f2ee631b12e5f4263cccbc2b4f84*
`登陆天数: 42天 / 1325天
等级: 128
石头: 0
呼符: 0
体力: 60693.096666666665 / 137
友情点: 0 / 1236570`
*連続ログイン7日間到達おめでとうございます！
明日は1日目からリスタートされます。*
`獣の足跡 X 1
呼符 X 1
9月交換券(2024) X 1
`*奏章Ⅲ 新霊長後継戦 アーキタイプ・インセプション 開幕記念 ログインボーナス*
*開催期間中、1日1回 最大78回 ログインボーナスをプレゼント！*
`白銀の果実 X 1
`_2024-09-29 19:38:46_
--------
*a7ec86a94fed6ee5bc40b5a5f31603ad*
`登陆天数: 34天 / 1544天
等级: 130
石头: 1840
呼符: 96
体力: 28766.09 / 138
友情点: 0 / 1247535`
*連続ログイン6日目
※ログインが途切れるか、7日到達すると
1日目から再開されます*
`聖晶石 X 2
9月交換券(2024) X 1
`*奏章Ⅲ 新霊長後継戦 アーキタイプ・インセプション 開幕記念 ログインボーナス*
*開催期間中、1日1回 最大78回 ログインボーナスをプレゼント！*
`白銀の果実 X 1
`_2024-09-29 19:38:55_
--------
*bbf383f98d451f7ee9a8fe3ea80d8581*
`登陆天数: 41天 / 1299天
等级: 130
石头: 422
呼符: 110
体力: 14697.46 / 138
友情点: 0 / 1136650`
*連続ログイン6日目
※ログインが途切れるか、7日到達すると
1日目から再開されます*
`聖晶石 X 2
9月交換券(2024) X 1
`*奏章Ⅲ 新霊長後継戦 アーキタイプ・インセプション 開幕記念 ログインボーナス*
*開催期間中、1日1回 最大78回 ログインボーナスをプレゼント！*
`白銀の果実 X 1
`_2024-09-29 19:39:04_
--------
*6952ab84039f401d88fdace3995567c3*
`登陆天数: 34天 / 1649天
等级: 128
石头: 2841
呼符: 154
体力: 23638.696666666667 / 137
友情点: 0 / 1304505`
*連続ログイン6日目
※ログインが途切れるか、7日到達すると
1日目から再開されます*
`聖晶石 X 2
9月交換券(2024) X 1
`*奏章Ⅲ 新霊長後継戦 アーキタイプ・インセプション 開幕記念 ログインボーナス*
*開催期間中、1日1回 最大78回 ログインボーナスをプレゼント！*
`白銀の果実 X 1
`_2024-09-29 19:39:13_
--------
*f4190598ed5a11b432712f1a3492fc95*
`登陆天数: 83天 / 1636天
等级: 129
石头: 4429
呼符: 155
体力: 11420.643333333333 / 138
友情点: 0 / 1303915`
*連続ログイン6日目
※ログインが途切れるか、7日到達すると
1日目から再開されます*
`聖晶石 X 2
9月交換券(2024) X 1
`*奏章Ⅲ 新霊長後継戦 アーキタイプ・インセプション 開幕記念 ログインボーナス*
*開催期間中、1日1回 最大78回 ログインボーナスをプレゼント！*
`白銀の果実 X 1
`_2024-09-29 19:39:22_
--------
*8499833a8d0db047b863753fa1cc6a33*
`登陆天数: 57天 / 1713天
等级: 129
石头: 2791
呼符: 23
体力: 25262.43 / 138
友情点: 0 / 1400070`
*連続ログイン1日目
※ログインが途切れるか、7日到達すると
1日目から再開されます*
`フレンドポイント X 2000
9月交換券(2024) X 1
`*奏章Ⅲ 新霊長後継戦 アーキタイプ・インセプション 開幕記念 ログインボーナス*
*開催期間中、1日1回 最大78回 ログインボーナスをプレゼント！*
`白銀の果実 X 1
`_2024-09-29 19:39:30_
--------
*c8249ad552514fb0368836ab2b047039*
`登陆天数: 40天 / 1250天
等级: 141
石头: 99
呼符: 20
体力: 6883.836666666667 / 140
友情点: 35 / 51485665`
*連続ログイン5日目
※ログインが途切れるか、7日到達すると
1日目から再開されます*
`叡智の業火 X 2
9月交換券(2024) X 1
`*奏章Ⅲ 新霊長後継戦 アーキタイプ・インセプション 開幕記念 ログインボーナス*
*開催期間中、1日1回 最大78回 ログインボーナスをプレゼント！*
`白銀の果実 X 1
`_2024-09-29 19:39:39_
--------
*e01aa16bffb0c37d734c26ca264473d5*
`登陆天数: 43天 / 1354天
等级: 130
石头: 2310
呼符: 179
体力: 9830.033333333333 / 138
友情点: 0 / 1273310`
*連続ログイン1日目
※ログインが途切れるか、7日到達すると
1日目から再開されます*
`フレンドポイント X 2000
9月交換券(2024) X 1
`*奏章Ⅲ 新霊長後継戦 アーキタイプ・インセプション 開幕記念 ログインボーナス*
*開催期間中、1日1回 最大78回 ログインボーナスをプレゼント！*
`白銀の果実 X 1
`_2024-09-29 19:39:48_
--------
*144293b7027c86afe078a3362aa860ff*
`登陆天数: 39天 / 1648天
等级: 135
石头: 772
呼符: 5
体力: 8950.936666666666 / 139
友情点: 0 / 10028335`
*連続ログイン4日目
※ログインが途切れるか、7日到達すると
1日目から再開されます*
`聖晶石 X 1
9月交換券(2024) X 1
`*奏章Ⅲ 新霊長後継戦 アーキタイプ・インセプション 開幕記念 ログインボーナス*
*開催期間中、1日1回 最大78回 ログインボーナスをプレゼント！*
`白銀の果実 X 1
`_2024-09-29 19:39:57_
--------
*04879fc63f393a018be80fc13f96edb5*
`登陆天数: 37天 / 1552天
等级: 129
石头: 4390
呼符: 4
体力: 9146.623333333333 / 138
友情点: 0 / 92285`
*連続ログイン2日目
※ログインが途切れるか、7日到達すると
1日目から再開されます*
`聖晶石 X 1
9月交換券(2024) X 1
`*奏章Ⅲ 新霊長後継戦 アーキタイプ・インセプション 開幕記念 ログインボーナス*
*開催期間中、1日1回 最大78回 ログインボーナスをプレゼント！*
`白銀の果実 X 1
`_2024-09-29 19:40:06_
--------
*d17e065a91cb6e0f11571ec8f43b666b*
`登陆天数: 83天 / 1660天
等级: 128
石头: 3543
呼符: 155
体力: 10107.093333333334 / 137
友情点: 0 / 1287890`
*連続ログイン6日目
※ログインが途切れるか、7日到達すると
1日目から再開されます*
`聖晶石 X 2
9月交換券(2024) X 1
`*奏章Ⅲ 新霊長後継戦 アーキタイプ・インセプション 開幕記念 ログインボーナス*
*開催期間中、1日1回 最大78回 ログインボーナスをプレゼント！*
`白銀の果実 X 1
`_2024-09-29 19:40:15_
--------
*0bbab0884955053991437f8efd36402f*
`登陆天数: 280天 / 1639天
等级: 130
石头: 2364
呼符: 113
体力: 14712.496666666666 / 138
友情点: 0 / 1282895`
*連続ログイン7日間到達おめでとうございます！
明日は1日目からリスタートされます。*
`獣の足跡 X 1
呼符 X 1
9月交換券(2024) X 1
`*奏章Ⅲ 新霊長後継戦 アーキタイプ・インセプション 開幕記念 ログインボーナス*
*開催期間中、1日1回 最大78回 ログインボーナスをプレゼント！*
`白銀の果実 X 1
`_2024-09-29 19:40:24_
--------
*34115a9719eec68deb9a8d3ab142781c*
`登陆天数: 265天 / 1576天
等级: 130
石头: 968
呼符: 112
体力: 14465.14 / 138
友情点: 0 / 1248405`
*連続ログイン6日目
※ログインが途切れるか、7日到達すると
1日目から再開されます*
`聖晶石 X 2
9月交換券(2024) X 1
`*奏章Ⅲ 新霊長後継戦 アーキタイプ・インセプション 開幕記念 ログインボーナス*
*開催期間中、1日1回 最大78回 ログインボーナスをプレゼント！*
`白銀の果実 X 1
`_2024-09-29 19:40:32_
--------
*70b2289bba4e0d1155fd4ef04388170d*
`登陆天数: 38天 / 1531天
等级: 129
石头: 5556
呼符: 9
体力: 36048.44 / 138
友情点: 0 / 1283825`
*連続ログイン3日目
※ログインが途切れるか、7日到達すると
1日目から再開されます*
`叡智の業火 X 1
9月交換券(2024) X 1
`*奏章Ⅲ 新霊長後継戦 アーキタイプ・インセプション 開幕記念 ログインボーナス*
*開催期間中、1日1回 最大78回 ログインボーナスをプレゼント！*
`白銀の果実 X 1
`_2024-09-29 19:40:41_
--------
