【登录信息】
*a5b5d04878ef92ec9f2a1ae7db2d2ac6*
`登陆天数: 36天 / 1651天
等级: 132
石头: 520
呼符: 208
体力: 9395.976666666667 / 138
友情点: 0 / 1343125`
*連続ログイン1日目
※ログインが途切れるか、7日到達すると
1日目から再開されます*
`フレンドポイント X 2000
12月交換券(2024) X 1
`_2024-12-01 19:39:01_
--------
*35fbc6cbbb563a0d5605fd0d482ec707*
`登陆天数: 38天 / 1698天
等级: 134
石头: 487
呼符: 177
体力: 5875.656666666667 / 139
友情点: 0 / 339525`
*連続ログイン3日目
※ログインが途切れるか、7日到達すると
1日目から再開されます*
`叡智の業火 X 1
12月交換券(2024) X 1
`_2024-12-01 19:39:10_
--------
*823ed9cd51e0b8500cc709c9db83a2f5*
`登陆天数: 36天 / 1589天
等级: 130
石头: 994
呼符: 108
体力: 9375.51 / 138
友情点: 0 / 1256500`
*連続ログイン1日目
※ログインが途切れるか、7日到達すると
1日目から再開されます*
`フレンドポイント X 2000
12月交換券(2024) X 1
`_2024-12-01 19:39:18_
--------
*aa68f2ee631b12e5f4263cccbc2b4f84*
`登陆天数: 36天 / 1382天
等级: 128
石头: 121
呼符: 5
体力: 78837.23 / 137
友情点: 0 / 1236570`
*連続ログイン1日目
※ログインが途切れるか、7日到達すると
1日目から再開されます*
`フレンドポイント X 2000
12月交換券(2024) X 1
`_2024-12-01 19:39:26_
--------
*a7ec86a94fed6ee5bc40b5a5f31603ad*
`登陆天数: 36天 / 1601天
等级: 130
石头: 1723
呼符: 118
体力: 9367.783333333333 / 138
友情点: 0 / 1263615`
*連続ログイン1日目
※ログインが途切れるか、7日到達すると
1日目から再開されます*
`フレンドポイント X 2000
12月交換券(2024) X 1
`_2024-12-01 19:39:35_
--------
*bbf383f98d451f7ee9a8fe3ea80d8581*
`登陆天数: 36天 / 1356天
等级: 130
石头: 422
呼符: 110
体力: 32841.59333333334 / 138
友情点: 0 / 1136650`
*連続ログイン1日目
※ログインが途切れるか、7日到達すると
1日目から再開されます*
`フレンドポイント X 2000
12月交換券(2024) X 1
`_2024-12-01 19:39:43_
--------
*6952ab84039f401d88fdace3995567c3*
`登陆天数: 36天 / 1706天
等级: 129
石头: 2326
呼符: 178
体力: 9136.79 / 138
友情点: 0 / 1310555`
*連続ログイン1日目
※ログインが途切れるか、7日到達すると
1日目から再開されます*
`フレンドポイント X 2000
12月交換券(2024) X 1
`_2024-12-01 19:39:52_
--------
*f4190598ed5a11b432712f1a3492fc95*
`登陆天数: 36天 / 1693天
等级: 129
石头: 4618
呼符: 179
体力: 9198.423333333334 / 138
友情点: 0 / 1313965`
*連続ログイン1日目
※ログインが途切れるか、7日到達すると
1日目から再開されます*
`フレンドポイント X 2000
12月交換券(2024) X 1
`_2024-12-01 19:40:01_
--------
*8499833a8d0db047b863753fa1cc6a33*
`登陆天数: 36天 / 1770天
等级: 129
石头: 2959
呼符: 43
体力: 9077.023333333333 / 138
友情点: 0 / 1412130`
*連続ログイン1日目
※ログインが途切れるか、7日到達すると
1日目から再開されます*
`フレンドポイント X 2000
12月交換券(2024) X 1
`_2024-12-01 19:40:09_
--------
*c8249ad552514fb0368836ab2b047039*
`登陆天数: 36天 / 1307天
等级: 141
石头: 17
呼符: 1
体力: 13686.046666666667 / 140
友情点: 10 / 51515245`
*連続ログイン1日目
※ログインが途切れるか、7日到達すると
1日目から再開されます*
`フレンドポイント X 2000
12月交換券(2024) X 1
`_2024-12-01 19:40:17_
--------
*e01aa16bffb0c37d734c26ca264473d5*
`登陆天数: 36天 / 1411天
等级: 130
石头: 2506
呼符: 207
体力: 9033.3 / 138
友情点: 0 / 1273360`
*連続ログイン1日目
※ログインが途切れるか、7日到達すると
1日目から再開されます*
`フレンドポイント X 2000
12月交換券(2024) X 1
`_2024-12-01 19:40:26_
--------
*144293b7027c86afe078a3362aa860ff*
`登陆天数: 37天 / 1706天
等级: 136
石头: 952
呼符: 29
体力: 10412.893333333333 / 139
友情点: 0 / 10042010`
*連続ログイン2日目
※ログインが途切れるか、7日到達すると
1日目から再開されます*
`聖晶石 X 1
12月交換券(2024) X 1
`_2024-12-01 19:40:34_
--------
*04879fc63f393a018be80fc13f96edb5*
`登陆天数: 36天 / 1609天
等级: 129
石头: 4446
呼符: 8
体力: 9410.213333333333 / 138
友情点: 0 / 102325`
*連続ログイン1日目
※ログインが途切れるか、7日到達すると
1日目から再開されます*
`フレンドポイント X 2000
12月交換券(2024) X 1
`_2024-12-01 19:40:42_
--------
*d17e065a91cb6e0f11571ec8f43b666b*
`登陆天数: 36天 / 1717天
等级: 129
石头: 3672
呼符: 179
体力: 9124.183333333332 / 138
友情点: 0 / 1287940`
*連続ログイン1日目
※ログインが途切れるか、7日到達すると
1日目から再開されます*
`フレンドポイント X 2000
12月交換券(2024) X 1
`_2024-12-01 19:40:50_
--------
*0bbab0884955053991437f8efd36402f*
`登陆天数: 36天 / 1697天
等级: 130
石头: 5
呼符: 62
体力: 9385.646666666667 / 138
友情点: 0 / 1282955`
*連続ログイン1日目
※ログインが途切れるか、7日到達すると
1日目から再開されます*
`フレンドポイント X 2000
12月交換券(2024) X 1
`_2024-12-01 19:40:59_
--------
*34115a9719eec68deb9a8d3ab142781c*
`登陆天数: 36天 / 1633天
等级: 130
石头: 521
呼符: 131
体力: 13148.893333333333 / 138
友情点: 0 / 1257875`
*連続ログイン1日目
※ログインが途切れるか、7日到達すると
1日目から再開されます*
`フレンドポイント X 2000
12月交換券(2024) X 1
`_2024-12-01 19:41:08_
--------
*70b2289bba4e0d1155fd4ef04388170d*
`登陆天数: 36天 / 1588天
等级: 129
石头: 5556
呼符: 9
体力: 54192.55333333334 / 138
友情点: 0 / 1283825`
*連続ログイン1日目
※ログインが途切れるか、7日到達すると
1日目から再開されます*
`フレンドポイント X 2000
12月交換券(2024) X 1
`_2024-12-01 19:41:16_
--------
*7441a04aa81b6170993926c1238db6d9*
`登陆天数: 36天 / 1385天
等级: 130
石头: 1326
呼符: 113
体力: 32879.84333333334 / 138
友情点: 0 / 1275610`
*連続ログイン1日目
※ログインが途切れるか、7日到達すると
1日目から再開されます*
`フレンドポイント X 2000
12月交換券(2024) X 1
`_2024-12-01 19:41:24_
--------
*14cbcebb250ccfe7f7975a441906ddb0*
`登陆天数: 36天 / 1683天
等级: 130
石头: 2380
呼符: 113
体力: 18682.283333333333 / 138
友情点: 0 / 1443480`
*連続ログイン1日目
※ログインが途切れるか、7日到達すると
1日目から再開されます*
`フレンドポイント X 2000
12月交換券(2024) X 1
`_2024-12-01 19:41:33_
--------
*9f1de3d706b8e33c8eba4599743daf29*
`登陆天数: 36天 / 745天
等级: 80
石头: 230
呼符: 15
体力: 7515.643333333333 / 105
友情点: 0 / 60595`
*連続ログイン1日目
※ログインが途切れるか、7日到達すると
1日目から再開されます*
`フレンドポイント X 2000
12月交換券(2024) X 1
`_2024-12-01 19:41:41_
--------
