【登录信息】
*a5b5d04878ef92ec9f2a1ae7db2d2ac6*
`登陆天数: 37天 / 1652天
等级: 132
石头: 520
呼符: 208
体力: 9684.043333333333 / 138
友情点: 0 / 1343125`
*連続ログイン2日目
※ログインが途切れるか、7日到達すると
1日目から再開されます*
`聖晶石 X 1
12月交換券(2024) X 1
`_2024-12-02 19:39:21_
--------
*35fbc6cbbb563a0d5605fd0d482ec707*
`登陆天数: 39天 / 1699天
等级: 134
石头: 487
呼符: 177
体力: 6163.72 / 139
友情点: 0 / 339525`
*連続ログイン4日目
※ログインが途切れるか、7日到達すると
1日目から再開されます*
`聖晶石 X 1
12月交換券(2024) X 1
`_2024-12-02 19:39:29_
--------
*823ed9cd51e0b8500cc709c9db83a2f5*
`登陆天数: 37天 / 1590天
等级: 130
石头: 994
呼符: 108
体力: 9663.576666666666 / 138
友情点: 0 / 1256500`
*連続ログイン2日目
※ログインが途切れるか、7日到達すると
1日目から再開されます*
`聖晶石 X 1
12月交換券(2024) X 1
`_2024-12-02 19:39:38_
--------
*aa68f2ee631b12e5f4263cccbc2b4f84*
`登陆天数: 37天 / 1383天
等级: 128
石头: 121
呼符: 5
体力: 79125.29666666666 / 137
友情点: 0 / 1236570`
*連続ログイン2日目
※ログインが途切れるか、7日到達すると
1日目から再開されます*
`聖晶石 X 1
12月交換券(2024) X 1
`_2024-12-02 19:39:46_
--------
*a7ec86a94fed6ee5bc40b5a5f31603ad*
`登陆天数: 37天 / 1602天
等级: 130
石头: 1723
呼符: 118
体力: 9655.846666666666 / 138
友情点: 0 / 1263615`
*連続ログイン2日目
※ログインが途切れるか、7日到達すると
1日目から再開されます*
`聖晶石 X 1
12月交換券(2024) X 1
`_2024-12-02 19:39:54_
--------
*bbf383f98d451f7ee9a8fe3ea80d8581*
`登陆天数: 37天 / 1357天
等级: 130
石头: 422
呼符: 110
体力: 33129.653333333335 / 138
友情点: 0 / 1136650`
*連続ログイン2日目
※ログインが途切れるか、7日到達すると
1日目から再開されます*
`聖晶石 X 1
12月交換券(2024) X 1
`_2024-12-02 19:40:02_
--------
*6952ab84039f401d88fdace3995567c3*
`登陆天数: 37天 / 1707天
等级: 129
石头: 2326
呼符: 178
体力: 9424.85 / 138
友情点: 0 / 1310555`
*連続ログイン2日目
※ログインが途切れるか、7日到達すると
1日目から再開されます*
`聖晶石 X 1
12月交換券(2024) X 1
`_2024-12-02 19:40:10_
--------
*f4190598ed5a11b432712f1a3492fc95*
`登陆天数: 37天 / 1694天
等级: 129
石头: 4618
呼符: 179
体力: 9486.483333333334 / 138
友情点: 0 / 1313965`
*連続ログイン2日目
※ログインが途切れるか、7日到達すると
1日目から再開されます*
`聖晶石 X 1
12月交換券(2024) X 1
`_2024-12-02 19:40:19_
--------
*8499833a8d0db047b863753fa1cc6a33*
`登陆天数: 37天 / 1771天
等级: 129
石头: 2959
呼符: 43
体力: 9365.083333333334 / 138
友情点: 0 / 1412130`
*連続ログイン2日目
※ログインが途切れるか、7日到達すると
1日目から再開されます*
`聖晶石 X 1
12月交換券(2024) X 1
`_2024-12-02 19:40:27_
--------
*c8249ad552514fb0368836ab2b047039*
`登陆天数: 37天 / 1308天
等级: 141
石头: 17
呼符: 1
体力: 13974.106666666667 / 140
友情点: 0 / 51515245`
*連続ログイン2日目
※ログインが途切れるか、7日到達すると
1日目から再開されます*
`聖晶石 X 1
12月交換券(2024) X 1
`_2024-12-02 19:40:35_
--------
*e01aa16bffb0c37d734c26ca264473d5*
`登陆天数: 37天 / 1412天
等级: 130
石头: 2506
呼符: 207
体力: 9321.36 / 138
友情点: 0 / 1273360`
*連続ログイン2日目
※ログインが途切れるか、7日到達すると
1日目から再開されます*
`聖晶石 X 1
12月交換券(2024) X 1
`_2024-12-02 19:40:44_
--------
*144293b7027c86afe078a3362aa860ff*
`登陆天数: 38天 / 1707天
等级: 136
石头: 952
呼符: 29
体力: 10700.953333333333 / 139
友情点: 0 / 10042010`
*連続ログイン3日目
※ログインが途切れるか、7日到達すると
1日目から再開されます*
`叡智の業火 X 1
12月交換券(2024) X 1
`_2024-12-02 19:40:52_
--------
*04879fc63f393a018be80fc13f96edb5*
`登陆天数: 37天 / 1610天
等级: 129
石头: 4446
呼符: 8
体力: 9698.273333333333 / 138
友情点: 0 / 102325`
*連続ログイン2日目
※ログインが途切れるか、7日到達すると
1日目から再開されます*
`聖晶石 X 1
12月交換券(2024) X 1
`_2024-12-02 19:41:00_
--------
*d17e065a91cb6e0f11571ec8f43b666b*
`登陆天数: 37天 / 1718天
等级: 129
石头: 3672
呼符: 179
体力: 9412.243333333334 / 138
友情点: 0 / 1287940`
*連続ログイン2日目
※ログインが途切れるか、7日到達すると
1日目から再開されます*
`聖晶石 X 1
12月交換券(2024) X 1
`_2024-12-02 19:41:08_
--------
*0bbab0884955053991437f8efd36402f*
`登陆天数: 37天 / 1698天
等级: 130
石头: 5
呼符: 62
体力: 9673.706666666667 / 138
友情点: 0 / 1282955`
*連続ログイン2日目
※ログインが途切れるか、7日到達すると
1日目から再開されます*
`聖晶石 X 1
12月交換券(2024) X 1
`_2024-12-02 19:41:17_
--------
*34115a9719eec68deb9a8d3ab142781c*
`登陆天数: 37天 / 1634天
等级: 130
石头: 521
呼符: 131
体力: 13436.95 / 138
友情点: 0 / 1257875`
*連続ログイン2日目
※ログインが途切れるか、7日到達すると
1日目から再開されます*
`聖晶石 X 1
12月交換券(2024) X 1
`_2024-12-02 19:41:25_
--------
*70b2289bba4e0d1155fd4ef04388170d*
`登陆天数: 37天 / 1589天
等级: 129
石头: 5556
呼符: 9
体力: 54480.61 / 138
友情点: 0 / 1283825`
*連続ログイン2日目
※ログインが途切れるか、7日到達すると
1日目から再開されます*
`聖晶石 X 1
12月交換券(2024) X 1
`_2024-12-02 19:41:34_
--------
*7441a04aa81b6170993926c1238db6d9*
`登陆天数: 37天 / 1386天
等级: 130
石头: 1326
呼符: 113
体力: 33167.903333333335 / 138
友情点: 0 / 1275610`
*連続ログイン2日目
※ログインが途切れるか、7日到達すると
1日目から再開されます*
`聖晶石 X 1
12月交換券(2024) X 1
`_2024-12-02 19:41:41_
--------
*14cbcebb250ccfe7f7975a441906ddb0*
`登陆天数: 37天 / 1684天
等级: 130
石头: 2380
呼符: 113
体力: 18970.34 / 138
友情点: 0 / 1443480`
*連続ログイン2日目
※ログインが途切れるか、7日到達すると
1日目から再開されます*
`聖晶石 X 1
12月交換券(2024) X 1
`_2024-12-02 19:41:50_
--------
*9f1de3d706b8e33c8eba4599743daf29*
`登陆天数: 37天 / 746天
等级: 80
石头: 230
呼符: 15
体力: 7803.696666666667 / 105
友情点: 0 / 60595`
*連続ログイン2日目
※ログインが途切れるか、7日到達すると
1日目から再開されます*
`聖晶石 X 1
12月交換券(2024) X 1
`_2024-12-02 19:41:58_
--------
