【登录信息】
*a5b5d04878ef92ec9f2a1ae7db2d2ac6*
`登陆天数: 38天 / 1653天
等级: 132
石头: 520
呼符: 208
体力: 9972.033333333333 / 138
友情点: 0 / 1343125`
*連続ログイン3日目
※ログインが途切れるか、7日到達すると
1日目から再開されます*
`叡智の業火 X 1
12月交換券(2024) X 1
`_2024-12-03 19:39:18_
--------
*35fbc6cbbb563a0d5605fd0d482ec707*
`登陆天数: 40天 / 1700天
等级: 134
石头: 487
呼符: 177
体力: 6451.71 / 139
友情点: 0 / 339525`
*連続ログイン5日目
※ログインが途切れるか、7日到達すると
1日目から再開されます*
`叡智の業火 X 2
12月交換券(2024) X 1
`_2024-12-03 19:39:26_
--------
*823ed9cd51e0b8500cc709c9db83a2f5*
`登陆天数: 38天 / 1591天
等级: 130
石头: 994
呼符: 108
体力: 9951.563333333334 / 138
友情点: 0 / 1256500`
*連続ログイン3日目
※ログインが途切れるか、7日到達すると
1日目から再開されます*
`叡智の業火 X 1
12月交換券(2024) X 1
`_2024-12-03 19:39:34_
--------
*aa68f2ee631b12e5f4263cccbc2b4f84*
`登陆天数: 38天 / 1384天
等级: 128
石头: 121
呼符: 5
体力: 79413.28333333334 / 137
友情点: 0 / 1236570`
*連続ログイン3日目
※ログインが途切れるか、7日到達すると
1日目から再開されます*
`叡智の業火 X 1
12月交換券(2024) X 1
`_2024-12-03 19:39:42_
--------
*a7ec86a94fed6ee5bc40b5a5f31603ad*
`登陆天数: 38天 / 1603天
等级: 130
石头: 1723
呼符: 118
体力: 9943.836666666666 / 138
友情点: 0 / 1263615`
*連続ログイン3日目
※ログインが途切れるか、7日到達すると
1日目から再開されます*
`叡智の業火 X 1
12月交換券(2024) X 1
`_2024-12-03 19:39:51_
--------
*bbf383f98d451f7ee9a8fe3ea80d8581*
`登陆天数: 38天 / 1358天
等级: 130
石头: 422
呼符: 110
体力: 33417.64333333333 / 138
友情点: 0 / 1136650`
*連続ログイン3日目
※ログインが途切れるか、7日到達すると
1日目から再開されます*
`叡智の業火 X 1
12月交換券(2024) X 1
`_2024-12-03 19:39:59_
--------
*6952ab84039f401d88fdace3995567c3*
`登陆天数: 38天 / 1708天
等级: 129
石头: 2326
呼符: 178
体力: 9712.84 / 138
友情点: 0 / 1310555`
*連続ログイン3日目
※ログインが途切れるか、7日到達すると
1日目から再開されます*
`叡智の業火 X 1
12月交換券(2024) X 1
`_2024-12-03 19:40:07_
--------
*f4190598ed5a11b432712f1a3492fc95*
`登陆天数: 38天 / 1695天
等级: 129
石头: 4618
呼符: 179
体力: 9774.47 / 138
友情点: 0 / 1313965`
*連続ログイン3日目
※ログインが途切れるか、7日到達すると
1日目から再開されます*
`叡智の業火 X 1
12月交換券(2024) X 1
`_2024-12-03 19:40:15_
--------
*8499833a8d0db047b863753fa1cc6a33*
`登陆天数: 38天 / 1772天
等级: 129
石头: 2959
呼符: 43
体力: 9653.07 / 138
友情点: 0 / 1412130`
*連続ログイン3日目
※ログインが途切れるか、7日到達すると
1日目から再開されます*
`叡智の業火 X 1
12月交換券(2024) X 1
`_2024-12-03 19:40:23_
--------
*c8249ad552514fb0368836ab2b047039*
`登陆天数: 38天 / 1309天
等级: 141
石头: 17
呼符: 1
体力: 14262.093333333334 / 140
友情点: 10 / 51515255`
*連続ログイン3日目
※ログインが途切れるか、7日到達すると
1日目から再開されます*
`叡智の業火 X 1
12月交換券(2024) X 1
`_2024-12-03 19:40:32_
--------
*e01aa16bffb0c37d734c26ca264473d5*
`登陆天数: 38天 / 1413天
等级: 130
石头: 2506
呼符: 207
体力: 9609.346666666666 / 138
友情点: 0 / 1273360`
*連続ログイン3日目
※ログインが途切れるか、7日到達すると
1日目から再開されます*
`叡智の業火 X 1
12月交換券(2024) X 1
`_2024-12-03 19:40:40_
--------
*144293b7027c86afe078a3362aa860ff*
`登陆天数: 39天 / 1708天
等级: 136
石头: 952
呼符: 29
体力: 10988.94 / 139
友情点: 0 / 10042010`
*連続ログイン4日目
※ログインが途切れるか、7日到達すると
1日目から再開されます*
`聖晶石 X 1
12月交換券(2024) X 1
`_2024-12-03 19:40:48_
--------
*04879fc63f393a018be80fc13f96edb5*
`登陆天数: 38天 / 1611天
等级: 129
石头: 4446
呼符: 8
体力: 9986.26 / 138
友情点: 0 / 102325`
*連続ログイン3日目
※ログインが途切れるか、7日到達すると
1日目から再開されます*
`叡智の業火 X 1
12月交換券(2024) X 1
`_2024-12-03 19:40:56_
--------
*d17e065a91cb6e0f11571ec8f43b666b*
`登陆天数: 38天 / 1719天
等级: 129
石头: 3672
呼符: 179
体力: 9700.23 / 138
友情点: 0 / 1287940`
*連続ログイン3日目
※ログインが途切れるか、7日到達すると
1日目から再開されます*
`叡智の業火 X 1
12月交換券(2024) X 1
`_2024-12-03 19:41:04_
--------
*0bbab0884955053991437f8efd36402f*
`登陆天数: 38天 / 1699天
等级: 130
石头: 5
呼符: 62
体力: 9961.693333333333 / 138
友情点: 0 / 1282955`
*連続ログイン3日目
※ログインが途切れるか、7日到達すると
1日目から再開されます*
`叡智の業火 X 1
12月交換券(2024) X 1
`_2024-12-03 19:41:13_
--------
*34115a9719eec68deb9a8d3ab142781c*
`登陆天数: 38天 / 1635天
等级: 130
石头: 521
呼符: 131
体力: 13724.94 / 138
友情点: 0 / 1257875`
*連続ログイン3日目
※ログインが途切れるか、7日到達すると
1日目から再開されます*
`叡智の業火 X 1
12月交換券(2024) X 1
`_2024-12-03 19:41:21_
--------
*70b2289bba4e0d1155fd4ef04388170d*
`登陆天数: 38天 / 1590天
等级: 129
石头: 5556
呼符: 9
体力: 54768.6 / 138
友情点: 0 / 1283825`
*連続ログイン3日目
※ログインが途切れるか、7日到達すると
1日目から再開されます*
`叡智の業火 X 1
12月交換券(2024) X 1
`_2024-12-03 19:41:30_
--------
*7441a04aa81b6170993926c1238db6d9*
`登陆天数: 38天 / 1387天
等级: 130
石头: 1326
呼符: 113
体力: 33455.89 / 138
友情点: 0 / 1275610`
*連続ログイン3日目
※ログインが途切れるか、7日到達すると
1日目から再開されます*
`叡智の業火 X 1
12月交換券(2024) X 1
`_2024-12-03 19:41:38_
--------
*14cbcebb250ccfe7f7975a441906ddb0*
`登陆天数: 38天 / 1685天
等级: 130
石头: 2380
呼符: 113
体力: 19258.326666666668 / 138
友情点: 0 / 1443480`
*連続ログイン3日目
※ログインが途切れるか、7日到達すると
1日目から再開されます*
`叡智の業火 X 1
12月交換券(2024) X 1
`_2024-12-03 19:41:46_
--------
*9f1de3d706b8e33c8eba4599743daf29*
`登陆天数: 38天 / 747天
等级: 80
石头: 230
呼符: 15
体力: 8091.6866666666665 / 105
友情点: 0 / 60595`
*連続ログイン3日目
※ログインが途切れるか、7日到達すると
1日目から再開されます*
`叡智の業火 X 1
12月交換券(2024) X 1
`_2024-12-03 19:41:54_
--------
