【登录信息】
*a5b5d04878ef92ec9f2a1ae7db2d2ac6*
`登陆天数: 39天 / 1654天
等级: 132
石头: 520
呼符: 208
体力: 10260.1 / 138
友情点: 0 / 1343125`
*連続ログイン4日目
※ログインが途切れるか、7日到達すると
1日目から再開されます*
`聖晶石 X 1
12月交換券(2024) X 1
`_2024-12-04 19:39:38_
--------
*35fbc6cbbb563a0d5605fd0d482ec707*
`登陆天数: 41天 / 1701天
等级: 134
石头: 487
呼符: 177
体力: 6739.776666666667 / 139
友情点: 0 / 339525`
*連続ログイン6日目
※ログインが途切れるか、7日到達すると
1日目から再開されます*
`聖晶石 X 2
12月交換券(2024) X 1
`_2024-12-04 19:39:46_
--------
*823ed9cd51e0b8500cc709c9db83a2f5*
`登陆天数: 39天 / 1592天
等级: 130
石头: 994
呼符: 108
体力: 10239.63 / 138
友情点: 0 / 1256500`
*連続ログイン4日目
※ログインが途切れるか、7日到達すると
1日目から再開されます*
`聖晶石 X 1
12月交換券(2024) X 1
`_2024-12-04 19:39:54_
--------
*aa68f2ee631b12e5f4263cccbc2b4f84*
`登陆天数: 39天 / 1385天
等级: 128
石头: 121
呼符: 5
体力: 79701.35333333333 / 137
友情点: 0 / 1236570`
*連続ログイン4日目
※ログインが途切れるか、7日到達すると
1日目から再開されます*
`聖晶石 X 1
12月交換券(2024) X 1
`_2024-12-04 19:40:03_
--------
*a7ec86a94fed6ee5bc40b5a5f31603ad*
`登陆天数: 39天 / 1604天
等级: 130
石头: 1723
呼符: 118
体力: 10231.903333333334 / 138
友情点: 0 / 1263615`
*連続ログイン4日目
※ログインが途切れるか、7日到達すると
1日目から再開されます*
`聖晶石 X 1
12月交換券(2024) X 1
`_2024-12-04 19:40:11_
--------
*bbf383f98d451f7ee9a8fe3ea80d8581*
`登陆天数: 39天 / 1359天
等级: 130
石头: 422
呼符: 110
体力: 33705.71 / 138
友情点: 0 / 1136650`
*連続ログイン4日目
※ログインが途切れるか、7日到達すると
1日目から再開されます*
`聖晶石 X 1
12月交換券(2024) X 1
`_2024-12-04 19:40:19_
--------
*6952ab84039f401d88fdace3995567c3*
`登陆天数: 39天 / 1709天
等级: 129
石头: 2326
呼符: 178
体力: 10000.906666666666 / 138
友情点: 0 / 1310555`
*連続ログイン4日目
※ログインが途切れるか、7日到達すると
1日目から再開されます*
`聖晶石 X 1
12月交換券(2024) X 1
`_2024-12-04 19:40:28_
--------
*f4190598ed5a11b432712f1a3492fc95*
`登陆天数: 39天 / 1696天
等级: 129
石头: 4618
呼符: 179
体力: 10062.54 / 138
友情点: 0 / 1313965`
*連続ログイン4日目
※ログインが途切れるか、7日到達すると
1日目から再開されます*
`聖晶石 X 1
12月交換券(2024) X 1
`_2024-12-04 19:40:36_
--------
*8499833a8d0db047b863753fa1cc6a33*
`登陆天数: 39天 / 1773天
等级: 129
石头: 2959
呼符: 43
体力: 9941.14 / 138
友情点: 0 / 1412130`
*連続ログイン4日目
※ログインが途切れるか、7日到達すると
1日目から再開されます*
`聖晶石 X 1
12月交換券(2024) X 1
`_2024-12-04 19:40:44_
--------
*c8249ad552514fb0368836ab2b047039*
`登陆天数: 39天 / 1310天
等级: 141
石头: 17
呼符: 1
体力: 14550.163333333334 / 140
友情点: 0 / 51515255`
*連続ログイン4日目
※ログインが途切れるか、7日到達すると
1日目から再開されます*
`聖晶石 X 1
12月交換券(2024) X 1
`_2024-12-04 19:40:53_
--------
*e01aa16bffb0c37d734c26ca264473d5*
`登陆天数: 39天 / 1414天
等级: 130
石头: 2506
呼符: 207
体力: 9897.416666666666 / 138
友情点: 0 / 1273360`
*連続ログイン4日目
※ログインが途切れるか、7日到達すると
1日目から再開されます*
`聖晶石 X 1
12月交換券(2024) X 1
`_2024-12-04 19:41:01_
--------
*144293b7027c86afe078a3362aa860ff*
`登陆天数: 40天 / 1709天
等级: 136
石头: 952
呼符: 29
体力: 11277.01 / 139
友情点: 0 / 10042010`
*連続ログイン5日目
※ログインが途切れるか、7日到達すると
1日目から再開されます*
`叡智の業火 X 2
12月交換券(2024) X 1
`_2024-12-04 19:41:09_
--------
*04879fc63f393a018be80fc13f96edb5*
`登陆天数: 39天 / 1612天
等级: 129
石头: 4446
呼符: 8
体力: 10274.33 / 138
友情点: 0 / 102325`
*連続ログイン4日目
※ログインが途切れるか、7日到達すると
1日目から再開されます*
`聖晶石 X 1
12月交換券(2024) X 1
`_2024-12-04 19:41:17_
--------
*d17e065a91cb6e0f11571ec8f43b666b*
`登陆天数: 39天 / 1720天
等级: 129
石头: 3672
呼符: 179
体力: 9988.3 / 138
友情点: 0 / 1287940`
*連続ログイン4日目
※ログインが途切れるか、7日到達すると
1日目から再開されます*
`聖晶石 X 1
12月交換券(2024) X 1
`_2024-12-04 19:41:25_
--------
*0bbab0884955053991437f8efd36402f*
`登陆天数: 39天 / 1700天
等级: 130
石头: 5
呼符: 62
体力: 10249.763333333334 / 138
友情点: 0 / 1282955`
*連続ログイン4日目
※ログインが途切れるか、7日到達すると
1日目から再開されます*
`聖晶石 X 1
12月交換券(2024) X 1
`_2024-12-04 19:41:34_
--------
*34115a9719eec68deb9a8d3ab142781c*
`登陆天数: 39天 / 1636天
等级: 130
石头: 521
呼符: 131
体力: 14013.01 / 138
友情点: 0 / 1257875`
*連続ログイン4日目
※ログインが途切れるか、7日到達すると
1日目から再開されます*
`聖晶石 X 1
12月交換券(2024) X 1
`_2024-12-04 19:41:43_
--------
*70b2289bba4e0d1155fd4ef04388170d*
`登陆天数: 39天 / 1591天
等级: 129
石头: 5556
呼符: 9
体力: 55056.67 / 138
友情点: 0 / 1283825`
*連続ログイン4日目
※ログインが途切れるか、7日到達すると
1日目から再開されます*
`聖晶石 X 1
12月交換券(2024) X 1
`_2024-12-04 19:41:51_
--------
*7441a04aa81b6170993926c1238db6d9*
`登陆天数: 39天 / 1388天
等级: 130
石头: 1326
呼符: 113
体力: 33743.96 / 138
友情点: 0 / 1275610`
*連続ログイン4日目
※ログインが途切れるか、7日到達すると
1日目から再開されます*
`聖晶石 X 1
12月交換券(2024) X 1
`_2024-12-04 19:41:59_
--------
*14cbcebb250ccfe7f7975a441906ddb0*
`登陆天数: 39天 / 1686天
等级: 130
石头: 2380
呼符: 113
体力: 19546.396666666667 / 138
友情点: 0 / 1443480`
*連続ログイン4日目
※ログインが途切れるか、7日到達すると
1日目から再開されます*
`聖晶石 X 1
12月交換券(2024) X 1
`_2024-12-04 19:42:07_
--------
*9f1de3d706b8e33c8eba4599743daf29*
`登陆天数: 39天 / 748天
等级: 80
石头: 230
呼符: 15
体力: 8379.756666666666 / 105
友情点: 0 / 60595`
*連続ログイン4日目
※ログインが途切れるか、7日到達すると
1日目から再開されます*
`聖晶石 X 1
12月交換券(2024) X 1
`_2024-12-04 19:42:15_
--------
