【登录信息】
*aa68f2ee631b12e5f4263cccbc2b4f84*
`登陆天数: 40天 / 1386天
等级: 128
石头: 121
呼符: 5
体力: 79989.26333333334 / 137
友情点: 0 / 1236570`
*連続ログイン5日目
※ログインが途切れるか、7日到達すると
1日目から再開されます*
`叡智の業火 X 2
12月交換券(2024) X 1
`_2024-12-05 19:39:37_
--------
*c8249ad552514fb0368836ab2b047039*
`登陆天数: 40天 / 1311天
等级: 141
石头: 17
呼符: 1
体力: 14837.99 / 140
友情点: 0 / 51515255`
*連続ログイン5日目
※ログインが途切れるか、7日到達すると
1日目から再開されます*
`叡智の業火 X 2
12月交換券(2024) X 1
`_2024-12-05 19:40:01_
--------
*04879fc63f393a018be80fc13f96edb5*
`登陆天数: 40天 / 1613天
等级: 129
石头: 4446
呼符: 8
体力: 10562.123333333333 / 138
友情点: 0 / 102325`
*連続ログイン5日目
※ログインが途切れるか、7日到達すると
1日目から再開されます*
`叡智の業火 X 2
12月交換券(2024) X 1
`_2024-12-05 19:40:15_
--------
*70b2289bba4e0d1155fd4ef04388170d*
`登陆天数: 40天 / 1592天
等级: 129
石头: 5556
呼符: 9
体力: 55344.41 / 138
友情点: 0 / 1283825`
*連続ログイン5日目
※ログインが途切れるか、7日到達すると
1日目から再開されます*
`叡智の業火 X 2
12月交換券(2024) X 1
`_2024-12-05 19:40:33_
--------
