【登录信息】
*aa68f2ee631b12e5f4263cccbc2b4f84*
`登陆天数: 41天 / 1387天
等级: 128
石头: 121
呼符: 5
体力: 80277.21333333333 / 137
友情点: 0 / 1236570`
*連続ログイン6日目
※ログインが途切れるか、7日到達すると
1日目から再開されます*
`聖晶石 X 2
12月交換券(2024) X 1
`_2024-12-06 19:39:21_
--------
*c8249ad552514fb0368836ab2b047039*
`登陆天数: 41天 / 1312天
等级: 141
石头: 17
呼符: 1
体力: 15125.943333333333 / 140
友情点: 60 / 51515315`
*連続ログイン6日目
※ログインが途切れるか、7日到達すると
1日目から再開されます*
`聖晶石 X 2
12月交換券(2024) X 1
`_2024-12-06 19:39:46_
--------
*04879fc63f393a018be80fc13f96edb5*
`登陆天数: 41天 / 1614天
等级: 129
石头: 4446
呼符: 8
体力: 10850.08 / 138
友情点: 0 / 102325`
*連続ログイン6日目
※ログインが途切れるか、7日到達すると
1日目から再開されます*
`聖晶石 X 2
12月交換券(2024) X 1
`_2024-12-06 19:40:01_
--------
*70b2289bba4e0d1155fd4ef04388170d*
`登陆天数: 41天 / 1593天
等级: 129
石头: 5556
呼符: 9
体力: 55632.36666666667 / 138
友情点: 0 / 1283825`
*連続ログイン6日目
※ログインが途切れるか、7日到達すると
1日目から再開されます*
`聖晶石 X 2
12月交換券(2024) X 1
`_2024-12-06 19:40:20_
--------
