【登录信息】
*aa68f2ee631b12e5f4263cccbc2b4f84*
`登陆天数: 43天 / 1389天
等级: 128
石头: 121
呼符: 5
体力: 80853.13 / 137
友情点: 0 / 1236570`
*連続ログイン1日目
※ログインが途切れるか、7日到達すると
1日目から再開されます*
`フレンドポイント X 2000
12月交換券(2024) X 1
`_2024-12-08 19:38:56_
--------
*c8249ad552514fb0368836ab2b047039*
`登陆天数: 43天 / 1314天
等级: 141
石头: 17
呼符: 1
体力: 15701.856666666667 / 140
友情点: 0 / 51515410`
*連続ログイン1日目
※ログインが途切れるか、7日到達すると
1日目から再開されます*
`フレンドポイント X 2000
12月交換券(2024) X 1
`_2024-12-08 19:39:20_
--------
*04879fc63f393a018be80fc13f96edb5*
`登陆天数: 43天 / 1616天
等级: 129
石头: 4446
呼符: 8
体力: 11425.993333333334 / 138
友情点: 0 / 102325`
*連続ログイン1日目
※ログインが途切れるか、7日到達すると
1日目から再開されます*
`フレンドポイント X 2000
12月交換券(2024) X 1
`_2024-12-08 19:39:35_
--------
*70b2289bba4e0d1155fd4ef04388170d*
`登陆天数: 43天 / 1595天
等级: 129
石头: 5556
呼符: 9
体力: 56208.28 / 138
友情点: 0 / 1283825`
*連続ログイン1日目
※ログインが途切れるか、7日到達すると
1日目から再開されます*
`フレンドポイント X 2000
12月交換券(2024) X 1
`_2024-12-08 19:39:54_
--------
