【登录信息】
*aa68f2ee631b12e5f4263cccbc2b4f84*
`登陆天数: 47天 / 1393天
等级: 128
石头: 121
呼符: 5
体力: 82005.26 / 137
友情点: 0 / 1236570`
*連続ログイン4日目
※ログインが途切れるか、7日到達すると
1日目から再開されます*
`聖晶石 X 1
12月交換券(2024) X 1
`_2024-12-12 19:39:35_
--------
*c8249ad552514fb0368836ab2b047039*
`登陆天数: 47天 / 1318天
等级: 141
石头: 17
呼符: 1
体力: 16853.983333333334 / 140
友情点: 25 / 51515445`
*連続ログイン4日目
※ログインが途切れるか、7日到達すると
1日目から再開されます*
`聖晶石 X 1
12月交換券(2024) X 1
`_2024-12-12 19:39:59_
--------
*04879fc63f393a018be80fc13f96edb5*
`登陆天数: 47天 / 1620天
等级: 129
石头: 4446
呼符: 8
体力: 12578.116666666667 / 138
友情点: 0 / 102325`
*連続ログイン4日目
※ログインが途切れるか、7日到達すると
1日目から再開されます*
`聖晶石 X 1
12月交換券(2024) X 1
`_2024-12-12 19:40:14_
--------
*70b2289bba4e0d1155fd4ef04388170d*
`登陆天数: 47天 / 1599天
等级: 129
石头: 5556
呼符: 9
体力: 57360.403333333335 / 138
友情点: 0 / 1283825`
*連続ログイン4日目
※ログインが途切れるか、7日到達すると
1日目から再開されます*
`聖晶石 X 1
12月交換券(2024) X 1
`_2024-12-12 19:40:31_
--------
