【登录信息】
*aa68f2ee631b12e5f4263cccbc2b4f84*
`登陆天数: 48天 / 1394天
等级: 128
石头: 121
呼符: 5
体力: 82293.22666666667 / 137
友情点: 0 / 1236570`
*連続ログイン6日目
※ログインが途切れるか、7日到達すると
1日目から再開されます*
`聖晶石 X 2
12月交換券(2024) X 1
`_2024-12-13 19:39:25_
--------
*c8249ad552514fb0368836ab2b047039*
`登陆天数: 48天 / 1319天
等级: 141
石头: 17
呼符: 1
体力: 17141.953333333335 / 140
友情点: 0 / 51515445`
*連続ログイン6日目
※ログインが途切れるか、7日到達すると
1日目から再開されます*
`聖晶石 X 2
12月交換券(2024) X 1
`_2024-12-13 19:39:50_
--------
*04879fc63f393a018be80fc13f96edb5*
`登陆天数: 48天 / 1621天
等级: 129
石头: 4446
呼符: 8
体力: 12866.093333333334 / 138
友情点: 0 / 102325`
*連続ログイン6日目
※ログインが途切れるか、7日到達すると
1日目から再開されます*
`聖晶石 X 2
12月交換券(2024) X 1
`_2024-12-13 19:40:05_
--------
*70b2289bba4e0d1155fd4ef04388170d*
`登陆天数: 48天 / 1600天
等级: 129
石头: 5556
呼符: 9
体力: 57648.38 / 138
友情点: 0 / 1283825`
*連続ログイン6日目
※ログインが途切れるか、7日到達すると
1日目から再開されます*
`聖晶石 X 2
12月交換券(2024) X 1
`_2024-12-13 19:40:24_
--------
