【登录信息】
*aa68f2ee631b12e5f4263cccbc2b4f84*
`登陆天数: 49天 / 1395天
等级: 128
石头: 121
呼符: 5
体力: 82581.17666666667 / 137
友情点: 0 / 1236570`
*連続ログイン7日間到達おめでとうございます！
明日は1日目からリスタートされます。*
`獣の足跡 X 1
呼符 X 1
12月交換券(2024) X 1
`_2024-12-14 19:39:10_
--------
*c8249ad552514fb0368836ab2b047039*
`登陆天数: 49天 / 1320天
等级: 141
石头: 17
呼符: 1
体力: 17429.9 / 140
友情点: 10 / 51515455`
*連続ログイン7日間到達おめでとうございます！
明日は1日目からリスタートされます。*
`獣の足跡 X 1
呼符 X 1
12月交換券(2024) X 1
`_2024-12-14 19:39:34_
--------
*04879fc63f393a018be80fc13f96edb5*
`登陆天数: 49天 / 1622天
等级: 129
石头: 4446
呼符: 8
体力: 13154.036666666667 / 138
友情点: 0 / 102325`
*連続ログイン7日間到達おめでとうございます！
明日は1日目からリスタートされます。*
`獣の足跡 X 1
呼符 X 1
12月交換券(2024) X 1
`_2024-12-14 19:39:49_
--------
*70b2289bba4e0d1155fd4ef04388170d*
`登陆天数: 49天 / 1601天
等级: 129
石头: 5556
呼符: 9
体力: 57936.32 / 138
友情点: 0 / 1283825`
*連続ログイン7日間到達おめでとうございます！
明日は1日目からリスタートされます。*
`獣の足跡 X 1
呼符 X 1
12月交換券(2024) X 1
`_2024-12-14 19:40:07_
--------
