【登录信息】
*aa68f2ee631b12e5f4263cccbc2b4f84*
`登陆天数: 50天 / 1396天
等级: 128
石头: 121
呼符: 5
体力: 82869.18 / 137
友情点: 0 / 1236570`
*連続ログイン1日目
※ログインが途切れるか、7日到達すると
1日目から再開されます*
`フレンドポイント X 2000
12月交換券(2024) X 1
`_2024-12-15 19:39:11_
--------
*c8249ad552514fb0368836ab2b047039*
`登陆天数: 50天 / 1321天
等级: 141
石头: 17
呼符: 1
体力: 17717.906666666666 / 140
友情点: 300 / 51515755`
*連続ログイン1日目
※ログインが途切れるか、7日到達すると
1日目から再開されます*
`フレンドポイント X 2000
12月交換券(2024) X 1
`_2024-12-15 19:39:36_
--------
*04879fc63f393a018be80fc13f96edb5*
`登陆天数: 50天 / 1623天
等级: 129
石头: 4446
呼符: 8
体力: 13442.043333333333 / 138
友情点: 0 / 102325`
*連続ログイン1日目
※ログインが途切れるか、7日到達すると
1日目から再開されます*
`フレンドポイント X 2000
12月交換券(2024) X 1
`_2024-12-15 19:39:51_
--------
*70b2289bba4e0d1155fd4ef04388170d*
`登陆天数: 50天 / 1602天
等级: 129
石头: 5556
呼符: 9
体力: 58224.333333333336 / 138
友情点: 0 / 1283825`
*連続ログイン1日目
※ログインが途切れるか、7日到達すると
1日目から再開されます*
`フレンドポイント X 2000
12月交換券(2024) X 1
`_2024-12-15 19:40:10_
--------
