【登录信息】
*aa68f2ee631b12e5f4263cccbc2b4f84*
`登陆天数: 53天 / 1399天
等级: 128
石头: 121
呼符: 5
体力: 83733.18333333333 / 137
友情点: 0 / 1236570`
*連続ログイン4日目
※ログインが途切れるか、7日到達すると
1日目から再開されます*
`聖晶石 X 1
12月交換券(2024) X 1
`_2024-12-18 19:39:12_
--------
*c8249ad552514fb0368836ab2b047039*
`登陆天数: 53天 / 1324天
等级: 141
石头: 17
呼符: 1
体力: 18581.91 / 140
友情点: 0 / 51515880`
*連続ログイン4日目
※ログインが途切れるか、7日到達すると
1日目から再開されます*
`聖晶石 X 1
12月交換券(2024) X 1
`_2024-12-18 19:39:37_
--------
*04879fc63f393a018be80fc13f96edb5*
`登陆天数: 53天 / 1626天
等级: 129
石头: 4446
呼符: 8
体力: 14306.046666666667 / 138
友情点: 0 / 102325`
*連続ログイン4日目
※ログインが途切れるか、7日到達すると
1日目から再開されます*
`聖晶石 X 1
12月交換券(2024) X 1
`_2024-12-18 19:39:52_
--------
*70b2289bba4e0d1155fd4ef04388170d*
`登陆天数: 53天 / 1605天
等级: 129
石头: 5556
呼符: 9
体力: 59088.333333333336 / 138
友情点: 0 / 1283825`
*連続ログイン4日目
※ログインが途切れるか、7日到達すると
1日目から再開されます*
`聖晶石 X 1
12月交換券(2024) X 1
`_2024-12-18 19:40:10_
--------
