【登录信息】
*aa68f2ee631b12e5f4263cccbc2b4f84*
`登陆天数: 55天 / 1401天
等级: 128
石头: 121
呼符: 5
体力: 84309.05666666667 / 137
友情点: 0 / 1236570`
*連続ログイン6日目
※ログインが途切れるか、7日到達すると
1日目から再開されます*
`聖晶石 X 2
12月交換券(2024) X 1
`_2024-12-20 19:38:34_
--------
*c8249ad552514fb0368836ab2b047039*
`登陆天数: 55天 / 1326天
等级: 141
石头: 17
呼符: 1
体力: 19157.78 / 140
友情点: 0 / 51515880`
*連続ログイン6日目
※ログインが途切れるか、7日到達すると
1日目から再開されます*
`聖晶石 X 2
12月交換券(2024) X 1
`_2024-12-20 19:38:58_
--------
*04879fc63f393a018be80fc13f96edb5*
`登陆天数: 55天 / 1628天
等级: 129
石头: 4446
呼符: 8
体力: 14881.913333333334 / 138
友情点: 0 / 102325`
*連続ログイン6日目
※ログインが途切れるか、7日到達すると
1日目から再開されます*
`聖晶石 X 2
12月交換券(2024) X 1
`_2024-12-20 19:39:12_
--------
*70b2289bba4e0d1155fd4ef04388170d*
`登陆天数: 55天 / 1607天
等级: 129
石头: 5556
呼符: 9
体力: 59664.2 / 138
友情点: 0 / 1283825`
*連続ログイン6日目
※ログインが途切れるか、7日到達すると
1日目から再開されます*
`聖晶石 X 2
12月交換券(2024) X 1
`_2024-12-20 19:39:30_
--------
