【登录信息】
*aa68f2ee631b12e5f4263cccbc2b4f84*
`登陆天数: 56天 / 1402天
等级: 128
石头: 121
呼符: 5
体力: 84597.03 / 137
友情点: 0 / 1236570`
*連続ログイン7日間到達おめでとうございます！
明日は1日目からリスタートされます。*
`獣の足跡 X 1
呼符 X 1
12月交換券(2024) X 1
`_2024-12-21 19:38:26_
--------
*c8249ad552514fb0368836ab2b047039*
`登陆天数: 56天 / 1327天
等级: 141
石头: 17
呼符: 1
体力: 19445.76 / 140
友情点: 100 / 51515980`
*連続ログイン7日間到達おめでとうございます！
明日は1日目からリスタートされます。*
`獣の足跡 X 1
呼符 X 1
12月交換券(2024) X 1
`_2024-12-21 19:38:51_
--------
*04879fc63f393a018be80fc13f96edb5*
`登陆天数: 56天 / 1629天
等级: 129
石头: 4446
呼符: 8
体力: 15169.896666666667 / 138
友情点: 0 / 102325`
*連続ログイン7日間到達おめでとうございます！
明日は1日目からリスタートされます。*
`獣の足跡 X 1
呼符 X 1
12月交換券(2024) X 1
`_2024-12-21 19:39:07_
--------
*70b2289bba4e0d1155fd4ef04388170d*
`登陆天数: 56天 / 1608天
等级: 129
石头: 5556
呼符: 9
体力: 59952.18666666667 / 138
友情点: 0 / 1283825`
*連続ログイン7日間到達おめでとうございます！
明日は1日目からリスタートされます。*
`獣の足跡 X 1
呼符 X 1
12月交換券(2024) X 1
`_2024-12-21 19:39:25_
--------
