【登录信息】
*aa68f2ee631b12e5f4263cccbc2b4f84*
`登陆天数: 59天 / 1405天
等级: 128
石头: 121
呼符: 5
体力: 85461.00333333333 / 137
友情点: 0 / 1236570`
*連続ログイン3日目
※ログインが途切れるか、7日到達すると
1日目から再開されます*
`叡智の業火 X 1
12月交換券(2024) X 1
`_2024-12-24 19:38:18_
--------
*c8249ad552514fb0368836ab2b047039*
`登陆天数: 59天 / 1330天
等级: 141
石头: 17
呼符: 1
体力: 20309.726666666666 / 140
友情点: 100 / 51516080`
*連続ログイン3日目
※ログインが途切れるか、7日到達すると
1日目から再開されます*
`叡智の業火 X 1
12月交換券(2024) X 1
`_2024-12-24 19:38:42_
--------
*04879fc63f393a018be80fc13f96edb5*
`登陆天数: 59天 / 1632天
等级: 129
石头: 4446
呼符: 8
体力: 16033.863333333333 / 138
友情点: 0 / 102325`
*連続ログイン3日目
※ログインが途切れるか、7日到達すると
1日目から再開されます*
`叡智の業火 X 1
12月交換券(2024) X 1
`_2024-12-24 19:38:57_
--------
*70b2289bba4e0d1155fd4ef04388170d*
`登陆天数: 59天 / 1611天
等级: 129
石头: 5556
呼符: 9
体力: 60816.153333333335 / 138
友情点: 0 / 1283825`
*連続ログイン3日目
※ログインが途切れるか、7日到達すると
1日目から再開されます*
`叡智の業火 X 1
12月交換券(2024) X 1
`_2024-12-24 19:39:16_
--------
