【登录信息】
*a5b5d04878ef92ec9f2a1ae7db2d2ac6*
`登陆天数: 43天 / 1595天
等级: 132
石头: 332
呼符: 180
体力: 15088.336666666666 / 138
友情点: 0 / 1327075`
*連続ログイン1日目
※ログインが途切れるか、7日到達すると
1日目から再開されます*
`フレンドポイント X 2000
10月交換券(2024) X 1
`*奏章Ⅲ 新霊長後継戦 アーキタイプ・インセプション 開幕記念 ログインボーナス*
*開催期間中、1日1回 最大78回 ログインボーナスをプレゼント！*
`白銀の果実 X 1
`_2024-09-30 19:38:06_
--------
*35fbc6cbbb563a0d5605fd0d482ec707*
`登陆天数: 44天 / 1640天
等级: 134
石头: 401
呼符: 178
体力: 242.61666666666667 / 139
友情点: 0 / 326740`
*連続ログイン2日目
※ログインが途切れるか、7日到達すると
1日目から再開されます*
`聖晶石 X 1
10月交換券(2024) X 1
`*奏章Ⅲ 新霊長後継戦 アーキタイプ・インセプション 開幕記念 ログインボーナス*
*開催期間中、1日1回 最大78回 ログインボーナスをプレゼント！*
`白銀の果実 X 1
`_2024-09-30 19:38:15_
--------
*823ed9cd51e0b8500cc709c9db83a2f5*
`登陆天数: 35天 / 1533天
等级: 130
石头: 767
呼符: 86
体力: 18667.42 / 138
友情点: 0 / 1242430`
*連続ログイン7日間到達おめでとうございます！
明日は1日目からリスタートされます。*
`獣の足跡 X 1
呼符 X 1
10月交換券(2024) X 1
`*奏章Ⅲ 新霊長後継戦 アーキタイプ・インセプション 開幕記念 ログインボーナス*
*開催期間中、1日1回 最大78回 ログインボーナスをプレゼント！*
`白銀の果実 X 1
`_2024-09-30 19:38:23_
--------
*aa68f2ee631b12e5f4263cccbc2b4f84*
`登陆天数: 43天 / 1326天
等级: 128
石头: 0
呼符: 0
体力: 60981.04666666667 / 137
友情点: 0 / 1236570`
*連続ログイン1日目
※ログインが途切れるか、7日到達すると
1日目から再開されます*
`フレンドポイント X 2000
10月交換券(2024) X 1
`*奏章Ⅲ 新霊長後継戦 アーキタイプ・インセプション 開幕記念 ログインボーナス*
*開催期間中、1日1回 最大78回 ログインボーナスをプレゼント！*
`白銀の果実 X 1
`_2024-09-30 19:38:31_
--------
*a7ec86a94fed6ee5bc40b5a5f31603ad*
`登陆天数: 35天 / 1545天
等级: 130
石头: 1840
呼符: 96
体力: 29054.036666666667 / 138
友情点: 0 / 1247535`
*連続ログイン7日間到達おめでとうございます！
明日は1日目からリスタートされます。*
`獣の足跡 X 1
呼符 X 1
10月交換券(2024) X 1
`*奏章Ⅲ 新霊長後継戦 アーキタイプ・インセプション 開幕記念 ログインボーナス*
*開催期間中、1日1回 最大78回 ログインボーナスをプレゼント！*
`白銀の果実 X 1
`_2024-09-30 19:38:39_
--------
*bbf383f98d451f7ee9a8fe3ea80d8581*
`登陆天数: 42天 / 1300天
等级: 130
石头: 422
呼符: 110
体力: 14985.403333333334 / 138
友情点: 0 / 1136650`
*連続ログイン7日間到達おめでとうございます！
明日は1日目からリスタートされます。*
`獣の足跡 X 1
呼符 X 1
10月交換券(2024) X 1
`*奏章Ⅲ 新霊長後継戦 アーキタイプ・インセプション 開幕記念 ログインボーナス*
*開催期間中、1日1回 最大78回 ログインボーナスをプレゼント！*
`白銀の果実 X 1
`_2024-09-30 19:38:47_
--------
*6952ab84039f401d88fdace3995567c3*
`登陆天数: 35天 / 1650天
等级: 128
石头: 2841
呼符: 154
体力: 23926.64 / 137
友情点: 0 / 1304505`
*連続ログイン7日間到達おめでとうございます！
明日は1日目からリスタートされます。*
`獣の足跡 X 1
呼符 X 1
10月交換券(2024) X 1
`*奏章Ⅲ 新霊長後継戦 アーキタイプ・インセプション 開幕記念 ログインボーナス*
*開催期間中、1日1回 最大78回 ログインボーナスをプレゼント！*
`白銀の果実 X 1
`_2024-09-30 19:38:56_
--------
*f4190598ed5a11b432712f1a3492fc95*
`登陆天数: 84天 / 1637天
等级: 129
石头: 4429
呼符: 155
体力: 11708.583333333334 / 138
友情点: 0 / 1303915`
*連続ログイン7日間到達おめでとうございます！
明日は1日目からリスタートされます。*
`獣の足跡 X 1
呼符 X 1
10月交換券(2024) X 1
`*奏章Ⅲ 新霊長後継戦 アーキタイプ・インセプション 開幕記念 ログインボーナス*
*開催期間中、1日1回 最大78回 ログインボーナスをプレゼント！*
`白銀の果実 X 1
`_2024-09-30 19:39:04_
--------
*8499833a8d0db047b863753fa1cc6a33*
`登陆天数: 58天 / 1714天
等级: 129
石头: 2791
呼符: 23
体力: 25550.366666666665 / 138
友情点: 0 / 1400070`
*連続ログイン2日目
※ログインが途切れるか、7日到達すると
1日目から再開されます*
`聖晶石 X 1
10月交換券(2024) X 1
`*奏章Ⅲ 新霊長後継戦 アーキタイプ・インセプション 開幕記念 ログインボーナス*
*開催期間中、1日1回 最大78回 ログインボーナスをプレゼント！*
`白銀の果実 X 1
`_2024-09-30 19:39:12_
--------
*c8249ad552514fb0368836ab2b047039*
`登陆天数: 41天 / 1251天
等级: 141
石头: 99
呼符: 20
体力: 7171.77 / 140
友情点: 145 / 51485810`
*連続ログイン6日目
※ログインが途切れるか、7日到達すると
1日目から再開されます*
`聖晶石 X 2
10月交換券(2024) X 1
`*奏章Ⅲ 新霊長後継戦 アーキタイプ・インセプション 開幕記念 ログインボーナス*
*開催期間中、1日1回 最大78回 ログインボーナスをプレゼント！*
`白銀の果実 X 1
`_2024-09-30 19:39:20_
--------
*e01aa16bffb0c37d734c26ca264473d5*
`登陆天数: 44天 / 1355天
等级: 130
石头: 2310
呼符: 179
体力: 10117.97 / 138
友情点: 0 / 1273310`
*連続ログイン2日目
※ログインが途切れるか、7日到達すると
1日目から再開されます*
`聖晶石 X 1
10月交換券(2024) X 1
`*奏章Ⅲ 新霊長後継戦 アーキタイプ・インセプション 開幕記念 ログインボーナス*
*開催期間中、1日1回 最大78回 ログインボーナスをプレゼント！*
`白銀の果実 X 1
`_2024-09-30 19:39:29_
--------
*144293b7027c86afe078a3362aa860ff*
`登陆天数: 40天 / 1649天
等级: 135
石头: 777
呼符: 6
体力: 191.51 / 139
友情点: 0 / 10030755`
*連続ログイン5日目
※ログインが途切れるか、7日到達すると
1日目から再開されます*
`叡智の業火 X 2
10月交換券(2024) X 1
`*奏章Ⅲ 新霊長後継戦 アーキタイプ・インセプション 開幕記念 ログインボーナス*
*開催期間中、1日1回 最大78回 ログインボーナスをプレゼント！*
`白銀の果実 X 1
`_2024-09-30 19:39:37_
--------
*04879fc63f393a018be80fc13f96edb5*
`登陆天数: 38天 / 1553天
等级: 129
石头: 4390
呼符: 4
体力: 9434.553333333333 / 138
友情点: 0 / 92285`
*連続ログイン3日目
※ログインが途切れるか、7日到達すると
1日目から再開されます*
`叡智の業火 X 1
10月交換券(2024) X 1
`*奏章Ⅲ 新霊長後継戦 アーキタイプ・インセプション 開幕記念 ログインボーナス*
*開催期間中、1日1回 最大78回 ログインボーナスをプレゼント！*
`白銀の果実 X 1
`_2024-09-30 19:39:45_
--------
*d17e065a91cb6e0f11571ec8f43b666b*
`登陆天数: 84天 / 1661天
等级: 128
石头: 3543
呼符: 155
体力: 10395.02 / 137
友情点: 0 / 1287890`
*連続ログイン7日間到達おめでとうございます！
明日は1日目からリスタートされます。*
`獣の足跡 X 1
呼符 X 1
10月交換券(2024) X 1
`*奏章Ⅲ 新霊長後継戦 アーキタイプ・インセプション 開幕記念 ログインボーナス*
*開催期間中、1日1回 最大78回 ログインボーナスをプレゼント！*
`白銀の果実 X 1
`_2024-09-30 19:39:53_
--------
*0bbab0884955053991437f8efd36402f*
`登陆天数: 281天 / 1640天
等级: 130
石头: 2368
呼符: 114
体力: 15000.42 / 138
友情点: 0 / 1282895`
*連続ログイン1日目
※ログインが途切れるか、7日到達すると
1日目から再開されます*
`フレンドポイント X 2000
10月交換券(2024) X 1
`*奏章Ⅲ 新霊長後継戦 アーキタイプ・インセプション 開幕記念 ログインボーナス*
*開催期間中、1日1回 最大78回 ログインボーナスをプレゼント！*
`白銀の果実 X 1
`_2024-09-30 19:40:01_
--------
*34115a9719eec68deb9a8d3ab142781c*
`登陆天数: 266天 / 1577天
等级: 130
石头: 968
呼符: 112
体力: 14753.06 / 138
友情点: 0 / 1248405`
*連続ログイン7日間到達おめでとうございます！
明日は1日目からリスタートされます。*
`獣の足跡 X 1
呼符 X 1
10月交換券(2024) X 1
`*奏章Ⅲ 新霊長後継戦 アーキタイプ・インセプション 開幕記念 ログインボーナス*
*開催期間中、1日1回 最大78回 ログインボーナスをプレゼント！*
`白銀の果実 X 1
`_2024-09-30 19:40:09_
--------
*70b2289bba4e0d1155fd4ef04388170d*
`登陆天数: 39天 / 1532天
等级: 129
石头: 5556
呼符: 9
体力: 36336.36 / 138
友情点: 0 / 1283825`
*連続ログイン4日目
※ログインが途切れるか、7日到達すると
1日目から再開されます*
`聖晶石 X 1
10月交換券(2024) X 1
`*奏章Ⅲ 新霊長後継戦 アーキタイプ・インセプション 開幕記念 ログインボーナス*
*開催期間中、1日1回 最大78回 ログインボーナスをプレゼント！*
`白銀の果実 X 1
`_2024-09-30 19:40:18_
--------
