【登录信息】
*a5b5d04878ef92ec9f2a1ae7db2d2ac6*
`登陆天数: 45天 / 1597天
等级: 132
石头: 387
呼符: 185
体力: 15664.68 / 138
友情点: 0 / 1337075`
*連続ログイン3日目
※ログインが途切れるか、7日到達すると
1日目から再開されます*
`叡智の業火 X 1
10月交換券(2024) X 1
`*奏章Ⅲ 新霊長後継戦 アーキタイプ・インセプション 開幕記念 ログインボーナス*
*開催期間中、1日1回 最大78回 ログインボーナスをプレゼント！*
`白銀の果実 X 1
`_2024-10-02 19:39:50_
--------
*35fbc6cbbb563a0d5605fd0d482ec707*
`登陆天数: 46天 / 1642天
等级: 134
石头: 408
呼符: 178
体力: 164.55333333333334 / 139
友情点: 0 / 326765`
*連続ログイン4日目
※ログインが途切れるか、7日到達すると
1日目から再開されます*
`聖晶石 X 1
10月交換券(2024) X 1
`*奏章Ⅲ 新霊長後継戦 アーキタイプ・インセプション 開幕記念 ログインボーナス*
*開催期間中、1日1回 最大78回 ログインボーナスをプレゼント！*
`黄金の果実 X 1
`_2024-10-02 19:39:58_
--------
*823ed9cd51e0b8500cc709c9db83a2f5*
`登陆天数: 37天 / 1535天
等级: 130
石头: 767
呼符: 86
体力: 19243.77 / 138
友情点: 0 / 1242430`
*連続ログイン2日目
※ログインが途切れるか、7日到達すると
1日目から再開されます*
`聖晶石 X 1
10月交換券(2024) X 1
`*奏章Ⅲ 新霊長後継戦 アーキタイプ・インセプション 開幕記念 ログインボーナス*
*開催期間中、1日1回 最大78回 ログインボーナスをプレゼント！*
`白銀の果実 X 1
`_2024-10-02 19:40:07_
--------
*aa68f2ee631b12e5f4263cccbc2b4f84*
`登陆天数: 45天 / 1328天
等级: 128
石头: 0
呼符: 0
体力: 61557.39666666667 / 137
友情点: 0 / 1236570`
*連続ログイン3日目
※ログインが途切れるか、7日到達すると
1日目から再開されます*
`叡智の業火 X 1
10月交換券(2024) X 1
`*奏章Ⅲ 新霊長後継戦 アーキタイプ・インセプション 開幕記念 ログインボーナス*
*開催期間中、1日1回 最大78回 ログインボーナスをプレゼント！*
`白銀の果実 X 1
`_2024-10-02 19:40:16_
--------
*a7ec86a94fed6ee5bc40b5a5f31603ad*
`登陆天数: 37天 / 1547天
等级: 130
石头: 1840
呼符: 96
体力: 29630.39 / 138
友情点: 0 / 1247535`
*連続ログイン2日目
※ログインが途切れるか、7日到達すると
1日目から再開されます*
`聖晶石 X 1
10月交換券(2024) X 1
`*奏章Ⅲ 新霊長後継戦 アーキタイプ・インセプション 開幕記念 ログインボーナス*
*開催期間中、1日1回 最大78回 ログインボーナスをプレゼント！*
`白銀の果実 X 1
`_2024-10-02 19:40:24_
--------
*bbf383f98d451f7ee9a8fe3ea80d8581*
`登陆天数: 44天 / 1302天
等级: 130
石头: 422
呼符: 110
体力: 15561.756666666666 / 138
友情点: 0 / 1136650`
*連続ログイン2日目
※ログインが途切れるか、7日到達すると
1日目から再開されます*
`聖晶石 X 1
10月交換券(2024) X 1
`*奏章Ⅲ 新霊長後継戦 アーキタイプ・インセプション 開幕記念 ログインボーナス*
*開催期間中、1日1回 最大78回 ログインボーナスをプレゼント！*
`白銀の果実 X 1
`_2024-10-02 19:40:33_
--------
*6952ab84039f401d88fdace3995567c3*
`登陆天数: 37天 / 1652天
等级: 128
石头: 2841
呼符: 154
体力: 24502.993333333332 / 137
友情点: 0 / 1304505`
*連続ログイン2日目
※ログインが途切れるか、7日到達すると
1日目から再開されます*
`聖晶石 X 1
10月交換券(2024) X 1
`*奏章Ⅲ 新霊長後継戦 アーキタイプ・インセプション 開幕記念 ログインボーナス*
*開催期間中、1日1回 最大78回 ログインボーナスをプレゼント！*
`黄金の果実 X 1
`_2024-10-02 19:40:41_
--------
*f4190598ed5a11b432712f1a3492fc95*
`登陆天数: 86天 / 1639天
等级: 129
石头: 4429
呼符: 155
体力: 12284.936666666666 / 138
友情点: 0 / 1303915`
*連続ログイン2日目
※ログインが途切れるか、7日到達すると
1日目から再開されます*
`聖晶石 X 1
10月交換券(2024) X 1
`*奏章Ⅲ 新霊長後継戦 アーキタイプ・インセプション 開幕記念 ログインボーナス*
*開催期間中、1日1回 最大78回 ログインボーナスをプレゼント！*
`白銀の果実 X 1
`_2024-10-02 19:40:50_
--------
*8499833a8d0db047b863753fa1cc6a33*
`登陆天数: 60天 / 1716天
等级: 129
石头: 2791
呼符: 23
体力: 26126.72333333333 / 138
友情点: 0 / 1400070`
*連続ログイン4日目
※ログインが途切れるか、7日到達すると
1日目から再開されます*
`聖晶石 X 1
10月交換券(2024) X 1
`*奏章Ⅲ 新霊長後継戦 アーキタイプ・インセプション 開幕記念 ログインボーナス*
*開催期間中、1日1回 最大78回 ログインボーナスをプレゼント！*
`白銀の果実 X 1
`_2024-10-02 19:40:58_
--------
*c8249ad552514fb0368836ab2b047039*
`登陆天数: 43天 / 1253天
等级: 141
石头: 179
呼符: 24
体力: 256.95 / 140
友情点: 0 / 51494515`
*連続ログイン1日目
※ログインが途切れるか、7日到達すると
1日目から再開されます*
`フレンドポイント X 2000
10月交換券(2024) X 1
`*奏章Ⅲ 新霊長後継戦 アーキタイプ・インセプション 開幕記念 ログインボーナス*
*開催期間中、1日1回 最大78回 ログインボーナスをプレゼント！*
`黄金の果実 X 1
`_2024-10-02 19:41:07_
--------
*e01aa16bffb0c37d734c26ca264473d5*
`登陆天数: 46天 / 1357天
等级: 130
石头: 2310
呼符: 179
体力: 10694.326666666666 / 138
友情点: 0 / 1273310`
*連続ログイン4日目
※ログインが途切れるか、7日到達すると
1日目から再開されます*
`聖晶石 X 1
10月交換券(2024) X 1
`*奏章Ⅲ 新霊長後継戦 アーキタイプ・インセプション 開幕記念 ログインボーナス*
*開催期間中、1日1回 最大78回 ログインボーナスをプレゼント！*
`白銀の果実 X 1
`_2024-10-02 19:41:16_
--------
*144293b7027c86afe078a3362aa860ff*
`登陆天数: 42天 / 1651天
等级: 135
石头: 785
呼符: 6
体力: 254.65666666666667 / 139
友情点: 0 / 10031120`
*連続ログイン7日間到達おめでとうございます！
明日は1日目からリスタートされます。*
`獣の足跡 X 1
呼符 X 1
10月交換券(2024) X 1
`*奏章Ⅲ 新霊長後継戦 アーキタイプ・インセプション 開幕記念 ログインボーナス*
*開催期間中、1日1回 最大78回 ログインボーナスをプレゼント！*
`白銀の果実 X 1
`_2024-10-02 19:41:24_
--------
*04879fc63f393a018be80fc13f96edb5*
`登陆天数: 40天 / 1555天
等级: 129
石头: 4396
呼符: 4
体力: 10010.91 / 138
友情点: 0 / 92285`
*連続ログイン5日目
※ログインが途切れるか、7日到達すると
1日目から再開されます*
`叡智の業火 X 2
10月交換券(2024) X 1
`*奏章Ⅲ 新霊長後継戦 アーキタイプ・インセプション 開幕記念 ログインボーナス*
*開催期間中、1日1回 最大78回 ログインボーナスをプレゼント！*
`白銀の果実 X 1
`_2024-10-02 19:41:32_
--------
*d17e065a91cb6e0f11571ec8f43b666b*
`登陆天数: 86天 / 1663天
等级: 128
石头: 3543
呼符: 155
体力: 10971.376666666667 / 137
友情点: 0 / 1287890`
*連続ログイン2日目
※ログインが途切れるか、7日到達すると
1日目から再開されます*
`聖晶石 X 1
10月交換券(2024) X 1
`*奏章Ⅲ 新霊長後継戦 アーキタイプ・インセプション 開幕記念 ログインボーナス*
*開催期間中、1日1回 最大78回 ログインボーナスをプレゼント！*
`白銀の果実 X 1
`_2024-10-02 19:41:40_
--------
*0bbab0884955053991437f8efd36402f*
`登陆天数: 283天 / 1642天
等级: 130
石头: 2368
呼符: 114
体力: 15576.78 / 138
友情点: 0 / 1282895`
*連続ログイン3日目
※ログインが途切れるか、7日到達すると
1日目から再開されます*
`叡智の業火 X 1
10月交換券(2024) X 1
`*奏章Ⅲ 新霊長後継戦 アーキタイプ・インセプション 開幕記念 ログインボーナス*
*開催期間中、1日1回 最大78回 ログインボーナスをプレゼント！*
`白銀の果実 X 1
`_2024-10-02 19:41:48_
--------
*34115a9719eec68deb9a8d3ab142781c*
`登陆天数: 268天 / 1579天
等级: 130
石头: 968
呼符: 112
体力: 15329.42 / 138
友情点: 0 / 1248405`
*連続ログイン2日目
※ログインが途切れるか、7日到達すると
1日目から再開されます*
`聖晶石 X 1
10月交換券(2024) X 1
`*奏章Ⅲ 新霊長後継戦 アーキタイプ・インセプション 開幕記念 ログインボーナス*
*開催期間中、1日1回 最大78回 ログインボーナスをプレゼント！*
`白銀の果実 X 1
`_2024-10-02 19:41:57_
--------
*70b2289bba4e0d1155fd4ef04388170d*
`登陆天数: 41天 / 1534天
等级: 129
石头: 5556
呼符: 9
体力: 36912.72 / 138
友情点: 0 / 1283825`
*連続ログイン6日目
※ログインが途切れるか、7日到達すると
1日目から再開されます*
`聖晶石 X 2
10月交換券(2024) X 1
`*奏章Ⅲ 新霊長後継戦 アーキタイプ・インセプション 開幕記念 ログインボーナス*
*開催期間中、1日1回 最大78回 ログインボーナスをプレゼント！*
`白銀の果実 X 1
`_2024-10-02 19:42:06_
--------
