【登录信息】
*a5b5d04878ef92ec9f2a1ae7db2d2ac6*
`登陆天数: 50天 / 1602天
等级: 132
石头: 387
呼符: 185
体力: 17104.416666666668 / 138
友情点: 0 / 1337075`
*連続ログイン1日目
※ログインが途切れるか、7日到達すると
1日目から再開されます*
`フレンドポイント X 2000
10月交換券(2024) X 1
`*3000万DL記念 特別回数ログインボーナス*
*開催期間中、1日1回 最大10回 回数ログインボーナスをプレゼント！*
`QP X 30000000
`_2024-10-07 19:38:30_
--------
*35fbc6cbbb563a0d5605fd0d482ec707*
`登陆天数: 51天 / 1647天
等级: 134
石头: 408
呼符: 178
体力: 1604.29 / 139
友情点: 0 / 326765`
*連続ログイン2日目
※ログインが途切れるか、7日到達すると
1日目から再開されます*
`聖晶石 X 1
10月交換券(2024) X 1
`*3000万DL記念 特別回数ログインボーナス*
*開催期間中、1日1回 最大10回 回数ログインボーナスをプレゼント！*
`QP X 30000000
`_2024-10-07 19:38:39_
--------
*823ed9cd51e0b8500cc709c9db83a2f5*
`登陆天数: 42天 / 1540天
等级: 130
石头: 767
呼符: 86
体力: 20683.503333333334 / 138
友情点: 0 / 1242430`
*連続ログイン7日間到達おめでとうございます！
明日は1日目からリスタートされます。*
`獣の足跡 X 1
呼符 X 1
10月交換券(2024) X 1
`*3000万DL記念 特別回数ログインボーナス*
*開催期間中、1日1回 最大10回 回数ログインボーナスをプレゼント！*
`QP X 30000000
`_2024-10-07 19:38:48_
--------
*aa68f2ee631b12e5f4263cccbc2b4f84*
`登陆天数: 50天 / 1333天
等级: 128
石头: 0
呼符: 0
体力: 62997.13333333333 / 137
友情点: 0 / 1236570`
*連続ログイン1日目
※ログインが途切れるか、7日到達すると
1日目から再開されます*
`フレンドポイント X 2000
10月交換券(2024) X 1
`*3000万DL記念 特別回数ログインボーナス*
*開催期間中、1日1回 最大10回 回数ログインボーナスをプレゼント！*
`QP X 30000000
`_2024-10-07 19:38:57_
--------
*a7ec86a94fed6ee5bc40b5a5f31603ad*
`登陆天数: 42天 / 1552天
等级: 130
石头: 1840
呼符: 96
体力: 31070.126666666667 / 138
友情点: 0 / 1247535`
*連続ログイン7日間到達おめでとうございます！
明日は1日目からリスタートされます。*
`獣の足跡 X 1
呼符 X 1
10月交換券(2024) X 1
`*3000万DL記念 特別回数ログインボーナス*
*開催期間中、1日1回 最大10回 回数ログインボーナスをプレゼント！*
`QP X 30000000
`_2024-10-07 19:39:05_
--------
*bbf383f98d451f7ee9a8fe3ea80d8581*
`登陆天数: 49天 / 1307天
等级: 130
石头: 422
呼符: 110
体力: 17001.493333333332 / 138
友情点: 0 / 1136650`
*連続ログイン7日間到達おめでとうございます！
明日は1日目からリスタートされます。*
`獣の足跡 X 1
呼符 X 1
10月交換券(2024) X 1
`*3000万DL記念 特別回数ログインボーナス*
*開催期間中、1日1回 最大10回 回数ログインボーナスをプレゼント！*
`QP X 30000000
`_2024-10-07 19:39:14_
--------
*6952ab84039f401d88fdace3995567c3*
`登陆天数: 42天 / 1657天
等级: 128
石头: 2841
呼符: 154
体力: 25942.73 / 137
友情点: 0 / 1304505`
*連続ログイン7日間到達おめでとうございます！
明日は1日目からリスタートされます。*
`獣の足跡 X 1
呼符 X 1
10月交換券(2024) X 1
`*3000万DL記念 特別回数ログインボーナス*
*開催期間中、1日1回 最大10回 回数ログインボーナスをプレゼント！*
`QP X 30000000
`_2024-10-07 19:39:23_
--------
*f4190598ed5a11b432712f1a3492fc95*
`登陆天数: 91天 / 1644天
等级: 129
石头: 4429
呼符: 155
体力: 13724.676666666666 / 138
友情点: 0 / 1303915`
*連続ログイン7日間到達おめでとうございます！
明日は1日目からリスタートされます。*
`獣の足跡 X 1
呼符 X 1
10月交換券(2024) X 1
`*3000万DL記念 特別回数ログインボーナス*
*開催期間中、1日1回 最大10回 回数ログインボーナスをプレゼント！*
`QP X 30000000
`_2024-10-07 19:39:32_
--------
*8499833a8d0db047b863753fa1cc6a33*
`登陆天数: 65天 / 1721天
等级: 129
石头: 2791
呼符: 23
体力: 27566.463333333333 / 138
友情点: 0 / 1400070`
*連続ログイン2日目
※ログインが途切れるか、7日到達すると
1日目から再開されます*
`聖晶石 X 1
10月交換券(2024) X 1
`*3000万DL記念 特別回数ログインボーナス*
*開催期間中、1日1回 最大10回 回数ログインボーナスをプレゼント！*
`QP X 30000000
`_2024-10-07 19:39:40_
--------
*c8249ad552514fb0368836ab2b047039*
`登陆天数: 48天 / 1258天
等级: 141
石头: 186
呼符: 25
体力: 496.28 / 140
友情点: 10 / 51496640`
*連続ログイン6日目
※ログインが途切れるか、7日到達すると
1日目から再開されます*
`聖晶石 X 2
10月交換券(2024) X 1
`*3000万DL記念 特別回数ログインボーナス*
*開催期間中、1日1回 最大10回 回数ログインボーナスをプレゼント！*
`QP X 30000000
`_2024-10-07 19:39:49_
--------
*e01aa16bffb0c37d734c26ca264473d5*
`登陆天数: 51天 / 1362天
等级: 130
石头: 2310
呼符: 179
体力: 12134.066666666668 / 138
友情点: 0 / 1273310`
*連続ログイン2日目
※ログインが途切れるか、7日到達すると
1日目から再開されます*
`聖晶石 X 1
10月交換券(2024) X 1
`*3000万DL記念 特別回数ログインボーナス*
*開催期間中、1日1回 最大10回 回数ログインボーナスをプレゼント！*
`QP X 30000000
`_2024-10-07 19:39:58_
--------
*144293b7027c86afe078a3362aa860ff*
`登陆天数: 47天 / 1656天
等级: 135
石头: 785
呼符: 6
体力: 1694.4 / 139
友情点: 0 / 10031120`
*連続ログイン5日目
※ログインが途切れるか、7日到達すると
1日目から再開されます*
`叡智の業火 X 2
10月交換券(2024) X 1
`*3000万DL記念 特別回数ログインボーナス*
*開催期間中、1日1回 最大10回 回数ログインボーナスをプレゼント！*
`QP X 30000000
`_2024-10-07 19:40:07_
--------
*04879fc63f393a018be80fc13f96edb5*
`登陆天数: 45天 / 1560天
等级: 129
石头: 4396
呼符: 4
体力: 11450.653333333334 / 138
友情点: 0 / 92285`
*連続ログイン3日目
※ログインが途切れるか、7日到達すると
1日目から再開されます*
`叡智の業火 X 1
10月交換券(2024) X 1
`*3000万DL記念 特別回数ログインボーナス*
*開催期間中、1日1回 最大10回 回数ログインボーナスをプレゼント！*
`QP X 30000000
`_2024-10-07 19:40:15_
--------
*d17e065a91cb6e0f11571ec8f43b666b*
`登陆天数: 91天 / 1668天
等级: 128
石头: 3543
呼符: 155
体力: 12411.123333333333 / 137
友情点: 0 / 1287890`
*連続ログイン7日間到達おめでとうございます！
明日は1日目からリスタートされます。*
`獣の足跡 X 1
呼符 X 1
10月交換券(2024) X 1
`*3000万DL記念 特別回数ログインボーナス*
*開催期間中、1日1回 最大10回 回数ログインボーナスをプレゼント！*
`QP X 30000000
`_2024-10-07 19:40:24_
--------
*0bbab0884955053991437f8efd36402f*
`登陆天数: 288天 / 1647天
等级: 130
石头: 2374
呼符: 114
体力: 17016.52666666667 / 138
友情点: 0 / 1282895`
*連続ログイン1日目
※ログインが途切れるか、7日到達すると
1日目から再開されます*
`フレンドポイント X 2000
10月交換券(2024) X 1
`*3000万DL記念 特別回数ログインボーナス*
*開催期間中、1日1回 最大10回 回数ログインボーナスをプレゼント！*
`QP X 30000000
`_2024-10-07 19:40:32_
--------
*34115a9719eec68deb9a8d3ab142781c*
`登陆天数: 273天 / 1584天
等级: 130
石头: 968
呼符: 112
体力: 16769.166666666668 / 138
友情点: 0 / 1248405`
*連続ログイン7日間到達おめでとうございます！
明日は1日目からリスタートされます。*
`獣の足跡 X 1
呼符 X 1
10月交換券(2024) X 1
`*3000万DL記念 特別回数ログインボーナス*
*開催期間中、1日1回 最大10回 回数ログインボーナスをプレゼント！*
`QP X 30000000
`_2024-10-07 19:40:41_
--------
*70b2289bba4e0d1155fd4ef04388170d*
`登陆天数: 46天 / 1539天
等级: 129
石头: 5556
呼符: 9
体力: 38352.46666666667 / 138
友情点: 0 / 1283825`
*連続ログイン4日目
※ログインが途切れるか、7日到達すると
1日目から再開されます*
`聖晶石 X 1
10月交換券(2024) X 1
`*3000万DL記念 特別回数ログインボーナス*
*開催期間中、1日1回 最大10回 回数ログインボーナスをプレゼント！*
`QP X 30000000
`_2024-10-07 19:40:50_
--------
