【登录信息】
*a5b5d04878ef92ec9f2a1ae7db2d2ac6*
`登陆天数: 51天 / 1603天
等级: 132
石头: 387
呼符: 185
体力: 17392.283333333333 / 138
友情点: 0 / 1337075`
*連続ログイン2日目
※ログインが途切れるか、7日到達すると
1日目から再開されます*
`聖晶石 X 1
10月交換券(2024) X 1
`*3000万DL記念 特別回数ログインボーナス*
*開催期間中、1日1回 最大10回 回数ログインボーナスをプレゼント！*
`英霊結晶・星のフォウくん X 30
英霊結晶・太陽のフォウくん X 30
`_2024-10-08 19:37:50_
--------
*35fbc6cbbb563a0d5605fd0d482ec707*
`登陆天数: 52天 / 1648天
等级: 134
石头: 447
呼符: 179
体力: 1892.1533333333334 / 139
友情点: 0 / 328765`
*連続ログイン3日目
※ログインが途切れるか、7日到達すると
1日目から再開されます*
`叡智の業火 X 1
10月交換券(2024) X 1
`*3000万DL記念 特別回数ログインボーナス*
*開催期間中、1日1回 最大10回 回数ログインボーナスをプレゼント！*
`英霊結晶・星のフォウくん X 30
英霊結晶・太陽のフォウくん X 30
`_2024-10-08 19:37:59_
--------
*823ed9cd51e0b8500cc709c9db83a2f5*
`登陆天数: 43天 / 1541天
等级: 130
石头: 773
呼符: 86
体力: 20971.37 / 138
友情点: 0 / 1242430`
*連続ログイン1日目
※ログインが途切れるか、7日到達すると
1日目から再開されます*
`フレンドポイント X 2000
10月交換券(2024) X 1
`*3000万DL記念 特別回数ログインボーナス*
*開催期間中、1日1回 最大10回 回数ログインボーナスをプレゼント！*
`英霊結晶・星のフォウくん X 30
英霊結晶・太陽のフォウくん X 30
`_2024-10-08 19:38:08_
--------
*aa68f2ee631b12e5f4263cccbc2b4f84*
`登陆天数: 51天 / 1334天
等级: 128
石头: 6
呼符: 0
体力: 63284.996666666666 / 137
友情点: 0 / 1236570`
*連続ログイン2日目
※ログインが途切れるか、7日到達すると
1日目から再開されます*
`聖晶石 X 1
10月交換券(2024) X 1
`*3000万DL記念 特別回数ログインボーナス*
*開催期間中、1日1回 最大10回 回数ログインボーナスをプレゼント！*
`英霊結晶・星のフォウくん X 30
英霊結晶・太陽のフォウくん X 30
`_2024-10-08 19:38:16_
--------
*a7ec86a94fed6ee5bc40b5a5f31603ad*
`登陆天数: 43天 / 1553天
等级: 130
石头: 1846
呼符: 96
体力: 31357.99 / 138
友情点: 0 / 1247535`
*連続ログイン1日目
※ログインが途切れるか、7日到達すると
1日目から再開されます*
`フレンドポイント X 2000
10月交換券(2024) X 1
`*3000万DL記念 特別回数ログインボーナス*
*開催期間中、1日1回 最大10回 回数ログインボーナスをプレゼント！*
`英霊結晶・星のフォウくん X 30
英霊結晶・太陽のフォウくん X 30
`_2024-10-08 19:38:25_
--------
*bbf383f98d451f7ee9a8fe3ea80d8581*
`登陆天数: 50天 / 1308天
等级: 130
石头: 422
呼符: 110
体力: 17289.36 / 138
友情点: 0 / 1136650`
*連続ログイン1日目
※ログインが途切れるか、7日到達すると
1日目から再開されます*
`フレンドポイント X 2000
10月交換券(2024) X 1
`*3000万DL記念 特別回数ログインボーナス*
*開催期間中、1日1回 最大10回 回数ログインボーナスをプレゼント！*
`英霊結晶・星のフォウくん X 30
英霊結晶・太陽のフォウくん X 30
`_2024-10-08 19:38:34_
--------
*6952ab84039f401d88fdace3995567c3*
`登陆天数: 43天 / 1658天
等级: 128
石头: 2248
呼符: 157
体力: 26230.593333333334 / 137
友情点: 0 / 1308505`
*連続ログイン1日目
※ログインが途切れるか、7日到達すると
1日目から再開されます*
`フレンドポイント X 2000
10月交換券(2024) X 1
`*3000万DL記念 特別回数ログインボーナス*
*開催期間中、1日1回 最大10回 回数ログインボーナスをプレゼント！*
`英霊結晶・星のフォウくん X 30
英霊結晶・太陽のフォウくん X 30
`_2024-10-08 19:38:42_
--------
*f4190598ed5a11b432712f1a3492fc95*
`登陆天数: 92天 / 1645天
等级: 129
石头: 4429
呼符: 155
体力: 14012.54 / 138
友情点: 0 / 1303915`
*連続ログイン1日目
※ログインが途切れるか、7日到達すると
1日目から再開されます*
`フレンドポイント X 2000
10月交換券(2024) X 1
`*3000万DL記念 特別回数ログインボーナス*
*開催期間中、1日1回 最大10回 回数ログインボーナスをプレゼント！*
`英霊結晶・星のフォウくん X 30
英霊結晶・太陽のフォウくん X 30
`_2024-10-08 19:38:51_
--------
*8499833a8d0db047b863753fa1cc6a33*
`登陆天数: 66天 / 1722天
等级: 129
石头: 2791
呼符: 23
体力: 27854.326666666668 / 138
友情点: 0 / 1400070`
*連続ログイン3日目
※ログインが途切れるか、7日到達すると
1日目から再開されます*
`叡智の業火 X 1
10月交換券(2024) X 1
`*3000万DL記念 特別回数ログインボーナス*
*開催期間中、1日1回 最大10回 回数ログインボーナスをプレゼント！*
`英霊結晶・星のフォウくん X 30
英霊結晶・太陽のフォウくん X 30
`_2024-10-08 19:39:00_
--------
*c8249ad552514fb0368836ab2b047039*
`登陆天数: 49天 / 1259天
等级: 141
石头: 218
呼符: 40
体力: 121.6 / 140
友情点: 35 / 51498575`
*連続ログイン7日間到達おめでとうございます！
明日は1日目からリスタートされます。*
`獣の足跡 X 1
呼符 X 1
10月交換券(2024) X 1
`*3000万DL記念 特別回数ログインボーナス*
*開催期間中、1日1回 最大10回 回数ログインボーナスをプレゼント！*
`英霊結晶・星のフォウくん X 30
英霊結晶・太陽のフォウくん X 30
`_2024-10-08 19:39:08_
--------
*e01aa16bffb0c37d734c26ca264473d5*
`登陆天数: 52天 / 1363天
等级: 130
石头: 2310
呼符: 179
体力: 12421.93 / 138
友情点: 0 / 1273310`
*連続ログイン3日目
※ログインが途切れるか、7日到達すると
1日目から再開されます*
`叡智の業火 X 1
10月交換券(2024) X 1
`*3000万DL記念 特別回数ログインボーナス*
*開催期間中、1日1回 最大10回 回数ログインボーナスをプレゼント！*
`英霊結晶・星のフォウくん X 30
英霊結晶・太陽のフォウくん X 30
`_2024-10-08 19:39:17_
--------
*144293b7027c86afe078a3362aa860ff*
`登陆天数: 48天 / 1657天
等级: 135
石头: 854
呼符: 27
体力: 1982.2633333333333 / 139
友情点: 0 / 10033170`
*連続ログイン6日目
※ログインが途切れるか、7日到達すると
1日目から再開されます*
`聖晶石 X 2
10月交換券(2024) X 1
`*3000万DL記念 特別回数ログインボーナス*
*開催期間中、1日1回 最大10回 回数ログインボーナスをプレゼント！*
`英霊結晶・星のフォウくん X 30
英霊結晶・太陽のフォウくん X 30
`_2024-10-08 19:39:26_
--------
*04879fc63f393a018be80fc13f96edb5*
`登陆天数: 46天 / 1561天
等级: 129
石头: 4306
呼符: 4
体力: 11738.516666666666 / 138
友情点: 0 / 92285`
*連続ログイン4日目
※ログインが途切れるか、7日到達すると
1日目から再開されます*
`聖晶石 X 1
10月交換券(2024) X 1
`*3000万DL記念 特別回数ログインボーナス*
*開催期間中、1日1回 最大10回 回数ログインボーナスをプレゼント！*
`英霊結晶・星のフォウくん X 30
英霊結晶・太陽のフォウくん X 30
`_2024-10-08 19:39:34_
--------
*d17e065a91cb6e0f11571ec8f43b666b*
`登陆天数: 92天 / 1669天
等级: 128
石头: 3543
呼符: 155
体力: 12698.983333333334 / 137
友情点: 0 / 1287890`
*連続ログイン1日目
※ログインが途切れるか、7日到達すると
1日目から再開されます*
`フレンドポイント X 2000
10月交換券(2024) X 1
`*3000万DL記念 特別回数ログインボーナス*
*開催期間中、1日1回 最大10回 回数ログインボーナスをプレゼント！*
`英霊結晶・星のフォウくん X 30
英霊結晶・太陽のフォウくん X 30
`_2024-10-08 19:39:42_
--------
*0bbab0884955053991437f8efd36402f*
`登陆天数: 289天 / 1648天
等级: 130
石头: 2203
呼符: 115
体力: 17304.386666666665 / 138
友情点: 0 / 1282895`
*連続ログイン2日目
※ログインが途切れるか、7日到達すると
1日目から再開されます*
`聖晶石 X 1
10月交換券(2024) X 1
`*3000万DL記念 特別回数ログインボーナス*
*開催期間中、1日1回 最大10回 回数ログインボーナスをプレゼント！*
`英霊結晶・星のフォウくん X 30
英霊結晶・太陽のフォウくん X 30
`_2024-10-08 19:39:50_
--------
*34115a9719eec68deb9a8d3ab142781c*
`登陆天数: 274天 / 1585天
等级: 130
石头: 412
呼符: 130
体力: 206.68333333333334 / 138
友情点: 0 / 1252615`
*連続ログイン1日目
※ログインが途切れるか、7日到達すると
1日目から再開されます*
`フレンドポイント X 2000
10月交換券(2024) X 1
`*3000万DL記念 特別回数ログインボーナス*
*開催期間中、1日1回 最大10回 回数ログインボーナスをプレゼント！*
`英霊結晶・星のフォウくん X 30
英霊結晶・太陽のフォウくん X 30
`_2024-10-08 19:39:59_
--------
*70b2289bba4e0d1155fd4ef04388170d*
`登陆天数: 47天 / 1540天
等级: 129
石头: 5556
呼符: 9
体力: 38640.32666666667 / 138
友情点: 0 / 1283825`
*連続ログイン5日目
※ログインが途切れるか、7日到達すると
1日目から再開されます*
`叡智の業火 X 2
10月交換券(2024) X 1
`*3000万DL記念 特別回数ログインボーナス*
*開催期間中、1日1回 最大10回 回数ログインボーナスをプレゼント！*
`英霊結晶・星のフォウくん X 30
英霊結晶・太陽のフォウくん X 30
`_2024-10-08 19:40:08_
--------
