【登录信息】
*a5b5d04878ef92ec9f2a1ae7db2d2ac6*
`登陆天数: 52天 / 1604天
等级: 132
石头: 387
呼符: 185
体力: 17680.493333333332 / 138
友情点: 0 / 1337075`
*連続ログイン3日目
※ログインが途切れるか、7日到達すると
1日目から再開されます*
`叡智の業火 X 1
10月交換券(2024) X 1
`*「10月開幕予定 期間限定イベント」直前ログインボーナス*
*開催期間中、1日1回 最大7回 ログインボーナスをプレゼント！*
`聖晶石 X 1
霊脈石 X 1
`_2024-10-09 19:38:54_
--------
*35fbc6cbbb563a0d5605fd0d482ec707*
`登陆天数: 53天 / 1649天
等级: 134
石头: 447
呼符: 179
体力: 2180.366666666667 / 139
友情点: 0 / 328765`
*連続ログイン4日目
※ログインが途切れるか、7日到達すると
1日目から再開されます*
`聖晶石 X 1
10月交換券(2024) X 1
`*「10月開幕予定 期間限定イベント」直前ログインボーナス*
*開催期間中、1日1回 最大7回 ログインボーナスをプレゼント！*
`聖晶石 X 1
霊脈石 X 1
`_2024-10-09 19:39:02_
--------
*823ed9cd51e0b8500cc709c9db83a2f5*
`登陆天数: 44天 / 1542天
等级: 130
石头: 773
呼符: 86
体力: 21259.58 / 138
友情点: 0 / 1242430`
*連続ログイン2日目
※ログインが途切れるか、7日到達すると
1日目から再開されます*
`聖晶石 X 1
10月交換券(2024) X 1
`*「10月開幕予定 期間限定イベント」直前ログインボーナス*
*開催期間中、1日1回 最大7回 ログインボーナスをプレゼント！*
`聖晶石 X 1
霊脈石 X 1
`_2024-10-09 19:39:11_
--------
*aa68f2ee631b12e5f4263cccbc2b4f84*
`登陆天数: 52天 / 1335天
等级: 128
石头: 6
呼符: 0
体力: 63573.21 / 137
友情点: 0 / 1236570`
*連続ログイン3日目
※ログインが途切れるか、7日到達すると
1日目から再開されます*
`叡智の業火 X 1
10月交換券(2024) X 1
`*「10月開幕予定 期間限定イベント」直前ログインボーナス*
*開催期間中、1日1回 最大7回 ログインボーナスをプレゼント！*
`聖晶石 X 1
霊脈石 X 1
`_2024-10-09 19:39:19_
--------
*a7ec86a94fed6ee5bc40b5a5f31603ad*
`登陆天数: 44天 / 1554天
等级: 130
石头: 1846
呼符: 96
体力: 31646.203333333335 / 138
友情点: 0 / 1247535`
*連続ログイン2日目
※ログインが途切れるか、7日到達すると
1日目から再開されます*
`聖晶石 X 1
10月交換券(2024) X 1
`*「10月開幕予定 期間限定イベント」直前ログインボーナス*
*開催期間中、1日1回 最大7回 ログインボーナスをプレゼント！*
`聖晶石 X 1
霊脈石 X 1
`_2024-10-09 19:39:28_
--------
*bbf383f98d451f7ee9a8fe3ea80d8581*
`登陆天数: 51天 / 1309天
等级: 130
石头: 422
呼符: 110
体力: 17577.57 / 138
友情点: 0 / 1136650`
*連続ログイン2日目
※ログインが途切れるか、7日到達すると
1日目から再開されます*
`聖晶石 X 1
10月交換券(2024) X 1
`*「10月開幕予定 期間限定イベント」直前ログインボーナス*
*開催期間中、1日1回 最大7回 ログインボーナスをプレゼント！*
`聖晶石 X 1
霊脈石 X 1
`_2024-10-09 19:39:37_
--------
*6952ab84039f401d88fdace3995567c3*
`登陆天数: 44天 / 1659天
等级: 128
石头: 2248
呼符: 157
体力: 26518.806666666667 / 137
友情点: 0 / 1308505`
*連続ログイン2日目
※ログインが途切れるか、7日到達すると
1日目から再開されます*
`聖晶石 X 1
10月交換券(2024) X 1
`*「10月開幕予定 期間限定イベント」直前ログインボーナス*
*開催期間中、1日1回 最大7回 ログインボーナスをプレゼント！*
`聖晶石 X 1
霊脈石 X 1
`_2024-10-09 19:39:46_
--------
*f4190598ed5a11b432712f1a3492fc95*
`登陆天数: 93天 / 1646天
等级: 129
石头: 4429
呼符: 155
体力: 14300.75 / 138
友情点: 0 / 1303915`
*連続ログイン2日目
※ログインが途切れるか、7日到達すると
1日目から再開されます*
`聖晶石 X 1
10月交換券(2024) X 1
`*「10月開幕予定 期間限定イベント」直前ログインボーナス*
*開催期間中、1日1回 最大7回 ログインボーナスをプレゼント！*
`聖晶石 X 1
霊脈石 X 1
`_2024-10-09 19:39:54_
--------
*8499833a8d0db047b863753fa1cc6a33*
`登陆天数: 67天 / 1723天
等级: 129
石头: 2791
呼符: 23
体力: 28142.536666666667 / 138
友情点: 0 / 1400070`
*連続ログイン4日目
※ログインが途切れるか、7日到達すると
1日目から再開されます*
`聖晶石 X 1
10月交換券(2024) X 1
`*「10月開幕予定 期間限定イベント」直前ログインボーナス*
*開催期間中、1日1回 最大7回 ログインボーナスをプレゼント！*
`聖晶石 X 1
霊脈石 X 1
`_2024-10-09 19:40:03_
--------
*c8249ad552514fb0368836ab2b047039*
`登陆天数: 50天 / 1260天
等级: 141
石头: 218
呼符: 41
体力: 253.0233333333333 / 140
友情点: 150 / 51501015`
*連続ログイン1日目
※ログインが途切れるか、7日到達すると
1日目から再開されます*
`フレンドポイント X 2000
10月交換券(2024) X 1
`*「10月開幕予定 期間限定イベント」直前ログインボーナス*
*開催期間中、1日1回 最大7回 ログインボーナスをプレゼント！*
`聖晶石 X 1
霊脈石 X 1
`_2024-10-09 19:40:12_
--------
*e01aa16bffb0c37d734c26ca264473d5*
`登陆天数: 53天 / 1364天
等级: 130
石头: 2310
呼符: 179
体力: 12710.14 / 138
友情点: 0 / 1273310`
*連続ログイン4日目
※ログインが途切れるか、7日到達すると
1日目から再開されます*
`聖晶石 X 1
10月交換券(2024) X 1
`*「10月開幕予定 期間限定イベント」直前ログインボーナス*
*開催期間中、1日1回 最大7回 ログインボーナスをプレゼント！*
`聖晶石 X 1
霊脈石 X 1
`_2024-10-09 19:40:20_
--------
*144293b7027c86afe078a3362aa860ff*
`登陆天数: 49天 / 1658天
等级: 135
石头: 854
呼符: 27
体力: 2270.4733333333334 / 139
友情点: 0 / 10033170`
*連続ログイン7日間到達おめでとうございます！
明日は1日目からリスタートされます。*
`獣の足跡 X 1
呼符 X 1
10月交換券(2024) X 1
`*「10月開幕予定 期間限定イベント」直前ログインボーナス*
*開催期間中、1日1回 最大7回 ログインボーナスをプレゼント！*
`聖晶石 X 1
霊脈石 X 1
`_2024-10-09 19:40:29_
--------
*04879fc63f393a018be80fc13f96edb5*
`登陆天数: 47天 / 1562天
等级: 129
石头: 4306
呼符: 4
体力: 12026.726666666667 / 138
友情点: 0 / 92285`
*連続ログイン5日目
※ログインが途切れるか、7日到達すると
1日目から再開されます*
`叡智の業火 X 2
10月交換券(2024) X 1
`*「10月開幕予定 期間限定イベント」直前ログインボーナス*
*開催期間中、1日1回 最大7回 ログインボーナスをプレゼント！*
`聖晶石 X 1
霊脈石 X 1
`_2024-10-09 19:40:37_
--------
*d17e065a91cb6e0f11571ec8f43b666b*
`登陆天数: 93天 / 1670天
等级: 128
石头: 3543
呼符: 155
体力: 12987.196666666667 / 137
友情点: 0 / 1287890`
*連続ログイン2日目
※ログインが途切れるか、7日到達すると
1日目から再開されます*
`聖晶石 X 1
10月交換券(2024) X 1
`*「10月開幕予定 期間限定イベント」直前ログインボーナス*
*開催期間中、1日1回 最大7回 ログインボーナスをプレゼント！*
`聖晶石 X 1
霊脈石 X 1
`_2024-10-09 19:40:46_
--------
*0bbab0884955053991437f8efd36402f*
`登陆天数: 290天 / 1649天
等级: 130
石头: 2203
呼符: 115
体力: 17592.6 / 138
友情点: 0 / 1282895`
*連続ログイン3日目
※ログインが途切れるか、7日到達すると
1日目から再開されます*
`叡智の業火 X 1
10月交換券(2024) X 1
`*「10月開幕予定 期間限定イベント」直前ログインボーナス*
*開催期間中、1日1回 最大7回 ログインボーナスをプレゼント！*
`聖晶石 X 1
霊脈石 X 1
`_2024-10-09 19:40:54_
--------
*34115a9719eec68deb9a8d3ab142781c*
`登陆天数: 275天 / 1586天
等级: 130
石头: 412
呼符: 130
体力: 494.89666666666665 / 138
友情点: 0 / 1252615`
*連続ログイン2日目
※ログインが途切れるか、7日到達すると
1日目から再開されます*
`聖晶石 X 1
10月交換券(2024) X 1
`*「10月開幕予定 期間限定イベント」直前ログインボーナス*
*開催期間中、1日1回 最大7回 ログインボーナスをプレゼント！*
`聖晶石 X 1
霊脈石 X 1
`_2024-10-09 19:41:03_
--------
*70b2289bba4e0d1155fd4ef04388170d*
`登陆天数: 48天 / 1541天
等级: 129
石头: 5556
呼符: 9
体力: 38928.54 / 138
友情点: 0 / 1283825`
*連続ログイン6日目
※ログインが途切れるか、7日到達すると
1日目から再開されます*
`聖晶石 X 2
10月交換券(2024) X 1
`*「10月開幕予定 期間限定イベント」直前ログインボーナス*
*開催期間中、1日1回 最大7回 ログインボーナスをプレゼント！*
`聖晶石 X 1
霊脈石 X 1
`_2024-10-09 19:41:12_
--------
