【登录信息】
*a5b5d04878ef92ec9f2a1ae7db2d2ac6*
`登陆天数: 53天 / 1605天
等级: 132
石头: 387
呼符: 185
体力: 17968.41 / 138
友情点: 0 / 1337075`
*連続ログイン4日目
※ログインが途切れるか、7日到達すると
1日目から再開されます*
`聖晶石 X 1
10月交換券(2024) X 1
`*「10月開幕予定 期間限定イベント」直前ログインボーナス*
*開催期間中、1日1回 最大7回 ログインボーナスをプレゼント！*
`黄金の果実 X 1
霊脈石 X 1
`_2024-10-10 19:38:29_
--------
*35fbc6cbbb563a0d5605fd0d482ec707*
`登陆天数: 54天 / 1650天
等级: 134
石头: 452
呼符: 179
体力: 178.05 / 139
友情点: 0 / 329190`
*連続ログイン5日目
※ログインが途切れるか、7日到達すると
1日目から再開されます*
`叡智の業火 X 2
10月交換券(2024) X 1
`*「10月開幕予定 期間限定イベント」直前ログインボーナス*
*開催期間中、1日1回 最大7回 ログインボーナスをプレゼント！*
`黄金の果実 X 1
霊脈石 X 1
`_2024-10-10 19:38:37_
--------
*823ed9cd51e0b8500cc709c9db83a2f5*
`登陆天数: 45天 / 1543天
等级: 130
石头: 773
呼符: 86
体力: 21547.496666666666 / 138
友情点: 0 / 1242430`
*連続ログイン3日目
※ログインが途切れるか、7日到達すると
1日目から再開されます*
`叡智の業火 X 1
10月交換券(2024) X 1
`*「10月開幕予定 期間限定イベント」直前ログインボーナス*
*開催期間中、1日1回 最大7回 ログインボーナスをプレゼント！*
`黄金の果実 X 1
霊脈石 X 1
`_2024-10-10 19:38:46_
--------
*aa68f2ee631b12e5f4263cccbc2b4f84*
`登陆天数: 53天 / 1336天
等级: 128
石头: 6
呼符: 0
体力: 63861.12333333334 / 137
友情点: 0 / 1236570`
*連続ログイン4日目
※ログインが途切れるか、7日到達すると
1日目から再開されます*
`聖晶石 X 1
10月交換券(2024) X 1
`*「10月開幕予定 期間限定イベント」直前ログインボーナス*
*開催期間中、1日1回 最大7回 ログインボーナスをプレゼント！*
`黄金の果実 X 1
霊脈石 X 1
`_2024-10-10 19:38:54_
--------
*a7ec86a94fed6ee5bc40b5a5f31603ad*
`登陆天数: 45天 / 1555天
等级: 130
石头: 1846
呼符: 96
体力: 31934.113333333335 / 138
友情点: 0 / 1247535`
*連続ログイン3日目
※ログインが途切れるか、7日到達すると
1日目から再開されます*
`叡智の業火 X 1
10月交換券(2024) X 1
`*「10月開幕予定 期間限定イベント」直前ログインボーナス*
*開催期間中、1日1回 最大7回 ログインボーナスをプレゼント！*
`黄金の果実 X 1
霊脈石 X 1
`_2024-10-10 19:39:02_
--------
*bbf383f98d451f7ee9a8fe3ea80d8581*
`登陆天数: 52天 / 1310天
等级: 130
石头: 422
呼符: 110
体力: 17865.483333333334 / 138
友情点: 0 / 1136650`
*連続ログイン3日目
※ログインが途切れるか、7日到達すると
1日目から再開されます*
`叡智の業火 X 1
10月交換券(2024) X 1
`*「10月開幕予定 期間限定イベント」直前ログインボーナス*
*開催期間中、1日1回 最大7回 ログインボーナスをプレゼント！*
`黄金の果実 X 1
霊脈石 X 1
`_2024-10-10 19:39:11_
--------
*6952ab84039f401d88fdace3995567c3*
`登陆天数: 45天 / 1660天
等级: 128
石头: 2262
呼符: 157
体力: 26806.716666666667 / 137
友情点: 0 / 1310505`
*連続ログイン3日目
※ログインが途切れるか、7日到達すると
1日目から再開されます*
`叡智の業火 X 1
10月交換券(2024) X 1
`*「10月開幕予定 期間限定イベント」直前ログインボーナス*
*開催期間中、1日1回 最大7回 ログインボーナスをプレゼント！*
`黄金の果実 X 1
霊脈石 X 1
`_2024-10-10 19:39:19_
--------
*f4190598ed5a11b432712f1a3492fc95*
`登陆天数: 94天 / 1647天
等级: 129
石头: 4429
呼符: 155
体力: 14588.66 / 138
友情点: 0 / 1303915`
*連続ログイン3日目
※ログインが途切れるか、7日到達すると
1日目から再開されます*
`叡智の業火 X 1
10月交換券(2024) X 1
`*「10月開幕予定 期間限定イベント」直前ログインボーナス*
*開催期間中、1日1回 最大7回 ログインボーナスをプレゼント！*
`黄金の果実 X 1
霊脈石 X 1
`_2024-10-10 19:39:27_
--------
*8499833a8d0db047b863753fa1cc6a33*
`登陆天数: 68天 / 1724天
等级: 129
石头: 2791
呼符: 23
体力: 28430.443333333333 / 138
友情点: 0 / 1400070`
*連続ログイン5日目
※ログインが途切れるか、7日到達すると
1日目から再開されます*
`叡智の業火 X 2
10月交換券(2024) X 1
`*「10月開幕予定 期間限定イベント」直前ログインボーナス*
*開催期間中、1日1回 最大7回 ログインボーナスをプレゼント！*
`黄金の果実 X 1
霊脈石 X 1
`_2024-10-10 19:39:35_
--------
*c8249ad552514fb0368836ab2b047039*
`登陆天数: 51天 / 1261天
等级: 141
石头: 218
呼符: 41
体力: 540.9300000000001 / 140
友情点: 150 / 51501165`
*連続ログイン2日目
※ログインが途切れるか、7日到達すると
1日目から再開されます*
`聖晶石 X 1
10月交換券(2024) X 1
`*「10月開幕予定 期間限定イベント」直前ログインボーナス*
*開催期間中、1日1回 最大7回 ログインボーナスをプレゼント！*
`黄金の果実 X 1
霊脈石 X 1
`_2024-10-10 19:39:44_
--------
*e01aa16bffb0c37d734c26ca264473d5*
`登陆天数: 54天 / 1365天
等级: 130
石头: 2310
呼符: 179
体力: 12998.046666666667 / 138
友情点: 0 / 1273310`
*連続ログイン5日目
※ログインが途切れるか、7日到達すると
1日目から再開されます*
`叡智の業火 X 2
10月交換券(2024) X 1
`*「10月開幕予定 期間限定イベント」直前ログインボーナス*
*開催期間中、1日1回 最大7回 ログインボーナスをプレゼント！*
`黄金の果実 X 1
霊脈石 X 1
`_2024-10-10 19:39:52_
--------
*144293b7027c86afe078a3362aa860ff*
`登陆天数: 50天 / 1659天
等级: 135
石头: 854
呼符: 27
体力: 2558.3766666666666 / 139
友情点: 0 / 10033170`
*連続ログイン1日目
※ログインが途切れるか、7日到達すると
1日目から再開されます*
`フレンドポイント X 2000
10月交換券(2024) X 1
`*「10月開幕予定 期間限定イベント」直前ログインボーナス*
*開催期間中、1日1回 最大7回 ログインボーナスをプレゼント！*
`黄金の果実 X 1
霊脈石 X 1
`_2024-10-10 19:40:00_
--------
*04879fc63f393a018be80fc13f96edb5*
`登陆天数: 48天 / 1563天
等级: 129
石头: 4306
呼符: 4
体力: 12314.63 / 138
友情点: 0 / 92285`
*連続ログイン6日目
※ログインが途切れるか、7日到達すると
1日目から再開されます*
`聖晶石 X 2
10月交換券(2024) X 1
`*「10月開幕予定 期間限定イベント」直前ログインボーナス*
*開催期間中、1日1回 最大7回 ログインボーナスをプレゼント！*
`黄金の果実 X 1
霊脈石 X 1
`_2024-10-10 19:40:08_
--------
*d17e065a91cb6e0f11571ec8f43b666b*
`登陆天数: 94天 / 1671天
等级: 128
石头: 3543
呼符: 155
体力: 13275.096666666666 / 137
友情点: 0 / 1287890`
*連続ログイン3日目
※ログインが途切れるか、7日到達すると
1日目から再開されます*
`叡智の業火 X 1
10月交換券(2024) X 1
`*「10月開幕予定 期間限定イベント」直前ログインボーナス*
*開催期間中、1日1回 最大7回 ログインボーナスをプレゼント！*
`黄金の果実 X 1
霊脈石 X 1
`_2024-10-10 19:40:16_
--------
*0bbab0884955053991437f8efd36402f*
`登陆天数: 291天 / 1650天
等级: 130
石头: 2203
呼符: 115
体力: 17880.5 / 138
友情点: 0 / 1282895`
*連続ログイン4日目
※ログインが途切れるか、7日到達すると
1日目から再開されます*
`聖晶石 X 1
10月交換券(2024) X 1
`*「10月開幕予定 期間限定イベント」直前ログインボーナス*
*開催期間中、1日1回 最大7回 ログインボーナスをプレゼント！*
`黄金の果実 X 1
霊脈石 X 1
`_2024-10-10 19:40:24_
--------
*34115a9719eec68deb9a8d3ab142781c*
`登陆天数: 276天 / 1587天
等级: 130
石头: 412
呼符: 130
体力: 782.7933333333333 / 138
友情点: 0 / 1252615`
*連続ログイン3日目
※ログインが途切れるか、7日到達すると
1日目から再開されます*
`叡智の業火 X 1
10月交換券(2024) X 1
`*「10月開幕予定 期間限定イベント」直前ログインボーナス*
*開催期間中、1日1回 最大7回 ログインボーナスをプレゼント！*
`黄金の果実 X 1
霊脈石 X 1
`_2024-10-10 19:40:33_
--------
*70b2289bba4e0d1155fd4ef04388170d*
`登陆天数: 49天 / 1542天
等级: 129
石头: 5556
呼符: 9
体力: 39216.43666666667 / 138
友情点: 0 / 1283825`
*連続ログイン7日間到達おめでとうございます！
明日は1日目からリスタートされます。*
`獣の足跡 X 1
呼符 X 1
10月交換券(2024) X 1
`*「10月開幕予定 期間限定イベント」直前ログインボーナス*
*開催期間中、1日1回 最大7回 ログインボーナスをプレゼント！*
`黄金の果実 X 1
霊脈石 X 1
`_2024-10-10 19:40:42_
--------
