【登录信息】
*a5b5d04878ef92ec9f2a1ae7db2d2ac6*
`登陆天数: 54天 / 1606天
等级: 132
石头: 387
呼符: 185
体力: 18256.4 / 138
友情点: 0 / 1337075`
*連続ログイン5日目
※ログインが途切れるか、7日到達すると
1日目から再開されます*
`叡智の業火 X 2
10月交換券(2024) X 1
`*「10月開幕予定 期間限定イベント」直前ログインボーナス*
*開催期間中、1日1回 最大7回 ログインボーナスをプレゼント！*
`QP X 2000000
霊脈石 X 1
`_2024-10-11 19:38:26_
--------
*35fbc6cbbb563a0d5605fd0d482ec707*
`登陆天数: 55天 / 1651天
等级: 134
石头: 452
呼符: 179
体力: 466.0366666666667 / 139
友情点: 0 / 329190`
*連続ログイン6日目
※ログインが途切れるか、7日到達すると
1日目から再開されます*
`聖晶石 X 2
10月交換券(2024) X 1
`*「10月開幕予定 期間限定イベント」直前ログインボーナス*
*開催期間中、1日1回 最大7回 ログインボーナスをプレゼント！*
`QP X 2000000
霊脈石 X 1
`_2024-10-11 19:38:34_
--------
*823ed9cd51e0b8500cc709c9db83a2f5*
`登陆天数: 46天 / 1544天
等级: 130
石头: 773
呼符: 86
体力: 21835.486666666668 / 138
友情点: 0 / 1242430`
*連続ログイン4日目
※ログインが途切れるか、7日到達すると
1日目から再開されます*
`聖晶石 X 1
10月交換券(2024) X 1
`*「10月開幕予定 期間限定イベント」直前ログインボーナス*
*開催期間中、1日1回 最大7回 ログインボーナスをプレゼント！*
`QP X 2000000
霊脈石 X 1
`_2024-10-11 19:38:43_
--------
*aa68f2ee631b12e5f4263cccbc2b4f84*
`登陆天数: 54天 / 1337天
等级: 128
石头: 6
呼符: 0
体力: 64149.11666666667 / 137
友情点: 0 / 1236570`
*連続ログイン5日目
※ログインが途切れるか、7日到達すると
1日目から再開されます*
`叡智の業火 X 2
10月交換券(2024) X 1
`*「10月開幕予定 期間限定イベント」直前ログインボーナス*
*開催期間中、1日1回 最大7回 ログインボーナスをプレゼント！*
`QP X 2000000
霊脈石 X 1
`_2024-10-11 19:38:51_
--------
*a7ec86a94fed6ee5bc40b5a5f31603ad*
`登陆天数: 46天 / 1556天
等级: 130
石头: 1846
呼符: 96
体力: 32222.106666666667 / 138
友情点: 0 / 1247535`
*連続ログイン4日目
※ログインが途切れるか、7日到達すると
1日目から再開されます*
`聖晶石 X 1
10月交換券(2024) X 1
`*「10月開幕予定 期間限定イベント」直前ログインボーナス*
*開催期間中、1日1回 最大7回 ログインボーナスをプレゼント！*
`QP X 2000000
霊脈石 X 1
`_2024-10-11 19:39:00_
--------
*bbf383f98d451f7ee9a8fe3ea80d8581*
`登陆天数: 53天 / 1311天
等级: 130
石头: 422
呼符: 110
体力: 18153.476666666666 / 138
友情点: 0 / 1136650`
*連続ログイン4日目
※ログインが途切れるか、7日到達すると
1日目から再開されます*
`聖晶石 X 1
10月交換券(2024) X 1
`*「10月開幕予定 期間限定イベント」直前ログインボーナス*
*開催期間中、1日1回 最大7回 ログインボーナスをプレゼント！*
`QP X 2000000
霊脈石 X 1
`_2024-10-11 19:39:09_
--------
*6952ab84039f401d88fdace3995567c3*
`登陆天数: 46天 / 1661天
等级: 128
石头: 2262
呼符: 157
体力: 27094.71 / 137
友情点: 0 / 1310505`
*連続ログイン4日目
※ログインが途切れるか、7日到達すると
1日目から再開されます*
`聖晶石 X 1
10月交換券(2024) X 1
`*「10月開幕予定 期間限定イベント」直前ログインボーナス*
*開催期間中、1日1回 最大7回 ログインボーナスをプレゼント！*
`QP X 2000000
霊脈石 X 1
`_2024-10-11 19:39:17_
--------
*f4190598ed5a11b432712f1a3492fc95*
`登陆天数: 95天 / 1648天
等级: 129
石头: 4429
呼符: 155
体力: 14876.656666666666 / 138
友情点: 0 / 1303915`
*連続ログイン4日目
※ログインが途切れるか、7日到達すると
1日目から再開されます*
`聖晶石 X 1
10月交換券(2024) X 1
`*「10月開幕予定 期間限定イベント」直前ログインボーナス*
*開催期間中、1日1回 最大7回 ログインボーナスをプレゼント！*
`QP X 2000000
霊脈石 X 1
`_2024-10-11 19:39:26_
--------
*8499833a8d0db047b863753fa1cc6a33*
`登陆天数: 69天 / 1725天
等级: 129
石头: 2791
呼符: 23
体力: 28718.443333333333 / 138
友情点: 0 / 1400070`
*連続ログイン6日目
※ログインが途切れるか、7日到達すると
1日目から再開されます*
`聖晶石 X 2
10月交換券(2024) X 1
`*「10月開幕予定 期間限定イベント」直前ログインボーナス*
*開催期間中、1日1回 最大7回 ログインボーナスをプレゼント！*
`QP X 2000000
霊脈石 X 1
`_2024-10-11 19:39:34_
--------
*c8249ad552514fb0368836ab2b047039*
`登陆天数: 52天 / 1262天
等级: 141
石头: 218
呼符: 41
体力: 828.9266666666666 / 140
友情点: 775 / 51501940`
*連続ログイン3日目
※ログインが途切れるか、7日到達すると
1日目から再開されます*
`叡智の業火 X 1
10月交換券(2024) X 1
`*「10月開幕予定 期間限定イベント」直前ログインボーナス*
*開催期間中、1日1回 最大7回 ログインボーナスをプレゼント！*
`QP X 2000000
霊脈石 X 1
`_2024-10-11 19:39:43_
--------
*e01aa16bffb0c37d734c26ca264473d5*
`登陆天数: 55天 / 1366天
等级: 130
石头: 2310
呼符: 179
体力: 13286.046666666667 / 138
友情点: 0 / 1273310`
*連続ログイン6日目
※ログインが途切れるか、7日到達すると
1日目から再開されます*
`聖晶石 X 2
10月交換券(2024) X 1
`*「10月開幕予定 期間限定イベント」直前ログインボーナス*
*開催期間中、1日1回 最大7回 ログインボーナスをプレゼント！*
`QP X 2000000
霊脈石 X 1
`_2024-10-11 19:39:52_
--------
*144293b7027c86afe078a3362aa860ff*
`登陆天数: 51天 / 1660天
等级: 135
石头: 854
呼符: 27
体力: 2846.3766666666666 / 139
友情点: 0 / 10033170`
*連続ログイン2日目
※ログインが途切れるか、7日到達すると
1日目から再開されます*
`聖晶石 X 1
10月交換券(2024) X 1
`*「10月開幕予定 期間限定イベント」直前ログインボーナス*
*開催期間中、1日1回 最大7回 ログインボーナスをプレゼント！*
`QP X 2000000
霊脈石 X 1
`_2024-10-11 19:40:00_
--------
*04879fc63f393a018be80fc13f96edb5*
`登陆天数: 49天 / 1564天
等级: 129
石头: 4383
呼符: 6
体力: 12602.633333333333 / 138
友情点: 0 / 96285`
*連続ログイン7日間到達おめでとうございます！
明日は1日目からリスタートされます。*
`獣の足跡 X 1
呼符 X 1
10月交換券(2024) X 1
`*「10月開幕予定 期間限定イベント」直前ログインボーナス*
*開催期間中、1日1回 最大7回 ログインボーナスをプレゼント！*
`QP X 2000000
霊脈石 X 1
`_2024-10-11 19:40:09_
--------
*d17e065a91cb6e0f11571ec8f43b666b*
`登陆天数: 95天 / 1672天
等级: 128
石头: 3543
呼符: 155
体力: 13563.1 / 137
友情点: 0 / 1287890`
*連続ログイン4日目
※ログインが途切れるか、7日到達すると
1日目から再開されます*
`聖晶石 X 1
10月交換券(2024) X 1
`*「10月開幕予定 期間限定イベント」直前ログインボーナス*
*開催期間中、1日1回 最大7回 ログインボーナスをプレゼント！*
`QP X 2000000
霊脈石 X 1
`_2024-10-11 19:40:17_
--------
*0bbab0884955053991437f8efd36402f*
`登陆天数: 292天 / 1651天
等级: 130
石头: 2203
呼符: 115
体力: 18168.503333333334 / 138
友情点: 0 / 1282895`
*連続ログイン5日目
※ログインが途切れるか、7日到達すると
1日目から再開されます*
`叡智の業火 X 2
10月交換券(2024) X 1
`*「10月開幕予定 期間限定イベント」直前ログインボーナス*
*開催期間中、1日1回 最大7回 ログインボーナスをプレゼント！*
`QP X 2000000
霊脈石 X 1
`_2024-10-11 19:40:26_
--------
*34115a9719eec68deb9a8d3ab142781c*
`登陆天数: 277天 / 1588天
等级: 130
石头: 412
呼符: 130
体力: 1070.8 / 138
友情点: 0 / 1252615`
*連続ログイン4日目
※ログインが途切れるか、7日到達すると
1日目から再開されます*
`聖晶石 X 1
10月交換券(2024) X 1
`*「10月開幕予定 期間限定イベント」直前ログインボーナス*
*開催期間中、1日1回 最大7回 ログインボーナスをプレゼント！*
`QP X 2000000
霊脈石 X 1
`_2024-10-11 19:40:35_
--------
*70b2289bba4e0d1155fd4ef04388170d*
`登陆天数: 50天 / 1543天
等级: 129
石头: 5556
呼符: 9
体力: 39504.44666666666 / 138
友情点: 0 / 1283825`
*連続ログイン1日目
※ログインが途切れるか、7日到達すると
1日目から再開されます*
`フレンドポイント X 2000
10月交換券(2024) X 1
`*「10月開幕予定 期間限定イベント」直前ログインボーナス*
*開催期間中、1日1回 最大7回 ログインボーナスをプレゼント！*
`QP X 2000000
霊脈石 X 1
`_2024-10-11 19:40:44_
--------
