【登录信息】
*a5b5d04878ef92ec9f2a1ae7db2d2ac6*
`登陆天数: 56天 / 1608天
等级: 132
石头: 387
呼符: 185
体力: 18832.496666666666 / 138
友情点: 0 / 1337075`
*連続ログイン7日間到達おめでとうございます！
明日は1日目からリスタートされます。*
`獣の足跡 X 1
呼符 X 1
10月交換券(2024) X 1
`*「10月開幕予定 期間限定イベント」直前ログインボーナス*
*開催期間中、1日1回 最大7回 ログインボーナスをプレゼント！*
`英霊結晶・星のフォウくん X 5
霊脈石 X 1
`_2024-10-13 19:38:55_
--------
*35fbc6cbbb563a0d5605fd0d482ec707*
`登陆天数: 57天 / 1653天
等级: 134
石头: 485
呼符: 180
体力: 1042.1366666666668 / 139
友情点: 0 / 329190`
*連続ログイン1日目
※ログインが途切れるか、7日到達すると
1日目から再開されます*
`フレンドポイント X 2000
10月交換券(2024) X 1
`*「10月開幕予定 期間限定イベント」直前ログインボーナス*
*開催期間中、1日1回 最大7回 ログインボーナスをプレゼント！*
`英霊結晶・星のフォウくん X 5
霊脈石 X 1
`_2024-10-13 19:39:04_
--------
*823ed9cd51e0b8500cc709c9db83a2f5*
`登陆天数: 48天 / 1546天
等级: 130
石头: 773
呼符: 86
体力: 22411.583333333332 / 138
友情点: 0 / 1242430`
*連続ログイン6日目
※ログインが途切れるか、7日到達すると
1日目から再開されます*
`聖晶石 X 2
10月交換券(2024) X 1
`*「10月開幕予定 期間限定イベント」直前ログインボーナス*
*開催期間中、1日1回 最大7回 ログインボーナスをプレゼント！*
`英霊結晶・星のフォウくん X 5
霊脈石 X 1
`_2024-10-13 19:39:12_
--------
*aa68f2ee631b12e5f4263cccbc2b4f84*
`登陆天数: 56天 / 1339天
等级: 128
石头: 6
呼符: 0
体力: 64725.21333333333 / 137
友情点: 0 / 1236570`
*連続ログイン7日間到達おめでとうございます！
明日は1日目からリスタートされます。*
`獣の足跡 X 1
呼符 X 1
10月交換券(2024) X 1
`*「10月開幕予定 期間限定イベント」直前ログインボーナス*
*開催期間中、1日1回 最大7回 ログインボーナスをプレゼント！*
`英霊結晶・星のフォウくん X 5
霊脈石 X 1
`_2024-10-13 19:39:21_
--------
*a7ec86a94fed6ee5bc40b5a5f31603ad*
`登陆天数: 48天 / 1558天
等级: 130
石头: 1846
呼符: 96
体力: 32798.206666666665 / 138
友情点: 0 / 1247535`
*連続ログイン6日目
※ログインが途切れるか、7日到達すると
1日目から再開されます*
`聖晶石 X 2
10月交換券(2024) X 1
`*「10月開幕予定 期間限定イベント」直前ログインボーナス*
*開催期間中、1日1回 最大7回 ログインボーナスをプレゼント！*
`英霊結晶・星のフォウくん X 5
霊脈石 X 1
`_2024-10-13 19:39:29_
--------
*bbf383f98d451f7ee9a8fe3ea80d8581*
`登陆天数: 55天 / 1313天
等级: 130
石头: 422
呼符: 110
体力: 18729.573333333334 / 138
友情点: 0 / 1136650`
*連続ログイン6日目
※ログインが途切れるか、7日到達すると
1日目から再開されます*
`聖晶石 X 2
10月交換券(2024) X 1
`*「10月開幕予定 期間限定イベント」直前ログインボーナス*
*開催期間中、1日1回 最大7回 ログインボーナスをプレゼント！*
`英霊結晶・星のフォウくん X 5
霊脈石 X 1
`_2024-10-13 19:39:38_
--------
*6952ab84039f401d88fdace3995567c3*
`登陆天数: 48天 / 1663天
等级: 128
石头: 2264
呼符: 157
体力: 27670.806666666667 / 137
友情点: 0 / 1310505`
*連続ログイン6日目
※ログインが途切れるか、7日到達すると
1日目から再開されます*
`聖晶石 X 2
10月交換券(2024) X 1
`*「10月開幕予定 期間限定イベント」直前ログインボーナス*
*開催期間中、1日1回 最大7回 ログインボーナスをプレゼント！*
`英霊結晶・星のフォウくん X 5
霊脈石 X 1
`_2024-10-13 19:39:46_
--------
*f4190598ed5a11b432712f1a3492fc95*
`登陆天数: 97天 / 1650天
等级: 129
石头: 4429
呼符: 155
体力: 15452.753333333334 / 138
友情点: 0 / 1303915`
*連続ログイン6日目
※ログインが途切れるか、7日到達すると
1日目から再開されます*
`聖晶石 X 2
10月交換券(2024) X 1
`*「10月開幕予定 期間限定イベント」直前ログインボーナス*
*開催期間中、1日1回 最大7回 ログインボーナスをプレゼント！*
`英霊結晶・星のフォウくん X 5
霊脈石 X 1
`_2024-10-13 19:39:55_
--------
*8499833a8d0db047b863753fa1cc6a33*
`登陆天数: 71天 / 1727天
等级: 129
石头: 2791
呼符: 23
体力: 29294.54 / 138
友情点: 0 / 1400070`
*連続ログイン1日目
※ログインが途切れるか、7日到達すると
1日目から再開されます*
`フレンドポイント X 2000
10月交換券(2024) X 1
`*「10月開幕予定 期間限定イベント」直前ログインボーナス*
*開催期間中、1日1回 最大7回 ログインボーナスをプレゼント！*
`英霊結晶・星のフォウくん X 5
霊脈石 X 1
`_2024-10-13 19:40:04_
--------
*c8249ad552514fb0368836ab2b047039*
`登陆天数: 54天 / 1264天
等级: 141
石头: 222
呼符: 41
体力: 1405.0233333333333 / 140
友情点: 0 / 51503985`
*連続ログイン5日目
※ログインが途切れるか、7日到達すると
1日目から再開されます*
`叡智の業火 X 2
10月交換券(2024) X 1
`*「10月開幕予定 期間限定イベント」直前ログインボーナス*
*開催期間中、1日1回 最大7回 ログインボーナスをプレゼント！*
`英霊結晶・星のフォウくん X 5
霊脈石 X 1
`_2024-10-13 19:40:12_
--------
*e01aa16bffb0c37d734c26ca264473d5*
`登陆天数: 57天 / 1368天
等级: 130
石头: 2310
呼符: 179
体力: 13862.143333333333 / 138
友情点: 0 / 1273310`
*連続ログイン1日目
※ログインが途切れるか、7日到達すると
1日目から再開されます*
`フレンドポイント X 2000
10月交換券(2024) X 1
`*「10月開幕予定 期間限定イベント」直前ログインボーナス*
*開催期間中、1日1回 最大7回 ログインボーナスをプレゼント！*
`英霊結晶・星のフォウくん X 5
霊脈石 X 1
`_2024-10-13 19:40:21_
--------
*144293b7027c86afe078a3362aa860ff*
`登陆天数: 53天 / 1662天
等级: 136
石头: 885
呼符: 28
体力: 68.42333333333333 / 139
友情点: 0 / 10037415`
*連続ログイン4日目
※ログインが途切れるか、7日到達すると
1日目から再開されます*
`聖晶石 X 1
10月交換券(2024) X 1
`*「10月開幕予定 期間限定イベント」直前ログインボーナス*
*開催期間中、1日1回 最大7回 ログインボーナスをプレゼント！*
`英霊結晶・星のフォウくん X 5
霊脈石 X 1
`_2024-10-13 19:40:29_
--------
*04879fc63f393a018be80fc13f96edb5*
`登陆天数: 51天 / 1566天
等级: 129
石头: 4384
呼符: 7
体力: 13178.73 / 138
友情点: 0 / 98285`
*連続ログイン2日目
※ログインが途切れるか、7日到達すると
1日目から再開されます*
`聖晶石 X 1
10月交換券(2024) X 1
`*「10月開幕予定 期間限定イベント」直前ログインボーナス*
*開催期間中、1日1回 最大7回 ログインボーナスをプレゼント！*
`英霊結晶・星のフォウくん X 5
霊脈石 X 1
`_2024-10-13 19:40:38_
--------
*d17e065a91cb6e0f11571ec8f43b666b*
`登陆天数: 97天 / 1674天
等级: 128
石头: 3543
呼符: 155
体力: 14139.196666666667 / 137
友情点: 0 / 1287890`
*連続ログイン6日目
※ログインが途切れるか、7日到達すると
1日目から再開されます*
`聖晶石 X 2
10月交換券(2024) X 1
`*「10月開幕予定 期間限定イベント」直前ログインボーナス*
*開催期間中、1日1回 最大7回 ログインボーナスをプレゼント！*
`英霊結晶・星のフォウくん X 5
霊脈石 X 1
`_2024-10-13 19:40:46_
--------
*0bbab0884955053991437f8efd36402f*
`登陆天数: 294天 / 1653天
等级: 130
石头: 2239
呼符: 115
体力: 18744.6 / 138
友情点: 0 / 1282895`
*連続ログイン7日間到達おめでとうございます！
明日は1日目からリスタートされます。*
`獣の足跡 X 1
呼符 X 1
10月交換券(2024) X 1
`*「10月開幕予定 期間限定イベント」直前ログインボーナス*
*開催期間中、1日1回 最大7回 ログインボーナスをプレゼント！*
`英霊結晶・星のフォウくん X 5
霊脈石 X 1
`_2024-10-13 19:40:55_
--------
*34115a9719eec68deb9a8d3ab142781c*
`登陆天数: 279天 / 1590天
等级: 130
石头: 412
呼符: 130
体力: 1646.8933333333334 / 138
友情点: 0 / 1252615`
*連続ログイン6日目
※ログインが途切れるか、7日到達すると
1日目から再開されます*
`聖晶石 X 2
10月交換券(2024) X 1
`*「10月開幕予定 期間限定イベント」直前ログインボーナス*
*開催期間中、1日1回 最大7回 ログインボーナスをプレゼント！*
`英霊結晶・星のフォウくん X 5
霊脈石 X 1
`_2024-10-13 19:41:03_
--------
*70b2289bba4e0d1155fd4ef04388170d*
`登陆天数: 52天 / 1545天
等级: 129
石头: 5556
呼符: 9
体力: 40080.54 / 138
友情点: 0 / 1283825`
*連続ログイン3日目
※ログインが途切れるか、7日到達すると
1日目から再開されます*
`叡智の業火 X 1
10月交換券(2024) X 1
`*「10月開幕予定 期間限定イベント」直前ログインボーナス*
*開催期間中、1日1回 最大7回 ログインボーナスをプレゼント！*
`英霊結晶・星のフォウくん X 5
霊脈石 X 1
`_2024-10-13 19:41:12_
--------
