【登录信息】
*a5b5d04878ef92ec9f2a1ae7db2d2ac6*
`登陆天数: 57天 / 1609天
等级: 132
石头: 387
呼符: 185
体力: 19120.393333333333 / 138
友情点: 0 / 1337075`
*連続ログイン1日目
※ログインが途切れるか、7日到達すると
1日目から再開されます*
`フレンドポイント X 2000
10月交換券(2024) X 1
`*「10月開幕予定 期間限定イベント」直前ログインボーナス*
*開催期間中、1日1回 最大7回 ログインボーナスをプレゼント！*
`英霊結晶・太陽のフォウくん X 5
霊脈石 X 1
`_2024-10-14 19:38:24_
--------
*35fbc6cbbb563a0d5605fd0d482ec707*
`登陆天数: 58天 / 1654天
等级: 134
石头: 485
呼符: 180
体力: 1330.0333333333333 / 139
友情点: 0 / 329190`
*連続ログイン2日目
※ログインが途切れるか、7日到達すると
1日目から再開されます*
`聖晶石 X 1
10月交換券(2024) X 1
`*「10月開幕予定 期間限定イベント」直前ログインボーナス*
*開催期間中、1日1回 最大7回 ログインボーナスをプレゼント！*
`英霊結晶・太陽のフォウくん X 5
霊脈石 X 1
`_2024-10-14 19:38:33_
--------
*823ed9cd51e0b8500cc709c9db83a2f5*
`登陆天数: 49天 / 1547天
等级: 130
石头: 773
呼符: 86
体力: 22699.483333333334 / 138
友情点: 0 / 1242430`
*連続ログイン7日間到達おめでとうございます！
明日は1日目からリスタートされます。*
`獣の足跡 X 1
呼符 X 1
10月交換券(2024) X 1
`*「10月開幕予定 期間限定イベント」直前ログインボーナス*
*開催期間中、1日1回 最大7回 ログインボーナスをプレゼント！*
`英霊結晶・太陽のフォウくん X 5
霊脈石 X 1
`_2024-10-14 19:38:42_
--------
*aa68f2ee631b12e5f4263cccbc2b4f84*
`登陆天数: 57天 / 1340天
等级: 128
石头: 6
呼符: 0
体力: 65013.11 / 137
友情点: 0 / 1236570`
*連続ログイン1日目
※ログインが途切れるか、7日到達すると
1日目から再開されます*
`フレンドポイント X 2000
10月交換券(2024) X 1
`*「10月開幕予定 期間限定イベント」直前ログインボーナス*
*開催期間中、1日1回 最大7回 ログインボーナスをプレゼント！*
`英霊結晶・太陽のフォウくん X 5
霊脈石 X 1
`_2024-10-14 19:38:50_
--------
*a7ec86a94fed6ee5bc40b5a5f31603ad*
`登陆天数: 49天 / 1559天
等级: 130
石头: 1846
呼符: 96
体力: 33086.10333333333 / 138
友情点: 0 / 1247535`
*連続ログイン7日間到達おめでとうございます！
明日は1日目からリスタートされます。*
`獣の足跡 X 1
呼符 X 1
10月交換券(2024) X 1
`*「10月開幕予定 期間限定イベント」直前ログインボーナス*
*開催期間中、1日1回 最大7回 ログインボーナスをプレゼント！*
`英霊結晶・太陽のフォウくん X 5
霊脈石 X 1
`_2024-10-14 19:38:59_
--------
*bbf383f98d451f7ee9a8fe3ea80d8581*
`登陆天数: 56天 / 1314天
等级: 130
石头: 422
呼符: 110
体力: 19017.47 / 138
友情点: 0 / 1136650`
*連続ログイン7日間到達おめでとうございます！
明日は1日目からリスタートされます。*
`獣の足跡 X 1
呼符 X 1
10月交換券(2024) X 1
`*「10月開幕予定 期間限定イベント」直前ログインボーナス*
*開催期間中、1日1回 最大7回 ログインボーナスをプレゼント！*
`英霊結晶・太陽のフォウくん X 5
霊脈石 X 1
`_2024-10-14 19:39:07_
--------
*6952ab84039f401d88fdace3995567c3*
`登陆天数: 49天 / 1664天
等级: 128
石头: 2264
呼符: 157
体力: 27958.706666666665 / 137
友情点: 0 / 1310505`
*連続ログイン7日間到達おめでとうございます！
明日は1日目からリスタートされます。*
`獣の足跡 X 1
呼符 X 1
10月交換券(2024) X 1
`*「10月開幕予定 期間限定イベント」直前ログインボーナス*
*開催期間中、1日1回 最大7回 ログインボーナスをプレゼント！*
`英霊結晶・太陽のフォウくん X 5
霊脈石 X 1
`_2024-10-14 19:39:16_
--------
*f4190598ed5a11b432712f1a3492fc95*
`登陆天数: 98天 / 1651天
等级: 129
石头: 4429
呼符: 155
体力: 15740.653333333334 / 138
友情点: 0 / 1303915`
*連続ログイン7日間到達おめでとうございます！
明日は1日目からリスタートされます。*
`獣の足跡 X 1
呼符 X 1
10月交換券(2024) X 1
`*「10月開幕予定 期間限定イベント」直前ログインボーナス*
*開催期間中、1日1回 最大7回 ログインボーナスをプレゼント！*
`英霊結晶・太陽のフォウくん X 5
霊脈石 X 1
`_2024-10-14 19:39:25_
--------
*8499833a8d0db047b863753fa1cc6a33*
`登陆天数: 72天 / 1728天
等级: 129
石头: 2791
呼符: 23
体力: 29582.43666666667 / 138
友情点: 0 / 1400070`
*連続ログイン2日目
※ログインが途切れるか、7日到達すると
1日目から再開されます*
`聖晶石 X 1
10月交換券(2024) X 1
`*「10月開幕予定 期間限定イベント」直前ログインボーナス*
*開催期間中、1日1回 最大7回 ログインボーナスをプレゼント！*
`英霊結晶・太陽のフォウくん X 5
霊脈石 X 1
`_2024-10-14 19:39:33_
--------
*c8249ad552514fb0368836ab2b047039*
`登陆天数: 55天 / 1265天
等级: 141
石头: 222
呼符: 41
体力: 1692.9233333333334 / 140
友情点: 35 / 51504020`
*連続ログイン6日目
※ログインが途切れるか、7日到達すると
1日目から再開されます*
`聖晶石 X 2
10月交換券(2024) X 1
`*「10月開幕予定 期間限定イベント」直前ログインボーナス*
*開催期間中、1日1回 最大7回 ログインボーナスをプレゼント！*
`英霊結晶・太陽のフォウくん X 5
霊脈石 X 1
`_2024-10-14 19:39:42_
--------
*e01aa16bffb0c37d734c26ca264473d5*
`登陆天数: 58天 / 1369天
等级: 130
石头: 2310
呼符: 179
体力: 14150.043333333333 / 138
友情点: 0 / 1273310`
*連続ログイン2日目
※ログインが途切れるか、7日到達すると
1日目から再開されます*
`聖晶石 X 1
10月交換券(2024) X 1
`*「10月開幕予定 期間限定イベント」直前ログインボーナス*
*開催期間中、1日1回 最大7回 ログインボーナスをプレゼント！*
`英霊結晶・太陽のフォウくん X 5
霊脈石 X 1
`_2024-10-14 19:39:50_
--------
*144293b7027c86afe078a3362aa860ff*
`登陆天数: 54天 / 1663天
等级: 136
石头: 885
呼符: 28
体力: 340.3233333333333 / 139
友情点: 75 / 10037510`
*連続ログイン5日目
※ログインが途切れるか、7日到達すると
1日目から再開されます*
`叡智の業火 X 2
10月交換券(2024) X 1
`*「10月開幕予定 期間限定イベント」直前ログインボーナス*
*開催期間中、1日1回 最大7回 ログインボーナスをプレゼント！*
`英霊結晶・太陽のフォウくん X 5
霊脈石 X 1
`_2024-10-14 19:39:59_
--------
*04879fc63f393a018be80fc13f96edb5*
`登陆天数: 52天 / 1567天
等级: 129
石头: 4384
呼符: 7
体力: 13466.63 / 138
友情点: 0 / 98285`
*連続ログイン3日目
※ログインが途切れるか、7日到達すると
1日目から再開されます*
`叡智の業火 X 1
10月交換券(2024) X 1
`*「10月開幕予定 期間限定イベント」直前ログインボーナス*
*開催期間中、1日1回 最大7回 ログインボーナスをプレゼント！*
`英霊結晶・太陽のフォウくん X 5
霊脈石 X 1
`_2024-10-14 19:40:08_
--------
*d17e065a91cb6e0f11571ec8f43b666b*
`登陆天数: 98天 / 1675天
等级: 128
石头: 3543
呼符: 155
体力: 14427.096666666666 / 137
友情点: 0 / 1287890`
*連続ログイン7日間到達おめでとうございます！
明日は1日目からリスタートされます。*
`獣の足跡 X 1
呼符 X 1
10月交換券(2024) X 1
`*「10月開幕予定 期間限定イベント」直前ログインボーナス*
*開催期間中、1日1回 最大7回 ログインボーナスをプレゼント！*
`英霊結晶・太陽のフォウくん X 5
霊脈石 X 1
`_2024-10-14 19:40:16_
--------
*0bbab0884955053991437f8efd36402f*
`登陆天数: 295天 / 1654天
等级: 130
石头: 2239
呼符: 115
体力: 19032.5 / 138
友情点: 0 / 1282895`
*連続ログイン1日目
※ログインが途切れるか、7日到達すると
1日目から再開されます*
`フレンドポイント X 2000
10月交換券(2024) X 1
`*「10月開幕予定 期間限定イベント」直前ログインボーナス*
*開催期間中、1日1回 最大7回 ログインボーナスをプレゼント！*
`英霊結晶・太陽のフォウくん X 5
霊脈石 X 1
`_2024-10-14 19:40:25_
--------
*34115a9719eec68deb9a8d3ab142781c*
`登陆天数: 280天 / 1591天
等级: 130
石头: 412
呼符: 130
体力: 1934.7966666666666 / 138
友情点: 0 / 1252615`
*連続ログイン7日間到達おめでとうございます！
明日は1日目からリスタートされます。*
`獣の足跡 X 1
呼符 X 1
10月交換券(2024) X 1
`*「10月開幕予定 期間限定イベント」直前ログインボーナス*
*開催期間中、1日1回 最大7回 ログインボーナスをプレゼント！*
`英霊結晶・太陽のフォウくん X 5
霊脈石 X 1
`_2024-10-14 19:40:34_
--------
*70b2289bba4e0d1155fd4ef04388170d*
`登陆天数: 53天 / 1546天
等级: 129
石头: 5556
呼符: 9
体力: 40368.443333333336 / 138
友情点: 0 / 1283825`
*連続ログイン4日目
※ログインが途切れるか、7日到達すると
1日目から再開されます*
`聖晶石 X 1
10月交換券(2024) X 1
`*「10月開幕予定 期間限定イベント」直前ログインボーナス*
*開催期間中、1日1回 最大7回 ログインボーナスをプレゼント！*
`英霊結晶・太陽のフォウくん X 5
霊脈石 X 1
`_2024-10-14 19:40:43_
--------
