【登录信息】
*a5b5d04878ef92ec9f2a1ae7db2d2ac6*
`登陆天数: 58天 / 1610天
等级: 132
石头: 387
呼符: 185
体力: 19408.536666666667 / 138
友情点: 0 / 1337075`
*連続ログイン2日目
※ログインが途切れるか、7日到達すると
1日目から再開されます*
`聖晶石 X 1
10月交換券(2024) X 1
`*「10月開幕予定 期間限定イベント」直前ログインボーナス*
*開催期間中、1日1回 最大7回 ログインボーナスをプレゼント！*
`聖晶石 X 1
霊脈石 X 1
`_2024-10-15 19:39:07_
--------
*35fbc6cbbb563a0d5605fd0d482ec707*
`登陆天数: 59天 / 1655天
等级: 134
石头: 485
呼符: 180
体力: 1618.1766666666667 / 139
友情点: 0 / 329190`
*連続ログイン3日目
※ログインが途切れるか、7日到達すると
1日目から再開されます*
`叡智の業火 X 1
10月交換券(2024) X 1
`*「10月開幕予定 期間限定イベント」直前ログインボーナス*
*開催期間中、1日1回 最大7回 ログインボーナスをプレゼント！*
`聖晶石 X 1
霊脈石 X 1
`_2024-10-15 19:39:16_
--------
*823ed9cd51e0b8500cc709c9db83a2f5*
`登陆天数: 50天 / 1548天
等级: 130
石头: 773
呼符: 86
体力: 22987.626666666667 / 138
友情点: 0 / 1242430`
*連続ログイン1日目
※ログインが途切れるか、7日到達すると
1日目から再開されます*
`フレンドポイント X 2000
10月交換券(2024) X 1
`*「10月開幕予定 期間限定イベント」直前ログインボーナス*
*開催期間中、1日1回 最大7回 ログインボーナスをプレゼント！*
`聖晶石 X 1
霊脈石 X 1
`_2024-10-15 19:39:24_
--------
*aa68f2ee631b12e5f4263cccbc2b4f84*
`登陆天数: 58天 / 1341天
等级: 128
石头: 6
呼符: 0
体力: 65301.253333333334 / 137
友情点: 0 / 1236570`
*連続ログイン2日目
※ログインが途切れるか、7日到達すると
1日目から再開されます*
`聖晶石 X 1
10月交換券(2024) X 1
`*「10月開幕予定 期間限定イベント」直前ログインボーナス*
*開催期間中、1日1回 最大7回 ログインボーナスをプレゼント！*
`聖晶石 X 1
霊脈石 X 1
`_2024-10-15 19:39:33_
--------
*a7ec86a94fed6ee5bc40b5a5f31603ad*
`登陆天数: 50天 / 1560天
等级: 130
石头: 1846
呼符: 96
体力: 33374.246666666666 / 138
友情点: 0 / 1247535`
*連続ログイン1日目
※ログインが途切れるか、7日到達すると
1日目から再開されます*
`フレンドポイント X 2000
10月交換券(2024) X 1
`*「10月開幕予定 期間限定イベント」直前ログインボーナス*
*開催期間中、1日1回 最大7回 ログインボーナスをプレゼント！*
`聖晶石 X 1
霊脈石 X 1
`_2024-10-15 19:39:42_
--------
*bbf383f98d451f7ee9a8fe3ea80d8581*
`登陆天数: 57天 / 1315天
等级: 130
石头: 422
呼符: 110
体力: 19305.616666666665 / 138
友情点: 0 / 1136650`
*連続ログイン1日目
※ログインが途切れるか、7日到達すると
1日目から再開されます*
`フレンドポイント X 2000
10月交換券(2024) X 1
`*「10月開幕予定 期間限定イベント」直前ログインボーナス*
*開催期間中、1日1回 最大7回 ログインボーナスをプレゼント！*
`聖晶石 X 1
霊脈石 X 1
`_2024-10-15 19:39:50_
--------
*6952ab84039f401d88fdace3995567c3*
`登陆天数: 50天 / 1665天
等级: 128
石头: 2264
呼符: 157
体力: 28246.85 / 137
友情点: 0 / 1310505`
*連続ログイン1日目
※ログインが途切れるか、7日到達すると
1日目から再開されます*
`フレンドポイント X 2000
10月交換券(2024) X 1
`*「10月開幕予定 期間限定イベント」直前ログインボーナス*
*開催期間中、1日1回 最大7回 ログインボーナスをプレゼント！*
`聖晶石 X 1
霊脈石 X 1
`_2024-10-15 19:39:59_
--------
*f4190598ed5a11b432712f1a3492fc95*
`登陆天数: 99天 / 1652天
等级: 129
石头: 4429
呼符: 155
体力: 16028.796666666667 / 138
友情点: 0 / 1303915`
*連続ログイン1日目
※ログインが途切れるか、7日到達すると
1日目から再開されます*
`フレンドポイント X 2000
10月交換券(2024) X 1
`*「10月開幕予定 期間限定イベント」直前ログインボーナス*
*開催期間中、1日1回 最大7回 ログインボーナスをプレゼント！*
`聖晶石 X 1
霊脈石 X 1
`_2024-10-15 19:40:08_
--------
*8499833a8d0db047b863753fa1cc6a33*
`登陆天数: 73天 / 1729天
等级: 129
石头: 2791
呼符: 23
体力: 29870.58 / 138
友情点: 0 / 1400070`
*連続ログイン3日目
※ログインが途切れるか、7日到達すると
1日目から再開されます*
`叡智の業火 X 1
10月交換券(2024) X 1
`*「10月開幕予定 期間限定イベント」直前ログインボーナス*
*開催期間中、1日1回 最大7回 ログインボーナスをプレゼント！*
`聖晶石 X 1
霊脈石 X 1
`_2024-10-15 19:40:16_
--------
*c8249ad552514fb0368836ab2b047039*
`登陆天数: 56天 / 1266天
等级: 141
石头: 254
呼符: 41
体力: 150.07 / 140
友情点: 10 / 51504145`
*連続ログイン7日間到達おめでとうございます！
明日は1日目からリスタートされます。*
`獣の足跡 X 1
呼符 X 1
10月交換券(2024) X 1
`*「10月開幕予定 期間限定イベント」直前ログインボーナス*
*開催期間中、1日1回 最大7回 ログインボーナスをプレゼント！*
`聖晶石 X 1
霊脈石 X 1
`_2024-10-15 19:40:25_
--------
*e01aa16bffb0c37d734c26ca264473d5*
`登陆天数: 59天 / 1370天
等级: 130
石头: 2310
呼符: 179
体力: 14438.186666666666 / 138
友情点: 0 / 1273310`
*連続ログイン3日目
※ログインが途切れるか、7日到達すると
1日目から再開されます*
`叡智の業火 X 1
10月交換券(2024) X 1
`*「10月開幕予定 期間限定イベント」直前ログインボーナス*
*開催期間中、1日1回 最大7回 ログインボーナスをプレゼント！*
`聖晶石 X 1
霊脈石 X 1
`_2024-10-15 19:40:34_
--------
*144293b7027c86afe078a3362aa860ff*
`登陆天数: 55天 / 1664天
等级: 136
石头: 885
呼符: 28
体力: 628.47 / 139
友情点: 0 / 10037510`
*連続ログイン6日目
※ログインが途切れるか、7日到達すると
1日目から再開されます*
`聖晶石 X 2
10月交換券(2024) X 1
`*「10月開幕予定 期間限定イベント」直前ログインボーナス*
*開催期間中、1日1回 最大7回 ログインボーナスをプレゼント！*
`聖晶石 X 1
霊脈石 X 1
`_2024-10-15 19:40:42_
--------
*04879fc63f393a018be80fc13f96edb5*
`登陆天数: 53天 / 1568天
等级: 129
石头: 4384
呼符: 7
体力: 13754.773333333333 / 138
友情点: 0 / 98285`
*連続ログイン4日目
※ログインが途切れるか、7日到達すると
1日目から再開されます*
`聖晶石 X 1
10月交換券(2024) X 1
`*「10月開幕予定 期間限定イベント」直前ログインボーナス*
*開催期間中、1日1回 最大7回 ログインボーナスをプレゼント！*
`聖晶石 X 1
霊脈石 X 1
`_2024-10-15 19:40:51_
--------
*d17e065a91cb6e0f11571ec8f43b666b*
`登陆天数: 99天 / 1676天
等级: 128
石头: 3543
呼符: 155
体力: 14715.243333333334 / 137
友情点: 0 / 1287890`
*連続ログイン1日目
※ログインが途切れるか、7日到達すると
1日目から再開されます*
`フレンドポイント X 2000
10月交換券(2024) X 1
`*「10月開幕予定 期間限定イベント」直前ログインボーナス*
*開催期間中、1日1回 最大7回 ログインボーナスをプレゼント！*
`聖晶石 X 1
霊脈石 X 1
`_2024-10-15 19:40:59_
--------
*0bbab0884955053991437f8efd36402f*
`登陆天数: 296天 / 1655天
等级: 130
石头: 2239
呼符: 115
体力: 19320.646666666667 / 138
友情点: 0 / 1282895`
*連続ログイン2日目
※ログインが途切れるか、7日到達すると
1日目から再開されます*
`聖晶石 X 1
10月交換券(2024) X 1
`*「10月開幕予定 期間限定イベント」直前ログインボーナス*
*開催期間中、1日1回 最大7回 ログインボーナスをプレゼント！*
`聖晶石 X 1
霊脈石 X 1
`_2024-10-15 19:41:09_
--------
*34115a9719eec68deb9a8d3ab142781c*
`登陆天数: 281天 / 1592天
等级: 130
石头: 412
呼符: 130
体力: 2222.943333333333 / 138
友情点: 0 / 1252615`
*連続ログイン1日目
※ログインが途切れるか、7日到達すると
1日目から再開されます*
`フレンドポイント X 2000
10月交換券(2024) X 1
`*「10月開幕予定 期間限定イベント」直前ログインボーナス*
*開催期間中、1日1回 最大7回 ログインボーナスをプレゼント！*
`聖晶石 X 1
霊脈石 X 1
`_2024-10-15 19:41:17_
--------
*70b2289bba4e0d1155fd4ef04388170d*
`登陆天数: 54天 / 1547天
等级: 129
石头: 5556
呼符: 9
体力: 40656.58666666667 / 138
友情点: 0 / 1283825`
*連続ログイン5日目
※ログインが途切れるか、7日到達すると
1日目から再開されます*
`叡智の業火 X 2
10月交換券(2024) X 1
`*「10月開幕予定 期間限定イベント」直前ログインボーナス*
*開催期間中、1日1回 最大7回 ログインボーナスをプレゼント！*
`聖晶石 X 1
霊脈石 X 1
`_2024-10-15 19:41:26_
--------
