【登录信息】
*a5b5d04878ef92ec9f2a1ae7db2d2ac6*
`登陆天数: 59天 / 1611天
等级: 132
石头: 387
呼符: 185
体力: 19696.666666666668 / 138
友情点: 0 / 1337075`
*連続ログイン3日目
※ログインが途切れるか、7日到達すると
1日目から再開されます*
`叡智の業火 X 1
10月交換券(2024) X 1
`*Fate/Grand Order カルデア放送局 ライト版 ゲーム最新情報 配信記念 初回ログインボーナス*
*開催期間中、初回ログインで「聖晶石×14」をプレゼント！*
`聖晶石 X 14
`_2024-10-16 19:39:46_
--------
*35fbc6cbbb563a0d5605fd0d482ec707*
`登陆天数: 60天 / 1656天
等级: 134
石头: 485
呼符: 180
体力: 1906.3033333333333 / 139
友情点: 0 / 329190`
*連続ログイン4日目
※ログインが途切れるか、7日到達すると
1日目から再開されます*
`聖晶石 X 1
10月交換券(2024) X 1
`*Fate/Grand Order カルデア放送局 ライト版 ゲーム最新情報 配信記念 初回ログインボーナス*
*開催期間中、初回ログインで「聖晶石×14」をプレゼント！*
`聖晶石 X 14
`_2024-10-16 19:39:54_
--------
*823ed9cd51e0b8500cc709c9db83a2f5*
`登陆天数: 51天 / 1549天
等级: 130
石头: 773
呼符: 86
体力: 23275.753333333334 / 138
友情点: 0 / 1242430`
*連続ログイン2日目
※ログインが途切れるか、7日到達すると
1日目から再開されます*
`聖晶石 X 1
10月交換券(2024) X 1
`*Fate/Grand Order カルデア放送局 ライト版 ゲーム最新情報 配信記念 初回ログインボーナス*
*開催期間中、初回ログインで「聖晶石×14」をプレゼント！*
`聖晶石 X 14
`_2024-10-16 19:40:03_
--------
*aa68f2ee631b12e5f4263cccbc2b4f84*
`登陆天数: 59天 / 1342天
等级: 128
石头: 6
呼符: 0
体力: 65589.38 / 137
友情点: 0 / 1236570`
*連続ログイン3日目
※ログインが途切れるか、7日到達すると
1日目から再開されます*
`叡智の業火 X 1
10月交換券(2024) X 1
`*Fate/Grand Order カルデア放送局 ライト版 ゲーム最新情報 配信記念 初回ログインボーナス*
*開催期間中、初回ログインで「聖晶石×14」をプレゼント！*
`聖晶石 X 14
`_2024-10-16 19:40:11_
--------
*a7ec86a94fed6ee5bc40b5a5f31603ad*
`登陆天数: 51天 / 1561天
等级: 130
石头: 1846
呼符: 96
体力: 33662.37 / 138
友情点: 0 / 1247535`
*連続ログイン2日目
※ログインが途切れるか、7日到達すると
1日目から再開されます*
`聖晶石 X 1
10月交換券(2024) X 1
`*Fate/Grand Order カルデア放送局 ライト版 ゲーム最新情報 配信記念 初回ログインボーナス*
*開催期間中、初回ログインで「聖晶石×14」をプレゼント！*
`聖晶石 X 14
`_2024-10-16 19:40:19_
--------
*bbf383f98d451f7ee9a8fe3ea80d8581*
`登陆天数: 58天 / 1316天
等级: 130
石头: 422
呼符: 110
体力: 19593.736666666668 / 138
友情点: 0 / 1136650`
*連続ログイン2日目
※ログインが途切れるか、7日到達すると
1日目から再開されます*
`聖晶石 X 1
10月交換券(2024) X 1
`*Fate/Grand Order カルデア放送局 ライト版 ゲーム最新情報 配信記念 初回ログインボーナス*
*開催期間中、初回ログインで「聖晶石×14」をプレゼント！*
`聖晶石 X 14
`_2024-10-16 19:40:27_
--------
*6952ab84039f401d88fdace3995567c3*
`登陆天数: 51天 / 1666天
等级: 128
石头: 2264
呼符: 157
体力: 28534.97333333333 / 137
友情点: 0 / 1310505`
*連続ログイン2日目
※ログインが途切れるか、7日到達すると
1日目から再開されます*
`聖晶石 X 1
10月交換券(2024) X 1
`*Fate/Grand Order カルデア放送局 ライト版 ゲーム最新情報 配信記念 初回ログインボーナス*
*開催期間中、初回ログインで「聖晶石×14」をプレゼント！*
`聖晶石 X 14
`_2024-10-16 19:40:36_
--------
*f4190598ed5a11b432712f1a3492fc95*
`登陆天数: 100天 / 1653天
等级: 129
石头: 4429
呼符: 155
体力: 16316.916666666666 / 138
友情点: 0 / 1303915`
*連続ログイン2日目
※ログインが途切れるか、7日到達すると
1日目から再開されます*
`聖晶石 X 1
10月交換券(2024) X 1
`*Fate/Grand Order カルデア放送局 ライト版 ゲーム最新情報 配信記念 初回ログインボーナス*
*開催期間中、初回ログインで「聖晶石×14」をプレゼント！*
`聖晶石 X 14
`_2024-10-16 19:40:44_
--------
*8499833a8d0db047b863753fa1cc6a33*
`登陆天数: 74天 / 1730天
等级: 129
石头: 2791
呼符: 23
体力: 30158.7 / 138
友情点: 0 / 1400070`
*連続ログイン4日目
※ログインが途切れるか、7日到達すると
1日目から再開されます*
`聖晶石 X 1
10月交換券(2024) X 1
`*Fate/Grand Order カルデア放送局 ライト版 ゲーム最新情報 配信記念 初回ログインボーナス*
*開催期間中、初回ログインで「聖晶石×14」をプレゼント！*
`聖晶石 X 14
`_2024-10-16 19:40:52_
--------
*c8249ad552514fb0368836ab2b047039*
`登陆天数: 57天 / 1267天
等级: 141
石头: 254
呼符: 41
体力: 438.18666666666667 / 140
友情点: 0 / 51504145`
*連続ログイン1日目
※ログインが途切れるか、7日到達すると
1日目から再開されます*
`フレンドポイント X 2000
10月交換券(2024) X 1
`*Fate/Grand Order カルデア放送局 ライト版 ゲーム最新情報 配信記念 初回ログインボーナス*
*開催期間中、初回ログインで「聖晶石×14」をプレゼント！*
`聖晶石 X 14
`_2024-10-16 19:41:00_
--------
*e01aa16bffb0c37d734c26ca264473d5*
`登陆天数: 60天 / 1371天
等级: 130
石头: 2310
呼符: 179
体力: 14726.3 / 138
友情点: 0 / 1273310`
*連続ログイン4日目
※ログインが途切れるか、7日到達すると
1日目から再開されます*
`聖晶石 X 1
10月交換券(2024) X 1
`*Fate/Grand Order カルデア放送局 ライト版 ゲーム最新情報 配信記念 初回ログインボーナス*
*開催期間中、初回ログインで「聖晶石×14」をプレゼント！*
`聖晶石 X 14
`_2024-10-16 19:41:09_
--------
*144293b7027c86afe078a3362aa860ff*
`登陆天数: 56天 / 1665天
等级: 136
石头: 885
呼符: 28
体力: 916.58 / 139
友情点: 75 / 10037585`
*連続ログイン7日間到達おめでとうございます！
明日は1日目からリスタートされます。*
`獣の足跡 X 1
呼符 X 1
10月交換券(2024) X 1
`*Fate/Grand Order カルデア放送局 ライト版 ゲーム最新情報 配信記念 初回ログインボーナス*
*開催期間中、初回ログインで「聖晶石×14」をプレゼント！*
`聖晶石 X 14
`_2024-10-16 19:41:17_
--------
*04879fc63f393a018be80fc13f96edb5*
`登陆天数: 54天 / 1569天
等级: 129
石头: 4384
呼符: 7
体力: 14042.886666666667 / 138
友情点: 0 / 98285`
*連続ログイン5日目
※ログインが途切れるか、7日到達すると
1日目から再開されます*
`叡智の業火 X 2
10月交換券(2024) X 1
`*Fate/Grand Order カルデア放送局 ライト版 ゲーム最新情報 配信記念 初回ログインボーナス*
*開催期間中、初回ログインで「聖晶石×14」をプレゼント！*
`聖晶石 X 14
`_2024-10-16 19:41:25_
--------
*d17e065a91cb6e0f11571ec8f43b666b*
`登陆天数: 100天 / 1677天
等级: 128
石头: 3543
呼符: 155
体力: 15003.353333333333 / 137
友情点: 0 / 1287890`
*連続ログイン2日目
※ログインが途切れるか、7日到達すると
1日目から再開されます*
`聖晶石 X 1
10月交換券(2024) X 1
`*Fate/Grand Order カルデア放送局 ライト版 ゲーム最新情報 配信記念 初回ログインボーナス*
*開催期間中、初回ログインで「聖晶石×14」をプレゼント！*
`聖晶石 X 14
`_2024-10-16 19:41:33_
--------
*0bbab0884955053991437f8efd36402f*
`登陆天数: 297天 / 1656天
等级: 130
石头: 2239
呼符: 115
体力: 19608.753333333334 / 138
友情点: 0 / 1282895`
*連続ログイン3日目
※ログインが途切れるか、7日到達すると
1日目から再開されます*
`叡智の業火 X 1
10月交換券(2024) X 1
`*Fate/Grand Order カルデア放送局 ライト版 ゲーム最新情報 配信記念 初回ログインボーナス*
*開催期間中、初回ログインで「聖晶石×14」をプレゼント！*
`聖晶石 X 14
`_2024-10-16 19:41:41_
--------
*34115a9719eec68deb9a8d3ab142781c*
`登陆天数: 282天 / 1593天
等级: 130
石头: 412
呼符: 130
体力: 2511.05 / 138
友情点: 0 / 1252615`
*連続ログイン2日目
※ログインが途切れるか、7日到達すると
1日目から再開されます*
`聖晶石 X 1
10月交換券(2024) X 1
`*Fate/Grand Order カルデア放送局 ライト版 ゲーム最新情報 配信記念 初回ログインボーナス*
*開催期間中、初回ログインで「聖晶石×14」をプレゼント！*
`聖晶石 X 14
`_2024-10-16 19:41:49_
--------
*70b2289bba4e0d1155fd4ef04388170d*
`登陆天数: 55天 / 1548天
等级: 129
石头: 5556
呼符: 9
体力: 40944.69 / 138
友情点: 0 / 1283825`
*連続ログイン6日目
※ログインが途切れるか、7日到達すると
1日目から再開されます*
`聖晶石 X 2
10月交換券(2024) X 1
`*Fate/Grand Order カルデア放送局 ライト版 ゲーム最新情報 配信記念 初回ログインボーナス*
*開催期間中、初回ログインで「聖晶石×14」をプレゼント！*
`聖晶石 X 14
`_2024-10-16 19:41:58_
--------
