【登录信息】
*a5b5d04878ef92ec9f2a1ae7db2d2ac6*
`登陆天数: 60天 / 1612天
等级: 132
石头: 387
呼符: 185
体力: 19984.7 / 138
友情点: 0 / 1337075`
*連続ログイン4日目
※ログインが途切れるか、7日到達すると
1日目から再開されます*
`聖晶石 X 1
10月交換券(2024) X 1
`*妖精双六虫籠遊戯 まだ見ぬ完璧なあなたへ 開幕記念 ログインボーナス*
*開催期間中、1日1回 最大78回 ログインボーナスをプレゼント！*
`黄金の果実 X 1
`_2024-10-17 19:39:55_
--------
*35fbc6cbbb563a0d5605fd0d482ec707*
`登陆天数: 61天 / 1657天
等级: 134
石头: 485
呼符: 180
体力: 2194.3366666666666 / 139
友情点: 0 / 329190`
*連続ログイン5日目
※ログインが途切れるか、7日到達すると
1日目から再開されます*
`叡智の業火 X 2
10月交換券(2024) X 1
`*妖精双六虫籠遊戯 まだ見ぬ完璧なあなたへ 開幕記念 ログインボーナス*
*開催期間中、1日1回 最大78回 ログインボーナスをプレゼント！*
`白銀の果実 X 1
`_2024-10-17 19:40:04_
--------
*823ed9cd51e0b8500cc709c9db83a2f5*
`登陆天数: 52天 / 1550天
等级: 130
石头: 948
呼符: 93
体力: 263.77 / 138
友情点: 0 / 1256450`
*連続ログイン3日目
※ログインが途切れるか、7日到達すると
1日目から再開されます*
`叡智の業火 X 1
10月交換券(2024) X 1
`*妖精双六虫籠遊戯 まだ見ぬ完璧なあなたへ 開幕記念 ログインボーナス*
*開催期間中、1日1回 最大78回 ログインボーナスをプレゼント！*
`白銀の果実 X 1
`_2024-10-17 19:40:13_
--------
*aa68f2ee631b12e5f4263cccbc2b4f84*
`登陆天数: 60天 / 1343天
等级: 128
石头: 99
呼符: 4
体力: 65877.41333333333 / 137
友情点: 0 / 1236570`
*連続ログイン4日目
※ログインが途切れるか、7日到達すると
1日目から再開されます*
`聖晶石 X 1
10月交換券(2024) X 1
`*妖精双六虫籠遊戯 まだ見ぬ完璧なあなたへ 開幕記念 ログインボーナス*
*開催期間中、1日1回 最大78回 ログインボーナスをプレゼント！*
`白銀の果実 X 1
`_2024-10-17 19:40:21_
--------
*a7ec86a94fed6ee5bc40b5a5f31603ad*
`登陆天数: 52天 / 1562天
等级: 130
石头: 1691
呼符: 103
体力: 33950.40666666667 / 138
友情点: 0 / 1261535`
*連続ログイン3日目
※ログインが途切れるか、7日到達すると
1日目から再開されます*
`叡智の業火 X 1
10月交換券(2024) X 1
`*妖精双六虫籠遊戯 まだ見ぬ完璧なあなたへ 開幕記念 ログインボーナス*
*開催期間中、1日1回 最大78回 ログインボーナスをプレゼント！*
`白銀の果実 X 1
`_2024-10-17 19:40:30_
--------
*bbf383f98d451f7ee9a8fe3ea80d8581*
`登陆天数: 59天 / 1317天
等级: 130
石头: 422
呼符: 110
体力: 19881.77666666667 / 138
友情点: 0 / 1136650`
*連続ログイン3日目
※ログインが途切れるか、7日到達すると
1日目から再開されます*
`叡智の業火 X 1
10月交換券(2024) X 1
`*妖精双六虫籠遊戯 まだ見ぬ完璧なあなたへ 開幕記念 ログインボーナス*
*開催期間中、1日1回 最大78回 ログインボーナスをプレゼント！*
`白銀の果実 X 1
`_2024-10-17 19:40:38_
--------
*6952ab84039f401d88fdace3995567c3*
`登陆天数: 52天 / 1667天
等级: 128
石头: 2264
呼符: 157
体力: 28823.01 / 137
友情点: 0 / 1310505`
*連続ログイン3日目
※ログインが途切れるか、7日到達すると
1日目から再開されます*
`叡智の業火 X 1
10月交換券(2024) X 1
`*妖精双六虫籠遊戯 まだ見ぬ完璧なあなたへ 開幕記念 ログインボーナス*
*開催期間中、1日1回 最大78回 ログインボーナスをプレゼント！*
`白銀の果実 X 1
`_2024-10-17 19:40:47_
--------
*f4190598ed5a11b432712f1a3492fc95*
`登陆天数: 101天 / 1654天
等级: 129
石头: 4586
呼符: 159
体力: 16604.956666666665 / 138
友情点: 0 / 1311915`
*連続ログイン3日目
※ログインが途切れるか、7日到達すると
1日目から再開されます*
`叡智の業火 X 1
10月交換券(2024) X 1
`*妖精双六虫籠遊戯 まだ見ぬ完璧なあなたへ 開幕記念 ログインボーナス*
*開催期間中、1日1回 最大78回 ログインボーナスをプレゼント！*
`白銀の果実 X 1
`_2024-10-17 19:40:56_
--------
*8499833a8d0db047b863753fa1cc6a33*
`登陆天数: 75天 / 1731天
等级: 129
石头: 2791
呼符: 23
体力: 30446.74 / 138
友情点: 0 / 1400070`
*連続ログイン5日目
※ログインが途切れるか、7日到達すると
1日目から再開されます*
`叡智の業火 X 2
10月交換券(2024) X 1
`*妖精双六虫籠遊戯 まだ見ぬ完璧なあなたへ 開幕記念 ログインボーナス*
*開催期間中、1日1回 最大78回 ログインボーナスをプレゼント！*
`白銀の果実 X 1
`_2024-10-17 19:41:04_
--------
*c8249ad552514fb0368836ab2b047039*
`登陆天数: 58天 / 1268天
等级: 141
石头: 254
呼符: 41
体力: 726.23 / 140
友情点: 0 / 51504145`
*連続ログイン2日目
※ログインが途切れるか、7日到達すると
1日目から再開されます*
`聖晶石 X 1
10月交換券(2024) X 1
`*妖精双六虫籠遊戯 まだ見ぬ完璧なあなたへ 開幕記念 ログインボーナス*
*開催期間中、1日1回 最大78回 ログインボーナスをプレゼント！*
`白銀の果実 X 1
`_2024-10-17 19:41:13_
--------
*e01aa16bffb0c37d734c26ca264473d5*
`登陆天数: 61天 / 1372天
等级: 130
石头: 2310
呼符: 179
体力: 15014.343333333334 / 138
友情点: 0 / 1273310`
*連続ログイン5日目
※ログインが途切れるか、7日到達すると
1日目から再開されます*
`叡智の業火 X 2
10月交換券(2024) X 1
`*妖精双六虫籠遊戯 まだ見ぬ完璧なあなたへ 開幕記念 ログインボーナス*
*開催期間中、1日1回 最大78回 ログインボーナスをプレゼント！*
`白銀の果実 X 1
`_2024-10-17 19:41:21_
--------
*144293b7027c86afe078a3362aa860ff*
`登陆天数: 57天 / 1666天
等级: 136
石头: 885
呼符: 28
体力: 1204.6233333333332 / 139
友情点: 10 / 10037595`
*連続ログイン1日目
※ログインが途切れるか、7日到達すると
1日目から再開されます*
`フレンドポイント X 2000
10月交換券(2024) X 1
`*妖精双六虫籠遊戯 まだ見ぬ完璧なあなたへ 開幕記念 ログインボーナス*
*開催期間中、1日1回 最大78回 ログインボーナスをプレゼント！*
`黄金の果実 X 1
`_2024-10-17 19:41:29_
--------
*04879fc63f393a018be80fc13f96edb5*
`登陆天数: 55天 / 1570天
等级: 129
石头: 4384
呼符: 7
体力: 14330.93 / 138
友情点: 0 / 98285`
*連続ログイン6日目
※ログインが途切れるか、7日到達すると
1日目から再開されます*
`聖晶石 X 2
10月交換券(2024) X 1
`*妖精双六虫籠遊戯 まだ見ぬ完璧なあなたへ 開幕記念 ログインボーナス*
*開催期間中、1日1回 最大78回 ログインボーナスをプレゼント！*
`白銀の果実 X 1
`_2024-10-17 19:41:38_
--------
*d17e065a91cb6e0f11571ec8f43b666b*
`登陆天数: 101天 / 1678天
等级: 128
石头: 3543
呼符: 155
体力: 15291.396666666667 / 137
友情点: 0 / 1287890`
*連続ログイン3日目
※ログインが途切れるか、7日到達すると
1日目から再開されます*
`叡智の業火 X 1
10月交換券(2024) X 1
`*妖精双六虫籠遊戯 まだ見ぬ完璧なあなたへ 開幕記念 ログインボーナス*
*開催期間中、1日1回 最大78回 ログインボーナスをプレゼント！*
`白銀の果実 X 1
`_2024-10-17 19:41:46_
--------
*0bbab0884955053991437f8efd36402f*
`登陆天数: 298天 / 1657天
等级: 130
石头: 2290
呼符: 116
体力: 204.54666666666668 / 138
友情点: 0 / 1282895`
*連続ログイン4日目
※ログインが途切れるか、7日到達すると
1日目から再開されます*
`聖晶石 X 1
10月交換券(2024) X 1
`*妖精双六虫籠遊戯 まだ見ぬ完璧なあなたへ 開幕記念 ログインボーナス*
*開催期間中、1日1回 最大78回 ログインボーナスをプレゼント！*
`白銀の果実 X 1
`_2024-10-17 19:41:55_
--------
*34115a9719eec68deb9a8d3ab142781c*
`登陆天数: 283天 / 1594天
等级: 130
石头: 480
呼符: 131
体力: 189.07999999999998 / 138
友情点: 0 / 1257875`
*連続ログイン3日目
※ログインが途切れるか、7日到達すると
1日目から再開されます*
`叡智の業火 X 1
10月交換券(2024) X 1
`*妖精双六虫籠遊戯 まだ見ぬ完璧なあなたへ 開幕記念 ログインボーナス*
*開催期間中、1日1回 最大78回 ログインボーナスをプレゼント！*
`白銀の果実 X 1
`_2024-10-17 19:42:04_
--------
*70b2289bba4e0d1155fd4ef04388170d*
`登陆天数: 56天 / 1549天
等级: 129
石头: 5556
呼符: 9
体力: 41232.74 / 138
友情点: 0 / 1283825`
*連続ログイン7日間到達おめでとうございます！
明日は1日目からリスタートされます。*
`獣の足跡 X 1
呼符 X 1
10月交換券(2024) X 1
`*妖精双六虫籠遊戯 まだ見ぬ完璧なあなたへ 開幕記念 ログインボーナス*
*開催期間中、1日1回 最大78回 ログインボーナスをプレゼント！*
`白銀の果実 X 1
`_2024-10-17 19:42:12_
--------
