【登录信息】
*a5b5d04878ef92ec9f2a1ae7db2d2ac6*
`登陆天数: 63天 / 1615天
等级: 132
石头: 387
呼符: 185
体力: 20848.453333333335 / 138
友情点: 0 / 1337075`
*連続ログイン7日間到達おめでとうございます！
明日は1日目からリスタートされます。*
`獣の足跡 X 1
呼符 X 1
10月交換券(2024) X 1
`*妖精双六虫籠遊戯 まだ見ぬ完璧なあなたへ 開幕記念 ログインボーナス*
*開催期間中、1日1回 最大78回 ログインボーナスをプレゼント！*
`白銀の果実 X 1
`_2024-10-20 19:38:42_
--------
*35fbc6cbbb563a0d5605fd0d482ec707*
`登陆天数: 64天 / 1660天
等级: 134
石头: 539
呼符: 180
体力: 521.75 / 139
友情点: 0 / 331280`
*連続ログイン1日目
※ログインが途切れるか、7日到達すると
1日目から再開されます*
`フレンドポイント X 2000
10月交換券(2024) X 1
`*妖精双六虫籠遊戯 まだ見ぬ完璧なあなたへ 開幕記念 ログインボーナス*
*開催期間中、1日1回 最大78回 ログインボーナスをプレゼント！*
`白銀の果実 X 1
`_2024-10-20 19:38:50_
--------
*823ed9cd51e0b8500cc709c9db83a2f5*
`登陆天数: 55天 / 1553天
等级: 130
石头: 948
呼符: 93
体力: 1127.5233333333333 / 138
友情点: 0 / 1256450`
*連続ログイン6日目
※ログインが途切れるか、7日到達すると
1日目から再開されます*
`聖晶石 X 2
10月交換券(2024) X 1
`*妖精双六虫籠遊戯 まだ見ぬ完璧なあなたへ 開幕記念 ログインボーナス*
*開催期間中、1日1回 最大78回 ログインボーナスをプレゼント！*
`白銀の果実 X 1
`_2024-10-20 19:38:59_
--------
*aa68f2ee631b12e5f4263cccbc2b4f84*
`登陆天数: 63天 / 1346天
等级: 128
石头: 99
呼符: 4
体力: 66741.16666666667 / 137
友情点: 0 / 1236570`
*連続ログイン7日間到達おめでとうございます！
明日は1日目からリスタートされます。*
`獣の足跡 X 1
呼符 X 1
10月交換券(2024) X 1
`*妖精双六虫籠遊戯 まだ見ぬ完璧なあなたへ 開幕記念 ログインボーナス*
*開催期間中、1日1回 最大78回 ログインボーナスをプレゼント！*
`白銀の果実 X 1
`_2024-10-20 19:39:07_
--------
*a7ec86a94fed6ee5bc40b5a5f31603ad*
`登陆天数: 55天 / 1565天
等级: 130
石头: 1691
呼符: 103
体力: 34814.16 / 138
友情点: 0 / 1261535`
*連続ログイン6日目
※ログインが途切れるか、7日到達すると
1日目から再開されます*
`聖晶石 X 2
10月交換券(2024) X 1
`*妖精双六虫籠遊戯 まだ見ぬ完璧なあなたへ 開幕記念 ログインボーナス*
*開催期間中、1日1回 最大78回 ログインボーナスをプレゼント！*
`白銀の果実 X 1
`_2024-10-20 19:39:16_
--------
*bbf383f98d451f7ee9a8fe3ea80d8581*
`登陆天数: 62天 / 1320天
等级: 130
石头: 422
呼符: 110
体力: 20745.52666666667 / 138
友情点: 0 / 1136650`
*連続ログイン6日目
※ログインが途切れるか、7日到達すると
1日目から再開されます*
`聖晶石 X 2
10月交換券(2024) X 1
`*妖精双六虫籠遊戯 まだ見ぬ完璧なあなたへ 開幕記念 ログインボーナス*
*開催期間中、1日1回 最大78回 ログインボーナスをプレゼント！*
`白銀の果実 X 1
`_2024-10-20 19:39:24_
--------
*6952ab84039f401d88fdace3995567c3*
`登陆天数: 55天 / 1670天
等级: 128
石头: 2264
呼符: 157
体力: 29686.763333333332 / 137
友情点: 0 / 1310505`
*連続ログイン6日目
※ログインが途切れるか、7日到達すると
1日目から再開されます*
`聖晶石 X 2
10月交換券(2024) X 1
`*妖精双六虫籠遊戯 まだ見ぬ完璧なあなたへ 開幕記念 ログインボーナス*
*開催期間中、1日1回 最大78回 ログインボーナスをプレゼント！*
`白銀の果実 X 1
`_2024-10-20 19:39:33_
--------
*f4190598ed5a11b432712f1a3492fc95*
`登陆天数: 104天 / 1657天
等级: 129
石头: 4586
呼符: 159
体力: 17468.706666666665 / 138
友情点: 0 / 1311915`
*連続ログイン6日目
※ログインが途切れるか、7日到達すると
1日目から再開されます*
`聖晶石 X 2
10月交換券(2024) X 1
`*妖精双六虫籠遊戯 まだ見ぬ完璧なあなたへ 開幕記念 ログインボーナス*
*開催期間中、1日1回 最大78回 ログインボーナスをプレゼント！*
`白銀の果実 X 1
`_2024-10-20 19:39:41_
--------
*8499833a8d0db047b863753fa1cc6a33*
`登陆天数: 78天 / 1734天
等级: 129
石头: 2791
呼符: 23
体力: 31310.493333333332 / 138
友情点: 0 / 1400070`
*連続ログイン1日目
※ログインが途切れるか、7日到達すると
1日目から再開されます*
`フレンドポイント X 2000
10月交換券(2024) X 1
`*妖精双六虫籠遊戯 まだ見ぬ完璧なあなたへ 開幕記念 ログインボーナス*
*開催期間中、1日1回 最大78回 ログインボーナスをプレゼント！*
`白銀の果実 X 1
`_2024-10-20 19:39:50_
--------
*c8249ad552514fb0368836ab2b047039*
`登陆天数: 61天 / 1271天
等级: 141
石头: 275
呼符: 42
体力: 1589.9833333333333 / 140
友情点: 0 / 51506555`
*連続ログイン5日目
※ログインが途切れるか、7日到達すると
1日目から再開されます*
`叡智の業火 X 2
10月交換券(2024) X 1
`*妖精双六虫籠遊戯 まだ見ぬ完璧なあなたへ 開幕記念 ログインボーナス*
*開催期間中、1日1回 最大78回 ログインボーナスをプレゼント！*
`白銀の果実 X 1
`_2024-10-20 19:39:58_
--------
*e01aa16bffb0c37d734c26ca264473d5*
`登陆天数: 64天 / 1375天
等级: 130
石头: 2310
呼符: 179
体力: 15878.096666666666 / 138
友情点: 0 / 1273310`
*連続ログイン1日目
※ログインが途切れるか、7日到達すると
1日目から再開されます*
`フレンドポイント X 2000
10月交換券(2024) X 1
`*妖精双六虫籠遊戯 まだ見ぬ完璧なあなたへ 開幕記念 ログインボーナス*
*開催期間中、1日1回 最大78回 ログインボーナスをプレゼント！*
`白銀の果実 X 1
`_2024-10-20 19:40:07_
--------
*144293b7027c86afe078a3362aa860ff*
`登陆天数: 60天 / 1669天
等级: 136
石头: 885
呼符: 28
体力: 846.0233333333333 / 139
友情点: 50 / 10037810`
*連続ログイン4日目
※ログインが途切れるか、7日到達すると
1日目から再開されます*
`聖晶石 X 1
10月交換券(2024) X 1
`*妖精双六虫籠遊戯 まだ見ぬ完璧なあなたへ 開幕記念 ログインボーナス*
*開催期間中、1日1回 最大78回 ログインボーナスをプレゼント！*
`白銀の果実 X 1
`_2024-10-20 19:40:15_
--------
*04879fc63f393a018be80fc13f96edb5*
`登陆天数: 58天 / 1573天
等级: 129
石头: 4384
呼符: 7
体力: 15194.683333333332 / 138
友情点: 0 / 98285`
*連続ログイン2日目
※ログインが途切れるか、7日到達すると
1日目から再開されます*
`聖晶石 X 1
10月交換券(2024) X 1
`*妖精双六虫籠遊戯 まだ見ぬ完璧なあなたへ 開幕記念 ログインボーナス*
*開催期間中、1日1回 最大78回 ログインボーナスをプレゼント！*
`白銀の果実 X 1
`_2024-10-20 19:40:24_
--------
*d17e065a91cb6e0f11571ec8f43b666b*
`登陆天数: 104天 / 1681天
等级: 128
石头: 3543
呼符: 155
体力: 16155.15 / 137
友情点: 0 / 1287890`
*連続ログイン6日目
※ログインが途切れるか、7日到達すると
1日目から再開されます*
`聖晶石 X 2
10月交換券(2024) X 1
`*妖精双六虫籠遊戯 まだ見ぬ完璧なあなたへ 開幕記念 ログインボーナス*
*開催期間中、1日1回 最大78回 ログインボーナスをプレゼント！*
`白銀の果実 X 1
`_2024-10-20 19:40:32_
--------
*0bbab0884955053991437f8efd36402f*
`登陆天数: 301天 / 1660天
等级: 130
石头: 2290
呼符: 116
体力: 1068.3 / 138
友情点: 0 / 1282895`
*連続ログイン7日間到達おめでとうございます！
明日は1日目からリスタートされます。*
`獣の足跡 X 1
呼符 X 1
10月交換券(2024) X 1
`*妖精双六虫籠遊戯 まだ見ぬ完璧なあなたへ 開幕記念 ログインボーナス*
*開催期間中、1日1回 最大78回 ログインボーナスをプレゼント！*
`白銀の果実 X 1
`_2024-10-20 19:40:41_
--------
*34115a9719eec68deb9a8d3ab142781c*
`登陆天数: 286天 / 1597天
等级: 130
石头: 480
呼符: 131
体力: 1052.8333333333335 / 138
友情点: 0 / 1257875`
*連続ログイン6日目
※ログインが途切れるか、7日到達すると
1日目から再開されます*
`聖晶石 X 2
10月交換券(2024) X 1
`*妖精双六虫籠遊戯 まだ見ぬ完璧なあなたへ 開幕記念 ログインボーナス*
*開催期間中、1日1回 最大78回 ログインボーナスをプレゼント！*
`白銀の果実 X 1
`_2024-10-20 19:40:50_
--------
*70b2289bba4e0d1155fd4ef04388170d*
`登陆天数: 59天 / 1552天
等级: 129
石头: 5556
呼符: 9
体力: 42096.49333333333 / 138
友情点: 0 / 1283825`
*連続ログイン3日目
※ログインが途切れるか、7日到達すると
1日目から再開されます*
`叡智の業火 X 1
10月交換券(2024) X 1
`*妖精双六虫籠遊戯 まだ見ぬ完璧なあなたへ 開幕記念 ログインボーナス*
*開催期間中、1日1回 最大78回 ログインボーナスをプレゼント！*
`白銀の果実 X 1
`_2024-10-20 19:40:58_
--------
