【登录信息】
*a5b5d04878ef92ec9f2a1ae7db2d2ac6*
`登陆天数: 1天 / 1616天
等级: 132
石头: 387
呼符: 185
体力: 23049.863333333335 / 138
友情点: 0 / 1337075`
*連続ログイン1日目
※ログインが途切れるか、7日到達すると
1日目から再開されます*
`フレンドポイント X 2000
10月交換券(2024) X 1
`*妖精双六虫籠遊戯 まだ見ぬ完璧なあなたへ 開幕記念 ログインボーナス*
*開催期間中、1日1回 最大78回 ログインボーナスをプレゼント！*
`白銀の果実 X 1
`_2024-10-28 11:05:45_
--------
*35fbc6cbbb563a0d5605fd0d482ec707*
`登陆天数: 3天 / 1663天
等级: 134
石头: 545
呼符: 181
体力: 630.76 / 139
友情点: 0 / 335385`
*連続ログイン3日目
※ログインが途切れるか、7日到達すると
1日目から再開されます*
`叡智の業火 X 1
10月交換券(2024) X 1
`*妖精双六虫籠遊戯 まだ見ぬ完璧なあなたへ 開幕記念 ログインボーナス*
*開催期間中、1日1回 最大78回 ログインボーナスをプレゼント！*
`黄金の果実 X 1
`_2024-10-28 11:05:53_
--------
*823ed9cd51e0b8500cc709c9db83a2f5*
`登陆天数: 1天 / 1554天
等级: 130
石头: 948
呼符: 93
体力: 3328.9333333333334 / 138
友情点: 0 / 1256450`
*連続ログイン1日目
※ログインが途切れるか、7日到達すると
1日目から再開されます*
`フレンドポイント X 2000
10月交換券(2024) X 1
`*妖精双六虫籠遊戯 まだ見ぬ完璧なあなたへ 開幕記念 ログインボーナス*
*開催期間中、1日1回 最大78回 ログインボーナスをプレゼント！*
`白銀の果実 X 1
`_2024-10-28 11:06:02_
--------
*aa68f2ee631b12e5f4263cccbc2b4f84*
`登陆天数: 1天 / 1347天
等级: 128
石头: 121
呼符: 5
体力: 68942.58 / 137
友情点: 0 / 1236570`
_2024-10-28 11:06:10_
--------
*a7ec86a94fed6ee5bc40b5a5f31603ad*
`登陆天数: 1天 / 1566天
等级: 130
石头: 1691
呼符: 103
体力: 37015.57 / 138
友情点: 0 / 1261535`
*連続ログイン1日目
※ログインが途切れるか、7日到達すると
1日目から再開されます*
`フレンドポイント X 2000
10月交換券(2024) X 1
`*妖精双六虫籠遊戯 まだ見ぬ完璧なあなたへ 開幕記念 ログインボーナス*
*開催期間中、1日1回 最大78回 ログインボーナスをプレゼント！*
`白銀の果実 X 1
`_2024-10-28 11:06:19_
--------
*bbf383f98d451f7ee9a8fe3ea80d8581*
`登陆天数: 1天 / 1321天
等级: 130
石头: 422
呼符: 110
体力: 22946.94 / 138
友情点: 0 / 1136650`
*連続ログイン1日目
※ログインが途切れるか、7日到達すると
1日目から再開されます*
`フレンドポイント X 2000
10月交換券(2024) X 1
`*妖精双六虫籠遊戯 まだ見ぬ完璧なあなたへ 開幕記念 ログインボーナス*
*開催期間中、1日1回 最大78回 ログインボーナスをプレゼント！*
`白銀の果実 X 1
`_2024-10-28 11:06:28_
--------
*6952ab84039f401d88fdace3995567c3*
`登陆天数: 1天 / 1671天
等级: 128
石头: 2264
呼符: 157
体力: 31888.176666666666 / 137
友情点: 0 / 1310505`
*連続ログイン1日目
※ログインが途切れるか、7日到達すると
1日目から再開されます*
`フレンドポイント X 2000
10月交換券(2024) X 1
`*妖精双六虫籠遊戯 まだ見ぬ完璧なあなたへ 開幕記念 ログインボーナス*
*開催期間中、1日1回 最大78回 ログインボーナスをプレゼント！*
`白銀の果実 X 1
`_2024-10-28 11:06:36_
--------
*f4190598ed5a11b432712f1a3492fc95*
`登陆天数: 1天 / 1658天
等级: 129
石头: 4586
呼符: 159
体力: 19670.12 / 138
友情点: 0 / 1311915`
*連続ログイン1日目
※ログインが途切れるか、7日到達すると
1日目から再開されます*
`フレンドポイント X 2000
10月交換券(2024) X 1
`*妖精双六虫籠遊戯 まだ見ぬ完璧なあなたへ 開幕記念 ログインボーナス*
*開催期間中、1日1回 最大78回 ログインボーナスをプレゼント！*
`白銀の果実 X 1
`_2024-10-28 11:06:45_
--------
*8499833a8d0db047b863753fa1cc6a33*
`登陆天数: 1天 / 1735天
等级: 129
石头: 2791
呼符: 23
体力: 33511.90666666667 / 138
友情点: 0 / 1400070`
*連続ログイン1日目
※ログインが途切れるか、7日到達すると
1日目から再開されます*
`フレンドポイント X 2000
10月交換券(2024) X 1
`*妖精双六虫籠遊戯 まだ見ぬ完璧なあなたへ 開幕記念 ログインボーナス*
*開催期間中、1日1回 最大78回 ログインボーナスをプレゼント！*
`白銀の果実 X 1
`_2024-10-28 11:06:54_
--------
*c8249ad552514fb0368836ab2b047039*
`登陆天数: 1天 / 1272天
等级: 141
石头: 0
呼符: 0
体力: 3791.3966666666665 / 140
友情点: 0 / 51506555`
_2024-10-28 11:07:02_
--------
*e01aa16bffb0c37d734c26ca264473d5*
`登陆天数: 1天 / 1376天
等级: 130
石头: 2310
呼符: 179
体力: 18079.51 / 138
友情点: 0 / 1273310`
*連続ログイン1日目
※ログインが途切れるか、7日到達すると
1日目から再開されます*
`フレンドポイント X 2000
10月交換券(2024) X 1
`*妖精双六虫籠遊戯 まだ見ぬ完璧なあなたへ 開幕記念 ログインボーナス*
*開催期間中、1日1回 最大78回 ログインボーナスをプレゼント！*
`白銀の果実 X 1
`_2024-10-28 11:07:11_
--------
*144293b7027c86afe078a3362aa860ff*
`登陆天数: 2天 / 1671天
等级: 136
石头: 885
呼符: 28
体力: 518.2433333333333 / 139
友情点: 50 / 10037880`
*連続ログイン2日目
※ログインが途切れるか、7日到達すると
1日目から再開されます*
`聖晶石 X 1
10月交換券(2024) X 1
`*妖精双六虫籠遊戯 まだ見ぬ完璧なあなたへ 開幕記念 ログインボーナス*
*開催期間中、1日1回 最大78回 ログインボーナスをプレゼント！*
`白銀の果実 X 1
`_2024-10-28 11:07:19_
--------
*04879fc63f393a018be80fc13f96edb5*
`登陆天数: 1天 / 1574天
等级: 129
石头: 4439
呼符: 8
体力: 17396.096666666668 / 138
友情点: 0 / 102285`
_2024-10-28 11:07:28_
--------
*d17e065a91cb6e0f11571ec8f43b666b*
`登陆天数: 1天 / 1682天
等级: 128
石头: 3543
呼符: 155
体力: 18356.56333333333 / 137
友情点: 0 / 1287890`
*連続ログイン1日目
※ログインが途切れるか、7日到達すると
1日目から再開されます*
`フレンドポイント X 2000
10月交換券(2024) X 1
`*妖精双六虫籠遊戯 まだ見ぬ完璧なあなたへ 開幕記念 ログインボーナス*
*開催期間中、1日1回 最大78回 ログインボーナスをプレゼント！*
`白銀の果実 X 1
`_2024-10-28 11:07:36_
--------
*0bbab0884955053991437f8efd36402f*
`登陆天数: 1天 / 1662天
等级: 130
石头: 2293
呼符: 117
体力: 3269.713333333333 / 138
友情点: 0 / 1282905`
_2024-10-28 11:07:44_
--------
*34115a9719eec68deb9a8d3ab142781c*
`登陆天数: 1天 / 1598天
等级: 130
石头: 480
呼符: 131
体力: 3254.2466666666664 / 138
友情点: 0 / 1257875`
*連続ログイン1日目
※ログインが途切れるか、7日到達すると
1日目から再開されます*
`フレンドポイント X 2000
10月交換券(2024) X 1
`*妖精双六虫籠遊戯 まだ見ぬ完璧なあなたへ 開幕記念 ログインボーナス*
*開催期間中、1日1回 最大78回 ログインボーナスをプレゼント！*
`白銀の果実 X 1
`_2024-10-28 11:07:54_
--------
*70b2289bba4e0d1155fd4ef04388170d*
`登陆天数: 1天 / 1553天
等级: 129
石头: 5556
呼符: 9
体力: 44297.91 / 138
友情点: 0 / 1283825`
*連続ログイン1日目
※ログインが途切れるか、7日到達すると
1日目から再開されます*
`フレンドポイント X 2000
10月交換券(2024) X 1
`*妖精双六虫籠遊戯 まだ見ぬ完璧なあなたへ 開幕記念 ログインボーナス*
*開催期間中、1日1回 最大78回 ログインボーナスをプレゼント！*
`白銀の果実 X 1
`_2024-10-28 11:08:03_
--------
*7441a04aa81b6170993926c1238db6d9*
`登陆天数: 1天 / 1350天
等级: 130
石头: 1326
呼符: 113
体力: 22985.2 / 138
友情点: 0 / 1275610`
_2024-10-28 11:08:11_
--------
*14cbcebb250ccfe7f7975a441906ddb0*
`登陆天数: 1天 / 1648天
等级: 130
石头: 2380
呼符: 113
体力: 8787.636666666667 / 138
友情点: 0 / 1443480`
_2024-10-28 11:08:19_
--------
*9f1de3d706b8e33c8eba4599743daf29*
`登陆天数: 1天 / 710天
等级: 68
石头: 147
呼符: 14
体力: 4986.883333333333 / 93
友情点: 0 / 46070`
_2024-10-28 11:08:28_
--------
