【登录信息】
*a5b5d04878ef92ec9f2a1ae7db2d2ac6*
`登陆天数: 2天 / 1617天
等级: 132
石头: 387
呼符: 185
体力: 23152.506666666668 / 138
友情点: 0 / 1337075`
*連続ログイン2日目
※ログインが途切れるか、7日到達すると
1日目から再開されます*
`聖晶石 X 1
10月交換券(2024) X 1
`*妖精双六虫籠遊戯 まだ見ぬ完璧なあなたへ 開幕記念 ログインボーナス*
*開催期間中、1日1回 最大78回 ログインボーナスをプレゼント！*
`白銀の果実 X 1
`_2024-10-28 19:38:58_
--------
*35fbc6cbbb563a0d5605fd0d482ec707*
`登陆天数: 4天 / 1664天
等级: 134
石头: 545
呼符: 181
体力: 733.4033333333333 / 139
友情点: 0 / 335385`
*連続ログイン4日目
※ログインが途切れるか、7日到達すると
1日目から再開されます*
`聖晶石 X 1
10月交換券(2024) X 1
`*妖精双六虫籠遊戯 まだ見ぬ完璧なあなたへ 開幕記念 ログインボーナス*
*開催期間中、1日1回 最大78回 ログインボーナスをプレゼント！*
`白銀の果実 X 1
`_2024-10-28 19:39:06_
--------
*823ed9cd51e0b8500cc709c9db83a2f5*
`登陆天数: 2天 / 1555天
等级: 130
石头: 948
呼符: 93
体力: 3431.576666666667 / 138
友情点: 0 / 1256450`
*連続ログイン2日目
※ログインが途切れるか、7日到達すると
1日目から再開されます*
`聖晶石 X 1
10月交換券(2024) X 1
`*妖精双六虫籠遊戯 まだ見ぬ完璧なあなたへ 開幕記念 ログインボーナス*
*開催期間中、1日1回 最大78回 ログインボーナスをプレゼント！*
`白銀の果実 X 1
`_2024-10-28 19:39:15_
--------
*aa68f2ee631b12e5f4263cccbc2b4f84*
`登陆天数: 2天 / 1348天
等级: 128
石头: 121
呼符: 5
体力: 69045.22 / 137
友情点: 0 / 1236570`
*連続ログイン2日目
※ログインが途切れるか、7日到達すると
1日目から再開されます*
`聖晶石 X 1
10月交換券(2024) X 1
`*妖精双六虫籠遊戯 まだ見ぬ完璧なあなたへ 開幕記念 ログインボーナス*
*開催期間中、1日1回 最大78回 ログインボーナスをプレゼント！*
`白銀の果実 X 1
`_2024-10-28 19:39:23_
--------
*a7ec86a94fed6ee5bc40b5a5f31603ad*
`登陆天数: 2天 / 1567天
等级: 130
石头: 1691
呼符: 103
体力: 37118.21333333333 / 138
友情点: 0 / 1261535`
*連続ログイン2日目
※ログインが途切れるか、7日到達すると
1日目から再開されます*
`聖晶石 X 1
10月交換券(2024) X 1
`*妖精双六虫籠遊戯 まだ見ぬ完璧なあなたへ 開幕記念 ログインボーナス*
*開催期間中、1日1回 最大78回 ログインボーナスをプレゼント！*
`白銀の果実 X 1
`_2024-10-28 19:39:32_
--------
*bbf383f98d451f7ee9a8fe3ea80d8581*
`登陆天数: 2天 / 1322天
等级: 130
石头: 422
呼符: 110
体力: 23049.58 / 138
友情点: 0 / 1136650`
*連続ログイン2日目
※ログインが途切れるか、7日到達すると
1日目から再開されます*
`聖晶石 X 1
10月交換券(2024) X 1
`*妖精双六虫籠遊戯 まだ見ぬ完璧なあなたへ 開幕記念 ログインボーナス*
*開催期間中、1日1回 最大78回 ログインボーナスをプレゼント！*
`白銀の果実 X 1
`_2024-10-28 19:39:40_
--------
*6952ab84039f401d88fdace3995567c3*
`登陆天数: 2天 / 1672天
等级: 128
石头: 2264
呼符: 157
体力: 31990.816666666666 / 137
友情点: 0 / 1310505`
*連続ログイン2日目
※ログインが途切れるか、7日到達すると
1日目から再開されます*
`聖晶石 X 1
10月交換券(2024) X 1
`*妖精双六虫籠遊戯 まだ見ぬ完璧なあなたへ 開幕記念 ログインボーナス*
*開催期間中、1日1回 最大78回 ログインボーナスをプレゼント！*
`白銀の果実 X 1
`_2024-10-28 19:39:49_
--------
*f4190598ed5a11b432712f1a3492fc95*
`登陆天数: 2天 / 1659天
等级: 129
石头: 4586
呼符: 159
体力: 19772.763333333332 / 138
友情点: 0 / 1311915`
*連続ログイン2日目
※ログインが途切れるか、7日到達すると
1日目から再開されます*
`聖晶石 X 1
10月交換券(2024) X 1
`*妖精双六虫籠遊戯 まだ見ぬ完璧なあなたへ 開幕記念 ログインボーナス*
*開催期間中、1日1回 最大78回 ログインボーナスをプレゼント！*
`黄金の果実 X 1
`_2024-10-28 19:39:57_
--------
*8499833a8d0db047b863753fa1cc6a33*
`登陆天数: 2天 / 1736天
等级: 129
石头: 2791
呼符: 23
体力: 33614.54666666667 / 138
友情点: 0 / 1400070`
*連続ログイン2日目
※ログインが途切れるか、7日到達すると
1日目から再開されます*
`聖晶石 X 1
10月交換券(2024) X 1
`*妖精双六虫籠遊戯 まだ見ぬ完璧なあなたへ 開幕記念 ログインボーナス*
*開催期間中、1日1回 最大78回 ログインボーナスをプレゼント！*
`黄金の果実 X 1
`_2024-10-28 19:40:06_
--------
*c8249ad552514fb0368836ab2b047039*
`登陆天数: 2天 / 1273天
等级: 141
石头: 0
呼符: 0
体力: 3894.036666666667 / 140
友情点: 0 / 51506555`
*連続ログイン2日目
※ログインが途切れるか、7日到達すると
1日目から再開されます*
`聖晶石 X 1
10月交換券(2024) X 1
`*妖精双六虫籠遊戯 まだ見ぬ完璧なあなたへ 開幕記念 ログインボーナス*
*開催期間中、1日1回 最大78回 ログインボーナスをプレゼント！*
`白銀の果実 X 1
`_2024-10-28 19:40:14_
--------
*e01aa16bffb0c37d734c26ca264473d5*
`登陆天数: 2天 / 1377天
等级: 130
石头: 2310
呼符: 179
体力: 18182.15 / 138
友情点: 0 / 1273310`
*連続ログイン2日目
※ログインが途切れるか、7日到達すると
1日目から再開されます*
`聖晶石 X 1
10月交換券(2024) X 1
`*妖精双六虫籠遊戯 まだ見ぬ完璧なあなたへ 開幕記念 ログインボーナス*
*開催期間中、1日1回 最大78回 ログインボーナスをプレゼント！*
`白銀の果実 X 1
`_2024-10-28 19:40:23_
--------
*144293b7027c86afe078a3362aa860ff*
`登陆天数: 3天 / 1672天
等级: 136
石头: 885
呼符: 28
体力: 620.8833333333333 / 139
友情点: 0 / 10037880`
*連続ログイン3日目
※ログインが途切れるか、7日到達すると
1日目から再開されます*
`叡智の業火 X 1
10月交換券(2024) X 1
`*妖精双六虫籠遊戯 まだ見ぬ完璧なあなたへ 開幕記念 ログインボーナス*
*開催期間中、1日1回 最大78回 ログインボーナスをプレゼント！*
`白銀の果実 X 1
`_2024-10-28 19:40:32_
--------
*04879fc63f393a018be80fc13f96edb5*
`登陆天数: 2天 / 1575天
等级: 129
石头: 4439
呼符: 8
体力: 17498.736666666668 / 138
友情点: 0 / 102285`
*連続ログイン2日目
※ログインが途切れるか、7日到達すると
1日目から再開されます*
`聖晶石 X 1
10月交換券(2024) X 1
`*妖精双六虫籠遊戯 まだ見ぬ完璧なあなたへ 開幕記念 ログインボーナス*
*開催期間中、1日1回 最大78回 ログインボーナスをプレゼント！*
`黄金の果実 X 1
`_2024-10-28 19:40:40_
--------
*d17e065a91cb6e0f11571ec8f43b666b*
`登陆天数: 2天 / 1683天
等级: 128
石头: 3543
呼符: 155
体力: 18459.203333333335 / 137
友情点: 0 / 1287890`
*連続ログイン2日目
※ログインが途切れるか、7日到達すると
1日目から再開されます*
`聖晶石 X 1
10月交換券(2024) X 1
`*妖精双六虫籠遊戯 まだ見ぬ完璧なあなたへ 開幕記念 ログインボーナス*
*開催期間中、1日1回 最大78回 ログインボーナスをプレゼント！*
`黄金の果実 X 1
`_2024-10-28 19:40:48_
--------
*0bbab0884955053991437f8efd36402f*
`登陆天数: 2天 / 1663天
等级: 130
石头: 2293
呼符: 117
体力: 3372.3533333333335 / 138
友情点: 0 / 1282905`
*連続ログイン2日目
※ログインが途切れるか、7日到達すると
1日目から再開されます*
`聖晶石 X 1
10月交換券(2024) X 1
`*妖精双六虫籠遊戯 まだ見ぬ完璧なあなたへ 開幕記念 ログインボーナス*
*開催期間中、1日1回 最大78回 ログインボーナスをプレゼント！*
`白銀の果実 X 1
`_2024-10-28 19:40:56_
--------
*34115a9719eec68deb9a8d3ab142781c*
`登陆天数: 2天 / 1599天
等级: 130
石头: 480
呼符: 131
体力: 3356.8866666666668 / 138
友情点: 0 / 1257875`
*連続ログイン2日目
※ログインが途切れるか、7日到達すると
1日目から再開されます*
`聖晶石 X 1
10月交換券(2024) X 1
`*妖精双六虫籠遊戯 まだ見ぬ完璧なあなたへ 開幕記念 ログインボーナス*
*開催期間中、1日1回 最大78回 ログインボーナスをプレゼント！*
`黄金の果実 X 1
`_2024-10-28 19:41:05_
--------
*70b2289bba4e0d1155fd4ef04388170d*
`登陆天数: 2天 / 1554天
等级: 129
石头: 5556
呼符: 9
体力: 44400.54666666667 / 138
友情点: 0 / 1283825`
*連続ログイン2日目
※ログインが途切れるか、7日到達すると
1日目から再開されます*
`聖晶石 X 1
10月交換券(2024) X 1
`*妖精双六虫籠遊戯 まだ見ぬ完璧なあなたへ 開幕記念 ログインボーナス*
*開催期間中、1日1回 最大78回 ログインボーナスをプレゼント！*
`白銀の果実 X 1
`_2024-10-28 19:41:14_
--------
*7441a04aa81b6170993926c1238db6d9*
`登陆天数: 2天 / 1351天
等级: 130
石头: 1326
呼符: 113
体力: 23087.836666666666 / 138
友情点: 0 / 1275610`
*連続ログイン2日目
※ログインが途切れるか、7日到達すると
1日目から再開されます*
`聖晶石 X 1
10月交換券(2024) X 1
`*3000万DL記念 特別回数ログインボーナス*
*開催期間中、1日1回 最大10回 回数ログインボーナスをプレゼント！*
`叡智の業火 X 30
`_2024-10-28 19:41:22_
--------
*14cbcebb250ccfe7f7975a441906ddb0*
`登陆天数: 2天 / 1649天
等级: 130
石头: 2380
呼符: 113
体力: 8890.276666666667 / 138
友情点: 0 / 1443480`
*連続ログイン2日目
※ログインが途切れるか、7日到達すると
1日目から再開されます*
`聖晶石 X 1
10月交換券(2024) X 1
`*3000万DL記念 特別回数ログインボーナス*
*開催期間中、1日1回 最大10回 回数ログインボーナスをプレゼント！*
`英霊結晶・流星のフォウくん X 3
英霊結晶・日輪のフォウくん X 3
`_2024-10-28 19:41:30_
--------
*9f1de3d706b8e33c8eba4599743daf29*
`登陆天数: 2天 / 711天
等级: 68
石头: 147
呼符: 14
体力: 5089.52 / 93
友情点: 0 / 46070`
*連続ログイン2日目
※ログインが途切れるか、7日到達すると
1日目から再開されます*
`聖晶石 X 1
10月交換券(2024) X 1
`*3000万DL記念 特別回数ログインボーナス*
*開催期間中、1日1回 最大10回 回数ログインボーナスをプレゼント！*
`黄金の果実 X 30
`_2024-10-28 19:41:39_
--------
