【登录信息】
*a5b5d04878ef92ec9f2a1ae7db2d2ac6*
`登陆天数: 3天 / 1618天
等级: 132
石头: 387
呼符: 185
体力: 23440.62 / 138
友情点: 0 / 1337075`
*連続ログイン3日目
※ログインが途切れるか、7日到達すると
1日目から再開されます*
`叡智の業火 X 1
10月交換券(2024) X 1
`*妖精双六虫籠遊戯 まだ見ぬ完璧なあなたへ 開幕記念 ログインボーナス*
*開催期間中、1日1回 最大78回 ログインボーナスをプレゼント！*
`白銀の果実 X 1
`_2024-10-29 19:39:32_
--------
*35fbc6cbbb563a0d5605fd0d482ec707*
`登陆天数: 5天 / 1665天
等级: 134
石头: 545
呼符: 181
体力: 1021.5166666666667 / 139
友情点: 0 / 335385`
*連続ログイン5日目
※ログインが途切れるか、7日到達すると
1日目から再開されます*
`叡智の業火 X 2
10月交換券(2024) X 1
`*妖精双六虫籠遊戯 まだ見ぬ完璧なあなたへ 開幕記念 ログインボーナス*
*開催期間中、1日1回 最大78回 ログインボーナスをプレゼント！*
`白銀の果実 X 1
`_2024-10-29 19:39:40_
--------
*823ed9cd51e0b8500cc709c9db83a2f5*
`登陆天数: 3天 / 1556天
等级: 130
石头: 948
呼符: 93
体力: 3719.69 / 138
友情点: 0 / 1256450`
*連続ログイン3日目
※ログインが途切れるか、7日到達すると
1日目から再開されます*
`叡智の業火 X 1
10月交換券(2024) X 1
`*妖精双六虫籠遊戯 まだ見ぬ完璧なあなたへ 開幕記念 ログインボーナス*
*開催期間中、1日1回 最大78回 ログインボーナスをプレゼント！*
`白銀の果実 X 1
`_2024-10-29 19:39:49_
--------
*aa68f2ee631b12e5f4263cccbc2b4f84*
`登陆天数: 3天 / 1349天
等级: 128
石头: 121
呼符: 5
体力: 69333.33333333333 / 137
友情点: 0 / 1236570`
*連続ログイン3日目
※ログインが途切れるか、7日到達すると
1日目から再開されます*
`叡智の業火 X 1
10月交換券(2024) X 1
`*妖精双六虫籠遊戯 まだ見ぬ完璧なあなたへ 開幕記念 ログインボーナス*
*開催期間中、1日1回 最大78回 ログインボーナスをプレゼント！*
`白銀の果実 X 1
`_2024-10-29 19:39:57_
--------
*a7ec86a94fed6ee5bc40b5a5f31603ad*
`登陆天数: 3天 / 1568天
等级: 130
石头: 1691
呼符: 103
体力: 37406.323333333334 / 138
友情点: 0 / 1261535`
*連続ログイン3日目
※ログインが途切れるか、7日到達すると
1日目から再開されます*
`叡智の業火 X 1
10月交換券(2024) X 1
`*妖精双六虫籠遊戯 まだ見ぬ完璧なあなたへ 開幕記念 ログインボーナス*
*開催期間中、1日1回 最大78回 ログインボーナスをプレゼント！*
`白銀の果実 X 1
`_2024-10-29 19:40:05_
--------
*bbf383f98d451f7ee9a8fe3ea80d8581*
`登陆天数: 3天 / 1323天
等级: 130
石头: 422
呼符: 110
体力: 23337.693333333333 / 138
友情点: 0 / 1136650`
*連続ログイン3日目
※ログインが途切れるか、7日到達すると
1日目から再開されます*
`叡智の業火 X 1
10月交換券(2024) X 1
`*妖精双六虫籠遊戯 まだ見ぬ完璧なあなたへ 開幕記念 ログインボーナス*
*開催期間中、1日1回 最大78回 ログインボーナスをプレゼント！*
`白銀の果実 X 1
`_2024-10-29 19:40:14_
--------
*6952ab84039f401d88fdace3995567c3*
`登陆天数: 3天 / 1673天
等级: 128
石头: 2264
呼符: 157
体力: 32278.926666666666 / 137
友情点: 0 / 1310505`
*連続ログイン3日目
※ログインが途切れるか、7日到達すると
1日目から再開されます*
`叡智の業火 X 1
10月交換券(2024) X 1
`*妖精双六虫籠遊戯 まだ見ぬ完璧なあなたへ 開幕記念 ログインボーナス*
*開催期間中、1日1回 最大78回 ログインボーナスをプレゼント！*
`黄金の果実 X 1
`_2024-10-29 19:40:22_
--------
*f4190598ed5a11b432712f1a3492fc95*
`登陆天数: 3天 / 1660天
等级: 129
石头: 4586
呼符: 159
体力: 20060.873333333333 / 138
友情点: 0 / 1311915`
*連続ログイン3日目
※ログインが途切れるか、7日到達すると
1日目から再開されます*
`叡智の業火 X 1
10月交換券(2024) X 1
`*妖精双六虫籠遊戯 まだ見ぬ完璧なあなたへ 開幕記念 ログインボーナス*
*開催期間中、1日1回 最大78回 ログインボーナスをプレゼント！*
`白銀の果実 X 1
`_2024-10-29 19:40:31_
--------
*8499833a8d0db047b863753fa1cc6a33*
`登陆天数: 3天 / 1737天
等级: 129
石头: 2791
呼符: 23
体力: 33902.65666666667 / 138
友情点: 0 / 1400070`
*連続ログイン3日目
※ログインが途切れるか、7日到達すると
1日目から再開されます*
`叡智の業火 X 1
10月交換券(2024) X 1
`*妖精双六虫籠遊戯 まだ見ぬ完璧なあなたへ 開幕記念 ログインボーナス*
*開催期間中、1日1回 最大78回 ログインボーナスをプレゼント！*
`白銀の果実 X 1
`_2024-10-29 19:40:39_
--------
*c8249ad552514fb0368836ab2b047039*
`登陆天数: 3天 / 1274天
等级: 141
石头: 0
呼符: 0
体力: 4182.1466666666665 / 140
友情点: 0 / 51506555`
*連続ログイン3日目
※ログインが途切れるか、7日到達すると
1日目から再開されます*
`叡智の業火 X 1
10月交換券(2024) X 1
`*妖精双六虫籠遊戯 まだ見ぬ完璧なあなたへ 開幕記念 ログインボーナス*
*開催期間中、1日1回 最大78回 ログインボーナスをプレゼント！*
`黄金の果実 X 1
`_2024-10-29 19:40:48_
--------
*e01aa16bffb0c37d734c26ca264473d5*
`登陆天数: 3天 / 1378天
等级: 130
石头: 2310
呼符: 179
体力: 18470.26 / 138
友情点: 0 / 1273310`
*連続ログイン3日目
※ログインが途切れるか、7日到達すると
1日目から再開されます*
`叡智の業火 X 1
10月交換券(2024) X 1
`*妖精双六虫籠遊戯 まだ見ぬ完璧なあなたへ 開幕記念 ログインボーナス*
*開催期間中、1日1回 最大78回 ログインボーナスをプレゼント！*
`白銀の果実 X 1
`_2024-10-29 19:40:56_
--------
*144293b7027c86afe078a3362aa860ff*
`登陆天数: 4天 / 1673天
等级: 136
石头: 885
呼符: 28
体力: 908.9966666666667 / 139
友情点: 0 / 10037880`
*連続ログイン4日目
※ログインが途切れるか、7日到達すると
1日目から再開されます*
`聖晶石 X 1
10月交換券(2024) X 1
`*妖精双六虫籠遊戯 まだ見ぬ完璧なあなたへ 開幕記念 ログインボーナス*
*開催期間中、1日1回 最大78回 ログインボーナスをプレゼント！*
`黄金の果実 X 1
`_2024-10-29 19:41:05_
--------
*04879fc63f393a018be80fc13f96edb5*
`登陆天数: 3天 / 1576天
等级: 129
石头: 4439
呼符: 8
体力: 17786.846666666668 / 138
友情点: 0 / 102285`
*連続ログイン3日目
※ログインが途切れるか、7日到達すると
1日目から再開されます*
`叡智の業火 X 1
10月交換券(2024) X 1
`*妖精双六虫籠遊戯 まだ見ぬ完璧なあなたへ 開幕記念 ログインボーナス*
*開催期間中、1日1回 最大78回 ログインボーナスをプレゼント！*
`白銀の果実 X 1
`_2024-10-29 19:41:13_
--------
*d17e065a91cb6e0f11571ec8f43b666b*
`登陆天数: 3天 / 1684天
等级: 128
石头: 3543
呼符: 155
体力: 18747.31333333333 / 137
友情点: 0 / 1287890`
*連続ログイン3日目
※ログインが途切れるか、7日到達すると
1日目から再開されます*
`叡智の業火 X 1
10月交換券(2024) X 1
`*妖精双六虫籠遊戯 まだ見ぬ完璧なあなたへ 開幕記念 ログインボーナス*
*開催期間中、1日1回 最大78回 ログインボーナスをプレゼント！*
`白銀の果実 X 1
`_2024-10-29 19:41:21_
--------
*0bbab0884955053991437f8efd36402f*
`登陆天数: 3天 / 1664天
等级: 130
石头: 2293
呼符: 117
体力: 3660.463333333333 / 138
友情点: 0 / 1282905`
*連続ログイン3日目
※ログインが途切れるか、7日到達すると
1日目から再開されます*
`叡智の業火 X 1
10月交換券(2024) X 1
`*妖精双六虫籠遊戯 まだ見ぬ完璧なあなたへ 開幕記念 ログインボーナス*
*開催期間中、1日1回 最大78回 ログインボーナスをプレゼント！*
`白銀の果実 X 1
`_2024-10-29 19:41:30_
--------
*34115a9719eec68deb9a8d3ab142781c*
`登陆天数: 3天 / 1600天
等级: 130
石头: 480
呼符: 131
体力: 3644.9966666666664 / 138
友情点: 0 / 1257875`
*連続ログイン3日目
※ログインが途切れるか、7日到達すると
1日目から再開されます*
`叡智の業火 X 1
10月交換券(2024) X 1
`*妖精双六虫籠遊戯 まだ見ぬ完璧なあなたへ 開幕記念 ログインボーナス*
*開催期間中、1日1回 最大78回 ログインボーナスをプレゼント！*
`白銀の果実 X 1
`_2024-10-29 19:41:39_
--------
*70b2289bba4e0d1155fd4ef04388170d*
`登陆天数: 3天 / 1555天
等级: 129
石头: 5556
呼符: 9
体力: 44688.65666666667 / 138
友情点: 0 / 1283825`
*連続ログイン3日目
※ログインが途切れるか、7日到達すると
1日目から再開されます*
`叡智の業火 X 1
10月交換券(2024) X 1
`*妖精双六虫籠遊戯 まだ見ぬ完璧なあなたへ 開幕記念 ログインボーナス*
*開催期間中、1日1回 最大78回 ログインボーナスをプレゼント！*
`白銀の果実 X 1
`_2024-10-29 19:41:47_
--------
*7441a04aa81b6170993926c1238db6d9*
`登陆天数: 3天 / 1352天
等级: 130
石头: 1326
呼符: 113
体力: 23375.95 / 138
友情点: 0 / 1275610`
*連続ログイン3日目
※ログインが途切れるか、7日到達すると
1日目から再開されます*
`叡智の業火 X 1
10月交換券(2024) X 1
`*3000万DL記念 特別回数ログインボーナス*
*開催期間中、1日1回 最大10回 回数ログインボーナスをプレゼント！*
`マナプリズム X 300
`_2024-10-29 19:41:55_
--------
*14cbcebb250ccfe7f7975a441906ddb0*
`登陆天数: 3天 / 1650天
等级: 130
石头: 2380
呼符: 113
体力: 9178.386666666667 / 138
友情点: 0 / 1443480`
*連続ログイン3日目
※ログインが途切れるか、7日到達すると
1日目から再開されます*
`叡智の業火 X 1
10月交換券(2024) X 1
`*3000万DL記念 特別回数ログインボーナス*
*開催期間中、1日1回 最大10回 回数ログインボーナスをプレゼント！*
`レアプリズム X 3
`_2024-10-29 19:42:04_
--------
*9f1de3d706b8e33c8eba4599743daf29*
`登陆天数: 3天 / 712天
等级: 68
石头: 147
呼符: 14
体力: 5377.633333333333 / 93
友情点: 0 / 46070`
*連続ログイン3日目
※ログインが途切れるか、7日到達すると
1日目から再開されます*
`叡智の業火 X 1
10月交換券(2024) X 1
`*3000万DL記念 特別回数ログインボーナス*
*開催期間中、1日1回 最大10回 回数ログインボーナスをプレゼント！*
`英霊結晶・流星のフォウくん X 3
英霊結晶・日輪のフォウくん X 3
`_2024-10-29 19:42:12_
--------
