【登录信息】
*a5b5d04878ef92ec9f2a1ae7db2d2ac6*
`登陆天数: 4天 / 1619天
等级: 132
石头: 520
呼符: 208
体力: 180.17333333333335 / 138
友情点: 0 / 1343125`
*連続ログイン4日目
※ログインが途切れるか、7日到達すると
1日目から再開されます*
`聖晶石 X 1
10月交換券(2024) X 1
`*秋の戦力増強キャンペーン特別ログインボーナス！*
*開催期間中、1日1回 最大7回 ログインボーナスをプレゼント！*
`叡智の業火 X 3
`_2024-10-30 19:40:00_
--------
*35fbc6cbbb563a0d5605fd0d482ec707*
`登陆天数: 6天 / 1666天
等级: 134
石头: 546
呼符: 181
体力: 1309.6133333333332 / 139
友情点: 0 / 335385`
*連続ログイン6日目
※ログインが途切れるか、7日到達すると
1日目から再開されます*
`聖晶石 X 2
10月交換券(2024) X 1
`*秋の戦力増強キャンペーン特別ログインボーナス！*
*開催期間中、1日1回 最大7回 ログインボーナスをプレゼント！*
`叡智の業火 X 3
`_2024-10-30 19:40:08_
--------
*823ed9cd51e0b8500cc709c9db83a2f5*
`登陆天数: 4天 / 1557天
等级: 130
石头: 994
呼符: 108
体力: 159.70666666666668 / 138
友情点: 0 / 1256500`
*連続ログイン4日目
※ログインが途切れるか、7日到達すると
1日目から再開されます*
`聖晶石 X 1
10月交換券(2024) X 1
`*秋の戦力増強キャンペーン特別ログインボーナス！*
*開催期間中、1日1回 最大7回 ログインボーナスをプレゼント！*
`英霊結晶・星のフォウくん X 5
`_2024-10-30 19:40:17_
--------
*aa68f2ee631b12e5f4263cccbc2b4f84*
`登陆天数: 4天 / 1350天
等级: 128
石头: 121
呼符: 5
体力: 69621.42666666667 / 137
友情点: 0 / 1236570`
*連続ログイン4日目
※ログインが途切れるか、7日到達すると
1日目から再開されます*
`聖晶石 X 1
10月交換券(2024) X 1
`*秋の戦力増強キャンペーン特別ログインボーナス！*
*開催期間中、1日1回 最大7回 ログインボーナスをプレゼント！*
`叡智の業火 X 3
`_2024-10-30 19:40:25_
--------
*a7ec86a94fed6ee5bc40b5a5f31603ad*
`登陆天数: 4天 / 1569天
等级: 130
石头: 1723
呼符: 118
体力: 151.98 / 138
友情点: 0 / 1263615`
*連続ログイン4日目
※ログインが途切れるか、7日到達すると
1日目から再開されます*
`聖晶石 X 1
10月交換券(2024) X 1
`*秋の戦力増強キャンペーン特別ログインボーナス！*
*開催期間中、1日1回 最大7回 ログインボーナスをプレゼント！*
`英霊結晶・星のフォウくん X 5
`_2024-10-30 19:40:34_
--------
*bbf383f98d451f7ee9a8fe3ea80d8581*
`登陆天数: 4天 / 1324天
等级: 130
石头: 422
呼符: 110
体力: 23625.786666666667 / 138
友情点: 0 / 1136650`
*連続ログイン4日目
※ログインが途切れるか、7日到達すると
1日目から再開されます*
`聖晶石 X 1
10月交換券(2024) X 1
`*秋の戦力増強キャンペーン特別ログインボーナス！*
*開催期間中、1日1回 最大7回 ログインボーナスをプレゼント！*
`叡智の業火 X 3
`_2024-10-30 19:40:42_
--------
*6952ab84039f401d88fdace3995567c3*
`登陆天数: 4天 / 1674天
等级: 128
石头: 2264
呼符: 157
体力: 32567.023333333334 / 137
友情点: 0 / 1310505`
*連続ログイン4日目
※ログインが途切れるか、7日到達すると
1日目から再開されます*
`聖晶石 X 1
10月交換券(2024) X 1
`*秋の戦力増強キャンペーン特別ログインボーナス！*
*開催期間中、1日1回 最大7回 ログインボーナスをプレゼント！*
`叡智の業火 X 3
`_2024-10-30 19:40:51_
--------
*f4190598ed5a11b432712f1a3492fc95*
`登陆天数: 4天 / 1661天
等级: 129
石头: 4600
呼符: 179
体力: 139.85 / 138
友情点: 0 / 1311945`
*連続ログイン4日目
※ログインが途切れるか、7日到達すると
1日目から再開されます*
`聖晶石 X 1
10月交換券(2024) X 1
`*秋の戦力増強キャンペーン特別ログインボーナス！*
*開催期間中、1日1回 最大7回 ログインボーナスをプレゼント！*
`英霊結晶・星のフォウくん X 5
`_2024-10-30 19:40:59_
--------
*8499833a8d0db047b863753fa1cc6a33*
`登陆天数: 4天 / 1738天
等级: 129
石头: 2791
呼符: 23
体力: 34190.753333333334 / 138
友情点: 0 / 1400070`
*連続ログイン4日目
※ログインが途切れるか、7日到達すると
1日目から再開されます*
`聖晶石 X 1
10月交換券(2024) X 1
`*秋の戦力増強キャンペーン特別ログインボーナス！*
*開催期間中、1日1回 最大7回 ログインボーナスをプレゼント！*
`叡智の業火 X 3
`_2024-10-30 19:41:08_
--------
*c8249ad552514fb0368836ab2b047039*
`登陆天数: 4天 / 1275天
等级: 141
石头: 1
呼符: 0
体力: 4470.243333333333 / 140
友情点: 60 / 51506625`
*連続ログイン4日目
※ログインが途切れるか、7日到達すると
1日目から再開されます*
`聖晶石 X 1
10月交換券(2024) X 1
`*秋の戦力増強キャンペーン特別ログインボーナス！*
*開催期間中、1日1回 最大7回 ログインボーナスをプレゼント！*
`叡智の業火 X 3
`_2024-10-30 19:41:16_
--------
*e01aa16bffb0c37d734c26ca264473d5*
`登陆天数: 4天 / 1379天
等级: 130
石头: 2310
呼符: 179
体力: 18758.356666666667 / 138
友情点: 0 / 1273310`
*連続ログイン4日目
※ログインが途切れるか、7日到達すると
1日目から再開されます*
`聖晶石 X 1
10月交換券(2024) X 1
`*秋の戦力増強キャンペーン特別ログインボーナス！*
*開催期間中、1日1回 最大7回 ログインボーナスをプレゼント！*
`叡智の業火 X 3
`_2024-10-30 19:41:25_
--------
*144293b7027c86afe078a3362aa860ff*
`登陆天数: 5天 / 1674天
等级: 136
石头: 942
呼符: 29
体力: 1197.09 / 139
友情点: 10 / 10041890`
*連続ログイン5日目
※ログインが途切れるか、7日到達すると
1日目から再開されます*
`叡智の業火 X 2
10月交換券(2024) X 1
`*秋の戦力増強キャンペーン特別ログインボーナス！*
*開催期間中、1日1回 最大7回 ログインボーナスをプレゼント！*
`叡智の業火 X 3
`_2024-10-30 19:41:33_
--------
*04879fc63f393a018be80fc13f96edb5*
`登陆天数: 4天 / 1577天
等级: 129
石头: 4446
呼符: 8
体力: 194.41333333333333 / 138
友情点: 0 / 102325`
*連続ログイン4日目
※ログインが途切れるか、7日到達すると
1日目から再開されます*
`聖晶石 X 1
10月交換券(2024) X 1
`*秋の戦力増強キャンペーン特別ログインボーナス！*
*開催期間中、1日1回 最大7回 ログインボーナスをプレゼント！*
`叡智の業火 X 3
`_2024-10-30 19:41:41_
--------
*d17e065a91cb6e0f11571ec8f43b666b*
`登陆天数: 4天 / 1685天
等级: 128
石头: 3543
呼符: 155
体力: 19035.41 / 137
友情点: 0 / 1287890`
*連続ログイン4日目
※ログインが途切れるか、7日到達すると
1日目から再開されます*
`聖晶石 X 1
10月交換券(2024) X 1
`*秋の戦力増強キャンペーン特別ログインボーナス！*
*開催期間中、1日1回 最大7回 ログインボーナスをプレゼント！*
`叡智の業火 X 3
`_2024-10-30 19:41:50_
--------
*0bbab0884955053991437f8efd36402f*
`登陆天数: 4天 / 1665天
等级: 130
石头: 2297
呼符: 137
体力: 169.84666666666666 / 138
友情点: 0 / 1282955`
*連続ログイン4日目
※ログインが途切れるか、7日到達すると
1日目から再開されます*
`聖晶石 X 1
10月交換券(2024) X 1
`*秋の戦力増強キャンペーン特別ログインボーナス！*
*開催期間中、1日1回 最大7回 ログインボーナスをプレゼント！*
`英霊結晶・星のフォウくん X 5
`_2024-10-30 19:41:58_
--------
*34115a9719eec68deb9a8d3ab142781c*
`登陆天数: 4天 / 1601天
等级: 130
石头: 521
呼符: 131
体力: 3933.0933333333332 / 138
友情点: 0 / 1257875`
*連続ログイン4日目
※ログインが途切れるか、7日到達すると
1日目から再開されます*
`聖晶石 X 1
10月交換券(2024) X 1
`*秋の戦力増強キャンペーン特別ログインボーナス！*
*開催期間中、1日1回 最大7回 ログインボーナスをプレゼント！*
`英霊結晶・星のフォウくん X 5
`_2024-10-30 19:42:07_
--------
*70b2289bba4e0d1155fd4ef04388170d*
`登陆天数: 4天 / 1556天
等级: 129
石头: 5556
呼符: 9
体力: 44976.753333333334 / 138
友情点: 0 / 1283825`
*連続ログイン4日目
※ログインが途切れるか、7日到達すると
1日目から再開されます*
`聖晶石 X 1
10月交換券(2024) X 1
`*秋の戦力増強キャンペーン特別ログインボーナス！*
*開催期間中、1日1回 最大7回 ログインボーナスをプレゼント！*
`叡智の業火 X 3
`_2024-10-30 19:42:16_
--------
*7441a04aa81b6170993926c1238db6d9*
`登陆天数: 4天 / 1353天
等级: 130
石头: 1326
呼符: 113
体力: 23664.046666666665 / 138
友情点: 0 / 1275610`
*連続ログイン4日目
※ログインが途切れるか、7日到達すると
1日目から再開されます*
`聖晶石 X 1
10月交換券(2024) X 1
`*3000万DL記念 特別回数ログインボーナス*
*開催期間中、1日1回 最大10回 回数ログインボーナスをプレゼント！*
`QP X 30000000
`_2024-10-30 19:42:24_
--------
*14cbcebb250ccfe7f7975a441906ddb0*
`登陆天数: 4天 / 1651天
等级: 130
石头: 2380
呼符: 113
体力: 9466.483333333334 / 138
友情点: 0 / 1443480`
*連続ログイン4日目
※ログインが途切れるか、7日到達すると
1日目から再開されます*
`聖晶石 X 1
10月交換券(2024) X 1
`*3000万DL記念 特別回数ログインボーナス*
*開催期間中、1日1回 最大10回 回数ログインボーナスをプレゼント！*
`伝承結晶 X 3
`_2024-10-30 19:42:33_
--------
*9f1de3d706b8e33c8eba4599743daf29*
`登陆天数: 4天 / 713天
等级: 68
石头: 149
呼符: 14
体力: 5665.73 / 93
友情点: 0 / 46120`
*連続ログイン4日目
※ログインが途切れるか、7日到達すると
1日目から再開されます*
`聖晶石 X 1
10月交換券(2024) X 1
`*3000万DL記念 特別回数ログインボーナス*
*開催期間中、1日1回 最大10回 回数ログインボーナスをプレゼント！*
`レアプリズム X 3
`_2024-10-30 19:42:42_
--------
