【登录信息】
*aa68f2ee631b12e5f4263cccbc2b4f84*
`登陆天数: 1天 / 1408天
等级: 128
石头: 121
呼符: 5
体力: 88223.5 / 137
友情点: 0 / 1236570`
_2025-01-03 09:50:47_
--------
*c8249ad552514fb0368836ab2b047039*
`登陆天数: 1天 / 1333天
等级: 141
石头: 17
呼符: 1
体力: 23072.226666666666 / 140
友情点: 0 / 51516140`
_2025-01-03 09:51:12_
--------
*04879fc63f393a018be80fc13f96edb5*
`登陆天数: 1天 / 1635天
等级: 129
石头: 4446
呼符: 8
体力: 18796.363333333335 / 138
友情点: 0 / 102325`
_2025-01-03 09:51:27_
--------
*70b2289bba4e0d1155fd4ef04388170d*
`登陆天数: 1天 / 1614天
等级: 129
石头: 5556
呼符: 9
体力: 63578.65 / 138
友情点: 0 / 1283825`
_2025-01-03 09:51:45_
--------
