【登录信息】
*aa68f2ee631b12e5f4263cccbc2b4f84*
`登陆天数: 2天 / 1409天
等级: 128
石头: 407
呼符: 14
体力: 88340.17 / 137
友情点: 0 / 1266570`
*連続ログイン2日目
※ログインが途切れるか、7日到達すると
1日目から再開されます*
`聖晶石 X 1
1月交換券(2025) X 1
`_2025-01-03 19:34:09_
--------
*c8249ad552514fb0368836ab2b047039*
`登陆天数: 2天 / 1334天
等级: 141
石头: 266
呼符: 9
体力: 23188.896666666667 / 140
友情点: 0 / 51534140`
*連続ログイン2日目
※ログインが途切れるか、7日到達すると
1日目から再開されます*
`聖晶石 X 1
1月交換券(2025) X 1
`_2025-01-03 19:34:33_
--------
*04879fc63f393a018be80fc13f96edb5*
`登陆天数: 2天 / 1636天
等级: 129
石头: 4701
呼符: 17
体力: 18913.033333333333 / 138
友情点: 0 / 122325`
*連続ログイン2日目
※ログインが途切れるか、7日到達すると
1日目から再開されます*
`聖晶石 X 1
1月交換券(2025) X 1
`_2025-01-03 19:34:48_
--------
*70b2289bba4e0d1155fd4ef04388170d*
`登陆天数: 2天 / 1615天
等级: 129
石头: 5973
呼符: 24
体力: 63695.32 / 138
友情点: 0 / 1317825`
*連続ログイン2日目
※ログインが途切れるか、7日到達すると
1日目から再開されます*
`聖晶石 X 1
1月交換券(2025) X 1
`_2025-01-03 19:35:06_
--------
